---------------------------------------------------------------
[ 2018-10-16T16:48:23+08:00 ] 127.0.0.1 GET /index/twocar/img/maic.png
[ info ] www.hr.com:8083/index/twocar/img/maic.png [运行时间：0.047000s][吞吐率：21.28req/s] [内存消耗：1,501.13kb] [文件加载：46]
[ info ] [ LANG ] G:\xampp\htdocs\car\thinkphp\lang\zh-cn.php
[ info ] [ ROUTE ] array (
  'type' => 'module',
  'module' => 
  array (
    0 => 'index',
    1 => 'twocar',
    2 => 'img',
  ),
)
[ info ] [ HEADER ] array (
  'host' => 'www.hr.com:8083',
  'connection' => 'keep-alive',
  'user-agent' => 'Mozilla/5.0 (Windows NT 6.1; Win64; x64) AppleWebKit/537.36 (KHTML, like Gecko) Chrome/67.0.3396.62 Safari/537.36',
  'accept' => 'image/webp,image/apng,image/*,*/*;q=0.8',
  'referer' => 'http://www.hr.com:8083/index/twocar/index.html',
  'accept-encoding' => 'gzip, deflate',
  'accept-language' => 'zh-CN,zh;q=0.9',
  'cookie' => 'UM_distinctid=1665c3bd0250-02ed131810e0ca-5b163f13-1fa400-1665c3bd0272b9; Hm_lvt_080836300300be57b7f34f4b3e97d911=1539154281; CNZZDATA1273108608=1157751406-1539143650-%7C1539422485; Hm_lvt_922a7d20740f0600062b403710662cb1=1539145716,1539422460',
)
[ info ] [ PARAM ] array (
)
[ info ] [ LOG ] INIT File
[ error ] [8]未定义数组索引: img[G:\xampp\htdocs\car\app\index\controller\Common.php:380]
---------------------------------------------------------------
[ 2018-10-16T16:48:23+08:00 ] 127.0.0.1 GET /index/twocar/img/wangahn.png
[ info ] www.hr.com:8083/index/twocar/img/wangahn.png [运行时间：0.037000s][吞吐率：27.03req/s] [内存消耗：1,500.95kb] [文件加载：46]
[ info ] [ LANG ] G:\xampp\htdocs\car\thinkphp\lang\zh-cn.php
[ info ] [ ROUTE ] array (
  'type' => 'module',
  'module' => 
  array (
    0 => 'index',
    1 => 'twocar',
    2 => 'img',
  ),
)
[ info ] [ HEADER ] array (
  'host' => 'www.hr.com:8083',
  'connection' => 'keep-alive',
  'user-agent' => 'Mozilla/5.0 (Windows NT 6.1; Win64; x64) AppleWebKit/537.36 (KHTML, like Gecko) Chrome/67.0.3396.62 Safari/537.36',
  'accept' => 'image/webp,image/apng,image/*,*/*;q=0.8',
  'referer' => 'http://www.hr.com:8083/index/twocar/index.html',
  'accept-encoding' => 'gzip, deflate',
  'accept-language' => 'zh-CN,zh;q=0.9',
  'cookie' => 'UM_distinctid=1665c3bd0250-02ed131810e0ca-5b163f13-1fa400-1665c3bd0272b9; Hm_lvt_080836300300be57b7f34f4b3e97d911=1539154281; CNZZDATA1273108608=1157751406-1539143650-%7C1539422485; Hm_lvt_922a7d20740f0600062b403710662cb1=1539145716,1539422460',
)
[ info ] [ PARAM ] array (
)
[ info ] [ LOG ] INIT File
[ error ] [8]未定义数组索引: img[G:\xampp\htdocs\car\app\index\controller\Common.php:380]
