---------------------------------------------------------------
[ 2018-10-16T09:53:23+08:00 ] 127.0.0.1 GET /
[ info ] www.hr.com:8083/ [运行时间：0.234000s][吞吐率：4.27req/s] [内存消耗：2,908.38kb] [文件加载：54]
[ info ] [ LANG ] G:\xampp\htdocs\car\thinkphp\lang\zh-cn.php
[ info ] [ ROUTE ] array (
  'type' => 'module',
  'module' => 
  array (
    0 => '',
    1 => NULL,
    2 => NULL,
  ),
)
[ info ] [ HEADER ] array (
  'host' => 'www.hr.com:8083',
  'connection' => 'keep-alive',
  'upgrade-insecure-requests' => '1',
  'user-agent' => 'Mozilla/5.0 (Windows NT 6.1; Win64; x64) AppleWebKit/537.36 (KHTML, like Gecko) Chrome/67.0.3396.62 Safari/537.36',
  'accept' => 'text/html,application/xhtml+xml,application/xml;q=0.9,image/webp,image/apng,*/*;q=0.8',
  'accept-encoding' => 'gzip, deflate',
  'accept-language' => 'zh-CN,zh;q=0.9',
  'cookie' => 'UM_distinctid=1665c3bd0250-02ed131810e0ca-5b163f13-1fa400-1665c3bd0272b9; Hm_lvt_080836300300be57b7f34f4b3e97d911=1539154281; CNZZDATA1273108608=1157751406-1539143650-%7C1539422485; Hm_lvt_922a7d20740f0600062b403710662cb1=1539145716,1539422460',
)
[ info ] [ PARAM ] array (
)
[ info ] [ RUN ] app\index\controller\Index->index[ G:\xampp\htdocs\car\app\index\controller\Index.php ]
[ info ] [ DB ] INIT mysql
[ info ] [ VIEW ] G:\xampp\htdocs\car\public/../app/index\view\index\index.html [ array (
  0 => 'banner',
  1 => 'brand',
  2 => 'price',
  3 => 'subface',
  4 => 'new_car',
  5 => 'er_car',
  6 => 'car_zero',
) ]
[ info ] [ LOG ] INIT File
[ sql ] [ DB ] CONNECT:[ UseTime:0.001000s ] mysql:host=127.0.0.1;port=3306;dbname=g_car4;charset=utf8
[ sql ] [ SQL ] SHOW COLUMNS FROM `city` [ RunTime:0.004000s ]
[ sql ] [ SQL ] SELECT `id` FROM `city` WHERE  (  name like '%%' ) LIMIT 1 [ RunTime:0.000000s ]
[ sql ] [ SQL ] SHOW COLUMNS FROM `home_car_app` [ RunTime:0.004000s ]
[ sql ] [ SQL ] SELECT * FROM `home_car_app` WHERE  (  city_id=1 ) ORDER BY `sort` ASC [ RunTime:0.001000s ]
[ sql ] [ SQL ] SHOW COLUMNS FROM `car_brand` [ RunTime:0.005000s ]
[ sql ] [ SQL ] SELECT `id`,`img_id`,`name` FROM `car_brand` WHERE  (  id in (1,9,10,19,20,22) ) [ RunTime:0.009000s ]
[ sql ] [ SQL ] SHOW COLUMNS FROM `price_range` [ RunTime:0.004000s ]
[ sql ] [ SQL ] SELECT price_id as id,`name` FROM `price_range` ORDER BY `level` ASC LIMIT 4 [ RunTime:0.001000s ]
[ sql ] [ SQL ] SHOW COLUMNS FROM `subface` [ RunTime:0.004000s ]
[ sql ] [ SQL ] SELECT face_id as id,`name` FROM `subface` ORDER BY `level` ASC LIMIT 5 [ RunTime:0.000000s ]
[ sql ] [ SQL ] SHOW COLUMNS FROM `new_car` [ RunTime:0.005000s ]
[ sql ] [ SQL ] SELECT `id`,`brand_id`,`sys_id`,`cartype_id`,`price`,`img_300`,`pay10_s2`,`pay10_y2`,`pay10_n2` FROM `new_car` WHERE  (  is_tj=1 and status=1 and city_id=1 ) ORDER BY `create_time` DESC LIMIT 20 [ RunTime:0.001000s ]
[ sql ] [ SQL ] SELECT `name`,`upid` FROM `car_brand` WHERE  `id` = '26748' LIMIT 1 [ RunTime:0.001000s ]
[ sql ] [ SQL ] SELECT `name` FROM `car_brand` WHERE  (  id  ) LIMIT 1 [ RunTime:0.000000s ]
[ sql ] [ SQL ] SELECT `name`,`upid` FROM `car_brand` WHERE  `id` = '26758' LIMIT 1 [ RunTime:0.001000s ]
[ sql ] [ SQL ] SELECT `name` FROM `car_brand` WHERE  (  id  ) LIMIT 1 [ RunTime:0.000000s ]
[ sql ] [ SQL ] SELECT `name`,`upid` FROM `car_brand` WHERE  `id` = '16298' LIMIT 1 [ RunTime:0.001000s ]
[ sql ] [ SQL ] SELECT `name` FROM `car_brand` WHERE  (  id  ) LIMIT 1 [ RunTime:0.000000s ]
[ sql ] [ SQL ] SELECT `name`,`upid` FROM `car_brand` WHERE  `id` = '2658' LIMIT 1 [ RunTime:0.000000s ]
[ sql ] [ SQL ] SELECT `name` FROM `car_brand` WHERE  (  id  ) LIMIT 1 [ RunTime:0.001000s ]
[ sql ] [ SQL ] SELECT `name`,`upid` FROM `car_brand` WHERE  `id` = '2720' LIMIT 1 [ RunTime:0.000000s ]
[ sql ] [ SQL ] SELECT `name` FROM `car_brand` WHERE  (  id  ) LIMIT 1 [ RunTime:0.001000s ]
[ sql ] [ SQL ] SELECT `name`,`upid` FROM `car_brand` WHERE  `id` = '8071' LIMIT 1 [ RunTime:0.000000s ]
[ sql ] [ SQL ] SELECT `name` FROM `car_brand` WHERE  (  id  ) LIMIT 1 [ RunTime:0.000000s ]
[ sql ] [ SQL ] SELECT `name`,`upid` FROM `car_brand` WHERE  `id` = '15625' LIMIT 1 [ RunTime:0.001000s ]
[ sql ] [ SQL ] SELECT `name` FROM `car_brand` WHERE  (  id  ) LIMIT 1 [ RunTime:0.000000s ]
[ sql ] [ SQL ] SELECT `name`,`upid` FROM `car_brand` WHERE  `id` = '15613' LIMIT 1 [ RunTime:0.000000s ]
[ sql ] [ SQL ] SELECT `name` FROM `car_brand` WHERE  (  id  ) LIMIT 1 [ RunTime:0.000000s ]
[ sql ] [ SQL ] SELECT `name`,`upid` FROM `car_brand` WHERE  `id` = '15554' LIMIT 1 [ RunTime:0.000000s ]
[ sql ] [ SQL ] SELECT `name` FROM `car_brand` WHERE  (  id  ) LIMIT 1 [ RunTime:0.000000s ]
[ sql ] [ SQL ] SELECT `name`,`upid` FROM `car_brand` WHERE  `id` = '15667' LIMIT 1 [ RunTime:0.000000s ]
[ sql ] [ SQL ] SELECT `name` FROM `car_brand` WHERE  (  id  ) LIMIT 1 [ RunTime:0.000000s ]
[ sql ] [ SQL ] SELECT `name`,`upid` FROM `car_brand` WHERE  `id` = '5781' LIMIT 1 [ RunTime:0.000000s ]
[ sql ] [ SQL ] SELECT `name` FROM `car_brand` WHERE  (  id  ) LIMIT 1 [ RunTime:0.001000s ]
[ sql ] [ SQL ] SELECT `name`,`upid` FROM `car_brand` WHERE  `id` = '5704' LIMIT 1 [ RunTime:0.000000s ]
[ sql ] [ SQL ] SELECT `name` FROM `car_brand` WHERE  (  id  ) LIMIT 1 [ RunTime:0.001000s ]
[ sql ] [ SQL ] SELECT `name`,`upid` FROM `car_brand` WHERE  `id` = '12217' LIMIT 1 [ RunTime:0.001000s ]
[ sql ] [ SQL ] SELECT `name` FROM `car_brand` WHERE  (  id  ) LIMIT 1 [ RunTime:0.001000s ]
[ sql ] [ SQL ] SELECT `name`,`upid` FROM `car_brand` WHERE  `id` = '12214' LIMIT 1 [ RunTime:0.000000s ]
[ sql ] [ SQL ] SELECT `name` FROM `car_brand` WHERE  (  id  ) LIMIT 1 [ RunTime:0.001000s ]
[ sql ] [ SQL ] SELECT `name`,`upid` FROM `car_brand` WHERE  `id` = '16339' LIMIT 1 [ RunTime:0.000000s ]
[ sql ] [ SQL ] SELECT `name` FROM `car_brand` WHERE  (  id  ) LIMIT 1 [ RunTime:0.000000s ]
[ sql ] [ SQL ] SELECT `name`,`upid` FROM `car_brand` WHERE  `id` = '12207' LIMIT 1 [ RunTime:0.001000s ]
[ sql ] [ SQL ] SELECT `name` FROM `car_brand` WHERE  (  id  ) LIMIT 1 [ RunTime:0.000000s ]
[ sql ] [ SQL ] SELECT `name`,`upid` FROM `car_brand` WHERE  `id` = '16349' LIMIT 1 [ RunTime:0.001000s ]
[ sql ] [ SQL ] SELECT `name` FROM `car_brand` WHERE  (  id  ) LIMIT 1 [ RunTime:0.000000s ]
[ sql ] [ SQL ] SELECT `name`,`upid` FROM `car_brand` WHERE  `id` = '16323' LIMIT 1 [ RunTime:0.000000s ]
[ sql ] [ SQL ] SELECT `name` FROM `car_brand` WHERE  (  id  ) LIMIT 1 [ RunTime:0.001000s ]
[ sql ] [ SQL ] SELECT `name`,`upid` FROM `car_brand` WHERE  `id` = '12198' LIMIT 1 [ RunTime:0.000000s ]
[ sql ] [ SQL ] SELECT `name` FROM `car_brand` WHERE  (  id  ) LIMIT 1 [ RunTime:0.000000s ]
[ sql ] [ SQL ] SHOW COLUMNS FROM `rele_car` [ RunTime:0.005000s ]
[ sql ] [ SQL ] SELECT `pu_id`,`cartype_id`,`price`,`car_cardtime`,`car_mileage`,`img_300` FROM `rele_car` WHERE  (  status=1 and up_under=1 and city_id=1 ) ORDER BY `create_time` DESC LIMIT 20 [ RunTime:0.006000s ]
[ sql ] [ SQL ] SELECT `name`,`upid` FROM `car_brand` WHERE  `id` = '2652' LIMIT 1 [ RunTime:0.000000s ]
[ sql ] [ SQL ] SELECT `name` FROM `car_brand` WHERE  (  id  ) LIMIT 1 [ RunTime:0.001000s ]
[ sql ] [ SQL ] SHOW COLUMNS FROM `param` [ RunTime:0.005000s ]
[ sql ] [ SQL ] SELECT `id`,`price` FROM `param` WHERE  (  id=9541 ) LIMIT 1 [ RunTime:0.000000s ]
[ sql ] [ SQL ] SELECT `name`,`upid` FROM `car_brand` WHERE  `id` = '6151' LIMIT 1 [ RunTime:0.001000s ]
[ sql ] [ SQL ] SELECT `name` FROM `car_brand` WHERE  (  id  ) LIMIT 1 [ RunTime:0.000000s ]
[ sql ] [ SQL ] SELECT `id`,`price` FROM `param` WHERE  (  id=9538 ) LIMIT 1 [ RunTime:0.000000s ]
[ sql ] [ SQL ] SELECT `name`,`upid` FROM `car_brand` WHERE  `id` = '2970' LIMIT 1 [ RunTime:0.001000s ]
[ sql ] [ SQL ] SELECT `name` FROM `car_brand` WHERE  (  id  ) LIMIT 1 [ RunTime:0.000000s ]
[ sql ] [ SQL ] SELECT `id`,`price` FROM `param` WHERE  (  id=9535 ) LIMIT 1 [ RunTime:0.001000s ]
[ sql ] [ SQL ] SELECT `name`,`upid` FROM `car_brand` WHERE  `id` = '6403' LIMIT 1 [ RunTime:0.000000s ]
[ sql ] [ SQL ] SELECT `name` FROM `car_brand` WHERE  (  id  ) LIMIT 1 [ RunTime:0.001000s ]
[ sql ] [ SQL ] SELECT `id`,`price` FROM `param` WHERE  (  id=9516 ) LIMIT 1 [ RunTime:0.000000s ]
[ sql ] [ SQL ] SELECT `name`,`upid` FROM `car_brand` WHERE  `id` = '6339' LIMIT 1 [ RunTime:0.000000s ]
[ sql ] [ SQL ] SELECT `name` FROM `car_brand` WHERE  (  id  ) LIMIT 1 [ RunTime:0.000000s ]
[ sql ] [ SQL ] SELECT `id`,`price` FROM `param` WHERE  (  id=9515 ) LIMIT 1 [ RunTime:0.000000s ]
[ sql ] [ SQL ] SELECT `name`,`upid` FROM `car_brand` WHERE  `id` = '27332' LIMIT 1 [ RunTime:0.000000s ]
[ sql ] [ SQL ] SELECT `name` FROM `car_brand` WHERE  (  id  ) LIMIT 1 [ RunTime:0.000000s ]
[ sql ] [ SQL ] SELECT `id`,`price` FROM `param` WHERE  (  id=9514 ) LIMIT 1 [ RunTime:0.000000s ]
[ sql ] [ SQL ] SELECT `name`,`upid` FROM `car_brand` WHERE  `id` = '6092' LIMIT 1 [ RunTime:0.000000s ]
[ sql ] [ SQL ] SELECT `name` FROM `car_brand` WHERE  (  id  ) LIMIT 1 [ RunTime:0.000000s ]
[ sql ] [ SQL ] SELECT `id`,`price` FROM `param` WHERE  (  id=9513 ) LIMIT 1 [ RunTime:0.000000s ]
[ sql ] [ SQL ] SELECT `name`,`upid` FROM `car_brand` WHERE  `id` = '23874' LIMIT 1 [ RunTime:0.000000s ]
[ sql ] [ SQL ] SELECT `name` FROM `car_brand` WHERE  (  id  ) LIMIT 1 [ RunTime:0.000000s ]
[ sql ] [ SQL ] SELECT `id`,`price` FROM `param` WHERE  (  id=9512 ) LIMIT 1 [ RunTime:0.001000s ]
[ sql ] [ SQL ] SELECT `name`,`upid` FROM `car_brand` WHERE  `id` = '6492' LIMIT 1 [ RunTime:0.000000s ]
[ sql ] [ SQL ] SELECT `name` FROM `car_brand` WHERE  (  id  ) LIMIT 1 [ RunTime:0.000000s ]
[ sql ] [ SQL ] SELECT `id`,`price` FROM `param` WHERE  (  id=9511 ) LIMIT 1 [ RunTime:0.000000s ]
[ sql ] [ SQL ] SELECT `name`,`upid` FROM `car_brand` WHERE  `id` = '3015' LIMIT 1 [ RunTime:0.000000s ]
[ sql ] [ SQL ] SELECT `name` FROM `car_brand` WHERE  (  id  ) LIMIT 1 [ RunTime:0.000000s ]
[ sql ] [ SQL ] SELECT `id`,`price` FROM `param` WHERE  (  id=9510 ) LIMIT 1 [ RunTime:0.001000s ]
[ sql ] [ SQL ] SELECT `name`,`upid` FROM `car_brand` WHERE  `id` = '23863' LIMIT 1 [ RunTime:0.000000s ]
[ sql ] [ SQL ] SELECT `name` FROM `car_brand` WHERE  (  id  ) LIMIT 1 [ RunTime:0.000000s ]
[ sql ] [ SQL ] SELECT `id`,`price` FROM `param` WHERE  (  id=9508 ) LIMIT 1 [ RunTime:0.001000s ]
[ sql ] [ SQL ] SELECT `name`,`upid` FROM `car_brand` WHERE  `id` = '27332' LIMIT 1 [ RunTime:0.000000s ]
[ sql ] [ SQL ] SELECT `name` FROM `car_brand` WHERE  (  id  ) LIMIT 1 [ RunTime:0.000000s ]
[ sql ] [ SQL ] SELECT `id`,`price` FROM `param` WHERE  (  id=9507 ) LIMIT 1 [ RunTime:0.000000s ]
[ sql ] [ SQL ] SELECT `name`,`upid` FROM `car_brand` WHERE  `id` = '6415' LIMIT 1 [ RunTime:0.000000s ]
[ sql ] [ SQL ] SELECT `name` FROM `car_brand` WHERE  (  id  ) LIMIT 1 [ RunTime:0.000000s ]
[ sql ] [ SQL ] SELECT `id`,`price` FROM `param` WHERE  (  id=9506 ) LIMIT 1 [ RunTime:0.001000s ]
[ sql ] [ SQL ] SELECT `name`,`upid` FROM `car_brand` WHERE  `id` = '23863' LIMIT 1 [ RunTime:0.000000s ]
[ sql ] [ SQL ] SELECT `name` FROM `car_brand` WHERE  (  id  ) LIMIT 1 [ RunTime:0.000000s ]
[ sql ] [ SQL ] SELECT `id`,`price` FROM `param` WHERE  (  id=9505 ) LIMIT 1 [ RunTime:0.000000s ]
[ sql ] [ SQL ] SELECT `name`,`upid` FROM `car_brand` WHERE  `id` = '6406' LIMIT 1 [ RunTime:0.001000s ]
[ sql ] [ SQL ] SELECT `name` FROM `car_brand` WHERE  (  id  ) LIMIT 1 [ RunTime:0.000000s ]
[ sql ] [ SQL ] SELECT `id`,`price` FROM `param` WHERE  (  id=9504 ) LIMIT 1 [ RunTime:0.000000s ]
[ sql ] [ SQL ] SELECT `name`,`upid` FROM `car_brand` WHERE  `id` = '2726' LIMIT 1 [ RunTime:0.001000s ]
[ sql ] [ SQL ] SELECT `name` FROM `car_brand` WHERE  (  id  ) LIMIT 1 [ RunTime:0.000000s ]
[ sql ] [ SQL ] SELECT `id`,`price` FROM `param` WHERE  (  id=9503 ) LIMIT 1 [ RunTime:0.000000s ]
[ sql ] [ SQL ] SELECT `name`,`upid` FROM `car_brand` WHERE  `id` = '2720' LIMIT 1 [ RunTime:0.000000s ]
[ sql ] [ SQL ] SELECT `name` FROM `car_brand` WHERE  (  id  ) LIMIT 1 [ RunTime:0.001000s ]
[ sql ] [ SQL ] SELECT `id`,`price` FROM `param` WHERE  (  id=9502 ) LIMIT 1 [ RunTime:0.000000s ]
[ sql ] [ SQL ] SELECT `name`,`upid` FROM `car_brand` WHERE  `id` = '6402' LIMIT 1 [ RunTime:0.000000s ]
[ sql ] [ SQL ] SELECT `name` FROM `car_brand` WHERE  (  id  ) LIMIT 1 [ RunTime:0.001000s ]
[ sql ] [ SQL ] SELECT `id`,`price` FROM `param` WHERE  (  id=9501 ) LIMIT 1 [ RunTime:0.000000s ]
[ sql ] [ SQL ] SELECT `name`,`upid` FROM `car_brand` WHERE  `id` = '6597' LIMIT 1 [ RunTime:0.000000s ]
[ sql ] [ SQL ] SELECT `name` FROM `car_brand` WHERE  (  id  ) LIMIT 1 [ RunTime:0.000000s ]
[ sql ] [ SQL ] SELECT `id`,`price` FROM `param` WHERE  (  id=9500 ) LIMIT 1 [ RunTime:0.000000s ]
[ sql ] [ SQL ] SELECT `name`,`upid` FROM `car_brand` WHERE  `id` = '6519' LIMIT 1 [ RunTime:0.000000s ]
[ sql ] [ SQL ] SELECT `name` FROM `car_brand` WHERE  (  id  ) LIMIT 1 [ RunTime:0.000000s ]
[ sql ] [ SQL ] SELECT `id`,`price` FROM `param` WHERE  (  id=9499 ) LIMIT 1 [ RunTime:0.000000s ]
[ sql ] [ SQL ] SHOW COLUMNS FROM `l_car` [ RunTime:0.005000s ]
[ sql ] [ SQL ] SELECT `id`,`cartype_id`,`price`,`img_300`,`pay0_s2`,`pay0_y2`,`pay0_n2` FROM `l_car` WHERE  (  is_tj=1 and status=1 and city_id=1 ) ORDER BY `create_time` DESC LIMIT 5 [ RunTime:0.001000s ]
[ sql ] [ SQL ] SELECT `name`,`upid` FROM `car_brand` WHERE  `id` = '26748' LIMIT 1 [ RunTime:0.000000s ]
[ sql ] [ SQL ] SELECT `name` FROM `car_brand` WHERE  (  id  ) LIMIT 1 [ RunTime:0.000000s ]
[ sql ] [ SQL ] SELECT `name`,`upid` FROM `car_brand` WHERE  `id` = '26758' LIMIT 1 [ RunTime:0.000000s ]
[ sql ] [ SQL ] SELECT `name` FROM `car_brand` WHERE  (  id  ) LIMIT 1 [ RunTime:0.000000s ]
[ sql ] [ SQL ] SELECT `name`,`upid` FROM `car_brand` WHERE  `id` = '16298' LIMIT 1 [ RunTime:0.001000s ]
[ sql ] [ SQL ] SELECT `name` FROM `car_brand` WHERE  (  id  ) LIMIT 1 [ RunTime:0.000000s ]
[ sql ] [ SQL ] SELECT `name`,`upid` FROM `car_brand` WHERE  `id` = '2658' LIMIT 1 [ RunTime:0.000000s ]
[ sql ] [ SQL ] SELECT `name` FROM `car_brand` WHERE  (  id  ) LIMIT 1 [ RunTime:0.000000s ]
[ sql ] [ SQL ] SELECT `name`,`upid` FROM `car_brand` WHERE  `id` = '2720' LIMIT 1 [ RunTime:0.000000s ]
[ sql ] [ SQL ] SELECT `name` FROM `car_brand` WHERE  (  id  ) LIMIT 1 [ RunTime:0.000000s ]
---------------------------------------------------------------
[ 2018-10-16T09:53:23+08:00 ] 127.0.0.1 GET /img/shouye.png
[ info ] www.hr.com:8083/img/shouye.png [运行时间：0.023000s][吞吐率：43.48req/s] [内存消耗：1,125.91kb] [文件加载：37]
[ info ] [ LANG ] G:\xampp\htdocs\car\thinkphp\lang\zh-cn.php
[ info ] [ ROUTE ] array (
  'type' => 'module',
  'module' => 
  array (
    0 => 'img',
    1 => 'shouye.png',
    2 => NULL,
  ),
)
[ info ] [ HEADER ] array (
  'host' => 'www.hr.com:8083',
  'connection' => 'keep-alive',
  'user-agent' => 'Mozilla/5.0 (Windows NT 6.1; Win64; x64) AppleWebKit/537.36 (KHTML, like Gecko) Chrome/67.0.3396.62 Safari/537.36',
  'accept' => 'image/webp,image/apng,image/*,*/*;q=0.8',
  'referer' => 'http://www.hr.com:8083/',
  'accept-encoding' => 'gzip, deflate',
  'accept-language' => 'zh-CN,zh;q=0.9',
  'cookie' => 'UM_distinctid=1665c3bd0250-02ed131810e0ca-5b163f13-1fa400-1665c3bd0272b9; Hm_lvt_080836300300be57b7f34f4b3e97d911=1539154281; CNZZDATA1273108608=1157751406-1539143650-%7C1539422485; Hm_lvt_922a7d20740f0600062b403710662cb1=1539145716,1539422460',
)
[ info ] [ PARAM ] array (
)
[ info ] [ LOG ] INIT File
---------------------------------------------------------------
[ 2018-10-16T09:53:23+08:00 ] 127.0.0.1 GET /img/maic.png
[ info ] www.hr.com:8083/img/maic.png [运行时间：0.024000s][吞吐率：41.67req/s] [内存消耗：1,125.90kb] [文件加载：37]
[ info ] [ LANG ] G:\xampp\htdocs\car\thinkphp\lang\zh-cn.php
[ info ] [ ROUTE ] array (
  'type' => 'module',
  'module' => 
  array (
    0 => 'img',
    1 => 'maic.png',
    2 => NULL,
  ),
)
[ info ] [ HEADER ] array (
  'host' => 'www.hr.com:8083',
  'connection' => 'keep-alive',
  'user-agent' => 'Mozilla/5.0 (Windows NT 6.1; Win64; x64) AppleWebKit/537.36 (KHTML, like Gecko) Chrome/67.0.3396.62 Safari/537.36',
  'accept' => 'image/webp,image/apng,image/*,*/*;q=0.8',
  'referer' => 'http://www.hr.com:8083/',
  'accept-encoding' => 'gzip, deflate',
  'accept-language' => 'zh-CN,zh;q=0.9',
  'cookie' => 'UM_distinctid=1665c3bd0250-02ed131810e0ca-5b163f13-1fa400-1665c3bd0272b9; Hm_lvt_080836300300be57b7f34f4b3e97d911=1539154281; CNZZDATA1273108608=1157751406-1539143650-%7C1539422485; Hm_lvt_922a7d20740f0600062b403710662cb1=1539145716,1539422460',
)
[ info ] [ PARAM ] array (
)
[ info ] [ LOG ] INIT File
---------------------------------------------------------------
[ 2018-10-16T09:53:23+08:00 ] 127.0.0.1 GET /img/wangahn.png
[ info ] www.hr.com:8083/img/wangahn.png [运行时间：0.022000s][吞吐率：45.45req/s] [内存消耗：1,125.96kb] [文件加载：37]
[ info ] [ LANG ] G:\xampp\htdocs\car\thinkphp\lang\zh-cn.php
[ info ] [ ROUTE ] array (
  'type' => 'module',
  'module' => 
  array (
    0 => 'img',
    1 => 'wangahn.png',
    2 => NULL,
  ),
)
[ info ] [ HEADER ] array (
  'host' => 'www.hr.com:8083',
  'connection' => 'keep-alive',
  'user-agent' => 'Mozilla/5.0 (Windows NT 6.1; Win64; x64) AppleWebKit/537.36 (KHTML, like Gecko) Chrome/67.0.3396.62 Safari/537.36',
  'accept' => 'image/webp,image/apng,image/*,*/*;q=0.8',
  'referer' => 'http://www.hr.com:8083/',
  'accept-encoding' => 'gzip, deflate',
  'accept-language' => 'zh-CN,zh;q=0.9',
  'cookie' => 'UM_distinctid=1665c3bd0250-02ed131810e0ca-5b163f13-1fa400-1665c3bd0272b9; Hm_lvt_080836300300be57b7f34f4b3e97d911=1539154281; CNZZDATA1273108608=1157751406-1539143650-%7C1539422485; Hm_lvt_922a7d20740f0600062b403710662cb1=1539145716,1539422460',
)
[ info ] [ PARAM ] array (
)
[ info ] [ LOG ] INIT File
---------------------------------------------------------------
[ 2018-10-16T09:53:23+08:00 ] 127.0.0.1 GET /img/xiazai.png
[ info ] www.hr.com:8083/img/xiazai.png [运行时间：0.023000s][吞吐率：43.48req/s] [内存消耗：1,125.91kb] [文件加载：37]
[ info ] [ LANG ] G:\xampp\htdocs\car\thinkphp\lang\zh-cn.php
[ info ] [ ROUTE ] array (
  'type' => 'module',
  'module' => 
  array (
    0 => 'img',
    1 => 'xiazai.png',
    2 => NULL,
  ),
)
[ info ] [ HEADER ] array (
  'host' => 'www.hr.com:8083',
  'connection' => 'keep-alive',
  'user-agent' => 'Mozilla/5.0 (Windows NT 6.1; Win64; x64) AppleWebKit/537.36 (KHTML, like Gecko) Chrome/67.0.3396.62 Safari/537.36',
  'accept' => 'image/webp,image/apng,image/*,*/*;q=0.8',
  'referer' => 'http://www.hr.com:8083/',
  'accept-encoding' => 'gzip, deflate',
  'accept-language' => 'zh-CN,zh;q=0.9',
  'cookie' => 'UM_distinctid=1665c3bd0250-02ed131810e0ca-5b163f13-1fa400-1665c3bd0272b9; Hm_lvt_080836300300be57b7f34f4b3e97d911=1539154281; CNZZDATA1273108608=1157751406-1539143650-%7C1539422485; Hm_lvt_922a7d20740f0600062b403710662cb1=1539145716,1539422460',
)
[ info ] [ PARAM ] array (
)
[ info ] [ LOG ] INIT File
---------------------------------------------------------------
[ 2018-10-16T09:53:23+08:00 ] 127.0.0.1 GET /img/phone1.png
[ info ] www.hr.com:8083/img/phone1.png [运行时间：0.027000s][吞吐率：37.04req/s] [内存消耗：1,125.91kb] [文件加载：37]
[ info ] [ LANG ] G:\xampp\htdocs\car\thinkphp\lang\zh-cn.php
[ info ] [ ROUTE ] array (
  'type' => 'module',
  'module' => 
  array (
    0 => 'img',
    1 => 'phone1.png',
    2 => NULL,
  ),
)
[ info ] [ HEADER ] array (
  'host' => 'www.hr.com:8083',
  'connection' => 'keep-alive',
  'user-agent' => 'Mozilla/5.0 (Windows NT 6.1; Win64; x64) AppleWebKit/537.36 (KHTML, like Gecko) Chrome/67.0.3396.62 Safari/537.36',
  'accept' => 'image/webp,image/apng,image/*,*/*;q=0.8',
  'referer' => 'http://www.hr.com:8083/',
  'accept-encoding' => 'gzip, deflate',
  'accept-language' => 'zh-CN,zh;q=0.9',
  'cookie' => 'UM_distinctid=1665c3bd0250-02ed131810e0ca-5b163f13-1fa400-1665c3bd0272b9; Hm_lvt_080836300300be57b7f34f4b3e97d911=1539154281; CNZZDATA1273108608=1157751406-1539143650-%7C1539422485; Hm_lvt_922a7d20740f0600062b403710662cb1=1539145716,1539422460',
)
[ info ] [ PARAM ] array (
)
[ info ] [ LOG ] INIT File
---------------------------------------------------------------
[ 2018-10-16T09:53:23+08:00 ] 127.0.0.1 GET /img/ewmdown.png
[ info ] www.hr.com:8083/img/ewmdown.png [运行时间：0.019000s][吞吐率：52.63req/s] [内存消耗：1,125.96kb] [文件加载：37]
[ info ] [ LANG ] G:\xampp\htdocs\car\thinkphp\lang\zh-cn.php
[ info ] [ ROUTE ] array (
  'type' => 'module',
  'module' => 
  array (
    0 => 'img',
    1 => 'ewmdown.png',
    2 => NULL,
  ),
)
[ info ] [ HEADER ] array (
  'host' => 'www.hr.com:8083',
  'connection' => 'keep-alive',
  'user-agent' => 'Mozilla/5.0 (Windows NT 6.1; Win64; x64) AppleWebKit/537.36 (KHTML, like Gecko) Chrome/67.0.3396.62 Safari/537.36',
  'accept' => 'image/webp,image/apng,image/*,*/*;q=0.8',
  'referer' => 'http://www.hr.com:8083/',
  'accept-encoding' => 'gzip, deflate',
  'accept-language' => 'zh-CN,zh;q=0.9',
  'cookie' => 'UM_distinctid=1665c3bd0250-02ed131810e0ca-5b163f13-1fa400-1665c3bd0272b9; Hm_lvt_080836300300be57b7f34f4b3e97d911=1539154281; CNZZDATA1273108608=1157751406-1539143650-%7C1539422485; Hm_lvt_922a7d20740f0600062b403710662cb1=1539145716,1539422460',
)
[ info ] [ PARAM ] array (
)
[ info ] [ LOG ] INIT File
---------------------------------------------------------------
[ 2018-10-16T09:53:23+08:00 ] 127.0.0.1 GET /img/1024.png
[ info ] www.hr.com:8083/img/1024.png [运行时间：0.022000s][吞吐率：45.45req/s] [内存消耗：1,125.90kb] [文件加载：37]
[ info ] [ LANG ] G:\xampp\htdocs\car\thinkphp\lang\zh-cn.php
[ info ] [ ROUTE ] array (
  'type' => 'module',
  'module' => 
  array (
    0 => 'img',
    1 => '1024.png',
    2 => NULL,
  ),
)
[ info ] [ HEADER ] array (
  'host' => 'www.hr.com:8083',
  'connection' => 'keep-alive',
  'user-agent' => 'Mozilla/5.0 (Windows NT 6.1; Win64; x64) AppleWebKit/537.36 (KHTML, like Gecko) Chrome/67.0.3396.62 Safari/537.36',
  'accept' => 'image/webp,image/apng,image/*,*/*;q=0.8',
  'referer' => 'http://www.hr.com:8083/',
  'accept-encoding' => 'gzip, deflate',
  'accept-language' => 'zh-CN,zh;q=0.9',
  'cookie' => 'UM_distinctid=1665c3bd0250-02ed131810e0ca-5b163f13-1fa400-1665c3bd0272b9; Hm_lvt_080836300300be57b7f34f4b3e97d911=1539154281; CNZZDATA1273108608=1157751406-1539143650-%7C1539422485; Hm_lvt_922a7d20740f0600062b403710662cb1=1539145716,1539422460',
)
[ info ] [ PARAM ] array (
)
[ info ] [ LOG ] INIT File
---------------------------------------------------------------
[ 2018-10-16T09:53:23+08:00 ] 127.0.0.1 GET /img/ewm_guanzhu.png
[ info ] www.hr.com:8083/img/ewm_guanzhu.png [运行时间：0.019000s][吞吐率：52.63req/s] [内存消耗：1,126.01kb] [文件加载：37]
[ info ] [ LANG ] G:\xampp\htdocs\car\thinkphp\lang\zh-cn.php
[ info ] [ ROUTE ] array (
  'type' => 'module',
  'module' => 
  array (
    0 => 'img',
    1 => 'ewm_guanzhu.png',
    2 => NULL,
  ),
)
[ info ] [ HEADER ] array (
  'host' => 'www.hr.com:8083',
  'connection' => 'keep-alive',
  'user-agent' => 'Mozilla/5.0 (Windows NT 6.1; Win64; x64) AppleWebKit/537.36 (KHTML, like Gecko) Chrome/67.0.3396.62 Safari/537.36',
  'accept' => 'image/webp,image/apng,image/*,*/*;q=0.8',
  'referer' => 'http://www.hr.com:8083/',
  'accept-encoding' => 'gzip, deflate',
  'accept-language' => 'zh-CN,zh;q=0.9',
  'cookie' => 'UM_distinctid=1665c3bd0250-02ed131810e0ca-5b163f13-1fa400-1665c3bd0272b9; Hm_lvt_080836300300be57b7f34f4b3e97d911=1539154281; CNZZDATA1273108608=1157751406-1539143650-%7C1539422485; Hm_lvt_922a7d20740f0600062b403710662cb1=1539145716,1539422460',
)
[ info ] [ PARAM ] array (
)
[ info ] [ LOG ] INIT File
---------------------------------------------------------------
[ 2018-10-16T09:53:24+08:00 ] 127.0.0.1 GET /favicon.png
[ info ] www.hr.com:8083/favicon.png [运行时间：0.022000s][吞吐率：45.45req/s] [内存消耗：1,125.81kb] [文件加载：37]
[ info ] [ LANG ] G:\xampp\htdocs\car\thinkphp\lang\zh-cn.php
[ info ] [ ROUTE ] array (
  'type' => 'module',
  'module' => 
  array (
    0 => 'favicon.png',
    1 => NULL,
    2 => NULL,
  ),
)
[ info ] [ HEADER ] array (
  'host' => 'www.hr.com:8083',
  'connection' => 'keep-alive',
  'user-agent' => 'Mozilla/5.0 (Windows NT 6.1; Win64; x64) AppleWebKit/537.36 (KHTML, like Gecko) Chrome/67.0.3396.62 Safari/537.36',
  'accept' => 'image/webp,image/apng,image/*,*/*;q=0.8',
  'referer' => 'http://www.hr.com:8083/',
  'accept-encoding' => 'gzip, deflate',
  'accept-language' => 'zh-CN,zh;q=0.9',
  'cookie' => 'UM_distinctid=1665c3bd0250-02ed131810e0ca-5b163f13-1fa400-1665c3bd0272b9; Hm_lvt_080836300300be57b7f34f4b3e97d911=1539154281; CNZZDATA1273108608=1157751406-1539143650-%7C1539422485; Hm_lvt_922a7d20740f0600062b403710662cb1=1539145716,1539422460',
)
[ info ] [ PARAM ] array (
)
[ info ] [ LOG ] INIT File
---------------------------------------------------------------
[ 2018-10-16T09:53:27+08:00 ] 127.0.0.1 GET /index/index/news.html
[ info ] www.hr.com:8083/index/index/news.html [运行时间：0.052000s][吞吐率：19.23req/s] [内存消耗：1,721.28kb] [文件加载：45]
[ info ] [ LANG ] G:\xampp\htdocs\car\thinkphp\lang\zh-cn.php
[ info ] [ ROUTE ] array (
  'type' => 'module',
  'module' => 
  array (
    0 => 'index',
    1 => 'index',
    2 => 'news',
  ),
)
[ info ] [ HEADER ] array (
  'host' => 'www.hr.com:8083',
  'connection' => 'keep-alive',
  'upgrade-insecure-requests' => '1',
  'user-agent' => 'Mozilla/5.0 (Windows NT 6.1; Win64; x64) AppleWebKit/537.36 (KHTML, like Gecko) Chrome/67.0.3396.62 Safari/537.36',
  'accept' => 'text/html,application/xhtml+xml,application/xml;q=0.9,image/webp,image/apng,*/*;q=0.8',
  'referer' => 'http://www.hr.com:8083/',
  'accept-encoding' => 'gzip, deflate',
  'accept-language' => 'zh-CN,zh;q=0.9',
  'cookie' => 'UM_distinctid=1665c3bd0250-02ed131810e0ca-5b163f13-1fa400-1665c3bd0272b9; Hm_lvt_080836300300be57b7f34f4b3e97d911=1539154281; CNZZDATA1273108608=1157751406-1539143650-%7C1539422485; Hm_lvt_922a7d20740f0600062b403710662cb1=1539145716,1539422460',
)
[ info ] [ PARAM ] array (
)
[ info ] [ RUN ] app\index\controller\Index->news[ G:\xampp\htdocs\car\app\index\controller\Index.php ]
[ info ] [ VIEW ] G:\xampp\htdocs\car\public/../app/index\view\index\news.html [ array (
) ]
[ info ] [ LOG ] INIT File
---------------------------------------------------------------
[ 2018-10-16T09:53:31+08:00 ] 127.0.0.1 GET /index/index/logincar.html
[ info ] www.hr.com:8083/index/index/logincar.html [运行时间：0.065000s][吞吐率：15.38req/s] [内存消耗：1,730.84kb] [文件加载：46]
[ info ] [ LANG ] G:\xampp\htdocs\car\thinkphp\lang\zh-cn.php
[ info ] [ ROUTE ] array (
  'type' => 'module',
  'module' => 
  array (
    0 => 'index',
    1 => 'index',
    2 => 'logincar',
  ),
)
[ info ] [ HEADER ] array (
  'host' => 'www.hr.com:8083',
  'connection' => 'keep-alive',
  'upgrade-insecure-requests' => '1',
  'user-agent' => 'Mozilla/5.0 (Windows NT 6.1; Win64; x64) AppleWebKit/537.36 (KHTML, like Gecko) Chrome/67.0.3396.62 Safari/537.36',
  'accept' => 'text/html,application/xhtml+xml,application/xml;q=0.9,image/webp,image/apng,*/*;q=0.8',
  'referer' => 'http://www.hr.com:8083/',
  'accept-encoding' => 'gzip, deflate',
  'accept-language' => 'zh-CN,zh;q=0.9',
  'cookie' => 'UM_distinctid=1665c3bd0250-02ed131810e0ca-5b163f13-1fa400-1665c3bd0272b9; Hm_lvt_080836300300be57b7f34f4b3e97d911=1539154281; CNZZDATA1273108608=1157751406-1539143650-%7C1539422485; Hm_lvt_922a7d20740f0600062b403710662cb1=1539145716,1539422460',
)
[ info ] [ PARAM ] array (
)
[ info ] [ RUN ] app\index\controller\Index->logincar[ G:\xampp\htdocs\car\app\index\controller\Index.php ]
[ info ] [ VIEW ] G:\xampp\htdocs\car\public/../app/index\view\index\logincar.html [ array (
) ]
[ info ] [ LOG ] INIT File
---------------------------------------------------------------
[ 2018-10-16T09:53:31+08:00 ] 127.0.0.1 GET /index/index/img/shouye.png
[ info ] www.hr.com:8083/index/index/img/shouye.png [运行时间：0.038000s][吞吐率：26.32req/s] [内存消耗：1,547.73kb] [文件加载：46]
[ info ] [ LANG ] G:\xampp\htdocs\car\thinkphp\lang\zh-cn.php
[ info ] [ ROUTE ] array (
  'type' => 'module',
  'module' => 
  array (
    0 => 'index',
    1 => 'index',
    2 => 'img',
  ),
)
[ info ] [ HEADER ] array (
  'host' => 'www.hr.com:8083',
  'connection' => 'keep-alive',
  'user-agent' => 'Mozilla/5.0 (Windows NT 6.1; Win64; x64) AppleWebKit/537.36 (KHTML, like Gecko) Chrome/67.0.3396.62 Safari/537.36',
  'accept' => 'image/webp,image/apng,image/*,*/*;q=0.8',
  'referer' => 'http://www.hr.com:8083/index/index/logincar.html',
  'accept-encoding' => 'gzip, deflate',
  'accept-language' => 'zh-CN,zh;q=0.9',
  'cookie' => 'UM_distinctid=1665c3bd0250-02ed131810e0ca-5b163f13-1fa400-1665c3bd0272b9; Hm_lvt_080836300300be57b7f34f4b3e97d911=1539154281; CNZZDATA1273108608=1157751406-1539143650-%7C1539422485; Hm_lvt_922a7d20740f0600062b403710662cb1=1539145716,1539422460',
)
[ info ] [ PARAM ] array (
)
[ info ] [ LOG ] INIT File
[ error ] [8]未定义数组索引: img[G:\xampp\htdocs\car\app\index\controller\Common.php:364]
---------------------------------------------------------------
[ 2018-10-16T09:53:31+08:00 ] 127.0.0.1 GET /index/index/img/maic.png
[ info ] www.hr.com:8083/index/index/img/maic.png [运行时间：0.038000s][吞吐率：26.32req/s] [内存消耗：1,547.70kb] [文件加载：46]
[ info ] [ LANG ] G:\xampp\htdocs\car\thinkphp\lang\zh-cn.php
[ info ] [ ROUTE ] array (
  'type' => 'module',
  'module' => 
  array (
    0 => 'index',
    1 => 'index',
    2 => 'img',
  ),
)
[ info ] [ HEADER ] array (
  'host' => 'www.hr.com:8083',
  'connection' => 'keep-alive',
  'user-agent' => 'Mozilla/5.0 (Windows NT 6.1; Win64; x64) AppleWebKit/537.36 (KHTML, like Gecko) Chrome/67.0.3396.62 Safari/537.36',
  'accept' => 'image/webp,image/apng,image/*,*/*;q=0.8',
  'referer' => 'http://www.hr.com:8083/index/index/logincar.html',
  'accept-encoding' => 'gzip, deflate',
  'accept-language' => 'zh-CN,zh;q=0.9',
  'cookie' => 'UM_distinctid=1665c3bd0250-02ed131810e0ca-5b163f13-1fa400-1665c3bd0272b9; Hm_lvt_080836300300be57b7f34f4b3e97d911=1539154281; CNZZDATA1273108608=1157751406-1539143650-%7C1539422485; Hm_lvt_922a7d20740f0600062b403710662cb1=1539145716,1539422460',
)
[ info ] [ PARAM ] array (
)
[ info ] [ LOG ] INIT File
[ error ] [8]未定义数组索引: img[G:\xampp\htdocs\car\app\index\controller\Common.php:364]
---------------------------------------------------------------
[ 2018-10-16T09:53:31+08:00 ] 127.0.0.1 GET /index/index/img/phone1.png
[ info ] www.hr.com:8083/index/index/img/phone1.png [运行时间：0.027000s][吞吐率：37.04req/s] [内存消耗：1,547.73kb] [文件加载：46]
[ info ] [ LANG ] G:\xampp\htdocs\car\thinkphp\lang\zh-cn.php
[ info ] [ ROUTE ] array (
  'type' => 'module',
  'module' => 
  array (
    0 => 'index',
    1 => 'index',
    2 => 'img',
  ),
)
[ info ] [ HEADER ] array (
  'host' => 'www.hr.com:8083',
  'connection' => 'keep-alive',
  'user-agent' => 'Mozilla/5.0 (Windows NT 6.1; Win64; x64) AppleWebKit/537.36 (KHTML, like Gecko) Chrome/67.0.3396.62 Safari/537.36',
  'accept' => 'image/webp,image/apng,image/*,*/*;q=0.8',
  'referer' => 'http://www.hr.com:8083/index/index/logincar.html',
  'accept-encoding' => 'gzip, deflate',
  'accept-language' => 'zh-CN,zh;q=0.9',
  'cookie' => 'UM_distinctid=1665c3bd0250-02ed131810e0ca-5b163f13-1fa400-1665c3bd0272b9; Hm_lvt_080836300300be57b7f34f4b3e97d911=1539154281; CNZZDATA1273108608=1157751406-1539143650-%7C1539422485; Hm_lvt_922a7d20740f0600062b403710662cb1=1539145716,1539422460',
)
[ info ] [ PARAM ] array (
)
[ info ] [ LOG ] INIT File
[ error ] [8]未定义数组索引: img[G:\xampp\htdocs\car\app\index\controller\Common.php:364]
---------------------------------------------------------------
[ 2018-10-16T09:53:31+08:00 ] 127.0.0.1 GET /index/index/img/wangahn.png
[ info ] www.hr.com:8083/index/index/img/wangahn.png [运行时间：0.045000s][吞吐率：22.22req/s] [内存消耗：1,547.73kb] [文件加载：46]
[ info ] [ LANG ] G:\xampp\htdocs\car\thinkphp\lang\zh-cn.php
[ info ] [ ROUTE ] array (
  'type' => 'module',
  'module' => 
  array (
    0 => 'index',
    1 => 'index',
    2 => 'img',
  ),
)
[ info ] [ HEADER ] array (
  'host' => 'www.hr.com:8083',
  'connection' => 'keep-alive',
  'user-agent' => 'Mozilla/5.0 (Windows NT 6.1; Win64; x64) AppleWebKit/537.36 (KHTML, like Gecko) Chrome/67.0.3396.62 Safari/537.36',
  'accept' => 'image/webp,image/apng,image/*,*/*;q=0.8',
  'referer' => 'http://www.hr.com:8083/index/index/logincar.html',
  'accept-encoding' => 'gzip, deflate',
  'accept-language' => 'zh-CN,zh;q=0.9',
  'cookie' => 'UM_distinctid=1665c3bd0250-02ed131810e0ca-5b163f13-1fa400-1665c3bd0272b9; Hm_lvt_080836300300be57b7f34f4b3e97d911=1539154281; CNZZDATA1273108608=1157751406-1539143650-%7C1539422485; Hm_lvt_922a7d20740f0600062b403710662cb1=1539145716,1539422460',
)
[ info ] [ PARAM ] array (
)
[ info ] [ LOG ] INIT File
[ error ] [8]未定义数组索引: img[G:\xampp\htdocs\car\app\index\controller\Common.php:364]
---------------------------------------------------------------
[ 2018-10-16T09:53:31+08:00 ] 127.0.0.1 GET /static/img/ewm.png
[ info ] www.hr.com:8083/static/img/ewm.png [运行时间：0.028000s][吞吐率：35.71req/s] [内存消耗：1,126.11kb] [文件加载：37]
[ info ] [ LANG ] G:\xampp\htdocs\car\thinkphp\lang\zh-cn.php
[ info ] [ ROUTE ] array (
  'type' => 'module',
  'module' => 
  array (
    0 => 'static',
    1 => 'img',
    2 => 'ewm.png',
  ),
)
[ info ] [ HEADER ] array (
  'host' => 'www.hr.com:8083',
  'connection' => 'keep-alive',
  'user-agent' => 'Mozilla/5.0 (Windows NT 6.1; Win64; x64) AppleWebKit/537.36 (KHTML, like Gecko) Chrome/67.0.3396.62 Safari/537.36',
  'accept' => 'image/webp,image/apng,image/*,*/*;q=0.8',
  'referer' => 'http://www.hr.com:8083/index/index/logincar.html',
  'accept-encoding' => 'gzip, deflate',
  'accept-language' => 'zh-CN,zh;q=0.9',
  'cookie' => 'UM_distinctid=1665c3bd0250-02ed131810e0ca-5b163f13-1fa400-1665c3bd0272b9; Hm_lvt_080836300300be57b7f34f4b3e97d911=1539154281; CNZZDATA1273108608=1157751406-1539143650-%7C1539422485; Hm_lvt_922a7d20740f0600062b403710662cb1=1539145716,1539422460',
)
[ info ] [ PARAM ] array (
)
[ info ] [ LOG ] INIT File
---------------------------------------------------------------
[ 2018-10-16T09:53:31+08:00 ] 127.0.0.1 GET /index/index/img/ewmdown.png
[ info ] www.hr.com:8083/index/index/img/ewmdown.png [运行时间：0.026000s][吞吐率：38.46req/s] [内存消耗：1,547.73kb] [文件加载：46]
[ info ] [ LANG ] G:\xampp\htdocs\car\thinkphp\lang\zh-cn.php
[ info ] [ ROUTE ] array (
  'type' => 'module',
  'module' => 
  array (
    0 => 'index',
    1 => 'index',
    2 => 'img',
  ),
)
[ info ] [ HEADER ] array (
  'host' => 'www.hr.com:8083',
  'connection' => 'keep-alive',
  'user-agent' => 'Mozilla/5.0 (Windows NT 6.1; Win64; x64) AppleWebKit/537.36 (KHTML, like Gecko) Chrome/67.0.3396.62 Safari/537.36',
  'accept' => 'image/webp,image/apng,image/*,*/*;q=0.8',
  'referer' => 'http://www.hr.com:8083/index/index/logincar.html',
  'accept-encoding' => 'gzip, deflate',
  'accept-language' => 'zh-CN,zh;q=0.9',
  'cookie' => 'UM_distinctid=1665c3bd0250-02ed131810e0ca-5b163f13-1fa400-1665c3bd0272b9; Hm_lvt_080836300300be57b7f34f4b3e97d911=1539154281; CNZZDATA1273108608=1157751406-1539143650-%7C1539422485; Hm_lvt_922a7d20740f0600062b403710662cb1=1539145716,1539422460',
)
[ info ] [ PARAM ] array (
)
[ info ] [ LOG ] INIT File
[ error ] [8]未定义数组索引: img[G:\xampp\htdocs\car\app\index\controller\Common.php:364]
---------------------------------------------------------------
[ 2018-10-16T09:53:31+08:00 ] 127.0.0.1 GET /index/index/img/1024.png
[ info ] www.hr.com:8083/index/index/img/1024.png [运行时间：0.027000s][吞吐率：37.04req/s] [内存消耗：1,547.70kb] [文件加载：46]
[ info ] [ LANG ] G:\xampp\htdocs\car\thinkphp\lang\zh-cn.php
[ info ] [ ROUTE ] array (
  'type' => 'module',
  'module' => 
  array (
    0 => 'index',
    1 => 'index',
    2 => 'img',
  ),
)
[ info ] [ HEADER ] array (
  'host' => 'www.hr.com:8083',
  'connection' => 'keep-alive',
  'user-agent' => 'Mozilla/5.0 (Windows NT 6.1; Win64; x64) AppleWebKit/537.36 (KHTML, like Gecko) Chrome/67.0.3396.62 Safari/537.36',
  'accept' => 'image/webp,image/apng,image/*,*/*;q=0.8',
  'referer' => 'http://www.hr.com:8083/index/index/logincar.html',
  'accept-encoding' => 'gzip, deflate',
  'accept-language' => 'zh-CN,zh;q=0.9',
  'cookie' => 'UM_distinctid=1665c3bd0250-02ed131810e0ca-5b163f13-1fa400-1665c3bd0272b9; Hm_lvt_080836300300be57b7f34f4b3e97d911=1539154281; CNZZDATA1273108608=1157751406-1539143650-%7C1539422485; Hm_lvt_922a7d20740f0600062b403710662cb1=1539145716,1539422460',
)
[ info ] [ PARAM ] array (
)
[ info ] [ LOG ] INIT File
[ error ] [8]未定义数组索引: img[G:\xampp\htdocs\car\app\index\controller\Common.php:364]
---------------------------------------------------------------
[ 2018-10-16T09:53:31+08:00 ] 127.0.0.1 GET /index/index/img/xiazai.png
[ info ] www.hr.com:8083/index/index/img/xiazai.png [运行时间：0.062000s][吞吐率：16.13req/s] [内存消耗：1,547.73kb] [文件加载：46]
[ info ] [ LANG ] G:\xampp\htdocs\car\thinkphp\lang\zh-cn.php
[ info ] [ ROUTE ] array (
  'type' => 'module',
  'module' => 
  array (
    0 => 'index',
    1 => 'index',
    2 => 'img',
  ),
)
[ info ] [ HEADER ] array (
  'host' => 'www.hr.com:8083',
  'connection' => 'keep-alive',
  'user-agent' => 'Mozilla/5.0 (Windows NT 6.1; Win64; x64) AppleWebKit/537.36 (KHTML, like Gecko) Chrome/67.0.3396.62 Safari/537.36',
  'accept' => 'image/webp,image/apng,image/*,*/*;q=0.8',
  'referer' => 'http://www.hr.com:8083/index/index/logincar.html',
  'accept-encoding' => 'gzip, deflate',
  'accept-language' => 'zh-CN,zh;q=0.9',
  'cookie' => 'UM_distinctid=1665c3bd0250-02ed131810e0ca-5b163f13-1fa400-1665c3bd0272b9; Hm_lvt_080836300300be57b7f34f4b3e97d911=1539154281; CNZZDATA1273108608=1157751406-1539143650-%7C1539422485; Hm_lvt_922a7d20740f0600062b403710662cb1=1539145716,1539422460',
)
[ info ] [ PARAM ] array (
)
[ info ] [ LOG ] INIT File
[ error ] [8]未定义数组索引: img[G:\xampp\htdocs\car\app\index\controller\Common.php:364]
---------------------------------------------------------------
[ 2018-10-16T09:53:31+08:00 ] 127.0.0.1 GET /index/index/img/ewm_guanzhu.png
[ info ] www.hr.com:8083/index/index/img/ewm_guanzhu.png [运行时间：0.030000s][吞吐率：33.33req/s] [内存消耗：1,547.80kb] [文件加载：46]
[ info ] [ LANG ] G:\xampp\htdocs\car\thinkphp\lang\zh-cn.php
[ info ] [ ROUTE ] array (
  'type' => 'module',
  'module' => 
  array (
    0 => 'index',
    1 => 'index',
    2 => 'img',
  ),
)
[ info ] [ HEADER ] array (
  'host' => 'www.hr.com:8083',
  'connection' => 'keep-alive',
  'user-agent' => 'Mozilla/5.0 (Windows NT 6.1; Win64; x64) AppleWebKit/537.36 (KHTML, like Gecko) Chrome/67.0.3396.62 Safari/537.36',
  'accept' => 'image/webp,image/apng,image/*,*/*;q=0.8',
  'referer' => 'http://www.hr.com:8083/index/index/logincar.html',
  'accept-encoding' => 'gzip, deflate',
  'accept-language' => 'zh-CN,zh;q=0.9',
  'cookie' => 'UM_distinctid=1665c3bd0250-02ed131810e0ca-5b163f13-1fa400-1665c3bd0272b9; Hm_lvt_080836300300be57b7f34f4b3e97d911=1539154281; CNZZDATA1273108608=1157751406-1539143650-%7C1539422485; Hm_lvt_922a7d20740f0600062b403710662cb1=1539145716,1539422460',
)
[ info ] [ PARAM ] array (
)
[ info ] [ LOG ] INIT File
[ error ] [8]未定义数组索引: img[G:\xampp\htdocs\car\app\index\controller\Common.php:364]
---------------------------------------------------------------
[ 2018-10-16T10:07:37+08:00 ] 127.0.0.1 GET /index/index/newcar.html
[ info ] www.hr.com:8083/index/index/newcar.html [运行时间：0.066000s][吞吐率：15.15req/s] [内存消耗：1,548.46kb] [文件加载：46]
[ info ] [ LANG ] G:\xampp\htdocs\car\thinkphp\lang\zh-cn.php
[ info ] [ ROUTE ] array (
  'type' => 'module',
  'module' => 
  array (
    0 => 'index',
    1 => 'index',
    2 => 'newcar',
  ),
)
[ info ] [ HEADER ] array (
  'host' => 'www.hr.com:8083',
  'connection' => 'keep-alive',
  'upgrade-insecure-requests' => '1',
  'user-agent' => 'Mozilla/5.0 (Windows NT 6.1; Win64; x64) AppleWebKit/537.36 (KHTML, like Gecko) Chrome/67.0.3396.62 Safari/537.36',
  'accept' => 'text/html,application/xhtml+xml,application/xml;q=0.9,image/webp,image/apng,*/*;q=0.8',
  'referer' => 'http://www.hr.com:8083/index/index/logincar.html',
  'accept-encoding' => 'gzip, deflate',
  'accept-language' => 'zh-CN,zh;q=0.9',
  'cookie' => 'UM_distinctid=1665c3bd0250-02ed131810e0ca-5b163f13-1fa400-1665c3bd0272b9; Hm_lvt_080836300300be57b7f34f4b3e97d911=1539154281; CNZZDATA1273108608=1157751406-1539143650-%7C1539422485; Hm_lvt_922a7d20740f0600062b403710662cb1=1539145716,1539422460',
)
[ info ] [ PARAM ] array (
)
[ info ] [ LOG ] INIT File
[ error ] [8]未定义数组索引: newcar[G:\xampp\htdocs\car\app\index\controller\Common.php:364]
---------------------------------------------------------------
[ 2018-10-16T10:07:41+08:00 ] 127.0.0.1 GET /index/index/img/phone1.png
[ info ] www.hr.com:8083/index/index/img/phone1.png [运行时间：0.041000s][吞吐率：24.39req/s] [内存消耗：1,547.73kb] [文件加载：46]
[ info ] [ LANG ] G:\xampp\htdocs\car\thinkphp\lang\zh-cn.php
[ info ] [ ROUTE ] array (
  'type' => 'module',
  'module' => 
  array (
    0 => 'index',
    1 => 'index',
    2 => 'img',
  ),
)
[ info ] [ HEADER ] array (
  'host' => 'www.hr.com:8083',
  'connection' => 'keep-alive',
  'user-agent' => 'Mozilla/5.0 (Windows NT 6.1; Win64; x64) AppleWebKit/537.36 (KHTML, like Gecko) Chrome/67.0.3396.62 Safari/537.36',
  'accept' => 'image/webp,image/apng,image/*,*/*;q=0.8',
  'referer' => 'http://www.hr.com:8083/index/index/logincar.html',
  'accept-encoding' => 'gzip, deflate',
  'accept-language' => 'zh-CN,zh;q=0.9',
  'cookie' => 'UM_distinctid=1665c3bd0250-02ed131810e0ca-5b163f13-1fa400-1665c3bd0272b9; Hm_lvt_080836300300be57b7f34f4b3e97d911=1539154281; CNZZDATA1273108608=1157751406-1539143650-%7C1539422485; Hm_lvt_922a7d20740f0600062b403710662cb1=1539145716,1539422460',
)
[ info ] [ PARAM ] array (
)
[ info ] [ LOG ] INIT File
[ error ] [8]未定义数组索引: img[G:\xampp\htdocs\car\app\index\controller\Common.php:364]
---------------------------------------------------------------
[ 2018-10-16T10:07:41+08:00 ] 127.0.0.1 GET /index/index/img/ewm_guanzhu.png
[ info ] www.hr.com:8083/index/index/img/ewm_guanzhu.png [运行时间：0.040000s][吞吐率：25.00req/s] [内存消耗：1,547.80kb] [文件加载：46]
[ info ] [ LANG ] G:\xampp\htdocs\car\thinkphp\lang\zh-cn.php
[ info ] [ ROUTE ] array (
  'type' => 'module',
  'module' => 
  array (
    0 => 'index',
    1 => 'index',
    2 => 'img',
  ),
)
[ info ] [ HEADER ] array (
  'host' => 'www.hr.com:8083',
  'connection' => 'keep-alive',
  'user-agent' => 'Mozilla/5.0 (Windows NT 6.1; Win64; x64) AppleWebKit/537.36 (KHTML, like Gecko) Chrome/67.0.3396.62 Safari/537.36',
  'accept' => 'image/webp,image/apng,image/*,*/*;q=0.8',
  'referer' => 'http://www.hr.com:8083/index/index/logincar.html',
  'accept-encoding' => 'gzip, deflate',
  'accept-language' => 'zh-CN,zh;q=0.9',
  'cookie' => 'UM_distinctid=1665c3bd0250-02ed131810e0ca-5b163f13-1fa400-1665c3bd0272b9; Hm_lvt_080836300300be57b7f34f4b3e97d911=1539154281; CNZZDATA1273108608=1157751406-1539143650-%7C1539422485; Hm_lvt_922a7d20740f0600062b403710662cb1=1539145716,1539422460',
)
[ info ] [ PARAM ] array (
)
[ info ] [ LOG ] INIT File
[ error ] [8]未定义数组索引: img[G:\xampp\htdocs\car\app\index\controller\Common.php:364]
---------------------------------------------------------------
[ 2018-10-16T10:07:44+08:00 ] 127.0.0.1 GET /index/index/carlist.html
[ info ] www.hr.com:8083/index/index/carlist.html [运行时间：0.066000s][吞吐率：15.15req/s] [内存消耗：1,765.60kb] [文件加载：45]
[ info ] [ LANG ] G:\xampp\htdocs\car\thinkphp\lang\zh-cn.php
[ info ] [ ROUTE ] array (
  'type' => 'module',
  'module' => 
  array (
    0 => 'index',
    1 => 'index',
    2 => 'carlist',
  ),
)
[ info ] [ HEADER ] array (
  'host' => 'www.hr.com:8083',
  'connection' => 'keep-alive',
  'upgrade-insecure-requests' => '1',
  'user-agent' => 'Mozilla/5.0 (Windows NT 6.1; Win64; x64) AppleWebKit/537.36 (KHTML, like Gecko) Chrome/67.0.3396.62 Safari/537.36',
  'accept' => 'text/html,application/xhtml+xml,application/xml;q=0.9,image/webp,image/apng,*/*;q=0.8',
  'referer' => 'http://www.hr.com:8083/index/index/logincar.html',
  'accept-encoding' => 'gzip, deflate',
  'accept-language' => 'zh-CN,zh;q=0.9',
  'cookie' => 'UM_distinctid=1665c3bd0250-02ed131810e0ca-5b163f13-1fa400-1665c3bd0272b9; Hm_lvt_080836300300be57b7f34f4b3e97d911=1539154281; CNZZDATA1273108608=1157751406-1539143650-%7C1539422485; Hm_lvt_922a7d20740f0600062b403710662cb1=1539145716,1539422460',
)
[ info ] [ PARAM ] array (
)
[ info ] [ RUN ] app\index\controller\Index->carlist[ G:\xampp\htdocs\car\app\index\controller\Index.php ]
[ info ] [ VIEW ] G:\xampp\htdocs\car\public/../app/index\view\index\carlist.html [ array (
) ]
[ info ] [ LOG ] INIT File
---------------------------------------------------------------
[ 2018-10-16T10:07:46+08:00 ] 127.0.0.1 GET /index/index/newcar.html
[ info ] www.hr.com:8083/index/index/newcar.html [运行时间：0.054000s][吞吐率：18.52req/s] [内存消耗：1,548.46kb] [文件加载：46]
[ info ] [ LANG ] G:\xampp\htdocs\car\thinkphp\lang\zh-cn.php
[ info ] [ ROUTE ] array (
  'type' => 'module',
  'module' => 
  array (
    0 => 'index',
    1 => 'index',
    2 => 'newcar',
  ),
)
[ info ] [ HEADER ] array (
  'host' => 'www.hr.com:8083',
  'connection' => 'keep-alive',
  'upgrade-insecure-requests' => '1',
  'user-agent' => 'Mozilla/5.0 (Windows NT 6.1; Win64; x64) AppleWebKit/537.36 (KHTML, like Gecko) Chrome/67.0.3396.62 Safari/537.36',
  'accept' => 'text/html,application/xhtml+xml,application/xml;q=0.9,image/webp,image/apng,*/*;q=0.8',
  'referer' => 'http://www.hr.com:8083/index/index/logincar.html',
  'accept-encoding' => 'gzip, deflate',
  'accept-language' => 'zh-CN,zh;q=0.9',
  'cookie' => 'UM_distinctid=1665c3bd0250-02ed131810e0ca-5b163f13-1fa400-1665c3bd0272b9; Hm_lvt_080836300300be57b7f34f4b3e97d911=1539154281; CNZZDATA1273108608=1157751406-1539143650-%7C1539422485; Hm_lvt_922a7d20740f0600062b403710662cb1=1539145716,1539422460',
)
[ info ] [ PARAM ] array (
)
[ info ] [ LOG ] INIT File
[ error ] [8]未定义数组索引: newcar[G:\xampp\htdocs\car\app\index\controller\Common.php:364]
---------------------------------------------------------------
[ 2018-10-16T10:07:51+08:00 ] 127.0.0.1 GET /index/index/sell.html
[ info ] www.hr.com:8083/index/index/sell.html [运行时间：0.464000s][吞吐率：2.16req/s] [内存消耗：2,693.65kb] [文件加载：53]
[ info ] [ LANG ] G:\xampp\htdocs\car\thinkphp\lang\zh-cn.php
[ info ] [ ROUTE ] array (
  'type' => 'module',
  'module' => 
  array (
    0 => 'index',
    1 => 'index',
    2 => 'sell',
  ),
)
[ info ] [ HEADER ] array (
  'host' => 'www.hr.com:8083',
  'connection' => 'keep-alive',
  'upgrade-insecure-requests' => '1',
  'user-agent' => 'Mozilla/5.0 (Windows NT 6.1; Win64; x64) AppleWebKit/537.36 (KHTML, like Gecko) Chrome/67.0.3396.62 Safari/537.36',
  'accept' => 'text/html,application/xhtml+xml,application/xml;q=0.9,image/webp,image/apng,*/*;q=0.8',
  'referer' => 'http://www.hr.com:8083/index/index/logincar.html',
  'accept-encoding' => 'gzip, deflate',
  'accept-language' => 'zh-CN,zh;q=0.9',
  'cookie' => 'UM_distinctid=1665c3bd0250-02ed131810e0ca-5b163f13-1fa400-1665c3bd0272b9; Hm_lvt_080836300300be57b7f34f4b3e97d911=1539154281; CNZZDATA1273108608=1157751406-1539143650-%7C1539422485; Hm_lvt_922a7d20740f0600062b403710662cb1=1539145716,1539422460',
)
[ info ] [ PARAM ] array (
)
[ info ] [ RUN ] app\index\controller\Index->sell[ G:\xampp\htdocs\car\app\index\controller\Index.php ]
[ info ] [ DB ] INIT mysql
[ info ] [ VIEW ] G:\xampp\htdocs\car\public/../app/index\view\index\sell.html [ array (
  0 => 'res',
  1 => 'er_car',
) ]
[ info ] [ LOG ] INIT File
[ sql ] [ DB ] CONNECT:[ UseTime:0.010000s ] mysql:host=127.0.0.1;port=3306;dbname=g_car4;charset=utf8
[ sql ] [ SQL ] SHOW COLUMNS FROM `car_brand` [ RunTime:0.005000s ]
[ sql ] [ SQL ] SELECT `id`,`img_id`,`initial`,`name` FROM `car_brand` WHERE  `initial_num` = '65'  AND `status` = '1'  AND `level` = '1' ORDER BY `sort` DESC [ RunTime:0.008000s ]
[ sql ] [ SQL ] SELECT `id`,`img_id`,`initial`,`name` FROM `car_brand` WHERE  `initial_num` = '65'  AND `status` = '1'  AND `level` = '1' ORDER BY `sort` DESC [ RunTime:0.007000s ]
[ sql ] [ SQL ] SELECT `id`,`img_id`,`initial`,`name` FROM `car_brand` WHERE  `initial_num` = '66'  AND `status` = '1'  AND `level` = '1' ORDER BY `sort` DESC [ RunTime:0.007000s ]
[ sql ] [ SQL ] SELECT `id`,`img_id`,`initial`,`name` FROM `car_brand` WHERE  `initial_num` = '67'  AND `status` = '1'  AND `level` = '1' ORDER BY `sort` DESC [ RunTime:0.008000s ]
[ sql ] [ SQL ] SELECT `id`,`img_id`,`initial`,`name` FROM `car_brand` WHERE  `initial_num` = '68'  AND `status` = '1'  AND `level` = '1' ORDER BY `sort` DESC [ RunTime:0.007000s ]
[ sql ] [ SQL ] SELECT `id`,`img_id`,`initial`,`name` FROM `car_brand` WHERE  `initial_num` = '69'  AND `status` = '1'  AND `level` = '1' ORDER BY `sort` DESC [ RunTime:0.007000s ]
[ sql ] [ SQL ] SELECT `id`,`img_id`,`initial`,`name` FROM `car_brand` WHERE  `initial_num` = '70'  AND `status` = '1'  AND `level` = '1' ORDER BY `sort` DESC [ RunTime:0.007000s ]
[ sql ] [ SQL ] SELECT `id`,`img_id`,`initial`,`name` FROM `car_brand` WHERE  `initial_num` = '71'  AND `status` = '1'  AND `level` = '1' ORDER BY `sort` DESC [ RunTime:0.007000s ]
[ sql ] [ SQL ] SELECT `id`,`img_id`,`initial`,`name` FROM `car_brand` WHERE  `initial_num` = '72'  AND `status` = '1'  AND `level` = '1' ORDER BY `sort` DESC [ RunTime:0.007000s ]
[ sql ] [ SQL ] SELECT `id`,`img_id`,`initial`,`name` FROM `car_brand` WHERE  `initial_num` = '73'  AND `status` = '1'  AND `level` = '1' ORDER BY `sort` DESC [ RunTime:0.008000s ]
[ sql ] [ SQL ] SELECT `id`,`img_id`,`initial`,`name` FROM `car_brand` WHERE  `initial_num` = '74'  AND `status` = '1'  AND `level` = '1' ORDER BY `sort` DESC [ RunTime:0.007000s ]
[ sql ] [ SQL ] SELECT `id`,`img_id`,`initial`,`name` FROM `car_brand` WHERE  `initial_num` = '75'  AND `status` = '1'  AND `level` = '1' ORDER BY `sort` DESC [ RunTime:0.007000s ]
[ sql ] [ SQL ] SELECT `id`,`img_id`,`initial`,`name` FROM `car_brand` WHERE  `initial_num` = '76'  AND `status` = '1'  AND `level` = '1' ORDER BY `sort` DESC [ RunTime:0.007000s ]
[ sql ] [ SQL ] SELECT `id`,`img_id`,`initial`,`name` FROM `car_brand` WHERE  `initial_num` = '77'  AND `status` = '1'  AND `level` = '1' ORDER BY `sort` DESC [ RunTime:0.007000s ]
[ sql ] [ SQL ] SELECT `id`,`img_id`,`initial`,`name` FROM `car_brand` WHERE  `initial_num` = '78'  AND `status` = '1'  AND `level` = '1' ORDER BY `sort` DESC [ RunTime:0.007000s ]
[ sql ] [ SQL ] SELECT `id`,`img_id`,`initial`,`name` FROM `car_brand` WHERE  `initial_num` = '79'  AND `status` = '1'  AND `level` = '1' ORDER BY `sort` DESC [ RunTime:0.007000s ]
[ sql ] [ SQL ] SELECT `id`,`img_id`,`initial`,`name` FROM `car_brand` WHERE  `initial_num` = '80'  AND `status` = '1'  AND `level` = '1' ORDER BY `sort` DESC [ RunTime:0.008000s ]
[ sql ] [ SQL ] SELECT `id`,`img_id`,`initial`,`name` FROM `car_brand` WHERE  `initial_num` = '81'  AND `status` = '1'  AND `level` = '1' ORDER BY `sort` DESC [ RunTime:0.007000s ]
[ sql ] [ SQL ] SELECT `id`,`img_id`,`initial`,`name` FROM `car_brand` WHERE  `initial_num` = '82'  AND `status` = '1'  AND `level` = '1' ORDER BY `sort` DESC [ RunTime:0.007000s ]
[ sql ] [ SQL ] SELECT `id`,`img_id`,`initial`,`name` FROM `car_brand` WHERE  `initial_num` = '83'  AND `status` = '1'  AND `level` = '1' ORDER BY `sort` DESC [ RunTime:0.008000s ]
[ sql ] [ SQL ] SELECT `id`,`img_id`,`initial`,`name` FROM `car_brand` WHERE  `initial_num` = '84'  AND `status` = '1'  AND `level` = '1' ORDER BY `sort` DESC [ RunTime:0.007000s ]
[ sql ] [ SQL ] SELECT `id`,`img_id`,`initial`,`name` FROM `car_brand` WHERE  `initial_num` = '85'  AND `status` = '1'  AND `level` = '1' ORDER BY `sort` DESC [ RunTime:0.007000s ]
[ sql ] [ SQL ] SELECT `id`,`img_id`,`initial`,`name` FROM `car_brand` WHERE  `initial_num` = '86'  AND `status` = '1'  AND `level` = '1' ORDER BY `sort` DESC [ RunTime:0.007000s ]
[ sql ] [ SQL ] SELECT `id`,`img_id`,`initial`,`name` FROM `car_brand` WHERE  `initial_num` = '87'  AND `status` = '1'  AND `level` = '1' ORDER BY `sort` DESC [ RunTime:0.007000s ]
[ sql ] [ SQL ] SELECT `id`,`img_id`,`initial`,`name` FROM `car_brand` WHERE  `initial_num` = '88'  AND `status` = '1'  AND `level` = '1' ORDER BY `sort` DESC [ RunTime:0.007000s ]
[ sql ] [ SQL ] SELECT `id`,`img_id`,`initial`,`name` FROM `car_brand` WHERE  `initial_num` = '89'  AND `status` = '1'  AND `level` = '1' ORDER BY `sort` DESC [ RunTime:0.008000s ]
[ sql ] [ SQL ] SELECT `id`,`img_id`,`initial`,`name` FROM `car_brand` WHERE  `initial_num` = '90'  AND `status` = '1'  AND `level` = '1' ORDER BY `sort` DESC [ RunTime:0.007000s ]
[ sql ] [ SQL ] SHOW COLUMNS FROM `city` [ RunTime:0.017000s ]
[ sql ] [ SQL ] SELECT `id` FROM `city` WHERE  (  name like '%郑州%' ) LIMIT 1 [ RunTime:0.001000s ]
[ sql ] [ SQL ] SHOW COLUMNS FROM `rele_car` [ RunTime:0.010000s ]
[ sql ] [ SQL ] SELECT `pu_id`,`cartype_id`,`price`,`car_cardtime`,`car_mileage`,`img_300` FROM `rele_car` WHERE  (  status=1 and up_under=1 and city_id=1 ) ORDER BY `create_time` DESC LIMIT 10 [ RunTime:0.010000s ]
[ sql ] [ SQL ] SELECT `name`,`upid` FROM `car_brand` WHERE  `id` = '2652' LIMIT 1 [ RunTime:0.001000s ]
[ sql ] [ SQL ] SELECT `name` FROM `car_brand` WHERE  (  id  ) LIMIT 1 [ RunTime:0.001000s ]
[ sql ] [ SQL ] SHOW COLUMNS FROM `param` [ RunTime:0.013000s ]
[ sql ] [ SQL ] SELECT `id`,`price` FROM `param` WHERE  (  id=9541 ) LIMIT 1 [ RunTime:0.001000s ]
[ sql ] [ SQL ] SELECT `name`,`upid` FROM `car_brand` WHERE  `id` = '6151' LIMIT 1 [ RunTime:0.001000s ]
[ sql ] [ SQL ] SELECT `name` FROM `car_brand` WHERE  (  id  ) LIMIT 1 [ RunTime:0.000000s ]
[ sql ] [ SQL ] SELECT `id`,`price` FROM `param` WHERE  (  id=9538 ) LIMIT 1 [ RunTime:0.000000s ]
[ sql ] [ SQL ] SELECT `name`,`upid` FROM `car_brand` WHERE  `id` = '2970' LIMIT 1 [ RunTime:0.001000s ]
[ sql ] [ SQL ] SELECT `name` FROM `car_brand` WHERE  (  id  ) LIMIT 1 [ RunTime:0.001000s ]
[ sql ] [ SQL ] SELECT `id`,`price` FROM `param` WHERE  (  id=9535 ) LIMIT 1 [ RunTime:0.001000s ]
[ sql ] [ SQL ] SELECT `name`,`upid` FROM `car_brand` WHERE  `id` = '6403' LIMIT 1 [ RunTime:0.001000s ]
[ sql ] [ SQL ] SELECT `name` FROM `car_brand` WHERE  (  id  ) LIMIT 1 [ RunTime:0.000000s ]
[ sql ] [ SQL ] SELECT `id`,`price` FROM `param` WHERE  (  id=9516 ) LIMIT 1 [ RunTime:0.000000s ]
[ sql ] [ SQL ] SELECT `name`,`upid` FROM `car_brand` WHERE  `id` = '6339' LIMIT 1 [ RunTime:0.001000s ]
[ sql ] [ SQL ] SELECT `name` FROM `car_brand` WHERE  (  id  ) LIMIT 1 [ RunTime:0.001000s ]
[ sql ] [ SQL ] SELECT `id`,`price` FROM `param` WHERE  (  id=9515 ) LIMIT 1 [ RunTime:0.001000s ]
[ sql ] [ SQL ] SELECT `name`,`upid` FROM `car_brand` WHERE  `id` = '27332' LIMIT 1 [ RunTime:0.001000s ]
[ sql ] [ SQL ] SELECT `name` FROM `car_brand` WHERE  (  id  ) LIMIT 1 [ RunTime:0.000000s ]
[ sql ] [ SQL ] SELECT `id`,`price` FROM `param` WHERE  (  id=9514 ) LIMIT 1 [ RunTime:0.000000s ]
[ sql ] [ SQL ] SELECT `name`,`upid` FROM `car_brand` WHERE  `id` = '6092' LIMIT 1 [ RunTime:0.000000s ]
[ sql ] [ SQL ] SELECT `name` FROM `car_brand` WHERE  (  id  ) LIMIT 1 [ RunTime:0.001000s ]
[ sql ] [ SQL ] SELECT `id`,`price` FROM `param` WHERE  (  id=9513 ) LIMIT 1 [ RunTime:0.001000s ]
[ sql ] [ SQL ] SELECT `name`,`upid` FROM `car_brand` WHERE  `id` = '23874' LIMIT 1 [ RunTime:0.001000s ]
[ sql ] [ SQL ] SELECT `name` FROM `car_brand` WHERE  (  id  ) LIMIT 1 [ RunTime:0.000000s ]
[ sql ] [ SQL ] SELECT `id`,`price` FROM `param` WHERE  (  id=9512 ) LIMIT 1 [ RunTime:0.000000s ]
[ sql ] [ SQL ] SELECT `name`,`upid` FROM `car_brand` WHERE  `id` = '6492' LIMIT 1 [ RunTime:0.001000s ]
[ sql ] [ SQL ] SELECT `name` FROM `car_brand` WHERE  (  id  ) LIMIT 1 [ RunTime:0.001000s ]
[ sql ] [ SQL ] SELECT `id`,`price` FROM `param` WHERE  (  id=9511 ) LIMIT 1 [ RunTime:0.001000s ]
[ sql ] [ SQL ] SELECT `name`,`upid` FROM `car_brand` WHERE  `id` = '3015' LIMIT 1 [ RunTime:0.001000s ]
[ sql ] [ SQL ] SELECT `name` FROM `car_brand` WHERE  (  id  ) LIMIT 1 [ RunTime:0.001000s ]
[ sql ] [ SQL ] SELECT `id`,`price` FROM `param` WHERE  (  id=9510 ) LIMIT 1 [ RunTime:0.001000s ]
---------------------------------------------------------------
[ 2018-10-16T10:07:51+08:00 ] 127.0.0.1 GET /index/index/js/model/allCity.js
[ info ] www.hr.com:8083/index/index/js/model/allCity.js [运行时间：0.031000s][吞吐率：32.26req/s] [内存消耗：1,548.72kb] [文件加载：46]
[ info ] [ LANG ] G:\xampp\htdocs\car\thinkphp\lang\zh-cn.php
[ info ] [ ROUTE ] array (
  'type' => 'module',
  'module' => 
  array (
    0 => 'index',
    1 => 'index',
    2 => 'js',
  ),
)
[ info ] [ HEADER ] array (
  'host' => 'www.hr.com:8083',
  'connection' => 'keep-alive',
  'accept' => 'application/json, text/javascript, */*; q=0.01',
  'x-requested-with' => 'XMLHttpRequest',
  'user-agent' => 'Mozilla/5.0 (Windows NT 6.1; Win64; x64) AppleWebKit/537.36 (KHTML, like Gecko) Chrome/67.0.3396.62 Safari/537.36',
  'referer' => 'http://www.hr.com:8083/index/index/sell.html',
  'accept-encoding' => 'gzip, deflate',
  'accept-language' => 'zh-CN,zh;q=0.9',
  'cookie' => 'UM_distinctid=1665c3bd0250-02ed131810e0ca-5b163f13-1fa400-1665c3bd0272b9; Hm_lvt_080836300300be57b7f34f4b3e97d911=1539154281; CNZZDATA1273108608=1157751406-1539143650-%7C1539422485; Hm_lvt_922a7d20740f0600062b403710662cb1=1539145716,1539422460',
)
[ info ] [ PARAM ] array (
  'model' => 'allCity.js',
)
[ info ] [ LOG ] INIT File
[ error ] [8]未定义数组索引: js[G:\xampp\htdocs\car\app\index\controller\Common.php:364]
---------------------------------------------------------------
[ 2018-10-16T10:08:32+08:00 ] 127.0.0.1 GET /index/index/newcar.html
[ info ] www.hr.com:8083/index/index/newcar.html [运行时间：0.065000s][吞吐率：15.38req/s] [内存消耗：1,548.46kb] [文件加载：46]
[ info ] [ LANG ] G:\xampp\htdocs\car\thinkphp\lang\zh-cn.php
[ info ] [ ROUTE ] array (
  'type' => 'module',
  'module' => 
  array (
    0 => 'index',
    1 => 'index',
    2 => 'newcar',
  ),
)
[ info ] [ HEADER ] array (
  'host' => 'www.hr.com:8083',
  'connection' => 'keep-alive',
  'upgrade-insecure-requests' => '1',
  'user-agent' => 'Mozilla/5.0 (Windows NT 6.1; Win64; x64) AppleWebKit/537.36 (KHTML, like Gecko) Chrome/67.0.3396.62 Safari/537.36',
  'accept' => 'text/html,application/xhtml+xml,application/xml;q=0.9,image/webp,image/apng,*/*;q=0.8',
  'referer' => 'http://www.hr.com:8083/index/index/logincar.html',
  'accept-encoding' => 'gzip, deflate',
  'accept-language' => 'zh-CN,zh;q=0.9',
  'cookie' => 'UM_distinctid=1665c3bd0250-02ed131810e0ca-5b163f13-1fa400-1665c3bd0272b9; Hm_lvt_080836300300be57b7f34f4b3e97d911=1539154281; CNZZDATA1273108608=1157751406-1539143650-%7C1539422485; Hm_lvt_922a7d20740f0600062b403710662cb1=1539145716,1539422460',
)
[ info ] [ PARAM ] array (
)
[ info ] [ LOG ] INIT File
[ error ] [8]未定义数组索引: newcar[G:\xampp\htdocs\car\app\index\controller\Common.php:364]
---------------------------------------------------------------
[ 2018-10-16T10:09:03+08:00 ] 127.0.0.1 GET /index/index/newcar
[ info ] www.hr.com:8083/index/index/newcar [运行时间：0.041000s][吞吐率：24.39req/s] [内存消耗：1,547.68kb] [文件加载：46]
[ info ] [ LANG ] G:\xampp\htdocs\car\thinkphp\lang\zh-cn.php
[ info ] [ ROUTE ] array (
  'type' => 'module',
  'module' => 
  array (
    0 => 'index',
    1 => 'index',
    2 => 'newcar',
  ),
)
[ info ] [ HEADER ] array (
  'host' => 'www.hr.com:8083',
  'connection' => 'keep-alive',
  'upgrade-insecure-requests' => '1',
  'user-agent' => 'Mozilla/5.0 (Windows NT 6.1; Win64; x64) AppleWebKit/537.36 (KHTML, like Gecko) Chrome/67.0.3396.62 Safari/537.36',
  'accept' => 'text/html,application/xhtml+xml,application/xml;q=0.9,image/webp,image/apng,*/*;q=0.8',
  'accept-encoding' => 'gzip, deflate',
  'accept-language' => 'zh-CN,zh;q=0.9',
  'cookie' => 'UM_distinctid=1665c3bd0250-02ed131810e0ca-5b163f13-1fa400-1665c3bd0272b9; Hm_lvt_080836300300be57b7f34f4b3e97d911=1539154281; CNZZDATA1273108608=1157751406-1539143650-%7C1539422485; Hm_lvt_922a7d20740f0600062b403710662cb1=1539145716,1539422460',
)
[ info ] [ PARAM ] array (
)
[ info ] [ LOG ] INIT File
[ error ] [8]未定义数组索引: newcar[G:\xampp\htdocs\car\app\index\controller\Common.php:364]
---------------------------------------------------------------
[ 2018-10-16T10:09:54+08:00 ] 127.0.0.1 GET /index/index/newcar
[ info ] www.hr.com:8083/index/index/newcar [运行时间：0.035000s][吞吐率：28.57req/s] [内存消耗：1,548.08kb] [文件加载：46]
[ info ] [ LANG ] G:\xampp\htdocs\car\thinkphp\lang\zh-cn.php
[ info ] [ ROUTE ] array (
  'type' => 'module',
  'module' => 
  array (
    0 => 'index',
    1 => 'index',
    2 => 'newcar',
  ),
)
[ info ] [ HEADER ] array (
  'host' => 'www.hr.com:8083',
  'connection' => 'keep-alive',
  'cache-control' => 'max-age=0',
  'upgrade-insecure-requests' => '1',
  'user-agent' => 'Mozilla/5.0 (Windows NT 6.1; Win64; x64) AppleWebKit/537.36 (KHTML, like Gecko) Chrome/67.0.3396.62 Safari/537.36',
  'accept' => 'text/html,application/xhtml+xml,application/xml;q=0.9,image/webp,image/apng,*/*;q=0.8',
  'accept-encoding' => 'gzip, deflate',
  'accept-language' => 'zh-CN,zh;q=0.9',
  'cookie' => 'UM_distinctid=1665c3bd0250-02ed131810e0ca-5b163f13-1fa400-1665c3bd0272b9; Hm_lvt_080836300300be57b7f34f4b3e97d911=1539154281; CNZZDATA1273108608=1157751406-1539143650-%7C1539422485; Hm_lvt_922a7d20740f0600062b403710662cb1=1539145716,1539422460',
)
[ info ] [ PARAM ] array (
)
[ info ] [ LOG ] INIT File
[ error ] [8]未定义数组索引: newcar[G:\xampp\htdocs\car\app\index\controller\Common.php:364]
---------------------------------------------------------------
[ 2018-10-16T10:09:55+08:00 ] 127.0.0.1 GET /index/index/newcar
[ info ] www.hr.com:8083/index/index/newcar [运行时间：0.069000s][吞吐率：14.49req/s] [内存消耗：1,548.08kb] [文件加载：46]
[ info ] [ LANG ] G:\xampp\htdocs\car\thinkphp\lang\zh-cn.php
[ info ] [ ROUTE ] array (
  'type' => 'module',
  'module' => 
  array (
    0 => 'index',
    1 => 'index',
    2 => 'newcar',
  ),
)
[ info ] [ HEADER ] array (
  'host' => 'www.hr.com:8083',
  'connection' => 'keep-alive',
  'cache-control' => 'max-age=0',
  'upgrade-insecure-requests' => '1',
  'user-agent' => 'Mozilla/5.0 (Windows NT 6.1; Win64; x64) AppleWebKit/537.36 (KHTML, like Gecko) Chrome/67.0.3396.62 Safari/537.36',
  'accept' => 'text/html,application/xhtml+xml,application/xml;q=0.9,image/webp,image/apng,*/*;q=0.8',
  'accept-encoding' => 'gzip, deflate',
  'accept-language' => 'zh-CN,zh;q=0.9',
  'cookie' => 'UM_distinctid=1665c3bd0250-02ed131810e0ca-5b163f13-1fa400-1665c3bd0272b9; Hm_lvt_080836300300be57b7f34f4b3e97d911=1539154281; CNZZDATA1273108608=1157751406-1539143650-%7C1539422485; Hm_lvt_922a7d20740f0600062b403710662cb1=1539145716,1539422460',
)
[ info ] [ PARAM ] array (
)
[ info ] [ LOG ] INIT File
[ error ] [8]未定义数组索引: newcar[G:\xampp\htdocs\car\app\index\controller\Common.php:364]
---------------------------------------------------------------
[ 2018-10-16T10:09:55+08:00 ] 127.0.0.1 GET /index/index/newcar
[ info ] www.hr.com:8083/index/index/newcar [运行时间：0.034000s][吞吐率：29.41req/s] [内存消耗：1,548.08kb] [文件加载：46]
[ info ] [ LANG ] G:\xampp\htdocs\car\thinkphp\lang\zh-cn.php
[ info ] [ ROUTE ] array (
  'type' => 'module',
  'module' => 
  array (
    0 => 'index',
    1 => 'index',
    2 => 'newcar',
  ),
)
[ info ] [ HEADER ] array (
  'host' => 'www.hr.com:8083',
  'connection' => 'keep-alive',
  'cache-control' => 'max-age=0',
  'upgrade-insecure-requests' => '1',
  'user-agent' => 'Mozilla/5.0 (Windows NT 6.1; Win64; x64) AppleWebKit/537.36 (KHTML, like Gecko) Chrome/67.0.3396.62 Safari/537.36',
  'accept' => 'text/html,application/xhtml+xml,application/xml;q=0.9,image/webp,image/apng,*/*;q=0.8',
  'accept-encoding' => 'gzip, deflate',
  'accept-language' => 'zh-CN,zh;q=0.9',
  'cookie' => 'UM_distinctid=1665c3bd0250-02ed131810e0ca-5b163f13-1fa400-1665c3bd0272b9; Hm_lvt_080836300300be57b7f34f4b3e97d911=1539154281; CNZZDATA1273108608=1157751406-1539143650-%7C1539422485; Hm_lvt_922a7d20740f0600062b403710662cb1=1539145716,1539422460',
)
[ info ] [ PARAM ] array (
)
[ info ] [ LOG ] INIT File
[ error ] [8]未定义数组索引: newcar[G:\xampp\htdocs\car\app\index\controller\Common.php:364]
---------------------------------------------------------------
[ 2018-10-16T10:09:56+08:00 ] 127.0.0.1 GET /index/index/newcar
[ info ] www.hr.com:8083/index/index/newcar [运行时间：0.041000s][吞吐率：24.39req/s] [内存消耗：1,548.08kb] [文件加载：46]
[ info ] [ LANG ] G:\xampp\htdocs\car\thinkphp\lang\zh-cn.php
[ info ] [ ROUTE ] array (
  'type' => 'module',
  'module' => 
  array (
    0 => 'index',
    1 => 'index',
    2 => 'newcar',
  ),
)
[ info ] [ HEADER ] array (
  'host' => 'www.hr.com:8083',
  'connection' => 'keep-alive',
  'cache-control' => 'max-age=0',
  'upgrade-insecure-requests' => '1',
  'user-agent' => 'Mozilla/5.0 (Windows NT 6.1; Win64; x64) AppleWebKit/537.36 (KHTML, like Gecko) Chrome/67.0.3396.62 Safari/537.36',
  'accept' => 'text/html,application/xhtml+xml,application/xml;q=0.9,image/webp,image/apng,*/*;q=0.8',
  'accept-encoding' => 'gzip, deflate',
  'accept-language' => 'zh-CN,zh;q=0.9',
  'cookie' => 'UM_distinctid=1665c3bd0250-02ed131810e0ca-5b163f13-1fa400-1665c3bd0272b9; Hm_lvt_080836300300be57b7f34f4b3e97d911=1539154281; CNZZDATA1273108608=1157751406-1539143650-%7C1539422485; Hm_lvt_922a7d20740f0600062b403710662cb1=1539145716,1539422460',
)
[ info ] [ PARAM ] array (
)
[ info ] [ LOG ] INIT File
[ error ] [8]未定义数组索引: newcar[G:\xampp\htdocs\car\app\index\controller\Common.php:364]
---------------------------------------------------------------
[ 2018-10-16T10:11:00+08:00 ] 127.0.0.1 GET /index/index/newcar
[ info ] www.hr.com:8083/index/index/newcar [运行时间：0.048000s][吞吐率：20.83req/s] [内存消耗：1,734.64kb] [文件加载：46]
[ info ] [ LANG ] G:\xampp\htdocs\car\thinkphp\lang\zh-cn.php
[ info ] [ ROUTE ] array (
  'type' => 'module',
  'module' => 
  array (
    0 => 'index',
    1 => 'index',
    2 => 'newcar',
  ),
)
[ info ] [ HEADER ] array (
  'host' => 'www.hr.com:8083',
  'connection' => 'keep-alive',
  'cache-control' => 'max-age=0',
  'upgrade-insecure-requests' => '1',
  'user-agent' => 'Mozilla/5.0 (Windows NT 6.1; Win64; x64) AppleWebKit/537.36 (KHTML, like Gecko) Chrome/67.0.3396.62 Safari/537.36',
  'accept' => 'text/html,application/xhtml+xml,application/xml;q=0.9,image/webp,image/apng,*/*;q=0.8',
  'accept-encoding' => 'gzip, deflate',
  'accept-language' => 'zh-CN,zh;q=0.9',
  'cookie' => 'UM_distinctid=1665c3bd0250-02ed131810e0ca-5b163f13-1fa400-1665c3bd0272b9; Hm_lvt_080836300300be57b7f34f4b3e97d911=1539154281; CNZZDATA1273108608=1157751406-1539143650-%7C1539422485; Hm_lvt_922a7d20740f0600062b403710662cb1=1539145716,1539422460',
)
[ info ] [ PARAM ] array (
)
[ info ] [ RUN ] app\index\controller\Index->newcar[ G:\xampp\htdocs\car\app\index\controller\Index.php ]
[ info ] [ VIEW ] G:\xampp\htdocs\car\public/../app/index\view\index\newcar.html [ array (
) ]
[ info ] [ LOG ] INIT File
---------------------------------------------------------------
[ 2018-10-16T10:11:00+08:00 ] 127.0.0.1 GET /index/index/img/maic.png
[ info ] www.hr.com:8083/index/index/img/maic.png [运行时间：0.034000s][吞吐率：29.41req/s] [内存消耗：1,547.63kb] [文件加载：46]
[ info ] [ LANG ] G:\xampp\htdocs\car\thinkphp\lang\zh-cn.php
[ info ] [ ROUTE ] array (
  'type' => 'module',
  'module' => 
  array (
    0 => 'index',
    1 => 'index',
    2 => 'img',
  ),
)
[ info ] [ HEADER ] array (
  'host' => 'www.hr.com:8083',
  'connection' => 'keep-alive',
  'user-agent' => 'Mozilla/5.0 (Windows NT 6.1; Win64; x64) AppleWebKit/537.36 (KHTML, like Gecko) Chrome/67.0.3396.62 Safari/537.36',
  'accept' => 'image/webp,image/apng,image/*,*/*;q=0.8',
  'referer' => 'http://www.hr.com:8083/index/index/newcar',
  'accept-encoding' => 'gzip, deflate',
  'accept-language' => 'zh-CN,zh;q=0.9',
  'cookie' => 'UM_distinctid=1665c3bd0250-02ed131810e0ca-5b163f13-1fa400-1665c3bd0272b9; Hm_lvt_080836300300be57b7f34f4b3e97d911=1539154281; CNZZDATA1273108608=1157751406-1539143650-%7C1539422485; Hm_lvt_922a7d20740f0600062b403710662cb1=1539145716,1539422460',
)
[ info ] [ PARAM ] array (
)
[ info ] [ LOG ] INIT File
[ error ] [8]未定义数组索引: img[G:\xampp\htdocs\car\app\index\controller\Common.php:364]
---------------------------------------------------------------
[ 2018-10-16T10:11:00+08:00 ] 127.0.0.1 GET /index/index/img/shouye.png
[ info ] www.hr.com:8083/index/index/img/shouye.png [运行时间：0.041000s][吞吐率：24.39req/s] [内存消耗：1,547.66kb] [文件加载：46]
[ info ] [ LANG ] G:\xampp\htdocs\car\thinkphp\lang\zh-cn.php
[ info ] [ ROUTE ] array (
  'type' => 'module',
  'module' => 
  array (
    0 => 'index',
    1 => 'index',
    2 => 'img',
  ),
)
[ info ] [ HEADER ] array (
  'host' => 'www.hr.com:8083',
  'connection' => 'keep-alive',
  'user-agent' => 'Mozilla/5.0 (Windows NT 6.1; Win64; x64) AppleWebKit/537.36 (KHTML, like Gecko) Chrome/67.0.3396.62 Safari/537.36',
  'accept' => 'image/webp,image/apng,image/*,*/*;q=0.8',
  'referer' => 'http://www.hr.com:8083/index/index/newcar',
  'accept-encoding' => 'gzip, deflate',
  'accept-language' => 'zh-CN,zh;q=0.9',
  'cookie' => 'UM_distinctid=1665c3bd0250-02ed131810e0ca-5b163f13-1fa400-1665c3bd0272b9; Hm_lvt_080836300300be57b7f34f4b3e97d911=1539154281; CNZZDATA1273108608=1157751406-1539143650-%7C1539422485; Hm_lvt_922a7d20740f0600062b403710662cb1=1539145716,1539422460',
)
[ info ] [ PARAM ] array (
)
[ info ] [ LOG ] INIT File
[ error ] [8]未定义数组索引: img[G:\xampp\htdocs\car\app\index\controller\Common.php:364]
---------------------------------------------------------------
[ 2018-10-16T10:11:00+08:00 ] 127.0.0.1 GET /index/index/img/xiazai.png
[ info ] www.hr.com:8083/index/index/img/xiazai.png [运行时间：0.032000s][吞吐率：31.25req/s] [内存消耗：1,547.66kb] [文件加载：46]
[ info ] [ LANG ] G:\xampp\htdocs\car\thinkphp\lang\zh-cn.php
[ info ] [ ROUTE ] array (
  'type' => 'module',
  'module' => 
  array (
    0 => 'index',
    1 => 'index',
    2 => 'img',
  ),
)
[ info ] [ HEADER ] array (
  'host' => 'www.hr.com:8083',
  'connection' => 'keep-alive',
  'user-agent' => 'Mozilla/5.0 (Windows NT 6.1; Win64; x64) AppleWebKit/537.36 (KHTML, like Gecko) Chrome/67.0.3396.62 Safari/537.36',
  'accept' => 'image/webp,image/apng,image/*,*/*;q=0.8',
  'referer' => 'http://www.hr.com:8083/index/index/newcar',
  'accept-encoding' => 'gzip, deflate',
  'accept-language' => 'zh-CN,zh;q=0.9',
  'cookie' => 'UM_distinctid=1665c3bd0250-02ed131810e0ca-5b163f13-1fa400-1665c3bd0272b9; Hm_lvt_080836300300be57b7f34f4b3e97d911=1539154281; CNZZDATA1273108608=1157751406-1539143650-%7C1539422485; Hm_lvt_922a7d20740f0600062b403710662cb1=1539145716,1539422460',
)
[ info ] [ PARAM ] array (
)
[ info ] [ LOG ] INIT File
[ error ] [8]未定义数组索引: img[G:\xampp\htdocs\car\app\index\controller\Common.php:364]
---------------------------------------------------------------
[ 2018-10-16T10:11:00+08:00 ] 127.0.0.1 GET /index/index/img/wangahn.png
[ info ] www.hr.com:8083/index/index/img/wangahn.png [运行时间：0.034000s][吞吐率：29.41req/s] [内存消耗：1,547.66kb] [文件加载：46]
[ info ] [ LANG ] G:\xampp\htdocs\car\thinkphp\lang\zh-cn.php
[ info ] [ ROUTE ] array (
  'type' => 'module',
  'module' => 
  array (
    0 => 'index',
    1 => 'index',
    2 => 'img',
  ),
)
[ info ] [ HEADER ] array (
  'host' => 'www.hr.com:8083',
  'connection' => 'keep-alive',
  'user-agent' => 'Mozilla/5.0 (Windows NT 6.1; Win64; x64) AppleWebKit/537.36 (KHTML, like Gecko) Chrome/67.0.3396.62 Safari/537.36',
  'accept' => 'image/webp,image/apng,image/*,*/*;q=0.8',
  'referer' => 'http://www.hr.com:8083/index/index/newcar',
  'accept-encoding' => 'gzip, deflate',
  'accept-language' => 'zh-CN,zh;q=0.9',
  'cookie' => 'UM_distinctid=1665c3bd0250-02ed131810e0ca-5b163f13-1fa400-1665c3bd0272b9; Hm_lvt_080836300300be57b7f34f4b3e97d911=1539154281; CNZZDATA1273108608=1157751406-1539143650-%7C1539422485; Hm_lvt_922a7d20740f0600062b403710662cb1=1539145716,1539422460',
)
[ info ] [ PARAM ] array (
)
[ info ] [ LOG ] INIT File
[ error ] [8]未定义数组索引: img[G:\xampp\htdocs\car\app\index\controller\Common.php:364]
---------------------------------------------------------------
[ 2018-10-16T10:11:00+08:00 ] 127.0.0.1 GET /index/index/img/phone1.png
[ info ] www.hr.com:8083/index/index/img/phone1.png [运行时间：0.048000s][吞吐率：20.83req/s] [内存消耗：1,547.66kb] [文件加载：46]
[ info ] [ LANG ] G:\xampp\htdocs\car\thinkphp\lang\zh-cn.php
[ info ] [ ROUTE ] array (
  'type' => 'module',
  'module' => 
  array (
    0 => 'index',
    1 => 'index',
    2 => 'img',
  ),
)
[ info ] [ HEADER ] array (
  'host' => 'www.hr.com:8083',
  'connection' => 'keep-alive',
  'user-agent' => 'Mozilla/5.0 (Windows NT 6.1; Win64; x64) AppleWebKit/537.36 (KHTML, like Gecko) Chrome/67.0.3396.62 Safari/537.36',
  'accept' => 'image/webp,image/apng,image/*,*/*;q=0.8',
  'referer' => 'http://www.hr.com:8083/index/index/newcar',
  'accept-encoding' => 'gzip, deflate',
  'accept-language' => 'zh-CN,zh;q=0.9',
  'cookie' => 'UM_distinctid=1665c3bd0250-02ed131810e0ca-5b163f13-1fa400-1665c3bd0272b9; Hm_lvt_080836300300be57b7f34f4b3e97d911=1539154281; CNZZDATA1273108608=1157751406-1539143650-%7C1539422485; Hm_lvt_922a7d20740f0600062b403710662cb1=1539145716,1539422460',
)
[ info ] [ PARAM ] array (
)
[ info ] [ LOG ] INIT File
[ error ] [8]未定义数组索引: img[G:\xampp\htdocs\car\app\index\controller\Common.php:364]
---------------------------------------------------------------
[ 2018-10-16T10:11:00+08:00 ] 127.0.0.1 GET /index/index/img/ewm_guanzhu.png
[ info ] www.hr.com:8083/index/index/img/ewm_guanzhu.png [运行时间：0.032000s][吞吐率：31.25req/s] [内存消耗：1,547.73kb] [文件加载：46]
[ info ] [ LANG ] G:\xampp\htdocs\car\thinkphp\lang\zh-cn.php
[ info ] [ ROUTE ] array (
  'type' => 'module',
  'module' => 
  array (
    0 => 'index',
    1 => 'index',
    2 => 'img',
  ),
)
[ info ] [ HEADER ] array (
  'host' => 'www.hr.com:8083',
  'connection' => 'keep-alive',
  'user-agent' => 'Mozilla/5.0 (Windows NT 6.1; Win64; x64) AppleWebKit/537.36 (KHTML, like Gecko) Chrome/67.0.3396.62 Safari/537.36',
  'accept' => 'image/webp,image/apng,image/*,*/*;q=0.8',
  'referer' => 'http://www.hr.com:8083/index/index/newcar',
  'accept-encoding' => 'gzip, deflate',
  'accept-language' => 'zh-CN,zh;q=0.9',
  'cookie' => 'UM_distinctid=1665c3bd0250-02ed131810e0ca-5b163f13-1fa400-1665c3bd0272b9; Hm_lvt_080836300300be57b7f34f4b3e97d911=1539154281; CNZZDATA1273108608=1157751406-1539143650-%7C1539422485; Hm_lvt_922a7d20740f0600062b403710662cb1=1539145716,1539422460',
)
[ info ] [ PARAM ] array (
)
[ info ] [ LOG ] INIT File
[ error ] [8]未定义数组索引: img[G:\xampp\htdocs\car\app\index\controller\Common.php:364]
---------------------------------------------------------------
[ 2018-10-16T10:11:00+08:00 ] 127.0.0.1 GET /index/index/img/1024.png
[ info ] www.hr.com:8083/index/index/img/1024.png [运行时间：0.040000s][吞吐率：25.00req/s] [内存消耗：1,547.63kb] [文件加载：46]
[ info ] [ LANG ] G:\xampp\htdocs\car\thinkphp\lang\zh-cn.php
[ info ] [ ROUTE ] array (
  'type' => 'module',
  'module' => 
  array (
    0 => 'index',
    1 => 'index',
    2 => 'img',
  ),
)
[ info ] [ HEADER ] array (
  'host' => 'www.hr.com:8083',
  'connection' => 'keep-alive',
  'user-agent' => 'Mozilla/5.0 (Windows NT 6.1; Win64; x64) AppleWebKit/537.36 (KHTML, like Gecko) Chrome/67.0.3396.62 Safari/537.36',
  'accept' => 'image/webp,image/apng,image/*,*/*;q=0.8',
  'referer' => 'http://www.hr.com:8083/index/index/newcar',
  'accept-encoding' => 'gzip, deflate',
  'accept-language' => 'zh-CN,zh;q=0.9',
  'cookie' => 'UM_distinctid=1665c3bd0250-02ed131810e0ca-5b163f13-1fa400-1665c3bd0272b9; Hm_lvt_080836300300be57b7f34f4b3e97d911=1539154281; CNZZDATA1273108608=1157751406-1539143650-%7C1539422485; Hm_lvt_922a7d20740f0600062b403710662cb1=1539145716,1539422460',
)
[ info ] [ PARAM ] array (
)
[ info ] [ LOG ] INIT File
[ error ] [8]未定义数组索引: img[G:\xampp\htdocs\car\app\index\controller\Common.php:364]
---------------------------------------------------------------
[ 2018-10-16T10:11:00+08:00 ] 127.0.0.1 GET /index/index/img/ewmdown.png
[ info ] www.hr.com:8083/index/index/img/ewmdown.png [运行时间：0.030000s][吞吐率：33.33req/s] [内存消耗：1,547.66kb] [文件加载：46]
[ info ] [ LANG ] G:\xampp\htdocs\car\thinkphp\lang\zh-cn.php
[ info ] [ ROUTE ] array (
  'type' => 'module',
  'module' => 
  array (
    0 => 'index',
    1 => 'index',
    2 => 'img',
  ),
)
[ info ] [ HEADER ] array (
  'host' => 'www.hr.com:8083',
  'connection' => 'keep-alive',
  'user-agent' => 'Mozilla/5.0 (Windows NT 6.1; Win64; x64) AppleWebKit/537.36 (KHTML, like Gecko) Chrome/67.0.3396.62 Safari/537.36',
  'accept' => 'image/webp,image/apng,image/*,*/*;q=0.8',
  'referer' => 'http://www.hr.com:8083/index/index/newcar',
  'accept-encoding' => 'gzip, deflate',
  'accept-language' => 'zh-CN,zh;q=0.9',
  'cookie' => 'UM_distinctid=1665c3bd0250-02ed131810e0ca-5b163f13-1fa400-1665c3bd0272b9; Hm_lvt_080836300300be57b7f34f4b3e97d911=1539154281; CNZZDATA1273108608=1157751406-1539143650-%7C1539422485; Hm_lvt_922a7d20740f0600062b403710662cb1=1539145716,1539422460',
)
[ info ] [ PARAM ] array (
)
[ info ] [ LOG ] INIT File
[ error ] [8]未定义数组索引: img[G:\xampp\htdocs\car\app\index\controller\Common.php:364]
---------------------------------------------------------------
[ 2018-10-16T10:11:00+08:00 ] 127.0.0.1 GET /index/index/favicon.png
[ info ] www.hr.com:8083/index/index/favicon.png [运行时间：0.029000s][吞吐率：34.48req/s] [内存消耗：1,548.23kb] [文件加载：46]
[ info ] [ LANG ] G:\xampp\htdocs\car\thinkphp\lang\zh-cn.php
[ info ] [ ROUTE ] array (
  'type' => 'module',
  'module' => 
  array (
    0 => 'index',
    1 => 'index',
    2 => 'favicon.png',
  ),
)
[ info ] [ HEADER ] array (
  'host' => 'www.hr.com:8083',
  'connection' => 'keep-alive',
  'pragma' => 'no-cache',
  'cache-control' => 'no-cache',
  'user-agent' => 'Mozilla/5.0 (Windows NT 6.1; Win64; x64) AppleWebKit/537.36 (KHTML, like Gecko) Chrome/67.0.3396.62 Safari/537.36',
  'accept' => 'image/webp,image/apng,image/*,*/*;q=0.8',
  'referer' => 'http://www.hr.com:8083/index/index/newcar',
  'accept-encoding' => 'gzip, deflate',
  'accept-language' => 'zh-CN,zh;q=0.9',
  'cookie' => 'UM_distinctid=1665c3bd0250-02ed131810e0ca-5b163f13-1fa400-1665c3bd0272b9; Hm_lvt_080836300300be57b7f34f4b3e97d911=1539154281; CNZZDATA1273108608=1157751406-1539143650-%7C1539422485; Hm_lvt_922a7d20740f0600062b403710662cb1=1539145716,1539422460',
)
[ info ] [ PARAM ] array (
)
[ info ] [ LOG ] INIT File
[ error ] [8]未定义数组索引: favicon.png[G:\xampp\htdocs\car\app\index\controller\Common.php:364]
---------------------------------------------------------------
[ 2018-10-16T10:11:02+08:00 ] 127.0.0.1 GET /index/index/newcar.html
[ info ] www.hr.com:8083/index/index/newcar.html [运行时间：0.072000s][吞吐率：13.89req/s] [内存消耗：1,593.39kb] [文件加载：44]
[ info ] [ LANG ] G:\xampp\htdocs\car\thinkphp\lang\zh-cn.php
[ info ] [ ROUTE ] array (
  'type' => 'module',
  'module' => 
  array (
    0 => 'index',
    1 => 'index',
    2 => 'newcar',
  ),
)
[ info ] [ HEADER ] array (
  'host' => 'www.hr.com:8083',
  'connection' => 'keep-alive',
  'upgrade-insecure-requests' => '1',
  'user-agent' => 'Mozilla/5.0 (Windows NT 6.1; Win64; x64) AppleWebKit/537.36 (KHTML, like Gecko) Chrome/67.0.3396.62 Safari/537.36',
  'accept' => 'text/html,application/xhtml+xml,application/xml;q=0.9,image/webp,image/apng,*/*;q=0.8',
  'referer' => 'http://www.hr.com:8083/index/index/newcar',
  'accept-encoding' => 'gzip, deflate',
  'accept-language' => 'zh-CN,zh;q=0.9',
  'cookie' => 'UM_distinctid=1665c3bd0250-02ed131810e0ca-5b163f13-1fa400-1665c3bd0272b9; Hm_lvt_080836300300be57b7f34f4b3e97d911=1539154281; CNZZDATA1273108608=1157751406-1539143650-%7C1539422485; Hm_lvt_922a7d20740f0600062b403710662cb1=1539145716,1539422460',
)
[ info ] [ PARAM ] array (
)
[ info ] [ RUN ] app\index\controller\Index->newcar[ G:\xampp\htdocs\car\app\index\controller\Index.php ]
[ info ] [ VIEW ] G:\xampp\htdocs\car\public/../app/index\view\index\newcar.html [ array (
) ]
[ info ] [ LOG ] INIT File
---------------------------------------------------------------
[ 2018-10-16T10:11:03+08:00 ] 127.0.0.1 GET /index/index/img/shouye.png
[ info ] www.hr.com:8083/index/index/img/shouye.png [运行时间：0.034000s][吞吐率：29.41req/s] [内存消耗：1,547.66kb] [文件加载：46]
[ info ] [ LANG ] G:\xampp\htdocs\car\thinkphp\lang\zh-cn.php
[ info ] [ ROUTE ] array (
  'type' => 'module',
  'module' => 
  array (
    0 => 'index',
    1 => 'index',
    2 => 'img',
  ),
)
[ info ] [ HEADER ] array (
  'host' => 'www.hr.com:8083',
  'connection' => 'keep-alive',
  'user-agent' => 'Mozilla/5.0 (Windows NT 6.1; Win64; x64) AppleWebKit/537.36 (KHTML, like Gecko) Chrome/67.0.3396.62 Safari/537.36',
  'accept' => 'image/webp,image/apng,image/*,*/*;q=0.8',
  'referer' => 'http://www.hr.com:8083/index/index/newcar.html',
  'accept-encoding' => 'gzip, deflate',
  'accept-language' => 'zh-CN,zh;q=0.9',
  'cookie' => 'UM_distinctid=1665c3bd0250-02ed131810e0ca-5b163f13-1fa400-1665c3bd0272b9; Hm_lvt_080836300300be57b7f34f4b3e97d911=1539154281; CNZZDATA1273108608=1157751406-1539143650-%7C1539422485; Hm_lvt_922a7d20740f0600062b403710662cb1=1539145716,1539422460',
)
[ info ] [ PARAM ] array (
)
[ info ] [ LOG ] INIT File
[ error ] [8]未定义数组索引: img[G:\xampp\htdocs\car\app\index\controller\Common.php:364]
---------------------------------------------------------------
[ 2018-10-16T10:11:03+08:00 ] 127.0.0.1 GET /index/index/img/maic.png
[ info ] www.hr.com:8083/index/index/img/maic.png [运行时间：0.042000s][吞吐率：23.81req/s] [内存消耗：1,547.63kb] [文件加载：46]
[ info ] [ LANG ] G:\xampp\htdocs\car\thinkphp\lang\zh-cn.php
[ info ] [ ROUTE ] array (
  'type' => 'module',
  'module' => 
  array (
    0 => 'index',
    1 => 'index',
    2 => 'img',
  ),
)
[ info ] [ HEADER ] array (
  'host' => 'www.hr.com:8083',
  'connection' => 'keep-alive',
  'user-agent' => 'Mozilla/5.0 (Windows NT 6.1; Win64; x64) AppleWebKit/537.36 (KHTML, like Gecko) Chrome/67.0.3396.62 Safari/537.36',
  'accept' => 'image/webp,image/apng,image/*,*/*;q=0.8',
  'referer' => 'http://www.hr.com:8083/index/index/newcar.html',
  'accept-encoding' => 'gzip, deflate',
  'accept-language' => 'zh-CN,zh;q=0.9',
  'cookie' => 'UM_distinctid=1665c3bd0250-02ed131810e0ca-5b163f13-1fa400-1665c3bd0272b9; Hm_lvt_080836300300be57b7f34f4b3e97d911=1539154281; CNZZDATA1273108608=1157751406-1539143650-%7C1539422485; Hm_lvt_922a7d20740f0600062b403710662cb1=1539145716,1539422460',
)
[ info ] [ PARAM ] array (
)
[ info ] [ LOG ] INIT File
[ error ] [8]未定义数组索引: img[G:\xampp\htdocs\car\app\index\controller\Common.php:364]
---------------------------------------------------------------
[ 2018-10-16T10:11:03+08:00 ] 127.0.0.1 GET /index/index/img/xiazai.png
[ info ] www.hr.com:8083/index/index/img/xiazai.png [运行时间：0.029000s][吞吐率：34.48req/s] [内存消耗：1,547.66kb] [文件加载：46]
[ info ] [ LANG ] G:\xampp\htdocs\car\thinkphp\lang\zh-cn.php
[ info ] [ ROUTE ] array (
  'type' => 'module',
  'module' => 
  array (
    0 => 'index',
    1 => 'index',
    2 => 'img',
  ),
)
[ info ] [ HEADER ] array (
  'host' => 'www.hr.com:8083',
  'connection' => 'keep-alive',
  'user-agent' => 'Mozilla/5.0 (Windows NT 6.1; Win64; x64) AppleWebKit/537.36 (KHTML, like Gecko) Chrome/67.0.3396.62 Safari/537.36',
  'accept' => 'image/webp,image/apng,image/*,*/*;q=0.8',
  'referer' => 'http://www.hr.com:8083/index/index/newcar.html',
  'accept-encoding' => 'gzip, deflate',
  'accept-language' => 'zh-CN,zh;q=0.9',
  'cookie' => 'UM_distinctid=1665c3bd0250-02ed131810e0ca-5b163f13-1fa400-1665c3bd0272b9; Hm_lvt_080836300300be57b7f34f4b3e97d911=1539154281; CNZZDATA1273108608=1157751406-1539143650-%7C1539422485; Hm_lvt_922a7d20740f0600062b403710662cb1=1539145716,1539422460',
)
[ info ] [ PARAM ] array (
)
[ info ] [ LOG ] INIT File
[ error ] [8]未定义数组索引: img[G:\xampp\htdocs\car\app\index\controller\Common.php:364]
---------------------------------------------------------------
[ 2018-10-16T10:11:03+08:00 ] 127.0.0.1 GET /index/index/img/wangahn.png
[ info ] www.hr.com:8083/index/index/img/wangahn.png [运行时间：0.032000s][吞吐率：31.25req/s] [内存消耗：1,547.66kb] [文件加载：46]
[ info ] [ LANG ] G:\xampp\htdocs\car\thinkphp\lang\zh-cn.php
[ info ] [ ROUTE ] array (
  'type' => 'module',
  'module' => 
  array (
    0 => 'index',
    1 => 'index',
    2 => 'img',
  ),
)
[ info ] [ HEADER ] array (
  'host' => 'www.hr.com:8083',
  'connection' => 'keep-alive',
  'user-agent' => 'Mozilla/5.0 (Windows NT 6.1; Win64; x64) AppleWebKit/537.36 (KHTML, like Gecko) Chrome/67.0.3396.62 Safari/537.36',
  'accept' => 'image/webp,image/apng,image/*,*/*;q=0.8',
  'referer' => 'http://www.hr.com:8083/index/index/newcar.html',
  'accept-encoding' => 'gzip, deflate',
  'accept-language' => 'zh-CN,zh;q=0.9',
  'cookie' => 'UM_distinctid=1665c3bd0250-02ed131810e0ca-5b163f13-1fa400-1665c3bd0272b9; Hm_lvt_080836300300be57b7f34f4b3e97d911=1539154281; CNZZDATA1273108608=1157751406-1539143650-%7C1539422485; Hm_lvt_922a7d20740f0600062b403710662cb1=1539145716,1539422460',
)
[ info ] [ PARAM ] array (
)
[ info ] [ LOG ] INIT File
[ error ] [8]未定义数组索引: img[G:\xampp\htdocs\car\app\index\controller\Common.php:364]
---------------------------------------------------------------
[ 2018-10-16T10:11:03+08:00 ] 127.0.0.1 GET /index/index/img/1024.png
[ info ] www.hr.com:8083/index/index/img/1024.png [运行时间：0.037000s][吞吐率：27.03req/s] [内存消耗：1,547.63kb] [文件加载：46]
[ info ] [ LANG ] G:\xampp\htdocs\car\thinkphp\lang\zh-cn.php
[ info ] [ ROUTE ] array (
  'type' => 'module',
  'module' => 
  array (
    0 => 'index',
    1 => 'index',
    2 => 'img',
  ),
)
[ info ] [ HEADER ] array (
  'host' => 'www.hr.com:8083',
  'connection' => 'keep-alive',
  'user-agent' => 'Mozilla/5.0 (Windows NT 6.1; Win64; x64) AppleWebKit/537.36 (KHTML, like Gecko) Chrome/67.0.3396.62 Safari/537.36',
  'accept' => 'image/webp,image/apng,image/*,*/*;q=0.8',
  'referer' => 'http://www.hr.com:8083/index/index/newcar.html',
  'accept-encoding' => 'gzip, deflate',
  'accept-language' => 'zh-CN,zh;q=0.9',
  'cookie' => 'UM_distinctid=1665c3bd0250-02ed131810e0ca-5b163f13-1fa400-1665c3bd0272b9; Hm_lvt_080836300300be57b7f34f4b3e97d911=1539154281; CNZZDATA1273108608=1157751406-1539143650-%7C1539422485; Hm_lvt_922a7d20740f0600062b403710662cb1=1539145716,1539422460',
)
[ info ] [ PARAM ] array (
)
[ info ] [ LOG ] INIT File
[ error ] [8]未定义数组索引: img[G:\xampp\htdocs\car\app\index\controller\Common.php:364]
---------------------------------------------------------------
[ 2018-10-16T10:11:03+08:00 ] 127.0.0.1 GET /index/index/img/phone1.png
[ info ] www.hr.com:8083/index/index/img/phone1.png [运行时间：0.033000s][吞吐率：30.30req/s] [内存消耗：1,547.66kb] [文件加载：46]
[ info ] [ LANG ] G:\xampp\htdocs\car\thinkphp\lang\zh-cn.php
[ info ] [ ROUTE ] array (
  'type' => 'module',
  'module' => 
  array (
    0 => 'index',
    1 => 'index',
    2 => 'img',
  ),
)
[ info ] [ HEADER ] array (
  'host' => 'www.hr.com:8083',
  'connection' => 'keep-alive',
  'user-agent' => 'Mozilla/5.0 (Windows NT 6.1; Win64; x64) AppleWebKit/537.36 (KHTML, like Gecko) Chrome/67.0.3396.62 Safari/537.36',
  'accept' => 'image/webp,image/apng,image/*,*/*;q=0.8',
  'referer' => 'http://www.hr.com:8083/index/index/newcar.html',
  'accept-encoding' => 'gzip, deflate',
  'accept-language' => 'zh-CN,zh;q=0.9',
  'cookie' => 'UM_distinctid=1665c3bd0250-02ed131810e0ca-5b163f13-1fa400-1665c3bd0272b9; Hm_lvt_080836300300be57b7f34f4b3e97d911=1539154281; CNZZDATA1273108608=1157751406-1539143650-%7C1539422485; Hm_lvt_922a7d20740f0600062b403710662cb1=1539145716,1539422460',
)
[ info ] [ PARAM ] array (
)
[ info ] [ LOG ] INIT File
[ error ] [8]未定义数组索引: img[G:\xampp\htdocs\car\app\index\controller\Common.php:364]
---------------------------------------------------------------
[ 2018-10-16T10:11:03+08:00 ] 127.0.0.1 GET /index/index/img/ewm_guanzhu.png
[ info ] www.hr.com:8083/index/index/img/ewm_guanzhu.png [运行时间：0.037000s][吞吐率：27.03req/s] [内存消耗：1,547.73kb] [文件加载：46]
[ info ] [ LANG ] G:\xampp\htdocs\car\thinkphp\lang\zh-cn.php
[ info ] [ ROUTE ] array (
  'type' => 'module',
  'module' => 
  array (
    0 => 'index',
    1 => 'index',
    2 => 'img',
  ),
)
[ info ] [ HEADER ] array (
  'host' => 'www.hr.com:8083',
  'connection' => 'keep-alive',
  'user-agent' => 'Mozilla/5.0 (Windows NT 6.1; Win64; x64) AppleWebKit/537.36 (KHTML, like Gecko) Chrome/67.0.3396.62 Safari/537.36',
  'accept' => 'image/webp,image/apng,image/*,*/*;q=0.8',
  'referer' => 'http://www.hr.com:8083/index/index/newcar.html',
  'accept-encoding' => 'gzip, deflate',
  'accept-language' => 'zh-CN,zh;q=0.9',
  'cookie' => 'UM_distinctid=1665c3bd0250-02ed131810e0ca-5b163f13-1fa400-1665c3bd0272b9; Hm_lvt_080836300300be57b7f34f4b3e97d911=1539154281; CNZZDATA1273108608=1157751406-1539143650-%7C1539422485; Hm_lvt_922a7d20740f0600062b403710662cb1=1539145716,1539422460',
)
[ info ] [ PARAM ] array (
)
[ info ] [ LOG ] INIT File
[ error ] [8]未定义数组索引: img[G:\xampp\htdocs\car\app\index\controller\Common.php:364]
---------------------------------------------------------------
[ 2018-10-16T10:11:03+08:00 ] 127.0.0.1 GET /index/index/img/ewmdown.png
[ info ] www.hr.com:8083/index/index/img/ewmdown.png [运行时间：0.039000s][吞吐率：25.64req/s] [内存消耗：1,547.66kb] [文件加载：46]
[ info ] [ LANG ] G:\xampp\htdocs\car\thinkphp\lang\zh-cn.php
[ info ] [ ROUTE ] array (
  'type' => 'module',
  'module' => 
  array (
    0 => 'index',
    1 => 'index',
    2 => 'img',
  ),
)
[ info ] [ HEADER ] array (
  'host' => 'www.hr.com:8083',
  'connection' => 'keep-alive',
  'user-agent' => 'Mozilla/5.0 (Windows NT 6.1; Win64; x64) AppleWebKit/537.36 (KHTML, like Gecko) Chrome/67.0.3396.62 Safari/537.36',
  'accept' => 'image/webp,image/apng,image/*,*/*;q=0.8',
  'referer' => 'http://www.hr.com:8083/index/index/newcar.html',
  'accept-encoding' => 'gzip, deflate',
  'accept-language' => 'zh-CN,zh;q=0.9',
  'cookie' => 'UM_distinctid=1665c3bd0250-02ed131810e0ca-5b163f13-1fa400-1665c3bd0272b9; Hm_lvt_080836300300be57b7f34f4b3e97d911=1539154281; CNZZDATA1273108608=1157751406-1539143650-%7C1539422485; Hm_lvt_922a7d20740f0600062b403710662cb1=1539145716,1539422460',
)
[ info ] [ PARAM ] array (
)
[ info ] [ LOG ] INIT File
[ error ] [8]未定义数组索引: img[G:\xampp\htdocs\car\app\index\controller\Common.php:364]
---------------------------------------------------------------
[ 2018-10-16T10:11:03+08:00 ] 127.0.0.1 GET /index/index/favicon.png
[ info ] www.hr.com:8083/index/index/favicon.png [运行时间：0.040000s][吞吐率：25.00req/s] [内存消耗：1,547.63kb] [文件加载：46]
[ info ] [ LANG ] G:\xampp\htdocs\car\thinkphp\lang\zh-cn.php
[ info ] [ ROUTE ] array (
  'type' => 'module',
  'module' => 
  array (
    0 => 'index',
    1 => 'index',
    2 => 'favicon.png',
  ),
)
[ info ] [ HEADER ] array (
  'host' => 'www.hr.com:8083',
  'connection' => 'keep-alive',
  'user-agent' => 'Mozilla/5.0 (Windows NT 6.1; Win64; x64) AppleWebKit/537.36 (KHTML, like Gecko) Chrome/67.0.3396.62 Safari/537.36',
  'accept' => 'image/webp,image/apng,image/*,*/*;q=0.8',
  'referer' => 'http://www.hr.com:8083/index/index/newcar.html',
  'accept-encoding' => 'gzip, deflate',
  'accept-language' => 'zh-CN,zh;q=0.9',
  'cookie' => 'UM_distinctid=1665c3bd0250-02ed131810e0ca-5b163f13-1fa400-1665c3bd0272b9; Hm_lvt_080836300300be57b7f34f4b3e97d911=1539154281; CNZZDATA1273108608=1157751406-1539143650-%7C1539422485; Hm_lvt_922a7d20740f0600062b403710662cb1=1539145716,1539422460',
)
[ info ] [ PARAM ] array (
)
[ info ] [ LOG ] INIT File
[ error ] [8]未定义数组索引: favicon.png[G:\xampp\htdocs\car\app\index\controller\Common.php:364]
