---------------------------------------------------------------
[ 2018-10-25T09:08:49+08:00 ] 127.0.0.1 POST /index/user/asd
[ info ] www.hr.com:8083/index/user/asd [运行时间：0.270000s][吞吐率：3.70req/s] [内存消耗：2,382.02kb] [文件加载：48]
[ info ] [ LANG ] G:\xampp\htdocs\car\thinkphp\lang\zh-cn.php
[ info ] [ ROUTE ] array (
  'type' => 'module',
  'module' => 
  array (
    0 => 'index',
    1 => 'user',
    2 => 'asd',
  ),
)
[ info ] [ HEADER ] array (
  'cache-control' => 'no-cache',
  'postman-token' => 'e9e91e27-c87f-434e-9226-60f615b73d95',
  'user-agent' => 'PostmanRuntime/7.3.0',
  'accept' => '*/*',
  'host' => 'www.hr.com:8083',
  'cookie' => 'PHPSESSID=obl95jgeqga5gstc8h0r8nf5r3',
  'accept-encoding' => 'gzip, deflate',
  'content-length' => '0',
  'connection' => 'keep-alive',
)
[ info ] [ PARAM ] array (
)
[ info ] [ RUN ] app\index\controller\User->asd[ G:\xampp\htdocs\car\app\index\controller\User.php ]
[ info ] [ DB ] INIT mysql
[ info ] [ LOG ] INIT File
[ sql ] [ DB ] CONNECT:[ UseTime:0.002000s ] mysql:host=127.0.0.1;port=3306;dbname=g_car4;charset=utf8
[ sql ] [ SQL ] SHOW COLUMNS FROM `car_brand` [ RunTime:0.006000s ]
[ sql ] [ SQL ] SELECT `id`,`name`,`img_id` FROM `car_brand` WHERE  (  id=842 ) LIMIT 1 [ RunTime:0.000000s ]
[ sql ] [ SQL ] SHOW COLUMNS FROM `param` [ RunTime:0.005000s ]
[ sql ] [ SQL ] SELECT `car_body` FROM `param` WHERE  (  sys='奥迪A1' ) LIMIT 1 [ RunTime:0.019000s ]
[ sql ] [ SQL ] SELECT MIN(pliang1) AS tp_min FROM `param` WHERE  (  sys='奥迪A1' ) LIMIT 1 [ RunTime:0.068000s ]
[ sql ] [ SQL ] SELECT MAX(pliang1) AS tp_max FROM `param` WHERE  (  sys='奥迪A1' ) LIMIT 1 [ RunTime:0.067000s ]
[ sql ] [ SQL ] SELECT `id`,`price` FROM `param` WHERE  (  sys='奥迪A1' ) [ RunTime:0.067000s ]
---------------------------------------------------------------
[ 2018-10-25T09:09:12+08:00 ] 127.0.0.1 GET /carsyslist.php
[ info ] www.hr.com:8083/carsyslist.php [运行时间：0.044000s][吞吐率：22.73req/s] [内存消耗：1,127.06kb] [文件加载：37]
[ info ] [ LANG ] G:\xampp\htdocs\car\thinkphp\lang\zh-cn.php
[ info ] [ ROUTE ] array (
  'type' => 'module',
  'module' => 
  array (
    0 => 'carsyslist.php',
    1 => NULL,
    2 => NULL,
  ),
)
[ info ] [ HEADER ] array (
  'host' => 'www.hr.com:8083',
  'connection' => 'keep-alive',
  'cache-control' => 'max-age=0',
  'upgrade-insecure-requests' => '1',
  'user-agent' => 'Mozilla/5.0 (Windows NT 6.1; Win64; x64) AppleWebKit/537.36 (KHTML, like Gecko) Chrome/67.0.3396.62 Safari/537.36',
  'accept' => 'text/html,application/xhtml+xml,application/xml;q=0.9,image/webp,image/apng,*/*;q=0.8',
  'accept-encoding' => 'gzip, deflate',
  'accept-language' => 'zh-CN,zh;q=0.9',
  'cookie' => 'UM_distinctid=1665c3bd0250-02ed131810e0ca-5b163f13-1fa400-1665c3bd0272b9; CNZZDATA1273108608=1157751406-1539143650-%7C1539422485; Hm_lvt_922a7d20740f0600062b403710662cb1=1539145716,1539422460; Hm_lvt_080836300300be57b7f34f4b3e97d911=1539154281,1540172232; PHPSESSID=7kpt4qpi8gb8vuchim63emlurp',
)
[ info ] [ PARAM ] array (
)
[ info ] [ LOG ] INIT File
---------------------------------------------------------------
[ 2018-10-25T09:09:43+08:00 ] 127.0.0.1 POST /index/user/asd
[ info ] www.hr.com:8083/index/user/asd [运行时间：0.278000s][吞吐率：3.60req/s] [内存消耗：2,382.52kb] [文件加载：48]
[ info ] [ LANG ] G:\xampp\htdocs\car\thinkphp\lang\zh-cn.php
[ info ] [ ROUTE ] array (
  'type' => 'module',
  'module' => 
  array (
    0 => 'index',
    1 => 'user',
    2 => 'asd',
  ),
)
[ info ] [ HEADER ] array (
  'cache-control' => 'no-cache',
  'postman-token' => 'c42dd68a-1a02-466b-b70b-904750bc0095',
  'user-agent' => 'PostmanRuntime/7.3.0',
  'accept' => '*/*',
  'host' => 'www.hr.com:8083',
  'cookie' => 'PHPSESSID=obl95jgeqga5gstc8h0r8nf5r3',
  'accept-encoding' => 'gzip, deflate',
  'content-length' => '0',
  'connection' => 'keep-alive',
)
[ info ] [ PARAM ] array (
)
[ info ] [ RUN ] app\index\controller\User->asd[ G:\xampp\htdocs\car\app\index\controller\User.php ]
[ info ] [ DB ] INIT mysql
[ info ] [ LOG ] INIT File
[ sql ] [ DB ] CONNECT:[ UseTime:0.010000s ] mysql:host=127.0.0.1;port=3306;dbname=g_car4;charset=utf8
[ sql ] [ SQL ] SHOW COLUMNS FROM `car_brand` [ RunTime:0.005000s ]
[ sql ] [ SQL ] SELECT `id`,`name`,`img_id` FROM `car_brand` WHERE  (  id=842 ) LIMIT 1 [ RunTime:0.000000s ]
[ sql ] [ SQL ] SHOW COLUMNS FROM `param` [ RunTime:0.005000s ]
[ sql ] [ SQL ] SELECT `car_body` FROM `param` WHERE  (  sys='奥迪A1' ) LIMIT 1 [ RunTime:0.019000s ]
[ sql ] [ SQL ] SELECT MIN(pliang1) AS tp_min FROM `param` WHERE  (  sys='奥迪A1' ) LIMIT 1 [ RunTime:0.069000s ]
[ sql ] [ SQL ] SELECT MAX(pliang1) AS tp_max FROM `param` WHERE  (  sys='奥迪A1' ) LIMIT 1 [ RunTime:0.068000s ]
[ sql ] [ SQL ] SELECT `id`,`price` FROM `param` WHERE  (  sys='奥迪A1' ) [ RunTime:0.068000s ]
---------------------------------------------------------------
[ 2018-10-25T09:10:51+08:00 ] 127.0.0.1 GET /carsyslist.php
[ info ] www.hr.com:8083/carsyslist.php [运行时间：0.038000s][吞吐率：26.32req/s] [内存消耗：1,127.06kb] [文件加载：37]
[ info ] [ LANG ] G:\xampp\htdocs\car\thinkphp\lang\zh-cn.php
[ info ] [ ROUTE ] array (
  'type' => 'module',
  'module' => 
  array (
    0 => 'carsyslist.php',
    1 => NULL,
    2 => NULL,
  ),
)
[ info ] [ HEADER ] array (
  'host' => 'www.hr.com:8083',
  'connection' => 'keep-alive',
  'cache-control' => 'max-age=0',
  'upgrade-insecure-requests' => '1',
  'user-agent' => 'Mozilla/5.0 (Windows NT 6.1; Win64; x64) AppleWebKit/537.36 (KHTML, like Gecko) Chrome/67.0.3396.62 Safari/537.36',
  'accept' => 'text/html,application/xhtml+xml,application/xml;q=0.9,image/webp,image/apng,*/*;q=0.8',
  'accept-encoding' => 'gzip, deflate',
  'accept-language' => 'zh-CN,zh;q=0.9',
  'cookie' => 'UM_distinctid=1665c3bd0250-02ed131810e0ca-5b163f13-1fa400-1665c3bd0272b9; CNZZDATA1273108608=1157751406-1539143650-%7C1539422485; Hm_lvt_922a7d20740f0600062b403710662cb1=1539145716,1539422460; Hm_lvt_080836300300be57b7f34f4b3e97d911=1539154281,1540172232; PHPSESSID=7kpt4qpi8gb8vuchim63emlurp',
)
[ info ] [ PARAM ] array (
)
[ info ] [ LOG ] INIT File
---------------------------------------------------------------
[ 2018-10-25T09:10:53+08:00 ] 127.0.0.1 GET /carsyslist.php
[ info ] www.hr.com:8083/carsyslist.php [运行时间：0.048000s][吞吐率：20.83req/s] [内存消耗：1,127.06kb] [文件加载：37]
[ info ] [ LANG ] G:\xampp\htdocs\car\thinkphp\lang\zh-cn.php
[ info ] [ ROUTE ] array (
  'type' => 'module',
  'module' => 
  array (
    0 => 'carsyslist.php',
    1 => NULL,
    2 => NULL,
  ),
)
[ info ] [ HEADER ] array (
  'host' => 'www.hr.com:8083',
  'connection' => 'keep-alive',
  'cache-control' => 'max-age=0',
  'upgrade-insecure-requests' => '1',
  'user-agent' => 'Mozilla/5.0 (Windows NT 6.1; Win64; x64) AppleWebKit/537.36 (KHTML, like Gecko) Chrome/67.0.3396.62 Safari/537.36',
  'accept' => 'text/html,application/xhtml+xml,application/xml;q=0.9,image/webp,image/apng,*/*;q=0.8',
  'accept-encoding' => 'gzip, deflate',
  'accept-language' => 'zh-CN,zh;q=0.9',
  'cookie' => 'UM_distinctid=1665c3bd0250-02ed131810e0ca-5b163f13-1fa400-1665c3bd0272b9; CNZZDATA1273108608=1157751406-1539143650-%7C1539422485; Hm_lvt_922a7d20740f0600062b403710662cb1=1539145716,1539422460; Hm_lvt_080836300300be57b7f34f4b3e97d911=1539154281,1540172232; PHPSESSID=7kpt4qpi8gb8vuchim63emlurp',
)
[ info ] [ PARAM ] array (
)
[ info ] [ LOG ] INIT File
---------------------------------------------------------------
[ 2018-10-25T09:19:08+08:00 ] 127.0.0.1 POST /index/user/asd
[ info ] www.hr.com:8083/index/user/asd [运行时间：0.286000s][吞吐率：3.50req/s] [内存消耗：2,382.77kb] [文件加载：48]
[ info ] [ LANG ] G:\xampp\htdocs\car\thinkphp\lang\zh-cn.php
[ info ] [ ROUTE ] array (
  'type' => 'module',
  'module' => 
  array (
    0 => 'index',
    1 => 'user',
    2 => 'asd',
  ),
)
[ info ] [ HEADER ] array (
  'cache-control' => 'no-cache',
  'postman-token' => 'b4a357b2-bc86-4caa-80a4-4a1fab1c12ea',
  'user-agent' => 'PostmanRuntime/7.3.0',
  'accept' => '*/*',
  'host' => 'www.hr.com:8083',
  'cookie' => 'PHPSESSID=obl95jgeqga5gstc8h0r8nf5r3',
  'accept-encoding' => 'gzip, deflate',
  'content-length' => '0',
  'connection' => 'keep-alive',
)
[ info ] [ PARAM ] array (
)
[ info ] [ RUN ] app\index\controller\User->asd[ G:\xampp\htdocs\car\app\index\controller\User.php ]
[ info ] [ DB ] INIT mysql
[ info ] [ LOG ] INIT File
[ sql ] [ DB ] CONNECT:[ UseTime:0.011000s ] mysql:host=127.0.0.1;port=3306;dbname=g_car4;charset=utf8
[ sql ] [ SQL ] SHOW COLUMNS FROM `car_brand` [ RunTime:0.004000s ]
[ sql ] [ SQL ] SELECT `id`,`name`,`img_id` FROM `car_brand` WHERE  (  id=842 ) LIMIT 1 [ RunTime:0.001000s ]
[ sql ] [ SQL ] SHOW COLUMNS FROM `param` [ RunTime:0.006000s ]
[ sql ] [ SQL ] SELECT `car_body` FROM `param` WHERE  (  sys='奥迪A1' ) LIMIT 1 [ RunTime:0.021000s ]
[ sql ] [ SQL ] SELECT MIN(pliang1) AS tp_min FROM `param` WHERE  (  sys='奥迪A1' ) LIMIT 1 [ RunTime:0.070000s ]
[ sql ] [ SQL ] SELECT MAX(pliang1) AS tp_max FROM `param` WHERE  (  sys='奥迪A1' ) LIMIT 1 [ RunTime:0.069000s ]
[ sql ] [ SQL ] SELECT `id`,`price` FROM `param` WHERE  (  sys='奥迪A1' ) [ RunTime:0.068000s ]
---------------------------------------------------------------
[ 2018-10-25T09:19:50+08:00 ] 127.0.0.1 POST /index/user/asd
[ info ] www.hr.com:8083/index/user/asd [运行时间：0.268000s][吞吐率：3.73req/s] [内存消耗：2,385.16kb] [文件加载：48]
[ info ] [ LANG ] G:\xampp\htdocs\car\thinkphp\lang\zh-cn.php
[ info ] [ ROUTE ] array (
  'type' => 'module',
  'module' => 
  array (
    0 => 'index',
    1 => 'user',
    2 => 'asd',
  ),
)
[ info ] [ HEADER ] array (
  'cache-control' => 'no-cache',
  'postman-token' => 'cfcd8578-e495-4df6-82b4-7a970d724e61',
  'user-agent' => 'PostmanRuntime/7.3.0',
  'accept' => '*/*',
  'host' => 'www.hr.com:8083',
  'cookie' => 'PHPSESSID=obl95jgeqga5gstc8h0r8nf5r3',
  'accept-encoding' => 'gzip, deflate',
  'content-length' => '0',
  'connection' => 'keep-alive',
)
[ info ] [ PARAM ] array (
)
[ info ] [ RUN ] app\index\controller\User->asd[ G:\xampp\htdocs\car\app\index\controller\User.php ]
[ info ] [ DB ] INIT mysql
[ info ] [ LOG ] INIT File
[ sql ] [ DB ] CONNECT:[ UseTime:0.001000s ] mysql:host=127.0.0.1;port=3306;dbname=g_car4;charset=utf8
[ sql ] [ SQL ] SHOW COLUMNS FROM `car_brand` [ RunTime:0.005000s ]
[ sql ] [ SQL ] SELECT `id`,`name`,`img_id` FROM `car_brand` WHERE  (  id=842 ) LIMIT 1 [ RunTime:0.001000s ]
[ sql ] [ SQL ] SHOW COLUMNS FROM `param` [ RunTime:0.006000s ]
[ sql ] [ SQL ] SELECT `car_body` FROM `param` WHERE  (  sys='奥迪A1' ) LIMIT 1 [ RunTime:0.020000s ]
[ sql ] [ SQL ] SELECT MIN(pliang1) AS tp_min FROM `param` WHERE  (  sys='奥迪A1' ) LIMIT 1 [ RunTime:0.067000s ]
[ sql ] [ SQL ] SELECT MAX(pliang1) AS tp_max FROM `param` WHERE  (  sys='奥迪A1' ) LIMIT 1 [ RunTime:0.067000s ]
[ sql ] [ SQL ] SELECT `id`,`price` FROM `param` WHERE  (  sys='奥迪A1' ) [ RunTime:0.066000s ]
[ sql ] [ SQL ] SELECT `name` FROM `car_brand` WHERE  (  id=19 ) LIMIT 1 [ RunTime:0.001000s ]
---------------------------------------------------------------
[ 2018-10-25T09:23:37+08:00 ] 127.0.0.1 GET /carsyslist.php
[ info ] www.hr.com:8083/carsyslist.php [运行时间：0.033000s][吞吐率：30.30req/s] [内存消耗：1,127.06kb] [文件加载：37]
[ info ] [ LANG ] G:\xampp\htdocs\car\thinkphp\lang\zh-cn.php
[ info ] [ ROUTE ] array (
  'type' => 'module',
  'module' => 
  array (
    0 => 'carsyslist.php',
    1 => NULL,
    2 => NULL,
  ),
)
[ info ] [ HEADER ] array (
  'host' => 'www.hr.com:8083',
  'connection' => 'keep-alive',
  'cache-control' => 'max-age=0',
  'upgrade-insecure-requests' => '1',
  'user-agent' => 'Mozilla/5.0 (Windows NT 6.1; Win64; x64) AppleWebKit/537.36 (KHTML, like Gecko) Chrome/67.0.3396.62 Safari/537.36',
  'accept' => 'text/html,application/xhtml+xml,application/xml;q=0.9,image/webp,image/apng,*/*;q=0.8',
  'accept-encoding' => 'gzip, deflate',
  'accept-language' => 'zh-CN,zh;q=0.9',
  'cookie' => 'UM_distinctid=1665c3bd0250-02ed131810e0ca-5b163f13-1fa400-1665c3bd0272b9; CNZZDATA1273108608=1157751406-1539143650-%7C1539422485; Hm_lvt_922a7d20740f0600062b403710662cb1=1539145716,1539422460; Hm_lvt_080836300300be57b7f34f4b3e97d911=1539154281,1540172232; PHPSESSID=7kpt4qpi8gb8vuchim63emlurp',
)
[ info ] [ PARAM ] array (
)
[ info ] [ LOG ] INIT File
---------------------------------------------------------------
[ 2018-10-25T09:46:13+08:00 ] 127.0.0.1 POST /index/user/asd
[ info ] www.hr.com:8083/index/user/asd [运行时间：0.274000s][吞吐率：3.65req/s] [内存消耗：2,385.16kb] [文件加载：48]
[ info ] [ LANG ] G:\xampp\htdocs\car\thinkphp\lang\zh-cn.php
[ info ] [ ROUTE ] array (
  'type' => 'module',
  'module' => 
  array (
    0 => 'index',
    1 => 'user',
    2 => 'asd',
  ),
)
[ info ] [ HEADER ] array (
  'cache-control' => 'no-cache',
  'postman-token' => '115041d7-9acc-4135-a380-0aa635485b36',
  'user-agent' => 'PostmanRuntime/7.3.0',
  'accept' => '*/*',
  'host' => 'www.hr.com:8083',
  'cookie' => 'PHPSESSID=obl95jgeqga5gstc8h0r8nf5r3',
  'accept-encoding' => 'gzip, deflate',
  'content-length' => '0',
  'connection' => 'keep-alive',
)
[ info ] [ PARAM ] array (
)
[ info ] [ RUN ] app\index\controller\User->asd[ G:\xampp\htdocs\car\app\index\controller\User.php ]
[ info ] [ DB ] INIT mysql
[ info ] [ LOG ] INIT File
[ sql ] [ DB ] CONNECT:[ UseTime:0.002000s ] mysql:host=127.0.0.1;port=3306;dbname=g_car4;charset=utf8
[ sql ] [ SQL ] SHOW COLUMNS FROM `car_brand` [ RunTime:0.004000s ]
[ sql ] [ SQL ] SELECT `id`,`name`,`img_id` FROM `car_brand` WHERE  (  id=842 ) LIMIT 1 [ RunTime:0.000000s ]
[ sql ] [ SQL ] SHOW COLUMNS FROM `param` [ RunTime:0.006000s ]
[ sql ] [ SQL ] SELECT `car_body` FROM `param` WHERE  (  sys='奥迪A1' ) LIMIT 1 [ RunTime:0.019000s ]
[ sql ] [ SQL ] SELECT MIN(pliang1) AS tp_min FROM `param` WHERE  (  sys='奥迪A1' ) LIMIT 1 [ RunTime:0.067000s ]
[ sql ] [ SQL ] SELECT MAX(pliang1) AS tp_max FROM `param` WHERE  (  sys='奥迪A1' ) LIMIT 1 [ RunTime:0.066000s ]
[ sql ] [ SQL ] SELECT `id`,`price` FROM `param` WHERE  (  sys='奥迪A1' ) [ RunTime:0.068000s ]
[ sql ] [ SQL ] SELECT `name` FROM `car_brand` WHERE  (  id=19 ) LIMIT 1 [ RunTime:0.000000s ]
---------------------------------------------------------------
[ 2018-10-25T09:46:34+08:00 ] 127.0.0.1 POST /index/user/asd
[ info ] www.hr.com:8083/index/user/asd [运行时间：0.266000s][吞吐率：3.76req/s] [内存消耗：2,382.27kb] [文件加载：48]
[ info ] [ LANG ] G:\xampp\htdocs\car\thinkphp\lang\zh-cn.php
[ info ] [ ROUTE ] array (
  'type' => 'module',
  'module' => 
  array (
    0 => 'index',
    1 => 'user',
    2 => 'asd',
  ),
)
[ info ] [ HEADER ] array (
  'cache-control' => 'no-cache',
  'postman-token' => '271bb379-13c7-4ae2-9d6e-eee91617d5ed',
  'user-agent' => 'PostmanRuntime/7.3.0',
  'accept' => '*/*',
  'host' => 'www.hr.com:8083',
  'cookie' => 'PHPSESSID=obl95jgeqga5gstc8h0r8nf5r3',
  'accept-encoding' => 'gzip, deflate',
  'content-length' => '0',
  'connection' => 'keep-alive',
)
[ info ] [ PARAM ] array (
)
[ info ] [ RUN ] app\index\controller\User->asd[ G:\xampp\htdocs\car\app\index\controller\User.php ]
[ info ] [ DB ] INIT mysql
[ info ] [ LOG ] INIT File
[ sql ] [ DB ] CONNECT:[ UseTime:0.002000s ] mysql:host=127.0.0.1;port=3306;dbname=g_car4;charset=utf8
[ sql ] [ SQL ] SHOW COLUMNS FROM `car_brand` [ RunTime:0.005000s ]
[ sql ] [ SQL ] SELECT `id`,`name`,`img_id` FROM `car_brand` WHERE  (  id=842 ) LIMIT 1 [ RunTime:0.001000s ]
[ sql ] [ SQL ] SHOW COLUMNS FROM `param` [ RunTime:0.005000s ]
[ sql ] [ SQL ] SELECT `car_body` FROM `param` WHERE  (  sys='奥迪A1' ) LIMIT 1 [ RunTime:0.019000s ]
[ sql ] [ SQL ] SELECT MIN(pliang1) AS tp_min FROM `param` WHERE  (  sys='奥迪A1' ) LIMIT 1 [ RunTime:0.067000s ]
[ sql ] [ SQL ] SELECT MAX(pliang1) AS tp_max FROM `param` WHERE  (  sys='奥迪A1' ) LIMIT 1 [ RunTime:0.067000s ]
[ sql ] [ SQL ] SELECT `id`,`price` FROM `param` WHERE  (  sys='奥迪A1' ) [ RunTime:0.068000s ]
---------------------------------------------------------------
[ 2018-10-25T09:53:15+08:00 ] 127.0.0.1 GET /carsyslist.php
[ info ] www.hr.com:8083/carsyslist.php [运行时间：0.043000s][吞吐率：23.26req/s] [内存消耗：1,127.06kb] [文件加载：37]
[ info ] [ LANG ] G:\xampp\htdocs\car\thinkphp\lang\zh-cn.php
[ info ] [ ROUTE ] array (
  'type' => 'module',
  'module' => 
  array (
    0 => 'carsyslist.php',
    1 => NULL,
    2 => NULL,
  ),
)
[ info ] [ HEADER ] array (
  'host' => 'www.hr.com:8083',
  'connection' => 'keep-alive',
  'cache-control' => 'max-age=0',
  'upgrade-insecure-requests' => '1',
  'user-agent' => 'Mozilla/5.0 (Windows NT 6.1; Win64; x64) AppleWebKit/537.36 (KHTML, like Gecko) Chrome/67.0.3396.62 Safari/537.36',
  'accept' => 'text/html,application/xhtml+xml,application/xml;q=0.9,image/webp,image/apng,*/*;q=0.8',
  'accept-encoding' => 'gzip, deflate',
  'accept-language' => 'zh-CN,zh;q=0.9',
  'cookie' => 'UM_distinctid=1665c3bd0250-02ed131810e0ca-5b163f13-1fa400-1665c3bd0272b9; CNZZDATA1273108608=1157751406-1539143650-%7C1539422485; Hm_lvt_922a7d20740f0600062b403710662cb1=1539145716,1539422460; Hm_lvt_080836300300be57b7f34f4b3e97d911=1539154281,1540172232; PHPSESSID=7kpt4qpi8gb8vuchim63emlurp',
)
[ info ] [ PARAM ] array (
)
[ info ] [ LOG ] INIT File
---------------------------------------------------------------
[ 2018-10-25T09:54:57+08:00 ] 127.0.0.1 GET /carsyslist.php
[ info ] www.hr.com:8083/carsyslist.php [运行时间：0.035000s][吞吐率：28.57req/s] [内存消耗：1,127.06kb] [文件加载：37]
[ info ] [ LANG ] G:\xampp\htdocs\car\thinkphp\lang\zh-cn.php
[ info ] [ ROUTE ] array (
  'type' => 'module',
  'module' => 
  array (
    0 => 'carsyslist.php',
    1 => NULL,
    2 => NULL,
  ),
)
[ info ] [ HEADER ] array (
  'host' => 'www.hr.com:8083',
  'connection' => 'keep-alive',
  'cache-control' => 'max-age=0',
  'upgrade-insecure-requests' => '1',
  'user-agent' => 'Mozilla/5.0 (Windows NT 6.1; Win64; x64) AppleWebKit/537.36 (KHTML, like Gecko) Chrome/67.0.3396.62 Safari/537.36',
  'accept' => 'text/html,application/xhtml+xml,application/xml;q=0.9,image/webp,image/apng,*/*;q=0.8',
  'accept-encoding' => 'gzip, deflate',
  'accept-language' => 'zh-CN,zh;q=0.9',
  'cookie' => 'UM_distinctid=1665c3bd0250-02ed131810e0ca-5b163f13-1fa400-1665c3bd0272b9; CNZZDATA1273108608=1157751406-1539143650-%7C1539422485; Hm_lvt_922a7d20740f0600062b403710662cb1=1539145716,1539422460; Hm_lvt_080836300300be57b7f34f4b3e97d911=1539154281,1540172232; PHPSESSID=7kpt4qpi8gb8vuchim63emlurp',
)
[ info ] [ PARAM ] array (
)
[ info ] [ LOG ] INIT File
---------------------------------------------------------------
[ 2018-10-25T09:54:59+08:00 ] 127.0.0.1 GET /carsyslist.php
[ info ] www.hr.com:8083/carsyslist.php [运行时间：0.043000s][吞吐率：23.26req/s] [内存消耗：1,127.06kb] [文件加载：37]
[ info ] [ LANG ] G:\xampp\htdocs\car\thinkphp\lang\zh-cn.php
[ info ] [ ROUTE ] array (
  'type' => 'module',
  'module' => 
  array (
    0 => 'carsyslist.php',
    1 => NULL,
    2 => NULL,
  ),
)
[ info ] [ HEADER ] array (
  'host' => 'www.hr.com:8083',
  'connection' => 'keep-alive',
  'cache-control' => 'max-age=0',
  'upgrade-insecure-requests' => '1',
  'user-agent' => 'Mozilla/5.0 (Windows NT 6.1; Win64; x64) AppleWebKit/537.36 (KHTML, like Gecko) Chrome/67.0.3396.62 Safari/537.36',
  'accept' => 'text/html,application/xhtml+xml,application/xml;q=0.9,image/webp,image/apng,*/*;q=0.8',
  'accept-encoding' => 'gzip, deflate',
  'accept-language' => 'zh-CN,zh;q=0.9',
  'cookie' => 'UM_distinctid=1665c3bd0250-02ed131810e0ca-5b163f13-1fa400-1665c3bd0272b9; CNZZDATA1273108608=1157751406-1539143650-%7C1539422485; Hm_lvt_922a7d20740f0600062b403710662cb1=1539145716,1539422460; Hm_lvt_080836300300be57b7f34f4b3e97d911=1539154281,1540172232; PHPSESSID=7kpt4qpi8gb8vuchim63emlurp',
)
[ info ] [ PARAM ] array (
)
[ info ] [ LOG ] INIT File
---------------------------------------------------------------
[ 2018-10-25T11:18:49+08:00 ] 127.0.0.1 POST /index/user/asd
[ info ] www.hr.com:8083/index/user/asd [运行时间：0.299000s][吞吐率：3.34req/s] [内存消耗：2,382.27kb] [文件加载：48]
[ info ] [ LANG ] G:\xampp\htdocs\car\thinkphp\lang\zh-cn.php
[ info ] [ ROUTE ] array (
  'type' => 'module',
  'module' => 
  array (
    0 => 'index',
    1 => 'user',
    2 => 'asd',
  ),
)
[ info ] [ HEADER ] array (
  'cache-control' => 'no-cache',
  'postman-token' => '67716a5a-929a-4f7c-80f5-eb79d22e2380',
  'user-agent' => 'PostmanRuntime/7.3.0',
  'accept' => '*/*',
  'host' => 'www.hr.com:8083',
  'cookie' => 'PHPSESSID=obl95jgeqga5gstc8h0r8nf5r3',
  'accept-encoding' => 'gzip, deflate',
  'content-length' => '0',
  'connection' => 'keep-alive',
)
[ info ] [ PARAM ] array (
)
[ info ] [ RUN ] app\index\controller\User->asd[ G:\xampp\htdocs\car\app\index\controller\User.php ]
[ info ] [ DB ] INIT mysql
[ info ] [ LOG ] INIT File
[ sql ] [ DB ] CONNECT:[ UseTime:0.011000s ] mysql:host=127.0.0.1;port=3306;dbname=g_car4;charset=utf8
[ sql ] [ SQL ] SHOW COLUMNS FROM `car_brand` [ RunTime:0.013000s ]
[ sql ] [ SQL ] SELECT `id`,`name`,`img_id` FROM `car_brand` WHERE  (  id=842 ) LIMIT 1 [ RunTime:0.001000s ]
[ sql ] [ SQL ] SHOW COLUMNS FROM `param` [ RunTime:0.006000s ]
[ sql ] [ SQL ] SELECT `car_body` FROM `param` WHERE  (  sys='奥迪A1' ) LIMIT 1 [ RunTime:0.021000s ]
[ sql ] [ SQL ] SELECT MIN(pliang1) AS tp_min FROM `param` WHERE  (  sys='奥迪A1' ) LIMIT 1 [ RunTime:0.068000s ]
[ sql ] [ SQL ] SELECT MAX(pliang1) AS tp_max FROM `param` WHERE  (  sys='奥迪A1' ) LIMIT 1 [ RunTime:0.068000s ]
[ sql ] [ SQL ] SELECT `id`,`price` FROM `param` WHERE  (  sys='奥迪A1' ) [ RunTime:0.067000s ]
---------------------------------------------------------------
[ 2018-10-25T11:19:16+08:00 ] 127.0.0.1 POST /index/user/asd
[ info ] www.hr.com:8083/index/user/asd [运行时间：0.352000s][吞吐率：2.84req/s] [内存消耗：2,392.30kb] [文件加载：48]
[ info ] [ LANG ] G:\xampp\htdocs\car\thinkphp\lang\zh-cn.php
[ info ] [ ROUTE ] array (
  'type' => 'module',
  'module' => 
  array (
    0 => 'index',
    1 => 'user',
    2 => 'asd',
  ),
)
[ info ] [ HEADER ] array (
  'cache-control' => 'no-cache',
  'postman-token' => '1f466d40-e1c6-45ac-86a8-9e572a763c42',
  'user-agent' => 'PostmanRuntime/7.3.0',
  'accept' => '*/*',
  'host' => 'www.hr.com:8083',
  'cookie' => 'PHPSESSID=obl95jgeqga5gstc8h0r8nf5r3',
  'accept-encoding' => 'gzip, deflate',
  'content-length' => '0',
  'connection' => 'keep-alive',
)
[ info ] [ PARAM ] array (
)
[ info ] [ RUN ] app\index\controller\User->asd[ G:\xampp\htdocs\car\app\index\controller\User.php ]
[ info ] [ DB ] INIT mysql
[ info ] [ LOG ] INIT File
[ sql ] [ DB ] CONNECT:[ UseTime:0.010000s ] mysql:host=127.0.0.1;port=3306;dbname=g_car4;charset=utf8
[ sql ] [ SQL ] SHOW COLUMNS FROM `car_brand` [ RunTime:0.006000s ]
[ sql ] [ SQL ] SELECT `id`,`name`,`img_id` FROM `car_brand` WHERE  (  id=842 ) LIMIT 1 [ RunTime:0.001000s ]
[ sql ] [ SQL ] SHOW COLUMNS FROM `param` [ RunTime:0.006000s ]
[ sql ] [ SQL ] SELECT `car_body` FROM `param` WHERE  (  sys='奥迪A1' ) LIMIT 1 [ RunTime:0.020000s ]
[ sql ] [ SQL ] SELECT MIN(pliang1) AS tp_min FROM `param` WHERE  (  sys='奥迪A1' ) LIMIT 1 [ RunTime:0.069000s ]
[ sql ] [ SQL ] SELECT MAX(pliang1) AS tp_max FROM `param` WHERE  (  sys='奥迪A1' ) LIMIT 1 [ RunTime:0.067000s ]
[ sql ] [ SQL ] SELECT `id`,`price` FROM `param` WHERE  (  sys='奥迪A1' ) [ RunTime:0.068000s ]
[ sql ] [ SQL ] SELECT `name` FROM `car_brand` WHERE  (  id=19 ) LIMIT 1 [ RunTime:0.001000s ]
[ sql ] [ SQL ] SELECT `name` FROM `car_brand` WHERE  (  id=842 ) LIMIT 1 [ RunTime:0.000000s ]
[ sql ] [ SQL ] SELECT `id`,`cartype`,`price`,`motor`,`jqxings` FROM `param` WHERE  (  brand='奥迪' and sys='奥迪A1' and years like '%2018款%' ) [ RunTime:0.071000s ]
---------------------------------------------------------------
[ 2018-10-25T11:20:27+08:00 ] 127.0.0.1 POST /index/user/asd
[ info ] www.hr.com:8083/index/user/asd [运行时间：0.354000s][吞吐率：2.82req/s] [内存消耗：2,392.30kb] [文件加载：48]
[ info ] [ LANG ] G:\xampp\htdocs\car\thinkphp\lang\zh-cn.php
[ info ] [ ROUTE ] array (
  'type' => 'module',
  'module' => 
  array (
    0 => 'index',
    1 => 'user',
    2 => 'asd',
  ),
)
[ info ] [ HEADER ] array (
  'cache-control' => 'no-cache',
  'postman-token' => 'bf1c448d-0bb3-42a1-8007-a8e9728188f4',
  'user-agent' => 'PostmanRuntime/7.3.0',
  'accept' => '*/*',
  'host' => 'www.hr.com:8083',
  'cookie' => 'PHPSESSID=obl95jgeqga5gstc8h0r8nf5r3',
  'accept-encoding' => 'gzip, deflate',
  'content-length' => '0',
  'connection' => 'keep-alive',
)
[ info ] [ PARAM ] array (
)
[ info ] [ RUN ] app\index\controller\User->asd[ G:\xampp\htdocs\car\app\index\controller\User.php ]
[ info ] [ DB ] INIT mysql
[ info ] [ LOG ] INIT File
[ sql ] [ DB ] CONNECT:[ UseTime:0.010000s ] mysql:host=127.0.0.1;port=3306;dbname=g_car4;charset=utf8
[ sql ] [ SQL ] SHOW COLUMNS FROM `car_brand` [ RunTime:0.004000s ]
[ sql ] [ SQL ] SELECT `id`,`name`,`img_id` FROM `car_brand` WHERE  (  id=842 ) LIMIT 1 [ RunTime:0.001000s ]
[ sql ] [ SQL ] SHOW COLUMNS FROM `param` [ RunTime:0.006000s ]
[ sql ] [ SQL ] SELECT `car_body` FROM `param` WHERE  (  sys='奥迪A1' ) LIMIT 1 [ RunTime:0.019000s ]
[ sql ] [ SQL ] SELECT MIN(pliang1) AS tp_min FROM `param` WHERE  (  sys='奥迪A1' ) LIMIT 1 [ RunTime:0.070000s ]
[ sql ] [ SQL ] SELECT MAX(pliang1) AS tp_max FROM `param` WHERE  (  sys='奥迪A1' ) LIMIT 1 [ RunTime:0.068000s ]
[ sql ] [ SQL ] SELECT `id`,`price` FROM `param` WHERE  (  sys='奥迪A1' ) [ RunTime:0.068000s ]
[ sql ] [ SQL ] SELECT `name` FROM `car_brand` WHERE  (  id=19 ) LIMIT 1 [ RunTime:0.001000s ]
[ sql ] [ SQL ] SELECT `name` FROM `car_brand` WHERE  (  id=842 ) LIMIT 1 [ RunTime:0.000000s ]
[ sql ] [ SQL ] SELECT `id`,`cartype`,`price`,`motor`,`jqxings` FROM `param` WHERE  (  brand='奥迪' and sys='奥迪A1' and years like '%2018款%' ) [ RunTime:0.070000s ]
---------------------------------------------------------------
[ 2018-10-25T11:45:39+08:00 ] 127.0.0.1 POST /index/user/asd
[ info ] www.hr.com:8083/index/user/asd [运行时间：0.342000s][吞吐率：2.92req/s] [内存消耗：2,392.30kb] [文件加载：48]
[ info ] [ LANG ] G:\xampp\htdocs\car\thinkphp\lang\zh-cn.php
[ info ] [ ROUTE ] array (
  'type' => 'module',
  'module' => 
  array (
    0 => 'index',
    1 => 'user',
    2 => 'asd',
  ),
)
[ info ] [ HEADER ] array (
  'cache-control' => 'no-cache',
  'postman-token' => 'f6bf583c-f7b6-49e4-8555-5b473ad27758',
  'user-agent' => 'PostmanRuntime/7.3.0',
  'accept' => '*/*',
  'host' => 'www.hr.com:8083',
  'cookie' => 'PHPSESSID=obl95jgeqga5gstc8h0r8nf5r3',
  'accept-encoding' => 'gzip, deflate',
  'content-length' => '0',
  'connection' => 'keep-alive',
)
[ info ] [ PARAM ] array (
)
[ info ] [ RUN ] app\index\controller\User->asd[ G:\xampp\htdocs\car\app\index\controller\User.php ]
[ info ] [ DB ] INIT mysql
[ info ] [ LOG ] INIT File
[ sql ] [ DB ] CONNECT:[ UseTime:0.011000s ] mysql:host=127.0.0.1;port=3306;dbname=g_car4;charset=utf8
[ sql ] [ SQL ] SHOW COLUMNS FROM `car_brand` [ RunTime:0.004000s ]
[ sql ] [ SQL ] SELECT `id`,`name`,`img_id` FROM `car_brand` WHERE  (  id=842 ) LIMIT 1 [ RunTime:0.001000s ]
[ sql ] [ SQL ] SHOW COLUMNS FROM `param` [ RunTime:0.006000s ]
[ sql ] [ SQL ] SELECT `car_body` FROM `param` WHERE  (  sys='奥迪A1' ) LIMIT 1 [ RunTime:0.020000s ]
[ sql ] [ SQL ] SELECT MIN(pliang1) AS tp_min FROM `param` WHERE  (  sys='奥迪A1' ) LIMIT 1 [ RunTime:0.067000s ]
[ sql ] [ SQL ] SELECT MAX(pliang1) AS tp_max FROM `param` WHERE  (  sys='奥迪A1' ) LIMIT 1 [ RunTime:0.065000s ]
[ sql ] [ SQL ] SELECT `id`,`price` FROM `param` WHERE  (  sys='奥迪A1' ) [ RunTime:0.066000s ]
[ sql ] [ SQL ] SELECT `name` FROM `car_brand` WHERE  (  id=19 ) LIMIT 1 [ RunTime:0.001000s ]
[ sql ] [ SQL ] SELECT `name` FROM `car_brand` WHERE  (  id=842 ) LIMIT 1 [ RunTime:0.001000s ]
[ sql ] [ SQL ] SELECT `id`,`cartype`,`price`,`motor`,`jqxings` FROM `param` WHERE  (  brand='奥迪' and sys='奥迪A1' and years like '%2018款%' ) [ RunTime:0.066000s ]
---------------------------------------------------------------
[ 2018-10-25T11:46:24+08:00 ] 127.0.0.1 POST /index/user/asd
[ info ] www.hr.com:8083/index/user/asd [运行时间：0.351000s][吞吐率：2.85req/s] [内存消耗：2,404.34kb] [文件加载：48]
[ info ] [ LANG ] G:\xampp\htdocs\car\thinkphp\lang\zh-cn.php
[ info ] [ ROUTE ] array (
  'type' => 'module',
  'module' => 
  array (
    0 => 'index',
    1 => 'user',
    2 => 'asd',
  ),
)
[ info ] [ HEADER ] array (
  'cache-control' => 'no-cache',
  'postman-token' => 'bd832d90-72a9-4925-ab8f-4af941f9ead3',
  'user-agent' => 'PostmanRuntime/7.3.0',
  'accept' => '*/*',
  'host' => 'www.hr.com:8083',
  'cookie' => 'PHPSESSID=obl95jgeqga5gstc8h0r8nf5r3',
  'accept-encoding' => 'gzip, deflate',
  'content-length' => '0',
  'connection' => 'keep-alive',
)
[ info ] [ PARAM ] array (
)
[ info ] [ RUN ] app\index\controller\User->asd[ G:\xampp\htdocs\car\app\index\controller\User.php ]
[ info ] [ DB ] INIT mysql
[ info ] [ LOG ] INIT File
[ sql ] [ DB ] CONNECT:[ UseTime:0.011000s ] mysql:host=127.0.0.1;port=3306;dbname=g_car4;charset=utf8
[ sql ] [ SQL ] SHOW COLUMNS FROM `car_brand` [ RunTime:0.004000s ]
[ sql ] [ SQL ] SELECT `id`,`name`,`img_id` FROM `car_brand` WHERE  (  id=842 ) LIMIT 1 [ RunTime:0.000000s ]
[ sql ] [ SQL ] SHOW COLUMNS FROM `param` [ RunTime:0.006000s ]
[ sql ] [ SQL ] SELECT `car_body` FROM `param` WHERE  (  sys='奥迪A1' ) LIMIT 1 [ RunTime:0.020000s ]
[ sql ] [ SQL ] SELECT MIN(pliang1) AS tp_min FROM `param` WHERE  (  sys='奥迪A1' ) LIMIT 1 [ RunTime:0.067000s ]
[ sql ] [ SQL ] SELECT MAX(pliang1) AS tp_max FROM `param` WHERE  (  sys='奥迪A1' ) LIMIT 1 [ RunTime:0.067000s ]
[ sql ] [ SQL ] SELECT `id`,`price` FROM `param` WHERE  (  sys='奥迪A1' ) [ RunTime:0.066000s ]
[ sql ] [ SQL ] SELECT `name` FROM `car_brand` WHERE  (  id=19 ) LIMIT 1 [ RunTime:0.001000s ]
[ sql ] [ SQL ] SELECT `name` FROM `car_brand` WHERE  (  id=842 ) LIMIT 1 [ RunTime:0.001000s ]
[ sql ] [ SQL ] SELECT `id`,`cartype`,`price`,`motor`,`jqxings` FROM `param` WHERE  (  brand='奥迪' and sys='奥迪A1' and years like '%2018款%' ) [ RunTime:0.067000s ]
[ sql ] [ SQL ] SHOW COLUMNS FROM `new_car` [ RunTime:0.006000s ]
[ sql ] [ SQL ] SELECT `a`.`id`,`a`.`brand_id`,`a`.`sys_id`,`a`.`cartype_id` FROM `new_car` `a` INNER JOIN `rele_param` `` ON `pu_id`=`a`.`id` WHERE  (  param_id=8840 and type=1 ) LIMIT 1 [ RunTime:0.001000s ]
---------------------------------------------------------------
[ 2018-10-25T11:47:27+08:00 ] 127.0.0.1 POST /index/user/asd
[ info ] www.hr.com:8083/index/user/asd [运行时间：0.353000s][吞吐率：2.83req/s] [内存消耗：2,404.34kb] [文件加载：48]
[ info ] [ LANG ] G:\xampp\htdocs\car\thinkphp\lang\zh-cn.php
[ info ] [ ROUTE ] array (
  'type' => 'module',
  'module' => 
  array (
    0 => 'index',
    1 => 'user',
    2 => 'asd',
  ),
)
[ info ] [ HEADER ] array (
  'cache-control' => 'no-cache',
  'postman-token' => '52124c8a-d1d5-407a-88e9-e47f43e42a49',
  'user-agent' => 'PostmanRuntime/7.3.0',
  'accept' => '*/*',
  'host' => 'www.hr.com:8083',
  'cookie' => 'PHPSESSID=obl95jgeqga5gstc8h0r8nf5r3',
  'accept-encoding' => 'gzip, deflate',
  'content-length' => '0',
  'connection' => 'keep-alive',
)
[ info ] [ PARAM ] array (
)
[ info ] [ RUN ] app\index\controller\User->asd[ G:\xampp\htdocs\car\app\index\controller\User.php ]
[ info ] [ DB ] INIT mysql
[ info ] [ LOG ] INIT File
[ sql ] [ DB ] CONNECT:[ UseTime:0.010000s ] mysql:host=127.0.0.1;port=3306;dbname=g_car4;charset=utf8
[ sql ] [ SQL ] SHOW COLUMNS FROM `car_brand` [ RunTime:0.004000s ]
[ sql ] [ SQL ] SELECT `id`,`name`,`img_id` FROM `car_brand` WHERE  (  id=842 ) LIMIT 1 [ RunTime:0.000000s ]
[ sql ] [ SQL ] SHOW COLUMNS FROM `param` [ RunTime:0.007000s ]
[ sql ] [ SQL ] SELECT `car_body` FROM `param` WHERE  (  sys='奥迪A1' ) LIMIT 1 [ RunTime:0.020000s ]
[ sql ] [ SQL ] SELECT MIN(pliang1) AS tp_min FROM `param` WHERE  (  sys='奥迪A1' ) LIMIT 1 [ RunTime:0.066000s ]
[ sql ] [ SQL ] SELECT MAX(pliang1) AS tp_max FROM `param` WHERE  (  sys='奥迪A1' ) LIMIT 1 [ RunTime:0.067000s ]
[ sql ] [ SQL ] SELECT `id`,`price` FROM `param` WHERE  (  sys='奥迪A1' ) [ RunTime:0.066000s ]
[ sql ] [ SQL ] SELECT `name` FROM `car_brand` WHERE  (  id=19 ) LIMIT 1 [ RunTime:0.001000s ]
[ sql ] [ SQL ] SELECT `name` FROM `car_brand` WHERE  (  id=842 ) LIMIT 1 [ RunTime:0.001000s ]
[ sql ] [ SQL ] SELECT `id`,`cartype`,`price`,`motor`,`jqxings` FROM `param` WHERE  (  brand='奥迪' and sys='奥迪A1' and years like '%2018款%' ) [ RunTime:0.070000s ]
[ sql ] [ SQL ] SHOW COLUMNS FROM `new_car` [ RunTime:0.005000s ]
[ sql ] [ SQL ] SELECT `a`.`id`,`a`.`brand_id`,`a`.`sys_id`,`a`.`cartype_id` FROM `new_car` `a` INNER JOIN `rele_param` `` ON `pu_id`=`a`.`id` WHERE  (  param_id=8840 and type=1 ) LIMIT 1 [ RunTime:0.001000s ]
---------------------------------------------------------------
[ 2018-10-25T11:53:14+08:00 ] 127.0.0.1 POST /index/user/asd
[ info ] www.hr.com:8083/index/user/asd [运行时间：0.361000s][吞吐率：2.77req/s] [内存消耗：2,401.16kb] [文件加载：48]
[ info ] [ LANG ] G:\xampp\htdocs\car\thinkphp\lang\zh-cn.php
[ info ] [ ROUTE ] array (
  'type' => 'module',
  'module' => 
  array (
    0 => 'index',
    1 => 'user',
    2 => 'asd',
  ),
)
[ info ] [ HEADER ] array (
  'cache-control' => 'no-cache',
  'postman-token' => 'f446860c-5989-4ba4-a0f4-e2bb72028820',
  'user-agent' => 'PostmanRuntime/7.3.0',
  'accept' => '*/*',
  'host' => 'www.hr.com:8083',
  'cookie' => 'PHPSESSID=obl95jgeqga5gstc8h0r8nf5r3',
  'accept-encoding' => 'gzip, deflate',
  'content-length' => '0',
  'connection' => 'keep-alive',
)
[ info ] [ PARAM ] array (
)
[ info ] [ RUN ] app\index\controller\User->asd[ G:\xampp\htdocs\car\app\index\controller\User.php ]
[ info ] [ DB ] INIT mysql
[ info ] [ LOG ] INIT File
[ sql ] [ DB ] CONNECT:[ UseTime:0.011000s ] mysql:host=127.0.0.1;port=3306;dbname=g_car4;charset=utf8
[ sql ] [ SQL ] SHOW COLUMNS FROM `car_brand` [ RunTime:0.004000s ]
[ sql ] [ SQL ] SELECT `id`,`name`,`img_id` FROM `car_brand` WHERE  (  id=842 ) LIMIT 1 [ RunTime:0.001000s ]
[ sql ] [ SQL ] SHOW COLUMNS FROM `param` [ RunTime:0.006000s ]
[ sql ] [ SQL ] SELECT `car_body` FROM `param` WHERE  (  sys='奥迪A1' ) LIMIT 1 [ RunTime:0.020000s ]
[ sql ] [ SQL ] SELECT MIN(pliang1) AS tp_min FROM `param` WHERE  (  sys='奥迪A1' ) LIMIT 1 [ RunTime:0.067000s ]
[ sql ] [ SQL ] SELECT MAX(pliang1) AS tp_max FROM `param` WHERE  (  sys='奥迪A1' ) LIMIT 1 [ RunTime:0.068000s ]
[ sql ] [ SQL ] SELECT `id`,`price` FROM `param` WHERE  (  sys='奥迪A1' ) [ RunTime:0.068000s ]
[ sql ] [ SQL ] SELECT `name` FROM `car_brand` WHERE  (  id=19 ) LIMIT 1 [ RunTime:0.001000s ]
[ sql ] [ SQL ] SELECT `name` FROM `car_brand` WHERE  (  id=842 ) LIMIT 1 [ RunTime:0.000000s ]
[ sql ] [ SQL ] SELECT `id`,`cartype`,`price`,`motor`,`jqxings` FROM `param` WHERE  (  brand='奥迪' and sys='奥迪A1' and years like '%2018款%' ) [ RunTime:0.071000s ]
[ sql ] [ SQL ] SHOW COLUMNS FROM `new_car` [ RunTime:0.005000s ]
[ sql ] [ SQL ] SELECT `a`.`id`,`a`.`brand_id`,`a`.`sys_id`,`a`.`cartype_id` FROM `new_car` `a` INNER JOIN `rele_param` `` ON `pu_id`=`a`.`id` WHERE  (  param_id=8840 and type=1 ) LIMIT 1 [ RunTime:0.001000s ]
---------------------------------------------------------------
[ 2018-10-25T16:35:26+08:00 ] 127.0.0.1 POST /index/user/asd
[ info ] www.hr.com:8083/index/user/asd [运行时间：0.416000s][吞吐率：2.40req/s] [内存消耗：2,412.48kb] [文件加载：48]
[ info ] [ LANG ] G:\xampp\htdocs\car\thinkphp\lang\zh-cn.php
[ info ] [ ROUTE ] array (
  'type' => 'module',
  'module' => 
  array (
    0 => 'index',
    1 => 'user',
    2 => 'asd',
  ),
)
[ info ] [ HEADER ] array (
  'cache-control' => 'no-cache',
  'postman-token' => 'b66c3bd7-7466-4b82-a7d3-a6af01592711',
  'user-agent' => 'PostmanRuntime/7.3.0',
  'accept' => '*/*',
  'host' => 'www.hr.com:8083',
  'cookie' => 'PHPSESSID=obl95jgeqga5gstc8h0r8nf5r3',
  'accept-encoding' => 'gzip, deflate',
  'content-length' => '0',
  'connection' => 'keep-alive',
)
[ info ] [ PARAM ] array (
)
[ info ] [ RUN ] app\index\controller\User->asd[ G:\xampp\htdocs\car\app\index\controller\User.php ]
[ info ] [ DB ] INIT mysql
[ info ] [ LOG ] INIT File
[ sql ] [ DB ] CONNECT:[ UseTime:0.011000s ] mysql:host=127.0.0.1;port=3306;dbname=g_car4;charset=utf8
[ sql ] [ SQL ] SHOW COLUMNS FROM `car_brand` [ RunTime:0.004000s ]
[ sql ] [ SQL ] SELECT `id`,`name`,`img_id` FROM `car_brand` WHERE  (  id=842 ) LIMIT 1 [ RunTime:0.001000s ]
[ sql ] [ SQL ] SHOW COLUMNS FROM `param` [ RunTime:0.006000s ]
[ sql ] [ SQL ] SELECT `car_body` FROM `param` WHERE  (  sys='奥迪A1' ) LIMIT 1 [ RunTime:0.020000s ]
[ sql ] [ SQL ] SELECT MIN(pliang1) AS tp_min FROM `param` WHERE  (  sys='奥迪A1' ) LIMIT 1 [ RunTime:0.065000s ]
[ sql ] [ SQL ] SELECT MAX(pliang1) AS tp_max FROM `param` WHERE  (  sys='奥迪A1' ) LIMIT 1 [ RunTime:0.065000s ]
[ sql ] [ SQL ] SELECT `id`,`price` FROM `param` WHERE  (  sys='奥迪A1' ) [ RunTime:0.065000s ]
[ sql ] [ SQL ] SELECT `name` FROM `car_brand` WHERE  (  id=19 ) LIMIT 1 [ RunTime:0.000000s ]
[ sql ] [ SQL ] SELECT `name` FROM `car_brand` WHERE  (  id=842 ) LIMIT 1 [ RunTime:0.001000s ]
[ sql ] [ SQL ] SELECT `id`,`cartype`,`price`,`motor`,`jqxings` FROM `param` WHERE  (  brand='奥迪' and sys='奥迪A1' and years like '%2018款%' ) [ RunTime:0.065000s ]
[ sql ] [ SQL ] SHOW COLUMNS FROM `new_car` [ RunTime:0.004000s ]
[ sql ] [ SQL ] SELECT `a`.`id`,`a`.`brand_id`,`a`.`sys_id`,`a`.`cartype_id` FROM `new_car` `a` INNER JOIN `rele_param` `` ON `pu_id`=`a`.`id` WHERE  (  param_id=8840 and type=1 ) LIMIT 1 [ RunTime:0.001000s ]
[ sql ] [ SQL ] SELECT `name` FROM `car_brand` WHERE  (  id=19 ) LIMIT 1 [ RunTime:0.001000s ]
[ sql ] [ SQL ] SELECT `name` FROM `car_brand` WHERE  (  id=842 ) LIMIT 1 [ RunTime:0.000000s ]
[ sql ] [ SQL ] SELECT `id`,`cartype`,`price`,`motor`,`jqxings` FROM `param` WHERE  (  brand='奥迪' and sys='奥迪A1' and years like '%2017款%' ) [ RunTime:0.067000s ]
---------------------------------------------------------------
[ 2018-10-25T16:36:43+08:00 ] 127.0.0.1 POST /index/user/asd
[ info ] www.hr.com:8083/index/user/asd [运行时间：0.419000s][吞吐率：2.39req/s] [内存消耗：2,412.48kb] [文件加载：48]
[ info ] [ LANG ] G:\xampp\htdocs\car\thinkphp\lang\zh-cn.php
[ info ] [ ROUTE ] array (
  'type' => 'module',
  'module' => 
  array (
    0 => 'index',
    1 => 'user',
    2 => 'asd',
  ),
)
[ info ] [ HEADER ] array (
  'cache-control' => 'no-cache',
  'postman-token' => '546803ed-f330-493c-a7dc-9a42a02e7cd8',
  'user-agent' => 'PostmanRuntime/7.3.0',
  'accept' => '*/*',
  'host' => 'www.hr.com:8083',
  'cookie' => 'PHPSESSID=obl95jgeqga5gstc8h0r8nf5r3',
  'accept-encoding' => 'gzip, deflate',
  'content-length' => '0',
  'connection' => 'keep-alive',
)
[ info ] [ PARAM ] array (
)
[ info ] [ RUN ] app\index\controller\User->asd[ G:\xampp\htdocs\car\app\index\controller\User.php ]
[ info ] [ DB ] INIT mysql
[ info ] [ LOG ] INIT File
[ sql ] [ DB ] CONNECT:[ UseTime:0.011000s ] mysql:host=127.0.0.1;port=3306;dbname=g_car4;charset=utf8
[ sql ] [ SQL ] SHOW COLUMNS FROM `car_brand` [ RunTime:0.004000s ]
[ sql ] [ SQL ] SELECT `id`,`name`,`img_id` FROM `car_brand` WHERE  (  id=842 ) LIMIT 1 [ RunTime:0.001000s ]
[ sql ] [ SQL ] SHOW COLUMNS FROM `param` [ RunTime:0.006000s ]
[ sql ] [ SQL ] SELECT `car_body` FROM `param` WHERE  (  sys='奥迪A1' ) LIMIT 1 [ RunTime:0.019000s ]
[ sql ] [ SQL ] SELECT MIN(pliang1) AS tp_min FROM `param` WHERE  (  sys='奥迪A1' ) LIMIT 1 [ RunTime:0.067000s ]
[ sql ] [ SQL ] SELECT MAX(pliang1) AS tp_max FROM `param` WHERE  (  sys='奥迪A1' ) LIMIT 1 [ RunTime:0.068000s ]
[ sql ] [ SQL ] SELECT `id`,`price` FROM `param` WHERE  (  sys='奥迪A1' ) [ RunTime:0.068000s ]
[ sql ] [ SQL ] SELECT `name` FROM `car_brand` WHERE  (  id=19 ) LIMIT 1 [ RunTime:0.001000s ]
[ sql ] [ SQL ] SELECT `name` FROM `car_brand` WHERE  (  id=842 ) LIMIT 1 [ RunTime:0.001000s ]
[ sql ] [ SQL ] SELECT `id`,`cartype`,`price`,`motor`,`jqxings` FROM `param` WHERE  (  brand='奥迪' and sys='奥迪A1' and years like '%2018款%' ) [ RunTime:0.070000s ]
[ sql ] [ SQL ] SHOW COLUMNS FROM `new_car` [ RunTime:0.005000s ]
[ sql ] [ SQL ] SELECT `a`.`id`,`a`.`brand_id`,`a`.`sys_id`,`a`.`cartype_id` FROM `new_car` `a` INNER JOIN `rele_param` `` ON `pu_id`=`a`.`id` WHERE  (  param_id=8840 and type=1 ) LIMIT 1 [ RunTime:0.001000s ]
[ sql ] [ SQL ] SELECT `name` FROM `car_brand` WHERE  (  id=19 ) LIMIT 1 [ RunTime:0.001000s ]
[ sql ] [ SQL ] SELECT `name` FROM `car_brand` WHERE  (  id=842 ) LIMIT 1 [ RunTime:0.000000s ]
[ sql ] [ SQL ] SELECT `id`,`cartype`,`price`,`motor`,`jqxings` FROM `param` WHERE  (  brand='奥迪' and sys='奥迪A1' and years like '%2017款%' ) [ RunTime:0.066000s ]
---------------------------------------------------------------
[ 2018-10-25T16:36:56+08:00 ] 127.0.0.1 POST /index/user/asd
[ info ] www.hr.com:8083/index/user/asd [运行时间：0.414000s][吞吐率：2.42req/s] [内存消耗：2,412.48kb] [文件加载：48]
[ info ] [ LANG ] G:\xampp\htdocs\car\thinkphp\lang\zh-cn.php
[ info ] [ ROUTE ] array (
  'type' => 'module',
  'module' => 
  array (
    0 => 'index',
    1 => 'user',
    2 => 'asd',
  ),
)
[ info ] [ HEADER ] array (
  'cache-control' => 'no-cache',
  'postman-token' => '28ee9051-9da8-4c63-b902-ed45c64bedfb',
  'user-agent' => 'PostmanRuntime/7.3.0',
  'accept' => '*/*',
  'host' => 'www.hr.com:8083',
  'cookie' => 'PHPSESSID=obl95jgeqga5gstc8h0r8nf5r3',
  'accept-encoding' => 'gzip, deflate',
  'content-length' => '0',
  'connection' => 'keep-alive',
)
[ info ] [ PARAM ] array (
)
[ info ] [ RUN ] app\index\controller\User->asd[ G:\xampp\htdocs\car\app\index\controller\User.php ]
[ info ] [ DB ] INIT mysql
[ info ] [ LOG ] INIT File
[ sql ] [ DB ] CONNECT:[ UseTime:0.002000s ] mysql:host=127.0.0.1;port=3306;dbname=g_car4;charset=utf8
[ sql ] [ SQL ] SHOW COLUMNS FROM `car_brand` [ RunTime:0.005000s ]
[ sql ] [ SQL ] SELECT `id`,`name`,`img_id` FROM `car_brand` WHERE  (  id=842 ) LIMIT 1 [ RunTime:0.001000s ]
[ sql ] [ SQL ] SHOW COLUMNS FROM `param` [ RunTime:0.007000s ]
[ sql ] [ SQL ] SELECT `car_body` FROM `param` WHERE  (  sys='奥迪A1' ) LIMIT 1 [ RunTime:0.020000s ]
[ sql ] [ SQL ] SELECT MIN(pliang1) AS tp_min FROM `param` WHERE  (  sys='奥迪A1' ) LIMIT 1 [ RunTime:0.067000s ]
[ sql ] [ SQL ] SELECT MAX(pliang1) AS tp_max FROM `param` WHERE  (  sys='奥迪A1' ) LIMIT 1 [ RunTime:0.068000s ]
[ sql ] [ SQL ] SELECT `id`,`price` FROM `param` WHERE  (  sys='奥迪A1' ) [ RunTime:0.068000s ]
[ sql ] [ SQL ] SELECT `name` FROM `car_brand` WHERE  (  id=19 ) LIMIT 1 [ RunTime:0.000000s ]
[ sql ] [ SQL ] SELECT `name` FROM `car_brand` WHERE  (  id=842 ) LIMIT 1 [ RunTime:0.001000s ]
[ sql ] [ SQL ] SELECT `id`,`cartype`,`price`,`motor`,`jqxings` FROM `param` WHERE  (  brand='奥迪' and sys='奥迪A1' and years like '%2018款%' ) [ RunTime:0.069000s ]
[ sql ] [ SQL ] SHOW COLUMNS FROM `new_car` [ RunTime:0.005000s ]
[ sql ] [ SQL ] SELECT `a`.`id`,`a`.`brand_id`,`a`.`sys_id`,`a`.`cartype_id` FROM `new_car` `a` INNER JOIN `rele_param` `` ON `pu_id`=`a`.`id` WHERE  (  param_id=8840 and type=1 ) LIMIT 1 [ RunTime:0.001000s ]
[ sql ] [ SQL ] SELECT `name` FROM `car_brand` WHERE  (  id=19 ) LIMIT 1 [ RunTime:0.000000s ]
[ sql ] [ SQL ] SELECT `name` FROM `car_brand` WHERE  (  id=842 ) LIMIT 1 [ RunTime:0.001000s ]
[ sql ] [ SQL ] SELECT `id`,`cartype`,`price`,`motor`,`jqxings` FROM `param` WHERE  (  brand='奥迪' and sys='奥迪A1' and years like '%2017款%' ) [ RunTime:0.066000s ]
---------------------------------------------------------------
[ 2018-10-25T19:02:01+08:00 ] 127.0.0.1 POST /index/user/asd
[ info ] www.hr.com:8083/index/user/asd [运行时间：0.041000s][吞吐率：24.39req/s] [内存消耗：2,332.78kb] [文件加载：48]
[ info ] [ LANG ] G:\xampp\htdocs\car\thinkphp\lang\zh-cn.php
[ info ] [ ROUTE ] array (
  'type' => 'module',
  'module' => 
  array (
    0 => 'index',
    1 => 'user',
    2 => 'asd',
  ),
)
[ info ] [ HEADER ] array (
  'cache-control' => 'no-cache',
  'postman-token' => '6e09177b-0dbd-49df-b3c7-551d5c71e3c1',
  'user-agent' => 'PostmanRuntime/7.3.0',
  'accept' => '*/*',
  'host' => 'www.hr.com:8083',
  'cookie' => 'PHPSESSID=obl95jgeqga5gstc8h0r8nf5r3',
  'accept-encoding' => 'gzip, deflate',
  'content-length' => '0',
  'connection' => 'keep-alive',
)
[ info ] [ PARAM ] array (
)
[ info ] [ RUN ] app\index\controller\User->asd[ G:\xampp\htdocs\car\app\index\controller\User.php ]
[ info ] [ DB ] INIT mysql
[ info ] [ LOG ] INIT File
[ sql ] [ DB ] CONNECT:[ UseTime:0.002000s ] mysql:host=127.0.0.1;port=3306;dbname=g_car4;charset=utf8
[ sql ] [ SQL ] SHOW COLUMNS FROM `car_brand` [ RunTime:0.005000s ]
[ sql ] [ SQL ] SELECT `id`,`name`,`img_id` FROM `car_brand` WHERE  (  id=842 ) LIMIT 1 [ RunTime:0.001000s ]
---------------------------------------------------------------
[ 2018-10-25T19:02:36+08:00 ] 127.0.0.1 GET /carsyslist.php?sys_id=842&brand_id=19
[ info ] www.hr.com:8083/carsyslist.php?sys_id=842&brand_id=19 [运行时间：0.032000s][吞吐率：31.25req/s] [内存消耗：1,127.83kb] [文件加载：37]
[ info ] [ LANG ] G:\xampp\htdocs\car\thinkphp\lang\zh-cn.php
[ info ] [ ROUTE ] array (
  'type' => 'module',
  'module' => 
  array (
    0 => 'carsyslist.php',
    1 => NULL,
    2 => NULL,
  ),
)
[ info ] [ HEADER ] array (
  'host' => 'www.hr.com:8083',
  'connection' => 'keep-alive',
  'cache-control' => 'max-age=0',
  'upgrade-insecure-requests' => '1',
  'user-agent' => 'Mozilla/5.0 (Windows NT 6.1; Win64; x64) AppleWebKit/537.36 (KHTML, like Gecko) Chrome/67.0.3396.62 Safari/537.36',
  'accept' => 'text/html,application/xhtml+xml,application/xml;q=0.9,image/webp,image/apng,*/*;q=0.8',
  'accept-encoding' => 'gzip, deflate',
  'accept-language' => 'zh-CN,zh;q=0.9',
  'cookie' => 'UM_distinctid=1665c3bd0250-02ed131810e0ca-5b163f13-1fa400-1665c3bd0272b9; CNZZDATA1273108608=1157751406-1539143650-%7C1539422485; Hm_lvt_922a7d20740f0600062b403710662cb1=1539145716,1539422460; Hm_lvt_080836300300be57b7f34f4b3e97d911=1539154281,1540172232; PHPSESSID=kdbsic0jm157er91iqk4gjnpmm',
)
[ info ] [ PARAM ] array (
  'sys_id' => '842',
  'brand_id' => '19',
)
[ info ] [ LOG ] INIT File
---------------------------------------------------------------
[ 2018-10-25T19:03:06+08:00 ] 127.0.0.1 POST /index/user/asd
[ info ] www.hr.com:8083/index/user/asd [运行时间：0.037000s][吞吐率：27.03req/s] [内存消耗：2,332.78kb] [文件加载：48]
[ info ] [ LANG ] G:\xampp\htdocs\car\thinkphp\lang\zh-cn.php
[ info ] [ ROUTE ] array (
  'type' => 'module',
  'module' => 
  array (
    0 => 'index',
    1 => 'user',
    2 => 'asd',
  ),
)
[ info ] [ HEADER ] array (
  'cache-control' => 'no-cache',
  'postman-token' => '43bc2869-6cf5-45cc-9b7d-d15b27055fb2',
  'user-agent' => 'PostmanRuntime/7.3.0',
  'accept' => '*/*',
  'host' => 'www.hr.com:8083',
  'cookie' => 'PHPSESSID=obl95jgeqga5gstc8h0r8nf5r3',
  'accept-encoding' => 'gzip, deflate',
  'content-length' => '0',
  'connection' => 'keep-alive',
)
[ info ] [ PARAM ] array (
)
[ info ] [ RUN ] app\index\controller\User->asd[ G:\xampp\htdocs\car\app\index\controller\User.php ]
[ info ] [ DB ] INIT mysql
[ info ] [ LOG ] INIT File
[ sql ] [ DB ] CONNECT:[ UseTime:0.002000s ] mysql:host=127.0.0.1;port=3306;dbname=g_car4;charset=utf8
[ sql ] [ SQL ] SHOW COLUMNS FROM `car_brand` [ RunTime:0.005000s ]
[ sql ] [ SQL ] SELECT `id`,`name`,`img_id` FROM `car_brand` WHERE  (  id=843 ) LIMIT 1 [ RunTime:0.001000s ]
---------------------------------------------------------------
[ 2018-10-25T19:03:32+08:00 ] 127.0.0.1 POST /index/user/asd
[ info ] www.hr.com:8083/index/user/asd [运行时间：0.051000s][吞吐率：19.61req/s] [内存消耗：2,332.78kb] [文件加载：48]
[ info ] [ LANG ] G:\xampp\htdocs\car\thinkphp\lang\zh-cn.php
[ info ] [ ROUTE ] array (
  'type' => 'module',
  'module' => 
  array (
    0 => 'index',
    1 => 'user',
    2 => 'asd',
  ),
)
[ info ] [ HEADER ] array (
  'cache-control' => 'no-cache',
  'postman-token' => '0baa4c92-677e-48d0-ab23-b2b7eb810d3a',
  'user-agent' => 'PostmanRuntime/7.3.0',
  'accept' => '*/*',
  'host' => 'www.hr.com:8083',
  'cookie' => 'PHPSESSID=obl95jgeqga5gstc8h0r8nf5r3',
  'accept-encoding' => 'gzip, deflate',
  'content-length' => '0',
  'connection' => 'keep-alive',
)
[ info ] [ PARAM ] array (
)
[ info ] [ RUN ] app\index\controller\User->asd[ G:\xampp\htdocs\car\app\index\controller\User.php ]
[ info ] [ DB ] INIT mysql
[ info ] [ LOG ] INIT File
[ sql ] [ DB ] CONNECT:[ UseTime:0.010000s ] mysql:host=127.0.0.1;port=3306;dbname=g_car4;charset=utf8
[ sql ] [ SQL ] SHOW COLUMNS FROM `car_brand` [ RunTime:0.005000s ]
[ sql ] [ SQL ] SELECT `id`,`name`,`img_id` FROM `car_brand` WHERE  (  id=842 ) LIMIT 1 [ RunTime:0.001000s ]
---------------------------------------------------------------
[ 2018-10-25T19:04:17+08:00 ] 127.0.0.1 POST /index/user/asd
[ info ] www.hr.com:8083/index/user/asd [运行时间：0.050000s][吞吐率：20.00req/s] [内存消耗：2,332.78kb] [文件加载：48]
[ info ] [ LANG ] G:\xampp\htdocs\car\thinkphp\lang\zh-cn.php
[ info ] [ ROUTE ] array (
  'type' => 'module',
  'module' => 
  array (
    0 => 'index',
    1 => 'user',
    2 => 'asd',
  ),
)
[ info ] [ HEADER ] array (
  'cache-control' => 'no-cache',
  'postman-token' => '40f18376-8e80-452f-83d9-901b2fd45205',
  'user-agent' => 'PostmanRuntime/7.3.0',
  'accept' => '*/*',
  'host' => 'www.hr.com:8083',
  'cookie' => 'PHPSESSID=obl95jgeqga5gstc8h0r8nf5r3',
  'accept-encoding' => 'gzip, deflate',
  'content-length' => '0',
  'connection' => 'keep-alive',
)
[ info ] [ PARAM ] array (
)
[ info ] [ RUN ] app\index\controller\User->asd[ G:\xampp\htdocs\car\app\index\controller\User.php ]
[ info ] [ DB ] INIT mysql
[ info ] [ LOG ] INIT File
[ sql ] [ DB ] CONNECT:[ UseTime:0.010000s ] mysql:host=127.0.0.1;port=3306;dbname=g_car4;charset=utf8
[ sql ] [ SQL ] SHOW COLUMNS FROM `car_brand` [ RunTime:0.004000s ]
[ sql ] [ SQL ] SELECT `id`,`name`,`img_id` FROM `car_brand` WHERE  (  id=842 ) LIMIT 1 [ RunTime:0.000000s ]
---------------------------------------------------------------
[ 2018-10-25T19:04:48+08:00 ] 127.0.0.1 POST /index/user/asd
[ info ] www.hr.com:8083/index/user/asd [运行时间：0.075000s][吞吐率：13.33req/s] [内存消耗：2,371.26kb] [文件加载：48]
[ info ] [ LANG ] G:\xampp\htdocs\car\thinkphp\lang\zh-cn.php
[ info ] [ ROUTE ] array (
  'type' => 'module',
  'module' => 
  array (
    0 => 'index',
    1 => 'user',
    2 => 'asd',
  ),
)
[ info ] [ HEADER ] array (
  'cache-control' => 'no-cache',
  'postman-token' => '7c403ac1-5d72-496e-91a7-f70d2c4624ee',
  'user-agent' => 'PostmanRuntime/7.3.0',
  'accept' => '*/*',
  'host' => 'www.hr.com:8083',
  'cookie' => 'PHPSESSID=obl95jgeqga5gstc8h0r8nf5r3',
  'accept-encoding' => 'gzip, deflate',
  'content-length' => '0',
  'connection' => 'keep-alive',
)
[ info ] [ PARAM ] array (
)
[ info ] [ RUN ] app\index\controller\User->asd[ G:\xampp\htdocs\car\app\index\controller\User.php ]
[ info ] [ DB ] INIT mysql
[ info ] [ LOG ] INIT File
[ sql ] [ DB ] CONNECT:[ UseTime:0.010000s ] mysql:host=127.0.0.1;port=3306;dbname=g_car4;charset=utf8
[ sql ] [ SQL ] SHOW COLUMNS FROM `car_brand` [ RunTime:0.005000s ]
[ sql ] [ SQL ] SELECT `id`,`name`,`img_id` FROM `car_brand` WHERE  (  id=842 ) LIMIT 1 [ RunTime:0.001000s ]
[ sql ] [ SQL ] SHOW COLUMNS FROM `param` [ RunTime:0.007000s ]
[ sql ] [ SQL ] SELECT `car_body` FROM `param` WHERE  (  sys='奥迪A1' ) LIMIT 1 [ RunTime:0.020000s ]
---------------------------------------------------------------
[ 2018-10-25T19:05:51+08:00 ] 127.0.0.1 GET /carsyslist.php?sys_id=842
[ info ] www.hr.com:8083/carsyslist.php?sys_id=842 [运行时间：0.029000s][吞吐率：34.48req/s] [内存消耗：1,127.75kb] [文件加载：37]
[ info ] [ LANG ] G:\xampp\htdocs\car\thinkphp\lang\zh-cn.php
[ info ] [ ROUTE ] array (
  'type' => 'module',
  'module' => 
  array (
    0 => 'carsyslist.php',
    1 => NULL,
    2 => NULL,
  ),
)
[ info ] [ HEADER ] array (
  'host' => 'www.hr.com:8083',
  'connection' => 'keep-alive',
  'cache-control' => 'max-age=0',
  'upgrade-insecure-requests' => '1',
  'user-agent' => 'Mozilla/5.0 (Windows NT 6.1; Win64; x64) AppleWebKit/537.36 (KHTML, like Gecko) Chrome/67.0.3396.62 Safari/537.36',
  'accept' => 'text/html,application/xhtml+xml,application/xml;q=0.9,image/webp,image/apng,*/*;q=0.8',
  'accept-encoding' => 'gzip, deflate',
  'accept-language' => 'zh-CN,zh;q=0.9',
  'cookie' => 'UM_distinctid=1665c3bd0250-02ed131810e0ca-5b163f13-1fa400-1665c3bd0272b9; CNZZDATA1273108608=1157751406-1539143650-%7C1539422485; Hm_lvt_922a7d20740f0600062b403710662cb1=1539145716,1539422460; Hm_lvt_080836300300be57b7f34f4b3e97d911=1539154281,1540172232; PHPSESSID=kdbsic0jm157er91iqk4gjnpmm',
)
[ info ] [ PARAM ] array (
  'sys_id' => '842',
)
[ info ] [ LOG ] INIT File
---------------------------------------------------------------
[ 2018-10-25T19:35:31+08:00 ] 127.0.0.1 POST /index/user/asd
[ info ] www.hr.com:8083/index/user/asd [运行时间：0.290000s][吞吐率：3.45req/s] [内存消耗：2,386.35kb] [文件加载：48]
[ info ] [ LANG ] G:\xampp\htdocs\car\thinkphp\lang\zh-cn.php
[ info ] [ ROUTE ] array (
  'type' => 'module',
  'module' => 
  array (
    0 => 'index',
    1 => 'user',
    2 => 'asd',
  ),
)
[ info ] [ HEADER ] array (
  'cache-control' => 'no-cache',
  'postman-token' => 'cad875d8-d189-488a-8b4d-92d8cf286465',
  'user-agent' => 'PostmanRuntime/7.3.0',
  'accept' => '*/*',
  'host' => 'www.hr.com:8083',
  'cookie' => 'PHPSESSID=obl95jgeqga5gstc8h0r8nf5r3',
  'accept-encoding' => 'gzip, deflate',
  'content-length' => '0',
  'connection' => 'keep-alive',
)
[ info ] [ PARAM ] array (
)
[ info ] [ RUN ] app\index\controller\User->asd[ G:\xampp\htdocs\car\app\index\controller\User.php ]
[ info ] [ DB ] INIT mysql
[ info ] [ LOG ] INIT File
[ sql ] [ DB ] CONNECT:[ UseTime:0.002000s ] mysql:host=127.0.0.1;port=3306;dbname=g_car4;charset=utf8
[ sql ] [ SQL ] SHOW COLUMNS FROM `car_brand` [ RunTime:0.006000s ]
[ sql ] [ SQL ] SELECT `id`,`name`,`img_id` FROM `car_brand` WHERE  (  id=842 ) LIMIT 1 [ RunTime:0.001000s ]
[ sql ] [ SQL ] SHOW COLUMNS FROM `param` [ RunTime:0.008000s ]
[ sql ] [ SQL ] SELECT `car_body` FROM `param` WHERE  (  sys='奥迪A1' ) LIMIT 1 [ RunTime:0.025000s ]
[ sql ] [ SQL ] SELECT MIN(pliang1) AS tp_min FROM `param` WHERE  (  sys='奥迪A1' ) LIMIT 1 [ RunTime:0.068000s ]
[ sql ] [ SQL ] SELECT MAX(pliang1) AS tp_max FROM `param` WHERE  (  sys='奥迪A1' ) LIMIT 1 [ RunTime:0.068000s ]
[ sql ] [ SQL ] SELECT `id`,`price` FROM `param` WHERE  (  sys='奥迪A1' ) [ RunTime:0.067000s ]
[ sql ] [ SQL ] SELECT `name` FROM `car_brand` WHERE  (  id=19 ) LIMIT 1 [ RunTime:0.001000s ]
---------------------------------------------------------------
[ 2018-10-25T19:36:16+08:00 ] 127.0.0.1 POST /index/user/asd
[ info ] www.hr.com:8083/index/user/asd [运行时间：0.272000s][吞吐率：3.68req/s] [内存消耗：2,388.30kb] [文件加载：48]
[ info ] [ LANG ] G:\xampp\htdocs\car\thinkphp\lang\zh-cn.php
[ info ] [ ROUTE ] array (
  'type' => 'module',
  'module' => 
  array (
    0 => 'index',
    1 => 'user',
    2 => 'asd',
  ),
)
[ info ] [ HEADER ] array (
  'cache-control' => 'no-cache',
  'postman-token' => '50a18932-b6be-4de0-a32f-a2589a852161',
  'user-agent' => 'PostmanRuntime/7.3.0',
  'accept' => '*/*',
  'host' => 'www.hr.com:8083',
  'cookie' => 'PHPSESSID=obl95jgeqga5gstc8h0r8nf5r3',
  'accept-encoding' => 'gzip, deflate',
  'content-length' => '0',
  'connection' => 'keep-alive',
)
[ info ] [ PARAM ] array (
)
[ info ] [ RUN ] app\index\controller\User->asd[ G:\xampp\htdocs\car\app\index\controller\User.php ]
[ info ] [ DB ] INIT mysql
[ info ] [ LOG ] INIT File
[ sql ] [ DB ] CONNECT:[ UseTime:0.010000s ] mysql:host=127.0.0.1;port=3306;dbname=g_car4;charset=utf8
[ sql ] [ SQL ] SHOW COLUMNS FROM `car_brand` [ RunTime:0.004000s ]
[ sql ] [ SQL ] SELECT `id`,`name`,`img_id` FROM `car_brand` WHERE  (  id=842 ) LIMIT 1 [ RunTime:0.001000s ]
[ sql ] [ SQL ] SHOW COLUMNS FROM `param` [ RunTime:0.006000s ]
[ sql ] [ SQL ] SELECT `car_body` FROM `param` WHERE  (  sys='奥迪A1' ) LIMIT 1 [ RunTime:0.020000s ]
[ sql ] [ SQL ] SELECT MIN(pliang1) AS tp_min FROM `param` WHERE  (  sys='奥迪A1' ) LIMIT 1 [ RunTime:0.066000s ]
[ sql ] [ SQL ] SELECT MAX(pliang1) AS tp_max FROM `param` WHERE  (  sys='奥迪A1' ) LIMIT 1 [ RunTime:0.066000s ]
[ sql ] [ SQL ] SELECT `id`,`price` FROM `param` WHERE  (  sys='奥迪A1' ) [ RunTime:0.065000s ]
[ sql ] [ SQL ] SELECT `name` FROM `car_brand` WHERE  (  id=19 ) LIMIT 1 [ RunTime:0.001000s ]
[ sql ] [ SQL ] SELECT `name` FROM `car_brand` WHERE  (  id=842 ) LIMIT 1 [ RunTime:0.001000s ]
---------------------------------------------------------------
[ 2018-10-25T19:36:46+08:00 ] 127.0.0.1 GET /carsyslist.php?sys_id=842&brand_id=19
[ info ] www.hr.com:8083/carsyslist.php?sys_id=842&brand_id=19 [运行时间：0.030000s][吞吐率：33.33req/s] [内存消耗：1,127.28kb] [文件加载：37]
[ info ] [ LANG ] G:\xampp\htdocs\car\thinkphp\lang\zh-cn.php
[ info ] [ ROUTE ] array (
  'type' => 'module',
  'module' => 
  array (
    0 => 'carsyslist.php',
    1 => NULL,
    2 => NULL,
  ),
)
[ info ] [ HEADER ] array (
  'host' => 'www.hr.com:8083',
  'connection' => 'keep-alive',
  'upgrade-insecure-requests' => '1',
  'user-agent' => 'Mozilla/5.0 (Windows NT 6.1; Win64; x64) AppleWebKit/537.36 (KHTML, like Gecko) Chrome/67.0.3396.62 Safari/537.36',
  'accept' => 'text/html,application/xhtml+xml,application/xml;q=0.9,image/webp,image/apng,*/*;q=0.8',
  'accept-encoding' => 'gzip, deflate',
  'accept-language' => 'zh-CN,zh;q=0.9',
  'cookie' => 'UM_distinctid=1665c3bd0250-02ed131810e0ca-5b163f13-1fa400-1665c3bd0272b9; CNZZDATA1273108608=1157751406-1539143650-%7C1539422485; Hm_lvt_922a7d20740f0600062b403710662cb1=1539145716,1539422460; Hm_lvt_080836300300be57b7f34f4b3e97d911=1539154281,1540172232; PHPSESSID=kdbsic0jm157er91iqk4gjnpmm',
)
[ info ] [ PARAM ] array (
  'sys_id' => '842',
  'brand_id' => '19',
)
[ info ] [ LOG ] INIT File
---------------------------------------------------------------
[ 2018-10-25T19:45:16+08:00 ] 127.0.0.1 POST /index/user/asd
[ info ] www.hr.com:8083/index/user/asd [运行时间：0.345000s][吞吐率：2.90req/s] [内存消耗：2,393.49kb] [文件加载：48]
[ info ] [ LANG ] G:\xampp\htdocs\car\thinkphp\lang\zh-cn.php
[ info ] [ ROUTE ] array (
  'type' => 'module',
  'module' => 
  array (
    0 => 'index',
    1 => 'user',
    2 => 'asd',
  ),
)
[ info ] [ HEADER ] array (
  'cache-control' => 'no-cache',
  'postman-token' => '858d3c91-55ea-4894-ac56-6288b3e528e7',
  'user-agent' => 'PostmanRuntime/7.3.0',
  'accept' => '*/*',
  'host' => 'www.hr.com:8083',
  'cookie' => 'PHPSESSID=obl95jgeqga5gstc8h0r8nf5r3',
  'accept-encoding' => 'gzip, deflate',
  'content-length' => '0',
  'connection' => 'keep-alive',
)
[ info ] [ PARAM ] array (
)
[ info ] [ RUN ] app\index\controller\User->asd[ G:\xampp\htdocs\car\app\index\controller\User.php ]
[ info ] [ DB ] INIT mysql
[ info ] [ LOG ] INIT File
[ sql ] [ DB ] CONNECT:[ UseTime:0.002000s ] mysql:host=127.0.0.1;port=3306;dbname=g_car4;charset=utf8
[ sql ] [ SQL ] SHOW COLUMNS FROM `car_brand` [ RunTime:0.004000s ]
[ sql ] [ SQL ] SELECT `id`,`name`,`img_id` FROM `car_brand` WHERE  (  id=842 ) LIMIT 1 [ RunTime:0.001000s ]
[ sql ] [ SQL ] SHOW COLUMNS FROM `param` [ RunTime:0.006000s ]
[ sql ] [ SQL ] SELECT `car_body` FROM `param` WHERE  (  sys='奥迪A1' ) LIMIT 1 [ RunTime:0.020000s ]
[ sql ] [ SQL ] SELECT MIN(pliang1) AS tp_min FROM `param` WHERE  (  sys='奥迪A1' ) LIMIT 1 [ RunTime:0.068000s ]
[ sql ] [ SQL ] SELECT MAX(pliang1) AS tp_max FROM `param` WHERE  (  sys='奥迪A1' ) LIMIT 1 [ RunTime:0.067000s ]
[ sql ] [ SQL ] SELECT `id`,`price` FROM `param` WHERE  (  sys='奥迪A1' ) [ RunTime:0.067000s ]
[ sql ] [ SQL ] SELECT `name` FROM `car_brand` WHERE  (  id=19 ) LIMIT 1 [ RunTime:0.000000s ]
[ sql ] [ SQL ] SELECT `name` FROM `car_brand` WHERE  (  id=842 ) LIMIT 1 [ RunTime:0.001000s ]
[ sql ] [ SQL ] SELECT `id`,`cartype`,`price`,`motor`,`jqxings` FROM `param` WHERE  (  brand='奥迪' and sys='奥迪A1' and years like '%2018款%' ) [ RunTime:0.071000s ]
---------------------------------------------------------------
[ 2018-10-25T19:46:06+08:00 ] 127.0.0.1 POST /index/user/asd
[ info ] www.hr.com:8083/index/user/asd [运行时间：0.353000s][吞吐率：2.83req/s] [内存消耗：2,393.49kb] [文件加载：48]
[ info ] [ LANG ] G:\xampp\htdocs\car\thinkphp\lang\zh-cn.php
[ info ] [ ROUTE ] array (
  'type' => 'module',
  'module' => 
  array (
    0 => 'index',
    1 => 'user',
    2 => 'asd',
  ),
)
[ info ] [ HEADER ] array (
  'cache-control' => 'no-cache',
  'postman-token' => 'ca5277b0-90ce-4c09-8aeb-e86427edf6b8',
  'user-agent' => 'PostmanRuntime/7.3.0',
  'accept' => '*/*',
  'host' => 'www.hr.com:8083',
  'cookie' => 'PHPSESSID=obl95jgeqga5gstc8h0r8nf5r3',
  'accept-encoding' => 'gzip, deflate',
  'content-length' => '0',
  'connection' => 'keep-alive',
)
[ info ] [ PARAM ] array (
)
[ info ] [ RUN ] app\index\controller\User->asd[ G:\xampp\htdocs\car\app\index\controller\User.php ]
[ info ] [ DB ] INIT mysql
[ info ] [ LOG ] INIT File
[ sql ] [ DB ] CONNECT:[ UseTime:0.010000s ] mysql:host=127.0.0.1;port=3306;dbname=g_car4;charset=utf8
[ sql ] [ SQL ] SHOW COLUMNS FROM `car_brand` [ RunTime:0.005000s ]
[ sql ] [ SQL ] SELECT `id`,`name`,`img_id` FROM `car_brand` WHERE  (  id=842 ) LIMIT 1 [ RunTime:0.000000s ]
[ sql ] [ SQL ] SHOW COLUMNS FROM `param` [ RunTime:0.006000s ]
[ sql ] [ SQL ] SELECT `car_body` FROM `param` WHERE  (  sys='奥迪A1' ) LIMIT 1 [ RunTime:0.020000s ]
[ sql ] [ SQL ] SELECT MIN(pliang1) AS tp_min FROM `param` WHERE  (  sys='奥迪A1' ) LIMIT 1 [ RunTime:0.067000s ]
[ sql ] [ SQL ] SELECT MAX(pliang1) AS tp_max FROM `param` WHERE  (  sys='奥迪A1' ) LIMIT 1 [ RunTime:0.068000s ]
[ sql ] [ SQL ] SELECT `id`,`price` FROM `param` WHERE  (  sys='奥迪A1' ) [ RunTime:0.070000s ]
[ sql ] [ SQL ] SELECT `name` FROM `car_brand` WHERE  (  id=19 ) LIMIT 1 [ RunTime:0.001000s ]
[ sql ] [ SQL ] SELECT `name` FROM `car_brand` WHERE  (  id=842 ) LIMIT 1 [ RunTime:0.001000s ]
[ sql ] [ SQL ] SELECT `id`,`cartype`,`price`,`motor`,`jqxings` FROM `param` WHERE  (  brand='奥迪' and sys='奥迪A1' and years like '%2018款%' ) [ RunTime:0.070000s ]
---------------------------------------------------------------
[ 2018-10-25T19:55:00+08:00 ] 127.0.0.1 GET /carsyslist.php?sys_id=842&brand_id=19
[ info ] www.hr.com:8083/carsyslist.php?sys_id=842&brand_id=19 [运行时间：0.031000s][吞吐率：32.26req/s] [内存消耗：1,127.83kb] [文件加载：37]
[ info ] [ LANG ] G:\xampp\htdocs\car\thinkphp\lang\zh-cn.php
[ info ] [ ROUTE ] array (
  'type' => 'module',
  'module' => 
  array (
    0 => 'carsyslist.php',
    1 => NULL,
    2 => NULL,
  ),
)
[ info ] [ HEADER ] array (
  'host' => 'www.hr.com:8083',
  'connection' => 'keep-alive',
  'cache-control' => 'max-age=0',
  'upgrade-insecure-requests' => '1',
  'user-agent' => 'Mozilla/5.0 (Windows NT 6.1; Win64; x64) AppleWebKit/537.36 (KHTML, like Gecko) Chrome/67.0.3396.62 Safari/537.36',
  'accept' => 'text/html,application/xhtml+xml,application/xml;q=0.9,image/webp,image/apng,*/*;q=0.8',
  'accept-encoding' => 'gzip, deflate',
  'accept-language' => 'zh-CN,zh;q=0.9',
  'cookie' => 'UM_distinctid=1665c3bd0250-02ed131810e0ca-5b163f13-1fa400-1665c3bd0272b9; CNZZDATA1273108608=1157751406-1539143650-%7C1539422485; Hm_lvt_922a7d20740f0600062b403710662cb1=1539145716,1539422460; Hm_lvt_080836300300be57b7f34f4b3e97d911=1539154281,1540172232; PHPSESSID=kdbsic0jm157er91iqk4gjnpmm',
)
[ info ] [ PARAM ] array (
  'sys_id' => '842',
  'brand_id' => '19',
)
[ info ] [ LOG ] INIT File
---------------------------------------------------------------
[ 2018-10-25T19:55:05+08:00 ] 127.0.0.1 POST /index/user/asd
[ info ] www.hr.com:8083/index/user/asd [运行时间：0.356000s][吞吐率：2.81req/s] [内存消耗：2,393.49kb] [文件加载：48]
[ info ] [ LANG ] G:\xampp\htdocs\car\thinkphp\lang\zh-cn.php
[ info ] [ ROUTE ] array (
  'type' => 'module',
  'module' => 
  array (
    0 => 'index',
    1 => 'user',
    2 => 'asd',
  ),
)
[ info ] [ HEADER ] array (
  'cache-control' => 'no-cache',
  'postman-token' => '65385de0-b697-42d0-a759-413fa6b28a5e',
  'user-agent' => 'PostmanRuntime/7.3.0',
  'accept' => '*/*',
  'host' => 'www.hr.com:8083',
  'cookie' => 'PHPSESSID=obl95jgeqga5gstc8h0r8nf5r3',
  'accept-encoding' => 'gzip, deflate',
  'content-length' => '0',
  'connection' => 'keep-alive',
)
[ info ] [ PARAM ] array (
)
[ info ] [ RUN ] app\index\controller\User->asd[ G:\xampp\htdocs\car\app\index\controller\User.php ]
[ info ] [ DB ] INIT mysql
[ info ] [ LOG ] INIT File
[ sql ] [ DB ] CONNECT:[ UseTime:0.010000s ] mysql:host=127.0.0.1;port=3306;dbname=g_car4;charset=utf8
[ sql ] [ SQL ] SHOW COLUMNS FROM `car_brand` [ RunTime:0.003000s ]
[ sql ] [ SQL ] SELECT `id`,`name`,`img_id` FROM `car_brand` WHERE  (  id=842 ) LIMIT 1 [ RunTime:0.000000s ]
[ sql ] [ SQL ] SHOW COLUMNS FROM `param` [ RunTime:0.006000s ]
[ sql ] [ SQL ] SELECT `car_body` FROM `param` WHERE  (  sys='奥迪A1' ) LIMIT 1 [ RunTime:0.020000s ]
[ sql ] [ SQL ] SELECT MIN(pliang1) AS tp_min FROM `param` WHERE  (  sys='奥迪A1' ) LIMIT 1 [ RunTime:0.068000s ]
[ sql ] [ SQL ] SELECT MAX(pliang1) AS tp_max FROM `param` WHERE  (  sys='奥迪A1' ) LIMIT 1 [ RunTime:0.068000s ]
[ sql ] [ SQL ] SELECT `id`,`price` FROM `param` WHERE  (  sys='奥迪A1' ) [ RunTime:0.072000s ]
[ sql ] [ SQL ] SELECT `name` FROM `car_brand` WHERE  (  id=19 ) LIMIT 1 [ RunTime:0.001000s ]
[ sql ] [ SQL ] SELECT `name` FROM `car_brand` WHERE  (  id=842 ) LIMIT 1 [ RunTime:0.001000s ]
[ sql ] [ SQL ] SELECT `id`,`cartype`,`price`,`motor`,`jqxings` FROM `param` WHERE  (  brand='奥迪' and sys='奥迪A1' and years like '%2018款%' ) [ RunTime:0.069000s ]
---------------------------------------------------------------
[ 2018-10-25T19:55:48+08:00 ] 127.0.0.1 POST /index/user/asd
[ info ] www.hr.com:8083/index/user/asd [运行时间：0.347000s][吞吐率：2.88req/s] [内存消耗：2,395.87kb] [文件加载：48]
[ info ] [ LANG ] G:\xampp\htdocs\car\thinkphp\lang\zh-cn.php
[ info ] [ ROUTE ] array (
  'type' => 'module',
  'module' => 
  array (
    0 => 'index',
    1 => 'user',
    2 => 'asd',
  ),
)
[ info ] [ HEADER ] array (
  'cache-control' => 'no-cache',
  'postman-token' => 'c429199d-34a9-4ba1-8a67-b07ce609e2c8',
  'user-agent' => 'PostmanRuntime/7.3.0',
  'accept' => '*/*',
  'host' => 'www.hr.com:8083',
  'cookie' => 'PHPSESSID=obl95jgeqga5gstc8h0r8nf5r3',
  'accept-encoding' => 'gzip, deflate',
  'content-length' => '0',
  'connection' => 'keep-alive',
)
[ info ] [ PARAM ] array (
)
[ info ] [ RUN ] app\index\controller\User->asd[ G:\xampp\htdocs\car\app\index\controller\User.php ]
[ info ] [ DB ] INIT mysql
[ info ] [ LOG ] INIT File
[ sql ] [ DB ] CONNECT:[ UseTime:0.001000s ] mysql:host=127.0.0.1;port=3306;dbname=g_car4;charset=utf8
[ sql ] [ SQL ] SHOW COLUMNS FROM `car_brand` [ RunTime:0.004000s ]
[ sql ] [ SQL ] SELECT `id`,`name`,`img_id` FROM `car_brand` WHERE  (  id=842 ) LIMIT 1 [ RunTime:0.001000s ]
[ sql ] [ SQL ] SHOW COLUMNS FROM `param` [ RunTime:0.007000s ]
[ sql ] [ SQL ] SELECT `car_body` FROM `param` WHERE  (  sys='奥迪A1' ) LIMIT 1 [ RunTime:0.020000s ]
[ sql ] [ SQL ] SELECT MIN(pliang1) AS tp_min FROM `param` WHERE  (  sys='奥迪A1' ) LIMIT 1 [ RunTime:0.068000s ]
[ sql ] [ SQL ] SELECT MAX(pliang1) AS tp_max FROM `param` WHERE  (  sys='奥迪A1' ) LIMIT 1 [ RunTime:0.067000s ]
[ sql ] [ SQL ] SELECT `id`,`price` FROM `param` WHERE  (  sys='奥迪A1' ) [ RunTime:0.069000s ]
[ sql ] [ SQL ] SELECT `name` FROM `car_brand` WHERE  (  id=19 ) LIMIT 1 [ RunTime:0.001000s ]
[ sql ] [ SQL ] SELECT `name` FROM `car_brand` WHERE  (  id=842 ) LIMIT 1 [ RunTime:0.001000s ]
[ sql ] [ SQL ] SELECT `id`,`cartype`,`price`,`motor`,`jqxings` FROM `param` WHERE  (  brand='奥迪' and sys='奥迪A1' and years like '%2018款%' ) [ RunTime:0.070000s ]
---------------------------------------------------------------
[ 2018-10-25T20:20:06+08:00 ] 127.0.0.1 POST /index/user/asd
[ info ] www.hr.com:8083/index/user/asd [运行时间：0.351000s][吞吐率：2.85req/s] [内存消耗：2,405.48kb] [文件加载：48]
[ info ] [ LANG ] G:\xampp\htdocs\car\thinkphp\lang\zh-cn.php
[ info ] [ ROUTE ] array (
  'type' => 'module',
  'module' => 
  array (
    0 => 'index',
    1 => 'user',
    2 => 'asd',
  ),
)
[ info ] [ HEADER ] array (
  'cache-control' => 'no-cache',
  'postman-token' => '645b8d99-70d0-4bd1-8d62-f1031ea1c37b',
  'user-agent' => 'PostmanRuntime/7.3.0',
  'accept' => '*/*',
  'host' => 'www.hr.com:8083',
  'cookie' => 'PHPSESSID=obl95jgeqga5gstc8h0r8nf5r3',
  'accept-encoding' => 'gzip, deflate',
  'content-length' => '0',
  'connection' => 'keep-alive',
)
[ info ] [ PARAM ] array (
)
[ info ] [ RUN ] app\index\controller\User->asd[ G:\xampp\htdocs\car\app\index\controller\User.php ]
[ info ] [ DB ] INIT mysql
[ info ] [ LOG ] INIT File
[ sql ] [ DB ] CONNECT:[ UseTime:0.010000s ] mysql:host=127.0.0.1;port=3306;dbname=g_car4;charset=utf8
[ sql ] [ SQL ] SHOW COLUMNS FROM `car_brand` [ RunTime:0.005000s ]
[ sql ] [ SQL ] SELECT `id`,`name`,`img_id` FROM `car_brand` WHERE  (  id=842 ) LIMIT 1 [ RunTime:0.001000s ]
[ sql ] [ SQL ] SHOW COLUMNS FROM `param` [ RunTime:0.006000s ]
[ sql ] [ SQL ] SELECT `car_body` FROM `param` WHERE  (  sys='奥迪A1' ) LIMIT 1 [ RunTime:0.020000s ]
[ sql ] [ SQL ] SELECT MIN(pliang1) AS tp_min FROM `param` WHERE  (  sys='奥迪A1' ) LIMIT 1 [ RunTime:0.066000s ]
[ sql ] [ SQL ] SELECT MAX(pliang1) AS tp_max FROM `param` WHERE  (  sys='奥迪A1' ) LIMIT 1 [ RunTime:0.067000s ]
[ sql ] [ SQL ] SELECT `id`,`price` FROM `param` WHERE  (  sys='奥迪A1' ) [ RunTime:0.066000s ]
[ sql ] [ SQL ] SELECT `name` FROM `car_brand` WHERE  (  id=19 ) LIMIT 1 [ RunTime:0.001000s ]
[ sql ] [ SQL ] SELECT `name` FROM `car_brand` WHERE  (  id=842 ) LIMIT 1 [ RunTime:0.000000s ]
[ sql ] [ SQL ] SELECT `id`,`cartype`,`price`,`motor`,`jqxings` FROM `param` WHERE  (  brand='奥迪' and sys='奥迪A1' and years like '%2018款%' ) [ RunTime:0.066000s ]
[ sql ] [ SQL ] SHOW COLUMNS FROM `new_car` [ RunTime:0.005000s ]
[ sql ] [ SQL ] SELECT `a`.`id`,`a`.`brand_id`,`a`.`sys_id`,`a`.`cartype_id` FROM `new_car` `a` INNER JOIN `rele_param` `` ON `pu_id`=`a`.`id` WHERE  (  param_id=8840 and type=1 ) LIMIT 1 [ RunTime:0.000000s ]
---------------------------------------------------------------
[ 2018-10-25T20:32:17+08:00 ] 127.0.0.1 POST /index/user/asd
[ info ] www.hr.com:8083/index/user/asd [运行时间：0.351000s][吞吐率：2.85req/s] [内存消耗：2,405.48kb] [文件加载：48]
[ info ] [ LANG ] G:\xampp\htdocs\car\thinkphp\lang\zh-cn.php
[ info ] [ ROUTE ] array (
  'type' => 'module',
  'module' => 
  array (
    0 => 'index',
    1 => 'user',
    2 => 'asd',
  ),
)
[ info ] [ HEADER ] array (
  'cache-control' => 'no-cache',
  'postman-token' => '41d395e7-bf55-45ef-a0a8-ba4b064302db',
  'user-agent' => 'PostmanRuntime/7.3.0',
  'accept' => '*/*',
  'host' => 'www.hr.com:8083',
  'cookie' => 'PHPSESSID=obl95jgeqga5gstc8h0r8nf5r3',
  'accept-encoding' => 'gzip, deflate',
  'content-length' => '0',
  'connection' => 'keep-alive',
)
[ info ] [ PARAM ] array (
)
[ info ] [ RUN ] app\index\controller\User->asd[ G:\xampp\htdocs\car\app\index\controller\User.php ]
[ info ] [ DB ] INIT mysql
[ info ] [ LOG ] INIT File
[ sql ] [ DB ] CONNECT:[ UseTime:0.010000s ] mysql:host=127.0.0.1;port=3306;dbname=g_car4;charset=utf8
[ sql ] [ SQL ] SHOW COLUMNS FROM `car_brand` [ RunTime:0.005000s ]
[ sql ] [ SQL ] SELECT `id`,`name`,`img_id` FROM `car_brand` WHERE  (  id=842 ) LIMIT 1 [ RunTime:0.001000s ]
[ sql ] [ SQL ] SHOW COLUMNS FROM `param` [ RunTime:0.006000s ]
[ sql ] [ SQL ] SELECT `car_body` FROM `param` WHERE  (  sys='奥迪A1' ) LIMIT 1 [ RunTime:0.019000s ]
[ sql ] [ SQL ] SELECT MIN(pliang1) AS tp_min FROM `param` WHERE  (  sys='奥迪A1' ) LIMIT 1 [ RunTime:0.067000s ]
[ sql ] [ SQL ] SELECT MAX(pliang1) AS tp_max FROM `param` WHERE  (  sys='奥迪A1' ) LIMIT 1 [ RunTime:0.066000s ]
[ sql ] [ SQL ] SELECT `id`,`price` FROM `param` WHERE  (  sys='奥迪A1' ) [ RunTime:0.067000s ]
[ sql ] [ SQL ] SELECT `name` FROM `car_brand` WHERE  (  id=19 ) LIMIT 1 [ RunTime:0.001000s ]
[ sql ] [ SQL ] SELECT `name` FROM `car_brand` WHERE  (  id=842 ) LIMIT 1 [ RunTime:0.000000s ]
[ sql ] [ SQL ] SELECT `id`,`cartype`,`price`,`motor`,`jqxings` FROM `param` WHERE  (  brand='奥迪' and sys='奥迪A1' and years like '%2018款%' ) [ RunTime:0.066000s ]
[ sql ] [ SQL ] SHOW COLUMNS FROM `new_car` [ RunTime:0.005000s ]
[ sql ] [ SQL ] SELECT `a`.`id`,`a`.`brand_id`,`a`.`sys_id`,`a`.`cartype_id` FROM `new_car` `a` INNER JOIN `rele_param` `` ON `pu_id`=`a`.`id` WHERE  (  param_id=8840 and type=1 ) LIMIT 1 [ RunTime:0.001000s ]
---------------------------------------------------------------
[ 2018-10-25T20:32:53+08:00 ] 127.0.0.1 POST /index/user/asd
[ info ] www.hr.com:8083/index/user/asd [运行时间：0.346000s][吞吐率：2.89req/s] [内存消耗：2,407.91kb] [文件加载：48]
[ info ] [ LANG ] G:\xampp\htdocs\car\thinkphp\lang\zh-cn.php
[ info ] [ ROUTE ] array (
  'type' => 'module',
  'module' => 
  array (
    0 => 'index',
    1 => 'user',
    2 => 'asd',
  ),
)
[ info ] [ HEADER ] array (
  'cache-control' => 'no-cache',
  'postman-token' => 'b3677c24-1e92-4955-bb3c-bd5348fb844f',
  'user-agent' => 'PostmanRuntime/7.3.0',
  'accept' => '*/*',
  'host' => 'www.hr.com:8083',
  'cookie' => 'PHPSESSID=obl95jgeqga5gstc8h0r8nf5r3',
  'accept-encoding' => 'gzip, deflate',
  'content-length' => '0',
  'connection' => 'keep-alive',
)
[ info ] [ PARAM ] array (
)
[ info ] [ RUN ] app\index\controller\User->asd[ G:\xampp\htdocs\car\app\index\controller\User.php ]
[ info ] [ DB ] INIT mysql
[ info ] [ LOG ] INIT File
[ sql ] [ DB ] CONNECT:[ UseTime:0.001000s ] mysql:host=127.0.0.1;port=3306;dbname=g_car4;charset=utf8
[ sql ] [ SQL ] SHOW COLUMNS FROM `car_brand` [ RunTime:0.005000s ]
[ sql ] [ SQL ] SELECT `id`,`name`,`img_id` FROM `car_brand` WHERE  (  id=842 ) LIMIT 1 [ RunTime:0.001000s ]
[ sql ] [ SQL ] SHOW COLUMNS FROM `param` [ RunTime:0.006000s ]
[ sql ] [ SQL ] SELECT `car_body` FROM `param` WHERE  (  sys='奥迪A1' ) LIMIT 1 [ RunTime:0.020000s ]
[ sql ] [ SQL ] SELECT MIN(pliang1) AS tp_min FROM `param` WHERE  (  sys='奥迪A1' ) LIMIT 1 [ RunTime:0.070000s ]
[ sql ] [ SQL ] SELECT MAX(pliang1) AS tp_max FROM `param` WHERE  (  sys='奥迪A1' ) LIMIT 1 [ RunTime:0.067000s ]
[ sql ] [ SQL ] SELECT `id`,`price` FROM `param` WHERE  (  sys='奥迪A1' ) [ RunTime:0.067000s ]
[ sql ] [ SQL ] SELECT `name` FROM `car_brand` WHERE  (  id=19 ) LIMIT 1 [ RunTime:0.001000s ]
[ sql ] [ SQL ] SELECT `name` FROM `car_brand` WHERE  (  id=842 ) LIMIT 1 [ RunTime:0.001000s ]
[ sql ] [ SQL ] SELECT `id`,`cartype`,`price`,`motor`,`jqxings` FROM `param` WHERE  (  brand='奥迪' and sys='奥迪A1' and years like '%2018款%' ) [ RunTime:0.068000s ]
[ sql ] [ SQL ] SHOW COLUMNS FROM `new_car` [ RunTime:0.005000s ]
[ sql ] [ SQL ] SELECT `a`.`id`,`a`.`brand_id`,`a`.`sys_id`,`a`.`cartype_id` FROM `new_car` `a` INNER JOIN `rele_param` `` ON `pu_id`=`a`.`id` WHERE  (  param_id=8840 and type=1 ) LIMIT 1 [ RunTime:0.001000s ]
---------------------------------------------------------------
[ 2018-10-25T20:33:19+08:00 ] 127.0.0.1 POST /index/user/asd
[ info ] www.hr.com:8083/index/user/asd [运行时间：0.361000s][吞吐率：2.77req/s] [内存消耗：2,407.91kb] [文件加载：48]
[ info ] [ LANG ] G:\xampp\htdocs\car\thinkphp\lang\zh-cn.php
[ info ] [ ROUTE ] array (
  'type' => 'module',
  'module' => 
  array (
    0 => 'index',
    1 => 'user',
    2 => 'asd',
  ),
)
[ info ] [ HEADER ] array (
  'cache-control' => 'no-cache',
  'postman-token' => '9e7eb01b-557a-4d44-b623-146e4abc5b0b',
  'user-agent' => 'PostmanRuntime/7.3.0',
  'accept' => '*/*',
  'host' => 'www.hr.com:8083',
  'cookie' => 'PHPSESSID=obl95jgeqga5gstc8h0r8nf5r3',
  'accept-encoding' => 'gzip, deflate',
  'content-length' => '0',
  'connection' => 'keep-alive',
)
[ info ] [ PARAM ] array (
)
[ info ] [ RUN ] app\index\controller\User->asd[ G:\xampp\htdocs\car\app\index\controller\User.php ]
[ info ] [ DB ] INIT mysql
[ info ] [ LOG ] INIT File
[ sql ] [ DB ] CONNECT:[ UseTime:0.011000s ] mysql:host=127.0.0.1;port=3306;dbname=g_car4;charset=utf8
[ sql ] [ SQL ] SHOW COLUMNS FROM `car_brand` [ RunTime:0.005000s ]
[ sql ] [ SQL ] SELECT `id`,`name`,`img_id` FROM `car_brand` WHERE  (  id=842 ) LIMIT 1 [ RunTime:0.000000s ]
[ sql ] [ SQL ] SHOW COLUMNS FROM `param` [ RunTime:0.007000s ]
[ sql ] [ SQL ] SELECT `car_body` FROM `param` WHERE  (  sys='奥迪A1' ) LIMIT 1 [ RunTime:0.020000s ]
[ sql ] [ SQL ] SELECT MIN(pliang1) AS tp_min FROM `param` WHERE  (  sys='奥迪A1' ) LIMIT 1 [ RunTime:0.071000s ]
[ sql ] [ SQL ] SELECT MAX(pliang1) AS tp_max FROM `param` WHERE  (  sys='奥迪A1' ) LIMIT 1 [ RunTime:0.069000s ]
[ sql ] [ SQL ] SELECT `id`,`price` FROM `param` WHERE  (  sys='奥迪A1' ) [ RunTime:0.069000s ]
[ sql ] [ SQL ] SELECT `name` FROM `car_brand` WHERE  (  id=19 ) LIMIT 1 [ RunTime:0.001000s ]
[ sql ] [ SQL ] SELECT `name` FROM `car_brand` WHERE  (  id=842 ) LIMIT 1 [ RunTime:0.001000s ]
[ sql ] [ SQL ] SELECT `id`,`cartype`,`price`,`motor`,`jqxings` FROM `param` WHERE  (  brand='奥迪' and sys='奥迪A1' and years like '%2018款%' ) [ RunTime:0.069000s ]
[ sql ] [ SQL ] SHOW COLUMNS FROM `new_car` [ RunTime:0.005000s ]
[ sql ] [ SQL ] SELECT `a`.`id`,`a`.`brand_id`,`a`.`sys_id`,`a`.`cartype_id` FROM `new_car` `a` INNER JOIN `rele_param` `` ON `pu_id`=`a`.`id` WHERE  (  param_id=8840 and type=1 ) LIMIT 1 [ RunTime:0.002000s ]
---------------------------------------------------------------
[ 2018-10-25T20:35:29+08:00 ] 127.0.0.1 POST /index/user/asd
[ info ] www.hr.com:8083/index/user/asd [运行时间：0.357000s][吞吐率：2.80req/s] [内存消耗：2,397.74kb] [文件加载：48]
[ info ] [ LANG ] G:\xampp\htdocs\car\thinkphp\lang\zh-cn.php
[ info ] [ ROUTE ] array (
  'type' => 'module',
  'module' => 
  array (
    0 => 'index',
    1 => 'user',
    2 => 'asd',
  ),
)
[ info ] [ HEADER ] array (
  'cache-control' => 'no-cache',
  'postman-token' => '2f31a891-8fd3-46a8-af1f-e785d72dfd41',
  'user-agent' => 'PostmanRuntime/7.3.0',
  'accept' => '*/*',
  'host' => 'www.hr.com:8083',
  'cookie' => 'PHPSESSID=obl95jgeqga5gstc8h0r8nf5r3',
  'accept-encoding' => 'gzip, deflate',
  'content-length' => '0',
  'connection' => 'keep-alive',
)
[ info ] [ PARAM ] array (
)
[ info ] [ RUN ] app\index\controller\User->asd[ G:\xampp\htdocs\car\app\index\controller\User.php ]
[ info ] [ DB ] INIT mysql
[ info ] [ LOG ] INIT File
[ sql ] [ DB ] CONNECT:[ UseTime:0.011000s ] mysql:host=127.0.0.1;port=3306;dbname=g_car4;charset=utf8
[ sql ] [ SQL ] SHOW COLUMNS FROM `car_brand` [ RunTime:0.004000s ]
[ sql ] [ SQL ] SELECT `id`,`name`,`img_id` FROM `car_brand` WHERE  (  id=842 ) LIMIT 1 [ RunTime:0.001000s ]
[ sql ] [ SQL ] SHOW COLUMNS FROM `param` [ RunTime:0.007000s ]
[ sql ] [ SQL ] SELECT `car_body` FROM `param` WHERE  (  sys='奥迪A1' ) LIMIT 1 [ RunTime:0.020000s ]
[ sql ] [ SQL ] SELECT MIN(pliang1) AS tp_min FROM `param` WHERE  (  sys='奥迪A1' ) LIMIT 1 [ RunTime:0.069000s ]
[ sql ] [ SQL ] SELECT MAX(pliang1) AS tp_max FROM `param` WHERE  (  sys='奥迪A1' ) LIMIT 1 [ RunTime:0.068000s ]
[ sql ] [ SQL ] SELECT `id`,`price` FROM `param` WHERE  (  sys='奥迪A1' ) [ RunTime:0.071000s ]
[ sql ] [ SQL ] SELECT `name` FROM `car_brand` WHERE  (  id=19 ) LIMIT 1 [ RunTime:0.001000s ]
[ sql ] [ SQL ] SELECT `name` FROM `car_brand` WHERE  (  id=842 ) LIMIT 1 [ RunTime:0.001000s ]
[ sql ] [ SQL ] SELECT `id`,`cartype`,`price`,`motor`,`jqxings` FROM `param` WHERE  (  brand='奥迪' and sys='奥迪A1' and years like '%2018款%' ) [ RunTime:0.068000s ]
---------------------------------------------------------------
[ 2018-10-25T20:37:59+08:00 ] 127.0.0.1 POST /index/user/asd
[ info ] www.hr.com:8083/index/user/asd [运行时间：0.354000s][吞吐率：2.82req/s] [内存消耗：2,397.74kb] [文件加载：48]
[ info ] [ LANG ] G:\xampp\htdocs\car\thinkphp\lang\zh-cn.php
[ info ] [ ROUTE ] array (
  'type' => 'module',
  'module' => 
  array (
    0 => 'index',
    1 => 'user',
    2 => 'asd',
  ),
)
[ info ] [ HEADER ] array (
  'cache-control' => 'no-cache',
  'postman-token' => '38473e38-cf95-4cbb-8ced-ef6eadeaf16e',
  'user-agent' => 'PostmanRuntime/7.3.0',
  'accept' => '*/*',
  'host' => 'www.hr.com:8083',
  'cookie' => 'PHPSESSID=obl95jgeqga5gstc8h0r8nf5r3',
  'accept-encoding' => 'gzip, deflate',
  'content-length' => '0',
  'connection' => 'keep-alive',
)
[ info ] [ PARAM ] array (
)
[ info ] [ RUN ] app\index\controller\User->asd[ G:\xampp\htdocs\car\app\index\controller\User.php ]
[ info ] [ DB ] INIT mysql
[ info ] [ LOG ] INIT File
[ sql ] [ DB ] CONNECT:[ UseTime:0.010000s ] mysql:host=127.0.0.1;port=3306;dbname=g_car4;charset=utf8
[ sql ] [ SQL ] SHOW COLUMNS FROM `car_brand` [ RunTime:0.004000s ]
[ sql ] [ SQL ] SELECT `id`,`name`,`img_id` FROM `car_brand` WHERE  (  id=842 ) LIMIT 1 [ RunTime:0.000000s ]
[ sql ] [ SQL ] SHOW COLUMNS FROM `param` [ RunTime:0.006000s ]
[ sql ] [ SQL ] SELECT `car_body` FROM `param` WHERE  (  sys='奥迪A1' ) LIMIT 1 [ RunTime:0.020000s ]
[ sql ] [ SQL ] SELECT MIN(pliang1) AS tp_min FROM `param` WHERE  (  sys='奥迪A1' ) LIMIT 1 [ RunTime:0.068000s ]
[ sql ] [ SQL ] SELECT MAX(pliang1) AS tp_max FROM `param` WHERE  (  sys='奥迪A1' ) LIMIT 1 [ RunTime:0.069000s ]
[ sql ] [ SQL ] SELECT `id`,`price` FROM `param` WHERE  (  sys='奥迪A1' ) [ RunTime:0.068000s ]
[ sql ] [ SQL ] SELECT `name` FROM `car_brand` WHERE  (  id=19 ) LIMIT 1 [ RunTime:0.001000s ]
[ sql ] [ SQL ] SELECT `name` FROM `car_brand` WHERE  (  id=842 ) LIMIT 1 [ RunTime:0.001000s ]
[ sql ] [ SQL ] SELECT `id`,`cartype`,`price`,`motor`,`jqxings` FROM `param` WHERE  (  brand='奥迪' and sys='奥迪A1' and years like '%2018款%' ) [ RunTime:0.068000s ]
