---------------------------------------------------------------
[ 2018-10-27T17:07:48+08:00 ] 127.0.0.1 GET /index/index/index.html
[ info ] www.hr.com:8083/index/index/index.html [运行时间：0.370000s][吞吐率：2.70req/s] [内存消耗：2,903.06kb] [文件加载：52]
[ info ] [ LANG ] G:\xampp\htdocs\car\thinkphp\lang\zh-cn.php
[ info ] [ ROUTE ] array (
  'type' => 'module',
  'module' => 
  array (
    0 => 'index',
    1 => 'index',
    2 => 'index',
  ),
)
[ info ] [ HEADER ] array (
  'host' => 'www.hr.com:8083',
  'connection' => 'keep-alive',
  'upgrade-insecure-requests' => '1',
  'user-agent' => 'Mozilla/5.0 (Windows NT 6.1; Win64; x64) AppleWebKit/537.36 (KHTML, like Gecko) Chrome/67.0.3396.62 Safari/537.36',
  'accept' => 'text/html,application/xhtml+xml,application/xml;q=0.9,image/webp,image/apng,*/*;q=0.8',
  'referer' => 'http://www.hr.com:8083/index/index/index.html',
  'accept-encoding' => 'gzip, deflate',
  'accept-language' => 'zh-CN,zh;q=0.9',
  'cookie' => 'UM_distinctid=1665c3bd0250-02ed131810e0ca-5b163f13-1fa400-1665c3bd0272b9; CNZZDATA1273108608=1157751406-1539143650-%7C1539422485; Hm_lvt_922a7d20740f0600062b403710662cb1=1539145716,1539422460; Hm_lvt_080836300300be57b7f34f4b3e97d911=1539154281,1540172232; PHPSESSID=ci5cgnbcett6q90tufjabcvr8g',
)
[ info ] [ PARAM ] array (
)
[ info ] [ RUN ] app\index\controller\Index->index[ G:\xampp\htdocs\car\app\index\controller\Index.php ]
[ info ] [ DB ] INIT mysql
[ info ] [ VIEW ] G:\xampp\htdocs\car\public/../app/index\view\index\index.html [ array (
  0 => 'banner',
  1 => 'brand',
  2 => 'price',
  3 => 'subface',
  4 => 'new_car',
  5 => 'er_car',
  6 => 'car_zero',
  7 => 'new1',
  8 => 'new2',
  9 => 'new3',
  10 => 'new4',
  11 => 'new5',
) ]
[ info ] [ SESSION ] INIT array (
  'id' => '',
  'var_session_id' => '',
  'prefix' => 'think',
  'type' => '',
  'auto_start' => true,
)
[ info ] [ LOG ] INIT File
[ sql ] [ DB ] CONNECT:[ UseTime:0.002000s ] mysql:host=127.0.0.1;port=3306;dbname=g_car4;charset=utf8
[ sql ] [ SQL ] SHOW COLUMNS FROM `city` [ RunTime:0.007000s ]
[ sql ] [ SQL ] SELECT `id` FROM `city` WHERE  (  name like '%郑州%' ) LIMIT 1 [ RunTime:0.001000s ]
[ sql ] [ SQL ] SHOW COLUMNS FROM `home_car_app` [ RunTime:0.008000s ]
[ sql ] [ SQL ] SELECT * FROM `home_car_app` WHERE  (  city_id=1 ) ORDER BY `sort` ASC [ RunTime:0.001000s ]
[ sql ] [ SQL ] SHOW COLUMNS FROM `car_brand` [ RunTime:0.007000s ]
[ sql ] [ SQL ] SELECT `id`,`img_id`,`name` FROM `car_brand` WHERE  (  id in (1,9,10,19,20,22) ) [ RunTime:0.018000s ]
[ sql ] [ SQL ] SHOW COLUMNS FROM `price_range` [ RunTime:0.007000s ]
[ sql ] [ SQL ] SELECT price_id as id,`name` FROM `price_range` ORDER BY `level` ASC LIMIT 4 [ RunTime:0.001000s ]
[ sql ] [ SQL ] SHOW COLUMNS FROM `subface` [ RunTime:0.007000s ]
[ sql ] [ SQL ] SELECT face_id as id,`name`,`img` FROM `subface` ORDER BY `level` ASC LIMIT 5 [ RunTime:0.000000s ]
[ sql ] [ SQL ] SHOW COLUMNS FROM `new_car` [ RunTime:0.008000s ]
[ sql ] [ SQL ] SELECT `id`,`brand_id`,`sys_id`,`cartype_id`,`price`,`img_300`,`pay10_s2`,`pay10_y2`,`pay10_n2` FROM `new_car` WHERE  (  is_tj=1 and status=1 and city_id=1 ) ORDER BY `create_time` DESC LIMIT 20 [ RunTime:0.003000s ]
[ sql ] [ SQL ] SELECT `name`,`upid` FROM `car_brand` WHERE  `id` = '26748' LIMIT 1 [ RunTime:0.001000s ]
[ sql ] [ SQL ] SELECT `name` FROM `car_brand` WHERE  `id` = '1853' LIMIT 1 [ RunTime:0.001000s ]
[ sql ] [ SQL ] SELECT `name`,`upid` FROM `car_brand` WHERE  `id` = '26758' LIMIT 1 [ RunTime:0.001000s ]
[ sql ] [ SQL ] SELECT `name` FROM `car_brand` WHERE  `id` = '1851' LIMIT 1 [ RunTime:0.001000s ]
[ sql ] [ SQL ] SELECT `name`,`upid` FROM `car_brand` WHERE  `id` = '16298' LIMIT 1 [ RunTime:0.001000s ]
[ sql ] [ SQL ] SELECT `name` FROM `car_brand` WHERE  `id` = '1211' LIMIT 1 [ RunTime:0.001000s ]
[ sql ] [ SQL ] SELECT `name`,`upid` FROM `car_brand` WHERE  `id` = '2658' LIMIT 1 [ RunTime:0.001000s ]
[ sql ] [ SQL ] SELECT `name` FROM `car_brand` WHERE  `id` = '427' LIMIT 1 [ RunTime:0.001000s ]
[ sql ] [ SQL ] SELECT `name`,`upid` FROM `car_brand` WHERE  `id` = '2720' LIMIT 1 [ RunTime:0.001000s ]
[ sql ] [ SQL ] SELECT `name` FROM `car_brand` WHERE  `id` = '453' LIMIT 1 [ RunTime:0.001000s ]
[ sql ] [ SQL ] SELECT `name`,`upid` FROM `car_brand` WHERE  `id` = '8071' LIMIT 1 [ RunTime:0.001000s ]
[ sql ] [ SQL ] SELECT `name` FROM `car_brand` WHERE  `id` = '689' LIMIT 1 [ RunTime:0.000000s ]
[ sql ] [ SQL ] SELECT `name`,`upid` FROM `car_brand` WHERE  `id` = '15625' LIMIT 1 [ RunTime:0.000000s ]
[ sql ] [ SQL ] SELECT `name` FROM `car_brand` WHERE  `id` = '1169' LIMIT 1 [ RunTime:0.001000s ]
[ sql ] [ SQL ] SELECT `name`,`upid` FROM `car_brand` WHERE  `id` = '15613' LIMIT 1 [ RunTime:0.001000s ]
[ sql ] [ SQL ] SELECT `name` FROM `car_brand` WHERE  `id` = '1164' LIMIT 1 [ RunTime:0.001000s ]
[ sql ] [ SQL ] SELECT `name`,`upid` FROM `car_brand` WHERE  `id` = '15554' LIMIT 1 [ RunTime:0.001000s ]
[ sql ] [ SQL ] SELECT `name` FROM `car_brand` WHERE  `id` = '1170' LIMIT 1 [ RunTime:0.001000s ]
[ sql ] [ SQL ] SELECT `name`,`upid` FROM `car_brand` WHERE  `id` = '15667' LIMIT 1 [ RunTime:0.001000s ]
[ sql ] [ SQL ] SELECT `name` FROM `car_brand` WHERE  `id` = '1171' LIMIT 1 [ RunTime:0.001000s ]
[ sql ] [ SQL ] SELECT `name`,`upid` FROM `car_brand` WHERE  `id` = '5781' LIMIT 1 [ RunTime:0.001000s ]
[ sql ] [ SQL ] SELECT `name` FROM `car_brand` WHERE  `id` = '582' LIMIT 1 [ RunTime:0.001000s ]
[ sql ] [ SQL ] SELECT `name`,`upid` FROM `car_brand` WHERE  `id` = '5704' LIMIT 1 [ RunTime:0.000000s ]
[ sql ] [ SQL ] SELECT `name` FROM `car_brand` WHERE  `id` = '576' LIMIT 1 [ RunTime:0.000000s ]
[ sql ] [ SQL ] SELECT `name`,`upid` FROM `car_brand` WHERE  `id` = '12217' LIMIT 1 [ RunTime:0.000000s ]
[ sql ] [ SQL ] SELECT `name` FROM `car_brand` WHERE  `id` = '949' LIMIT 1 [ RunTime:0.001000s ]
[ sql ] [ SQL ] SELECT `name`,`upid` FROM `car_brand` WHERE  `id` = '12214' LIMIT 1 [ RunTime:0.001000s ]
[ sql ] [ SQL ] SELECT `name` FROM `car_brand` WHERE  `id` = '948' LIMIT 1 [ RunTime:0.001000s ]
[ sql ] [ SQL ] SELECT `name`,`upid` FROM `car_brand` WHERE  `id` = '16339' LIMIT 1 [ RunTime:0.000000s ]
[ sql ] [ SQL ] SELECT `name` FROM `car_brand` WHERE  `id` = '1206' LIMIT 1 [ RunTime:0.000000s ]
[ sql ] [ SQL ] SELECT `name`,`upid` FROM `car_brand` WHERE  `id` = '12207' LIMIT 1 [ RunTime:0.001000s ]
[ sql ] [ SQL ] SELECT `name` FROM `car_brand` WHERE  `id` = '947' LIMIT 1 [ RunTime:0.001000s ]
[ sql ] [ SQL ] SELECT `name`,`upid` FROM `car_brand` WHERE  `id` = '16349' LIMIT 1 [ RunTime:0.000000s ]
[ sql ] [ SQL ] SELECT `name` FROM `car_brand` WHERE  `id` = '1214' LIMIT 1 [ RunTime:0.001000s ]
[ sql ] [ SQL ] SELECT `name`,`upid` FROM `car_brand` WHERE  `id` = '16323' LIMIT 1 [ RunTime:0.001000s ]
[ sql ] [ SQL ] SELECT `name` FROM `car_brand` WHERE  `id` = '1208' LIMIT 1 [ RunTime:0.001000s ]
[ sql ] [ SQL ] SELECT `name`,`upid` FROM `car_brand` WHERE  `id` = '12198' LIMIT 1 [ RunTime:0.001000s ]
[ sql ] [ SQL ] SELECT `name` FROM `car_brand` WHERE  `id` = '946' LIMIT 1 [ RunTime:0.000000s ]
[ sql ] [ SQL ] SHOW COLUMNS FROM `rele_car` [ RunTime:0.009000s ]
[ sql ] [ SQL ] SELECT `pu_id`,`cartype_id`,`price`,`car_cardtime`,`car_mileage`,`img_300` FROM `rele_car` WHERE  (  status=1 and up_under=1 and city_id=1 ) ORDER BY `create_time` DESC LIMIT 20 [ RunTime:0.011000s ]
[ sql ] [ SQL ] SELECT `name`,`upid` FROM `car_brand` WHERE  `id` = '2652' LIMIT 1 [ RunTime:0.001000s ]
[ sql ] [ SQL ] SELECT `name` FROM `car_brand` WHERE  `id` = '436' LIMIT 1 [ RunTime:0.001000s ]
[ sql ] [ SQL ] SHOW COLUMNS FROM `param` [ RunTime:0.011000s ]
[ sql ] [ SQL ] SELECT `id`,`price` FROM `param` WHERE  (  id=9541 ) LIMIT 1 [ RunTime:0.001000s ]
[ sql ] [ SQL ] SELECT `name`,`upid` FROM `car_brand` WHERE  `id` = '6151' LIMIT 1 [ RunTime:0.001000s ]
[ sql ] [ SQL ] SELECT `name` FROM `car_brand` WHERE  `id` = '596' LIMIT 1 [ RunTime:0.001000s ]
[ sql ] [ SQL ] SELECT `id`,`price` FROM `param` WHERE  (  id=9538 ) LIMIT 1 [ RunTime:0.001000s ]
[ sql ] [ SQL ] SELECT `name`,`upid` FROM `car_brand` WHERE  `id` = '2970' LIMIT 1 [ RunTime:0.001000s ]
[ sql ] [ SQL ] SELECT `name` FROM `car_brand` WHERE  `id` = '445' LIMIT 1 [ RunTime:0.000000s ]
[ sql ] [ SQL ] SELECT `id`,`price` FROM `param` WHERE  (  id=9535 ) LIMIT 1 [ RunTime:0.001000s ]
[ sql ] [ SQL ] SELECT `name`,`upid` FROM `car_brand` WHERE  `id` = '6403' LIMIT 1 [ RunTime:0.001000s ]
[ sql ] [ SQL ] SELECT `name` FROM `car_brand` WHERE  `id` = '604' LIMIT 1 [ RunTime:0.001000s ]
[ sql ] [ SQL ] SELECT `id`,`price` FROM `param` WHERE  (  id=9516 ) LIMIT 1 [ RunTime:0.001000s ]
[ sql ] [ SQL ] SELECT `name`,`upid` FROM `car_brand` WHERE  `id` = '6339' LIMIT 1 [ RunTime:0.001000s ]
[ sql ] [ SQL ] SELECT `name` FROM `car_brand` WHERE  `id` = '606' LIMIT 1 [ RunTime:0.001000s ]
[ sql ] [ SQL ] SELECT `id`,`price` FROM `param` WHERE  (  id=9515 ) LIMIT 1 [ RunTime:0.001000s ]
[ sql ] [ SQL ] SELECT `name`,`upid` FROM `car_brand` WHERE  `id` = '27332' LIMIT 1 [ RunTime:0.001000s ]
[ sql ] [ SQL ] SELECT `name` FROM `car_brand` WHERE  `id` = '1921' LIMIT 1 [ RunTime:0.001000s ]
[ sql ] [ SQL ] SELECT `id`,`price` FROM `param` WHERE  (  id=9514 ) LIMIT 1 [ RunTime:0.001000s ]
[ sql ] [ SQL ] SELECT `name`,`upid` FROM `car_brand` WHERE  `id` = '6092' LIMIT 1 [ RunTime:0.001000s ]
[ sql ] [ SQL ] SELECT `name` FROM `car_brand` WHERE  `id` = '584' LIMIT 1 [ RunTime:0.001000s ]
[ sql ] [ SQL ] SELECT `id`,`price` FROM `param` WHERE  (  id=9513 ) LIMIT 1 [ RunTime:0.001000s ]
[ sql ] [ SQL ] SELECT `name`,`upid` FROM `car_brand` WHERE  `id` = '6492' LIMIT 1 [ RunTime:0.001000s ]
[ sql ] [ SQL ] SELECT `name` FROM `car_brand` WHERE  `id` = '613' LIMIT 1 [ RunTime:0.001000s ]
[ sql ] [ SQL ] SELECT `id`,`price` FROM `param` WHERE  (  id=9511 ) LIMIT 1 [ RunTime:0.000000s ]
[ sql ] [ SQL ] SELECT `name`,`upid` FROM `car_brand` WHERE  `id` = '3015' LIMIT 1 [ RunTime:0.000000s ]
[ sql ] [ SQL ] SELECT `name` FROM `car_brand` WHERE  `id` = '424' LIMIT 1 [ RunTime:0.000000s ]
[ sql ] [ SQL ] SELECT `id`,`price` FROM `param` WHERE  (  id=9510 ) LIMIT 1 [ RunTime:0.000000s ]
[ sql ] [ SQL ] SELECT `name`,`upid` FROM `car_brand` WHERE  `id` = '23863' LIMIT 1 [ RunTime:0.001000s ]
[ sql ] [ SQL ] SELECT `name` FROM `car_brand` WHERE  `id` = '1633' LIMIT 1 [ RunTime:0.001000s ]
[ sql ] [ SQL ] SELECT `id`,`price` FROM `param` WHERE  (  id=9508 ) LIMIT 1 [ RunTime:0.001000s ]
[ sql ] [ SQL ] SELECT `name`,`upid` FROM `car_brand` WHERE  `id` = '27332' LIMIT 1 [ RunTime:0.001000s ]
[ sql ] [ SQL ] SELECT `name` FROM `car_brand` WHERE  `id` = '1921' LIMIT 1 [ RunTime:0.001000s ]
[ sql ] [ SQL ] SELECT `id`,`price` FROM `param` WHERE  (  id=9507 ) LIMIT 1 [ RunTime:0.000000s ]
[ sql ] [ SQL ] SELECT `name`,`upid` FROM `car_brand` WHERE  `id` = '6415' LIMIT 1 [ RunTime:0.000000s ]
[ sql ] [ SQL ] SELECT `name` FROM `car_brand` WHERE  `id` = '607' LIMIT 1 [ RunTime:0.001000s ]
[ sql ] [ SQL ] SELECT `id`,`price` FROM `param` WHERE  (  id=9506 ) LIMIT 1 [ RunTime:0.000000s ]
[ sql ] [ SQL ] SELECT `name`,`upid` FROM `car_brand` WHERE  `id` = '23863' LIMIT 1 [ RunTime:0.001000s ]
[ sql ] [ SQL ] SELECT `name` FROM `car_brand` WHERE  `id` = '1633' LIMIT 1 [ RunTime:0.000000s ]
[ sql ] [ SQL ] SELECT `id`,`price` FROM `param` WHERE  (  id=9505 ) LIMIT 1 [ RunTime:0.000000s ]
[ sql ] [ SQL ] SELECT `name`,`upid` FROM `car_brand` WHERE  `id` = '6406' LIMIT 1 [ RunTime:0.001000s ]
[ sql ] [ SQL ] SELECT `name` FROM `car_brand` WHERE  `id` = '604' LIMIT 1 [ RunTime:0.001000s ]
[ sql ] [ SQL ] SELECT `id`,`price` FROM `param` WHERE  (  id=9504 ) LIMIT 1 [ RunTime:0.000000s ]
[ sql ] [ SQL ] SELECT `name`,`upid` FROM `car_brand` WHERE  `id` = '2726' LIMIT 1 [ RunTime:0.000000s ]
[ sql ] [ SQL ] SELECT `name` FROM `car_brand` WHERE  `id` = '453' LIMIT 1 [ RunTime:0.001000s ]
[ sql ] [ SQL ] SELECT `id`,`price` FROM `param` WHERE  (  id=9503 ) LIMIT 1 [ RunTime:0.000000s ]
[ sql ] [ SQL ] SELECT `name`,`upid` FROM `car_brand` WHERE  `id` = '2720' LIMIT 1 [ RunTime:0.001000s ]
[ sql ] [ SQL ] SELECT `name` FROM `car_brand` WHERE  `id` = '453' LIMIT 1 [ RunTime:0.000000s ]
[ sql ] [ SQL ] SELECT `id`,`price` FROM `param` WHERE  (  id=9502 ) LIMIT 1 [ RunTime:0.000000s ]
[ sql ] [ SQL ] SELECT `name`,`upid` FROM `car_brand` WHERE  `id` = '6402' LIMIT 1 [ RunTime:0.001000s ]
[ sql ] [ SQL ] SELECT `name` FROM `car_brand` WHERE  `id` = '604' LIMIT 1 [ RunTime:0.000000s ]
[ sql ] [ SQL ] SELECT `id`,`price` FROM `param` WHERE  (  id=9501 ) LIMIT 1 [ RunTime:0.001000s ]
[ sql ] [ SQL ] SELECT `name`,`upid` FROM `car_brand` WHERE  `id` = '6597' LIMIT 1 [ RunTime:0.000000s ]
[ sql ] [ SQL ] SELECT `name` FROM `car_brand` WHERE  `id` = '623' LIMIT 1 [ RunTime:0.001000s ]
[ sql ] [ SQL ] SELECT `id`,`price` FROM `param` WHERE  (  id=9500 ) LIMIT 1 [ RunTime:0.000000s ]
[ sql ] [ SQL ] SELECT `name`,`upid` FROM `car_brand` WHERE  `id` = '6519' LIMIT 1 [ RunTime:0.000000s ]
[ sql ] [ SQL ] SELECT `name` FROM `car_brand` WHERE  `id` = '605' LIMIT 1 [ RunTime:0.001000s ]
[ sql ] [ SQL ] SELECT `id`,`price` FROM `param` WHERE  (  id=9499 ) LIMIT 1 [ RunTime:0.000000s ]
[ sql ] [ SQL ] SELECT `name`,`upid` FROM `car_brand` WHERE  `id` = '23863' LIMIT 1 [ RunTime:0.001000s ]
[ sql ] [ SQL ] SELECT `name` FROM `car_brand` WHERE  `id` = '1633' LIMIT 1 [ RunTime:0.001000s ]
[ sql ] [ SQL ] SELECT `id`,`price` FROM `param` WHERE  (  id=9498 ) LIMIT 1 [ RunTime:0.000000s ]
[ sql ] [ SQL ] SHOW COLUMNS FROM `l_car` [ RunTime:0.006000s ]
[ sql ] [ SQL ] SELECT `id`,`cartype_id`,`price`,`img_300`,`pay0_s2`,`pay0_y2`,`pay0_n2` FROM `l_car` WHERE  (  is_tj=1 and status=1 and city_id=1 ) ORDER BY `create_time` DESC LIMIT 5 [ RunTime:0.002000s ]
[ sql ] [ SQL ] SELECT `name`,`upid` FROM `car_brand` WHERE  `id` = '26748' LIMIT 1 [ RunTime:0.001000s ]
[ sql ] [ SQL ] SELECT `name` FROM `car_brand` WHERE  `id` = '1853' LIMIT 1 [ RunTime:0.000000s ]
[ sql ] [ SQL ] SELECT `name`,`upid` FROM `car_brand` WHERE  `id` = '26758' LIMIT 1 [ RunTime:0.001000s ]
[ sql ] [ SQL ] SELECT `name` FROM `car_brand` WHERE  `id` = '1851' LIMIT 1 [ RunTime:0.000000s ]
[ sql ] [ SQL ] SELECT `name`,`upid` FROM `car_brand` WHERE  `id` = '16298' LIMIT 1 [ RunTime:0.001000s ]
[ sql ] [ SQL ] SELECT `name` FROM `car_brand` WHERE  `id` = '1211' LIMIT 1 [ RunTime:0.000000s ]
[ sql ] [ SQL ] SELECT `name`,`upid` FROM `car_brand` WHERE  `id` = '2658' LIMIT 1 [ RunTime:0.000000s ]
[ sql ] [ SQL ] SELECT `name` FROM `car_brand` WHERE  `id` = '427' LIMIT 1 [ RunTime:0.001000s ]
[ sql ] [ SQL ] SELECT `name`,`upid` FROM `car_brand` WHERE  `id` = '2720' LIMIT 1 [ RunTime:0.000000s ]
[ sql ] [ SQL ] SELECT `name` FROM `car_brand` WHERE  `id` = '453' LIMIT 1 [ RunTime:0.001000s ]
[ sql ] [ SQL ] SHOW COLUMNS FROM `news` [ RunTime:0.005000s ]
[ sql ] [ SQL ] SELECT `id`,`title`,`time`,`miaoshu`,`news_column` FROM `news` WHERE  `news_column` = '1'  AND `status` = 1 [ RunTime:0.001000s ]
[ sql ] [ SQL ] SELECT `id`,`title`,`time`,`miaoshu`,`news_column` FROM `news` WHERE  `news_column` = '2'  AND `status` = 1 [ RunTime:0.000000s ]
[ sql ] [ SQL ] SELECT `id`,`title`,`time`,`miaoshu`,`news_column` FROM `news` WHERE  `news_column` = '3'  AND `status` = 1 [ RunTime:0.001000s ]
[ sql ] [ SQL ] SELECT `id`,`title`,`time`,`miaoshu`,`news_column` FROM `news` WHERE  `news_column` = '4'  AND `status` = 1 [ RunTime:0.001000s ]
[ sql ] [ SQL ] SELECT `id`,`title`,`time`,`miaoshu`,`news_column` FROM `news` WHERE  `news_column` = '5'  AND `status` = 1 [ RunTime:0.000000s ]
---------------------------------------------------------------
[ 2018-10-27T17:07:48+08:00 ] 127.0.0.1 GET /index/index/favicon.png
[ info ] www.hr.com:8083/index/index/favicon.png [运行时间：0.033000s][吞吐率：30.30req/s] [内存消耗：1,723.20kb] [文件加载：46]
[ info ] [ LANG ] G:\xampp\htdocs\car\thinkphp\lang\zh-cn.php
[ info ] [ ROUTE ] array (
  'type' => 'module',
  'module' => 
  array (
    0 => 'index',
    1 => 'index',
    2 => 'favicon.png',
  ),
)
[ info ] [ HEADER ] array (
  'host' => 'www.hr.com:8083',
  'connection' => 'keep-alive',
  'user-agent' => 'Mozilla/5.0 (Windows NT 6.1; Win64; x64) AppleWebKit/537.36 (KHTML, like Gecko) Chrome/67.0.3396.62 Safari/537.36',
  'accept' => 'image/webp,image/apng,image/*,*/*;q=0.8',
  'referer' => 'http://www.hr.com:8083/index/index/index.html',
  'accept-encoding' => 'gzip, deflate',
  'accept-language' => 'zh-CN,zh;q=0.9',
  'cookie' => 'UM_distinctid=1665c3bd0250-02ed131810e0ca-5b163f13-1fa400-1665c3bd0272b9; CNZZDATA1273108608=1157751406-1539143650-%7C1539422485; Hm_lvt_922a7d20740f0600062b403710662cb1=1539145716,1539422460; Hm_lvt_080836300300be57b7f34f4b3e97d911=1539154281,1540172232; PHPSESSID=ci5cgnbcett6q90tufjabcvr8g',
)
[ info ] [ PARAM ] array (
)
[ info ] [ LOG ] INIT File
[ error ] [8]未定义数组索引: favicon.png[G:\xampp\htdocs\car\app\index\controller\Common.php:470]
---------------------------------------------------------------
[ 2018-10-27T17:16:53+08:00 ] 127.0.0.1 GET /index/index/index.html
[ info ] www.hr.com:8083/index/index/index.html [运行时间：0.309000s][吞吐率：3.24req/s] [内存消耗：3,114.82kb] [文件加载：54]
[ info ] [ LANG ] G:\xampp\htdocs\car\thinkphp\lang\zh-cn.php
[ info ] [ ROUTE ] array (
  'type' => 'module',
  'module' => 
  array (
    0 => 'index',
    1 => 'index',
    2 => 'index',
  ),
)
[ info ] [ HEADER ] array (
  'host' => 'www.hr.com:8083',
  'connection' => 'keep-alive',
  'upgrade-insecure-requests' => '1',
  'user-agent' => 'Mozilla/5.0 (Windows NT 6.1; Win64; x64) AppleWebKit/537.36 (KHTML, like Gecko) Chrome/67.0.3396.62 Safari/537.36',
  'accept' => 'text/html,application/xhtml+xml,application/xml;q=0.9,image/webp,image/apng,*/*;q=0.8',
  'referer' => 'http://www.hr.com:8083/index/index/index.html',
  'accept-encoding' => 'gzip, deflate',
  'accept-language' => 'zh-CN,zh;q=0.9',
  'cookie' => 'UM_distinctid=1665c3bd0250-02ed131810e0ca-5b163f13-1fa400-1665c3bd0272b9; CNZZDATA1273108608=1157751406-1539143650-%7C1539422485; Hm_lvt_922a7d20740f0600062b403710662cb1=1539145716,1539422460; Hm_lvt_080836300300be57b7f34f4b3e97d911=1539154281,1540172232; PHPSESSID=ci5cgnbcett6q90tufjabcvr8g',
)
[ info ] [ PARAM ] array (
)
[ info ] [ RUN ] app\index\controller\Index->index[ G:\xampp\htdocs\car\app\index\controller\Index.php ]
[ info ] [ DB ] INIT mysql
[ info ] [ VIEW ] G:\xampp\htdocs\car\public/../app/index\view\index\index.html [ array (
  0 => 'banner',
  1 => 'brand',
  2 => 'price',
  3 => 'subface',
  4 => 'new_car',
  5 => 'er_car',
  6 => 'car_zero',
  7 => 'new1',
  8 => 'new2',
  9 => 'new3',
  10 => 'new4',
  11 => 'new5',
) ]
[ info ] [ SESSION ] INIT array (
  'id' => '',
  'var_session_id' => '',
  'prefix' => 'think',
  'type' => '',
  'auto_start' => true,
)
[ info ] [ LOG ] INIT File
[ sql ] [ DB ] CONNECT:[ UseTime:0.002000s ] mysql:host=127.0.0.1;port=3306;dbname=g_car4;charset=utf8
[ sql ] [ SQL ] SHOW COLUMNS FROM `city` [ RunTime:0.009000s ]
[ sql ] [ SQL ] SELECT `id` FROM `city` WHERE  (  name like '%郑州%' ) LIMIT 1 [ RunTime:0.001000s ]
[ sql ] [ SQL ] SHOW COLUMNS FROM `home_car_app` [ RunTime:0.010000s ]
[ sql ] [ SQL ] SELECT * FROM `home_car_app` WHERE  (  city_id=1 ) ORDER BY `sort` ASC [ RunTime:0.002000s ]
[ sql ] [ SQL ] SHOW COLUMNS FROM `car_brand` [ RunTime:0.006000s ]
[ sql ] [ SQL ] SELECT `id`,`img_id`,`name` FROM `car_brand` WHERE  (  id in (1,9,10,19,20,22) ) [ RunTime:0.013000s ]
[ sql ] [ SQL ] SHOW COLUMNS FROM `price_range` [ RunTime:0.005000s ]
[ sql ] [ SQL ] SELECT price_id as id,`name` FROM `price_range` ORDER BY `level` ASC LIMIT 4 [ RunTime:0.001000s ]
[ sql ] [ SQL ] SHOW COLUMNS FROM `subface` [ RunTime:0.005000s ]
[ sql ] [ SQL ] SELECT face_id as id,`name`,`img` FROM `subface` ORDER BY `level` ASC LIMIT 5 [ RunTime:0.001000s ]
[ sql ] [ SQL ] SHOW COLUMNS FROM `new_car` [ RunTime:0.005000s ]
[ sql ] [ SQL ] SELECT `id`,`brand_id`,`sys_id`,`cartype_id`,`price`,`img_300`,`pay10_s2`,`pay10_y2`,`pay10_n2` FROM `new_car` WHERE  (  is_tj=1 and status=1 and city_id=1 ) ORDER BY `create_time` DESC LIMIT 20 [ RunTime:0.001000s ]
[ sql ] [ SQL ] SELECT `name`,`upid` FROM `car_brand` WHERE  `id` = '26748' LIMIT 1 [ RunTime:0.001000s ]
[ sql ] [ SQL ] SELECT `name` FROM `car_brand` WHERE  `id` = '1853' LIMIT 1 [ RunTime:0.000000s ]
[ sql ] [ SQL ] SELECT `name`,`upid` FROM `car_brand` WHERE  `id` = '26758' LIMIT 1 [ RunTime:0.001000s ]
[ sql ] [ SQL ] SELECT `name` FROM `car_brand` WHERE  `id` = '1851' LIMIT 1 [ RunTime:0.000000s ]
[ sql ] [ SQL ] SELECT `name`,`upid` FROM `car_brand` WHERE  `id` = '16298' LIMIT 1 [ RunTime:0.001000s ]
[ sql ] [ SQL ] SELECT `name` FROM `car_brand` WHERE  `id` = '1211' LIMIT 1 [ RunTime:0.000000s ]
[ sql ] [ SQL ] SELECT `name`,`upid` FROM `car_brand` WHERE  `id` = '2658' LIMIT 1 [ RunTime:0.000000s ]
[ sql ] [ SQL ] SELECT `name` FROM `car_brand` WHERE  `id` = '427' LIMIT 1 [ RunTime:0.000000s ]
[ sql ] [ SQL ] SELECT `name`,`upid` FROM `car_brand` WHERE  `id` = '2720' LIMIT 1 [ RunTime:0.000000s ]
[ sql ] [ SQL ] SELECT `name` FROM `car_brand` WHERE  `id` = '453' LIMIT 1 [ RunTime:0.001000s ]
[ sql ] [ SQL ] SELECT `name`,`upid` FROM `car_brand` WHERE  `id` = '8071' LIMIT 1 [ RunTime:0.000000s ]
[ sql ] [ SQL ] SELECT `name` FROM `car_brand` WHERE  `id` = '689' LIMIT 1 [ RunTime:0.000000s ]
[ sql ] [ SQL ] SELECT `name`,`upid` FROM `car_brand` WHERE  `id` = '15625' LIMIT 1 [ RunTime:0.001000s ]
[ sql ] [ SQL ] SELECT `name` FROM `car_brand` WHERE  `id` = '1169' LIMIT 1 [ RunTime:0.000000s ]
[ sql ] [ SQL ] SELECT `name`,`upid` FROM `car_brand` WHERE  `id` = '15613' LIMIT 1 [ RunTime:0.001000s ]
[ sql ] [ SQL ] SELECT `name` FROM `car_brand` WHERE  `id` = '1164' LIMIT 1 [ RunTime:0.000000s ]
[ sql ] [ SQL ] SELECT `name`,`upid` FROM `car_brand` WHERE  `id` = '15554' LIMIT 1 [ RunTime:0.000000s ]
[ sql ] [ SQL ] SELECT `name` FROM `car_brand` WHERE  `id` = '1170' LIMIT 1 [ RunTime:0.000000s ]
[ sql ] [ SQL ] SELECT `name`,`upid` FROM `car_brand` WHERE  `id` = '15667' LIMIT 1 [ RunTime:0.000000s ]
[ sql ] [ SQL ] SELECT `name` FROM `car_brand` WHERE  `id` = '1171' LIMIT 1 [ RunTime:0.001000s ]
[ sql ] [ SQL ] SELECT `name`,`upid` FROM `car_brand` WHERE  `id` = '5781' LIMIT 1 [ RunTime:0.000000s ]
[ sql ] [ SQL ] SELECT `name` FROM `car_brand` WHERE  `id` = '582' LIMIT 1 [ RunTime:0.000000s ]
[ sql ] [ SQL ] SELECT `name`,`upid` FROM `car_brand` WHERE  `id` = '5704' LIMIT 1 [ RunTime:0.000000s ]
[ sql ] [ SQL ] SELECT `name` FROM `car_brand` WHERE  `id` = '576' LIMIT 1 [ RunTime:0.000000s ]
[ sql ] [ SQL ] SELECT `name`,`upid` FROM `car_brand` WHERE  `id` = '12217' LIMIT 1 [ RunTime:0.001000s ]
[ sql ] [ SQL ] SELECT `name` FROM `car_brand` WHERE  `id` = '949' LIMIT 1 [ RunTime:0.000000s ]
[ sql ] [ SQL ] SELECT `name`,`upid` FROM `car_brand` WHERE  `id` = '12214' LIMIT 1 [ RunTime:0.001000s ]
[ sql ] [ SQL ] SELECT `name` FROM `car_brand` WHERE  `id` = '948' LIMIT 1 [ RunTime:0.000000s ]
[ sql ] [ SQL ] SELECT `name`,`upid` FROM `car_brand` WHERE  `id` = '16339' LIMIT 1 [ RunTime:0.000000s ]
[ sql ] [ SQL ] SELECT `name` FROM `car_brand` WHERE  `id` = '1206' LIMIT 1 [ RunTime:0.001000s ]
[ sql ] [ SQL ] SELECT `name`,`upid` FROM `car_brand` WHERE  `id` = '12207' LIMIT 1 [ RunTime:0.000000s ]
[ sql ] [ SQL ] SELECT `name` FROM `car_brand` WHERE  `id` = '947' LIMIT 1 [ RunTime:0.001000s ]
[ sql ] [ SQL ] SELECT `name`,`upid` FROM `car_brand` WHERE  `id` = '16349' LIMIT 1 [ RunTime:0.000000s ]
[ sql ] [ SQL ] SELECT `name` FROM `car_brand` WHERE  `id` = '1214' LIMIT 1 [ RunTime:0.000000s ]
[ sql ] [ SQL ] SELECT `name`,`upid` FROM `car_brand` WHERE  `id` = '16323' LIMIT 1 [ RunTime:0.000000s ]
[ sql ] [ SQL ] SELECT `name` FROM `car_brand` WHERE  `id` = '1208' LIMIT 1 [ RunTime:0.000000s ]
[ sql ] [ SQL ] SELECT `name`,`upid` FROM `car_brand` WHERE  `id` = '12198' LIMIT 1 [ RunTime:0.001000s ]
[ sql ] [ SQL ] SELECT `name` FROM `car_brand` WHERE  `id` = '946' LIMIT 1 [ RunTime:0.000000s ]
[ sql ] [ SQL ] SHOW COLUMNS FROM `rele_car` [ RunTime:0.004000s ]
[ sql ] [ SQL ] SELECT `pu_id`,`cartype_id`,`price`,`car_cardtime`,`car_mileage`,`img_300` FROM `rele_car` WHERE  (  status=1 and up_under=1 and city_id=1 ) ORDER BY `create_time` DESC LIMIT 20 [ RunTime:0.006000s ]
[ sql ] [ SQL ] SELECT `name`,`upid` FROM `car_brand` WHERE  `id` = '2652' LIMIT 1 [ RunTime:0.001000s ]
[ sql ] [ SQL ] SELECT `name` FROM `car_brand` WHERE  `id` = '436' LIMIT 1 [ RunTime:0.000000s ]
[ sql ] [ SQL ] SHOW COLUMNS FROM `param` [ RunTime:0.005000s ]
[ sql ] [ SQL ] SELECT `id`,`price` FROM `param` WHERE  (  id=9541 ) LIMIT 1 [ RunTime:0.001000s ]
[ sql ] [ SQL ] SELECT `name`,`upid` FROM `car_brand` WHERE  `id` = '6151' LIMIT 1 [ RunTime:0.001000s ]
[ sql ] [ SQL ] SELECT `name` FROM `car_brand` WHERE  `id` = '596' LIMIT 1 [ RunTime:0.000000s ]
[ sql ] [ SQL ] SELECT `id`,`price` FROM `param` WHERE  (  id=9538 ) LIMIT 1 [ RunTime:0.001000s ]
[ sql ] [ SQL ] SELECT `name`,`upid` FROM `car_brand` WHERE  `id` = '2970' LIMIT 1 [ RunTime:0.000000s ]
[ sql ] [ SQL ] SELECT `name` FROM `car_brand` WHERE  `id` = '445' LIMIT 1 [ RunTime:0.001000s ]
[ sql ] [ SQL ] SELECT `id`,`price` FROM `param` WHERE  (  id=9535 ) LIMIT 1 [ RunTime:0.001000s ]
[ sql ] [ SQL ] SELECT `name`,`upid` FROM `car_brand` WHERE  `id` = '6403' LIMIT 1 [ RunTime:0.000000s ]
[ sql ] [ SQL ] SELECT `name` FROM `car_brand` WHERE  `id` = '604' LIMIT 1 [ RunTime:0.001000s ]
[ sql ] [ SQL ] SELECT `id`,`price` FROM `param` WHERE  (  id=9516 ) LIMIT 1 [ RunTime:0.000000s ]
[ sql ] [ SQL ] SELECT `name`,`upid` FROM `car_brand` WHERE  `id` = '6339' LIMIT 1 [ RunTime:0.001000s ]
[ sql ] [ SQL ] SELECT `name` FROM `car_brand` WHERE  `id` = '606' LIMIT 1 [ RunTime:0.000000s ]
[ sql ] [ SQL ] SELECT `id`,`price` FROM `param` WHERE  (  id=9515 ) LIMIT 1 [ RunTime:0.001000s ]
[ sql ] [ SQL ] SELECT `name`,`upid` FROM `car_brand` WHERE  `id` = '27332' LIMIT 1 [ RunTime:0.000000s ]
[ sql ] [ SQL ] SELECT `name` FROM `car_brand` WHERE  `id` = '1921' LIMIT 1 [ RunTime:0.001000s ]
[ sql ] [ SQL ] SELECT `id`,`price` FROM `param` WHERE  (  id=9514 ) LIMIT 1 [ RunTime:0.000000s ]
[ sql ] [ SQL ] SELECT `name`,`upid` FROM `car_brand` WHERE  `id` = '6092' LIMIT 1 [ RunTime:0.001000s ]
[ sql ] [ SQL ] SELECT `name` FROM `car_brand` WHERE  `id` = '584' LIMIT 1 [ RunTime:0.000000s ]
[ sql ] [ SQL ] SELECT `id`,`price` FROM `param` WHERE  (  id=9513 ) LIMIT 1 [ RunTime:0.000000s ]
[ sql ] [ SQL ] SELECT `name`,`upid` FROM `car_brand` WHERE  `id` = '6492' LIMIT 1 [ RunTime:0.000000s ]
[ sql ] [ SQL ] SELECT `name` FROM `car_brand` WHERE  `id` = '613' LIMIT 1 [ RunTime:0.001000s ]
[ sql ] [ SQL ] SELECT `id`,`price` FROM `param` WHERE  (  id=9511 ) LIMIT 1 [ RunTime:0.000000s ]
[ sql ] [ SQL ] SELECT `name`,`upid` FROM `car_brand` WHERE  `id` = '3015' LIMIT 1 [ RunTime:0.001000s ]
[ sql ] [ SQL ] SELECT `name` FROM `car_brand` WHERE  `id` = '424' LIMIT 1 [ RunTime:0.000000s ]
[ sql ] [ SQL ] SELECT `id`,`price` FROM `param` WHERE  (  id=9510 ) LIMIT 1 [ RunTime:0.001000s ]
[ sql ] [ SQL ] SELECT `name`,`upid` FROM `car_brand` WHERE  `id` = '23863' LIMIT 1 [ RunTime:0.000000s ]
[ sql ] [ SQL ] SELECT `name` FROM `car_brand` WHERE  `id` = '1633' LIMIT 1 [ RunTime:0.000000s ]
[ sql ] [ SQL ] SELECT `id`,`price` FROM `param` WHERE  (  id=9508 ) LIMIT 1 [ RunTime:0.000000s ]
[ sql ] [ SQL ] SELECT `name`,`upid` FROM `car_brand` WHERE  `id` = '27332' LIMIT 1 [ RunTime:0.000000s ]
[ sql ] [ SQL ] SELECT `name` FROM `car_brand` WHERE  `id` = '1921' LIMIT 1 [ RunTime:0.001000s ]
[ sql ] [ SQL ] SELECT `id`,`price` FROM `param` WHERE  (  id=9507 ) LIMIT 1 [ RunTime:0.000000s ]
[ sql ] [ SQL ] SELECT `name`,`upid` FROM `car_brand` WHERE  `id` = '6415' LIMIT 1 [ RunTime:0.001000s ]
[ sql ] [ SQL ] SELECT `name` FROM `car_brand` WHERE  `id` = '607' LIMIT 1 [ RunTime:0.000000s ]
[ sql ] [ SQL ] SELECT `id`,`price` FROM `param` WHERE  (  id=9506 ) LIMIT 1 [ RunTime:0.001000s ]
[ sql ] [ SQL ] SELECT `name`,`upid` FROM `car_brand` WHERE  `id` = '23863' LIMIT 1 [ RunTime:0.000000s ]
[ sql ] [ SQL ] SELECT `name` FROM `car_brand` WHERE  `id` = '1633' LIMIT 1 [ RunTime:0.000000s ]
[ sql ] [ SQL ] SELECT `id`,`price` FROM `param` WHERE  (  id=9505 ) LIMIT 1 [ RunTime:0.000000s ]
[ sql ] [ SQL ] SELECT `name`,`upid` FROM `car_brand` WHERE  `id` = '6406' LIMIT 1 [ RunTime:0.000000s ]
[ sql ] [ SQL ] SELECT `name` FROM `car_brand` WHERE  `id` = '604' LIMIT 1 [ RunTime:0.001000s ]
[ sql ] [ SQL ] SELECT `id`,`price` FROM `param` WHERE  (  id=9504 ) LIMIT 1 [ RunTime:0.000000s ]
[ sql ] [ SQL ] SELECT `name`,`upid` FROM `car_brand` WHERE  `id` = '2726' LIMIT 1 [ RunTime:0.001000s ]
[ sql ] [ SQL ] SELECT `name` FROM `car_brand` WHERE  `id` = '453' LIMIT 1 [ RunTime:0.000000s ]
[ sql ] [ SQL ] SELECT `id`,`price` FROM `param` WHERE  (  id=9503 ) LIMIT 1 [ RunTime:0.001000s ]
[ sql ] [ SQL ] SELECT `name`,`upid` FROM `car_brand` WHERE  `id` = '2720' LIMIT 1 [ RunTime:0.000000s ]
[ sql ] [ SQL ] SELECT `name` FROM `car_brand` WHERE  `id` = '453' LIMIT 1 [ RunTime:0.000000s ]
[ sql ] [ SQL ] SELECT `id`,`price` FROM `param` WHERE  (  id=9502 ) LIMIT 1 [ RunTime:0.000000s ]
[ sql ] [ SQL ] SELECT `name`,`upid` FROM `car_brand` WHERE  `id` = '6402' LIMIT 1 [ RunTime:0.000000s ]
[ sql ] [ SQL ] SELECT `name` FROM `car_brand` WHERE  `id` = '604' LIMIT 1 [ RunTime:0.001000s ]
[ sql ] [ SQL ] SELECT `id`,`price` FROM `param` WHERE  (  id=9501 ) LIMIT 1 [ RunTime:0.000000s ]
[ sql ] [ SQL ] SELECT `name`,`upid` FROM `car_brand` WHERE  `id` = '6597' LIMIT 1 [ RunTime:0.000000s ]
[ sql ] [ SQL ] SELECT `name` FROM `car_brand` WHERE  `id` = '623' LIMIT 1 [ RunTime:0.000000s ]
[ sql ] [ SQL ] SELECT `id`,`price` FROM `param` WHERE  (  id=9500 ) LIMIT 1 [ RunTime:0.000000s ]
[ sql ] [ SQL ] SELECT `name`,`upid` FROM `car_brand` WHERE  `id` = '6519' LIMIT 1 [ RunTime:0.001000s ]
[ sql ] [ SQL ] SELECT `name` FROM `car_brand` WHERE  `id` = '605' LIMIT 1 [ RunTime:0.000000s ]
[ sql ] [ SQL ] SELECT `id`,`price` FROM `param` WHERE  (  id=9499 ) LIMIT 1 [ RunTime:0.000000s ]
[ sql ] [ SQL ] SELECT `name`,`upid` FROM `car_brand` WHERE  `id` = '23863' LIMIT 1 [ RunTime:0.000000s ]
[ sql ] [ SQL ] SELECT `name` FROM `car_brand` WHERE  `id` = '1633' LIMIT 1 [ RunTime:0.000000s ]
[ sql ] [ SQL ] SELECT `id`,`price` FROM `param` WHERE  (  id=9498 ) LIMIT 1 [ RunTime:0.000000s ]
[ sql ] [ SQL ] SHOW COLUMNS FROM `l_car` [ RunTime:0.004000s ]
[ sql ] [ SQL ] SELECT `id`,`cartype_id`,`price`,`img_300`,`pay0_s2`,`pay0_y2`,`pay0_n2` FROM `l_car` WHERE  (  is_tj=1 and status=1 and city_id=1 ) ORDER BY `create_time` DESC LIMIT 5 [ RunTime:0.001000s ]
[ sql ] [ SQL ] SELECT `name`,`upid` FROM `car_brand` WHERE  `id` = '26748' LIMIT 1 [ RunTime:0.001000s ]
[ sql ] [ SQL ] SELECT `name` FROM `car_brand` WHERE  `id` = '1853' LIMIT 1 [ RunTime:0.000000s ]
[ sql ] [ SQL ] SELECT `name`,`upid` FROM `car_brand` WHERE  `id` = '26758' LIMIT 1 [ RunTime:0.000000s ]
[ sql ] [ SQL ] SELECT `name` FROM `car_brand` WHERE  `id` = '1851' LIMIT 1 [ RunTime:0.000000s ]
[ sql ] [ SQL ] SELECT `name`,`upid` FROM `car_brand` WHERE  `id` = '16298' LIMIT 1 [ RunTime:0.000000s ]
[ sql ] [ SQL ] SELECT `name` FROM `car_brand` WHERE  `id` = '1211' LIMIT 1 [ RunTime:0.001000s ]
[ sql ] [ SQL ] SELECT `name`,`upid` FROM `car_brand` WHERE  `id` = '2658' LIMIT 1 [ RunTime:0.000000s ]
[ sql ] [ SQL ] SELECT `name` FROM `car_brand` WHERE  `id` = '427' LIMIT 1 [ RunTime:0.000000s ]
[ sql ] [ SQL ] SELECT `name`,`upid` FROM `car_brand` WHERE  `id` = '2720' LIMIT 1 [ RunTime:0.000000s ]
[ sql ] [ SQL ] SELECT `name` FROM `car_brand` WHERE  `id` = '453' LIMIT 1 [ RunTime:0.000000s ]
[ sql ] [ SQL ] SHOW COLUMNS FROM `news` [ RunTime:0.004000s ]
[ sql ] [ SQL ] SELECT `id`,`title`,`time`,`miaoshu`,`news_column` FROM `news` WHERE  `news_column` = '1'  AND `status` = 1 [ RunTime:0.001000s ]
[ sql ] [ SQL ] SELECT `id`,`title`,`time`,`miaoshu`,`news_column` FROM `news` WHERE  `news_column` = '2'  AND `status` = 1 [ RunTime:0.000000s ]
[ sql ] [ SQL ] SELECT `id`,`title`,`time`,`miaoshu`,`news_column` FROM `news` WHERE  `news_column` = '3'  AND `status` = 1 [ RunTime:0.001000s ]
[ sql ] [ SQL ] SELECT `id`,`title`,`time`,`miaoshu`,`news_column` FROM `news` WHERE  `news_column` = '4'  AND `status` = 1 [ RunTime:0.000000s ]
[ sql ] [ SQL ] SELECT `id`,`title`,`time`,`miaoshu`,`news_column` FROM `news` WHERE  `news_column` = '5'  AND `status` = 1 [ RunTime:0.001000s ]
---------------------------------------------------------------
[ 2018-10-27T17:16:53+08:00 ] 127.0.0.1 GET /index/index/index.html
[ info ] www.hr.com:8083/index/index/index.html [运行时间：3.310000s][吞吐率：0.30req/s] [内存消耗：2,903.06kb] [文件加载：52]
[ info ] [ LANG ] G:\xampp\htdocs\car\thinkphp\lang\zh-cn.php
[ info ] [ ROUTE ] array (
  'type' => 'module',
  'module' => 
  array (
    0 => 'index',
    1 => 'index',
    2 => 'index',
  ),
)
[ info ] [ HEADER ] array (
  'host' => 'www.hr.com:8083',
  'connection' => 'keep-alive',
  'cache-control' => 'max-age=0',
  'upgrade-insecure-requests' => '1',
  'user-agent' => 'Mozilla/5.0 (Windows NT 6.1; Win64; x64) AppleWebKit/537.36 (KHTML, like Gecko) Chrome/67.0.3396.62 Safari/537.36',
  'accept' => 'text/html,application/xhtml+xml,application/xml;q=0.9,image/webp,image/apng,*/*;q=0.8',
  'referer' => 'http://www.hr.com:8083/index/index/index.html',
  'accept-encoding' => 'gzip, deflate',
  'accept-language' => 'zh-CN,zh;q=0.9',
  'cookie' => 'UM_distinctid=1665c3bd0250-02ed131810e0ca-5b163f13-1fa400-1665c3bd0272b9; CNZZDATA1273108608=1157751406-1539143650-%7C1539422485; Hm_lvt_922a7d20740f0600062b403710662cb1=1539145716,1539422460; Hm_lvt_080836300300be57b7f34f4b3e97d911=1539154281,1540172232; PHPSESSID=ci5cgnbcett6q90tufjabcvr8g',
)
[ info ] [ PARAM ] array (
)
[ info ] [ RUN ] app\index\controller\Index->index[ G:\xampp\htdocs\car\app\index\controller\Index.php ]
[ info ] [ DB ] INIT mysql
[ info ] [ VIEW ] G:\xampp\htdocs\car\public/../app/index\view\index\index.html [ array (
  0 => 'banner',
  1 => 'brand',
  2 => 'price',
  3 => 'subface',
  4 => 'new_car',
  5 => 'er_car',
  6 => 'car_zero',
  7 => 'new1',
  8 => 'new2',
  9 => 'new3',
  10 => 'new4',
  11 => 'new5',
) ]
[ info ] [ SESSION ] INIT array (
  'id' => '',
  'var_session_id' => '',
  'prefix' => 'think',
  'type' => '',
  'auto_start' => true,
)
[ info ] [ LOG ] INIT File
[ sql ] [ DB ] CONNECT:[ UseTime:0.011000s ] mysql:host=127.0.0.1;port=3306;dbname=g_car4;charset=utf8
[ sql ] [ SQL ] SHOW COLUMNS FROM `city` [ RunTime:0.008000s ]
[ sql ] [ SQL ] SELECT `id` FROM `city` WHERE  (  name like '%郑州%' ) LIMIT 1 [ RunTime:0.000000s ]
[ sql ] [ SQL ] SHOW COLUMNS FROM `home_car_app` [ RunTime:0.006000s ]
[ sql ] [ SQL ] SELECT * FROM `home_car_app` WHERE  (  city_id=1 ) ORDER BY `sort` ASC [ RunTime:0.000000s ]
[ sql ] [ SQL ] SHOW COLUMNS FROM `car_brand` [ RunTime:0.005000s ]
[ sql ] [ SQL ] SELECT `id`,`img_id`,`name` FROM `car_brand` WHERE  (  id in (1,9,10,19,20,22) ) [ RunTime:0.013000s ]
[ sql ] [ SQL ] SHOW COLUMNS FROM `price_range` [ RunTime:0.005000s ]
[ sql ] [ SQL ] SELECT price_id as id,`name` FROM `price_range` ORDER BY `level` ASC LIMIT 4 [ RunTime:0.000000s ]
[ sql ] [ SQL ] SHOW COLUMNS FROM `subface` [ RunTime:0.004000s ]
[ sql ] [ SQL ] SELECT face_id as id,`name`,`img` FROM `subface` ORDER BY `level` ASC LIMIT 5 [ RunTime:0.000000s ]
[ sql ] [ SQL ] SHOW COLUMNS FROM `new_car` [ RunTime:0.004000s ]
[ sql ] [ SQL ] SELECT `id`,`brand_id`,`sys_id`,`cartype_id`,`price`,`img_300`,`pay10_s2`,`pay10_y2`,`pay10_n2` FROM `new_car` WHERE  (  is_tj=1 and status=1 and city_id=1 ) ORDER BY `create_time` DESC LIMIT 20 [ RunTime:0.002000s ]
[ sql ] [ SQL ] SELECT `name`,`upid` FROM `car_brand` WHERE  `id` = '26748' LIMIT 1 [ RunTime:0.000000s ]
[ sql ] [ SQL ] SELECT `name` FROM `car_brand` WHERE  `id` = '1853' LIMIT 1 [ RunTime:0.000000s ]
[ sql ] [ SQL ] SELECT `name`,`upid` FROM `car_brand` WHERE  `id` = '26758' LIMIT 1 [ RunTime:0.001000s ]
[ sql ] [ SQL ] SELECT `name` FROM `car_brand` WHERE  `id` = '1851' LIMIT 1 [ RunTime:0.000000s ]
[ sql ] [ SQL ] SELECT `name`,`upid` FROM `car_brand` WHERE  `id` = '16298' LIMIT 1 [ RunTime:0.001000s ]
[ sql ] [ SQL ] SELECT `name` FROM `car_brand` WHERE  `id` = '1211' LIMIT 1 [ RunTime:0.000000s ]
[ sql ] [ SQL ] SELECT `name`,`upid` FROM `car_brand` WHERE  `id` = '2658' LIMIT 1 [ RunTime:0.000000s ]
[ sql ] [ SQL ] SELECT `name` FROM `car_brand` WHERE  `id` = '427' LIMIT 1 [ RunTime:0.000000s ]
[ sql ] [ SQL ] SELECT `name`,`upid` FROM `car_brand` WHERE  `id` = '2720' LIMIT 1 [ RunTime:0.000000s ]
[ sql ] [ SQL ] SELECT `name` FROM `car_brand` WHERE  `id` = '453' LIMIT 1 [ RunTime:0.001000s ]
[ sql ] [ SQL ] SELECT `name`,`upid` FROM `car_brand` WHERE  `id` = '8071' LIMIT 1 [ RunTime:0.000000s ]
[ sql ] [ SQL ] SELECT `name` FROM `car_brand` WHERE  `id` = '689' LIMIT 1 [ RunTime:0.001000s ]
[ sql ] [ SQL ] SELECT `name`,`upid` FROM `car_brand` WHERE  `id` = '15625' LIMIT 1 [ RunTime:0.000000s ]
[ sql ] [ SQL ] SELECT `name` FROM `car_brand` WHERE  `id` = '1169' LIMIT 1 [ RunTime:0.000000s ]
[ sql ] [ SQL ] SELECT `name`,`upid` FROM `car_brand` WHERE  `id` = '15613' LIMIT 1 [ RunTime:0.001000s ]
[ sql ] [ SQL ] SELECT `name` FROM `car_brand` WHERE  `id` = '1164' LIMIT 1 [ RunTime:0.000000s ]
[ sql ] [ SQL ] SELECT `name`,`upid` FROM `car_brand` WHERE  `id` = '15554' LIMIT 1 [ RunTime:0.001000s ]
[ sql ] [ SQL ] SELECT `name` FROM `car_brand` WHERE  `id` = '1170' LIMIT 1 [ RunTime:0.000000s ]
[ sql ] [ SQL ] SELECT `name`,`upid` FROM `car_brand` WHERE  `id` = '15667' LIMIT 1 [ RunTime:0.000000s ]
[ sql ] [ SQL ] SELECT `name` FROM `car_brand` WHERE  `id` = '1171' LIMIT 1 [ RunTime:0.000000s ]
[ sql ] [ SQL ] SELECT `name`,`upid` FROM `car_brand` WHERE  `id` = '5781' LIMIT 1 [ RunTime:0.000000s ]
[ sql ] [ SQL ] SELECT `name` FROM `car_brand` WHERE  `id` = '582' LIMIT 1 [ RunTime:0.001000s ]
[ sql ] [ SQL ] SELECT `name`,`upid` FROM `car_brand` WHERE  `id` = '5704' LIMIT 1 [ RunTime:0.000000s ]
[ sql ] [ SQL ] SELECT `name` FROM `car_brand` WHERE  `id` = '576' LIMIT 1 [ RunTime:0.001000s ]
[ sql ] [ SQL ] SELECT `name`,`upid` FROM `car_brand` WHERE  `id` = '12217' LIMIT 1 [ RunTime:0.000000s ]
[ sql ] [ SQL ] SELECT `name` FROM `car_brand` WHERE  `id` = '949' LIMIT 1 [ RunTime:0.000000s ]
[ sql ] [ SQL ] SELECT `name`,`upid` FROM `car_brand` WHERE  `id` = '12214' LIMIT 1 [ RunTime:0.000000s ]
[ sql ] [ SQL ] SELECT `name` FROM `car_brand` WHERE  `id` = '948' LIMIT 1 [ RunTime:0.000000s ]
[ sql ] [ SQL ] SELECT `name`,`upid` FROM `car_brand` WHERE  `id` = '16339' LIMIT 1 [ RunTime:0.001000s ]
[ sql ] [ SQL ] SELECT `name` FROM `car_brand` WHERE  `id` = '1206' LIMIT 1 [ RunTime:0.000000s ]
[ sql ] [ SQL ] SELECT `name`,`upid` FROM `car_brand` WHERE  `id` = '12207' LIMIT 1 [ RunTime:0.001000s ]
[ sql ] [ SQL ] SELECT `name` FROM `car_brand` WHERE  `id` = '947' LIMIT 1 [ RunTime:0.000000s ]
[ sql ] [ SQL ] SELECT `name`,`upid` FROM `car_brand` WHERE  `id` = '16349' LIMIT 1 [ RunTime:0.000000s ]
[ sql ] [ SQL ] SELECT `name` FROM `car_brand` WHERE  `id` = '1214' LIMIT 1 [ RunTime:0.001000s ]
[ sql ] [ SQL ] SELECT `name`,`upid` FROM `car_brand` WHERE  `id` = '16323' LIMIT 1 [ RunTime:0.000000s ]
[ sql ] [ SQL ] SELECT `name` FROM `car_brand` WHERE  `id` = '1208' LIMIT 1 [ RunTime:0.000000s ]
[ sql ] [ SQL ] SELECT `name`,`upid` FROM `car_brand` WHERE  `id` = '12198' LIMIT 1 [ RunTime:0.000000s ]
[ sql ] [ SQL ] SELECT `name` FROM `car_brand` WHERE  `id` = '946' LIMIT 1 [ RunTime:0.000000s ]
[ sql ] [ SQL ] SHOW COLUMNS FROM `rele_car` [ RunTime:0.004000s ]
[ sql ] [ SQL ] SELECT `pu_id`,`cartype_id`,`price`,`car_cardtime`,`car_mileage`,`img_300` FROM `rele_car` WHERE  (  status=1 and up_under=1 and city_id=1 ) ORDER BY `create_time` DESC LIMIT 20 [ RunTime:0.006000s ]
[ sql ] [ SQL ] SELECT `name`,`upid` FROM `car_brand` WHERE  `id` = '2652' LIMIT 1 [ RunTime:0.001000s ]
[ sql ] [ SQL ] SELECT `name` FROM `car_brand` WHERE  `id` = '436' LIMIT 1 [ RunTime:0.000000s ]
[ sql ] [ SQL ] SHOW COLUMNS FROM `param` [ RunTime:0.006000s ]
[ sql ] [ SQL ] SELECT `id`,`price` FROM `param` WHERE  (  id=9541 ) LIMIT 1 [ RunTime:0.000000s ]
[ sql ] [ SQL ] SELECT `name`,`upid` FROM `car_brand` WHERE  `id` = '6151' LIMIT 1 [ RunTime:0.001000s ]
[ sql ] [ SQL ] SELECT `name` FROM `car_brand` WHERE  `id` = '596' LIMIT 1 [ RunTime:0.000000s ]
[ sql ] [ SQL ] SELECT `id`,`price` FROM `param` WHERE  (  id=9538 ) LIMIT 1 [ RunTime:0.001000s ]
[ sql ] [ SQL ] SELECT `name`,`upid` FROM `car_brand` WHERE  `id` = '2970' LIMIT 1 [ RunTime:0.000000s ]
[ sql ] [ SQL ] SELECT `name` FROM `car_brand` WHERE  `id` = '445' LIMIT 1 [ RunTime:0.001000s ]
[ sql ] [ SQL ] SELECT `id`,`price` FROM `param` WHERE  (  id=9535 ) LIMIT 1 [ RunTime:0.000000s ]
[ sql ] [ SQL ] SELECT `name`,`upid` FROM `car_brand` WHERE  `id` = '6403' LIMIT 1 [ RunTime:0.001000s ]
[ sql ] [ SQL ] SELECT `name` FROM `car_brand` WHERE  `id` = '604' LIMIT 1 [ RunTime:0.000000s ]
[ sql ] [ SQL ] SELECT `id`,`price` FROM `param` WHERE  (  id=9516 ) LIMIT 1 [ RunTime:0.001000s ]
[ sql ] [ SQL ] SELECT `name`,`upid` FROM `car_brand` WHERE  `id` = '6339' LIMIT 1 [ RunTime:0.000000s ]
[ sql ] [ SQL ] SELECT `name` FROM `car_brand` WHERE  `id` = '606' LIMIT 1 [ RunTime:0.000000s ]
[ sql ] [ SQL ] SELECT `id`,`price` FROM `param` WHERE  (  id=9515 ) LIMIT 1 [ RunTime:0.000000s ]
[ sql ] [ SQL ] SELECT `name`,`upid` FROM `car_brand` WHERE  `id` = '27332' LIMIT 1 [ RunTime:0.000000s ]
[ sql ] [ SQL ] SELECT `name` FROM `car_brand` WHERE  `id` = '1921' LIMIT 1 [ RunTime:0.001000s ]
[ sql ] [ SQL ] SELECT `id`,`price` FROM `param` WHERE  (  id=9514 ) LIMIT 1 [ RunTime:0.000000s ]
[ sql ] [ SQL ] SELECT `name`,`upid` FROM `car_brand` WHERE  `id` = '6092' LIMIT 1 [ RunTime:0.001000s ]
[ sql ] [ SQL ] SELECT `name` FROM `car_brand` WHERE  `id` = '584' LIMIT 1 [ RunTime:0.000000s ]
[ sql ] [ SQL ] SELECT `id`,`price` FROM `param` WHERE  (  id=9513 ) LIMIT 1 [ RunTime:0.001000s ]
[ sql ] [ SQL ] SELECT `name`,`upid` FROM `car_brand` WHERE  `id` = '6492' LIMIT 1 [ RunTime:0.000000s ]
[ sql ] [ SQL ] SELECT `name` FROM `car_brand` WHERE  `id` = '613' LIMIT 1 [ RunTime:0.000000s ]
[ sql ] [ SQL ] SELECT `id`,`price` FROM `param` WHERE  (  id=9511 ) LIMIT 1 [ RunTime:0.001000s ]
[ sql ] [ SQL ] SELECT `name`,`upid` FROM `car_brand` WHERE  `id` = '3015' LIMIT 1 [ RunTime:0.000000s ]
[ sql ] [ SQL ] SELECT `name` FROM `car_brand` WHERE  `id` = '424' LIMIT 1 [ RunTime:0.001000s ]
[ sql ] [ SQL ] SELECT `id`,`price` FROM `param` WHERE  (  id=9510 ) LIMIT 1 [ RunTime:0.000000s ]
[ sql ] [ SQL ] SELECT `name`,`upid` FROM `car_brand` WHERE  `id` = '23863' LIMIT 1 [ RunTime:0.001000s ]
[ sql ] [ SQL ] SELECT `name` FROM `car_brand` WHERE  `id` = '1633' LIMIT 1 [ RunTime:0.000000s ]
[ sql ] [ SQL ] SELECT `id`,`price` FROM `param` WHERE  (  id=9508 ) LIMIT 1 [ RunTime:0.000000s ]
[ sql ] [ SQL ] SELECT `name`,`upid` FROM `car_brand` WHERE  `id` = '27332' LIMIT 1 [ RunTime:0.000000s ]
[ sql ] [ SQL ] SELECT `name` FROM `car_brand` WHERE  `id` = '1921' LIMIT 1 [ RunTime:0.000000s ]
[ sql ] [ SQL ] SELECT `id`,`price` FROM `param` WHERE  (  id=9507 ) LIMIT 1 [ RunTime:0.001000s ]
[ sql ] [ SQL ] SELECT `name`,`upid` FROM `car_brand` WHERE  `id` = '6415' LIMIT 1 [ RunTime:0.000000s ]
[ sql ] [ SQL ] SELECT `name` FROM `car_brand` WHERE  `id` = '607' LIMIT 1 [ RunTime:0.000000s ]
[ sql ] [ SQL ] SELECT `id`,`price` FROM `param` WHERE  (  id=9506 ) LIMIT 1 [ RunTime:0.000000s ]
[ sql ] [ SQL ] SELECT `name`,`upid` FROM `car_brand` WHERE  `id` = '23863' LIMIT 1 [ RunTime:0.000000s ]
[ sql ] [ SQL ] SELECT `name` FROM `car_brand` WHERE  `id` = '1633' LIMIT 1 [ RunTime:0.001000s ]
[ sql ] [ SQL ] SELECT `id`,`price` FROM `param` WHERE  (  id=9505 ) LIMIT 1 [ RunTime:0.000000s ]
[ sql ] [ SQL ] SELECT `name`,`upid` FROM `car_brand` WHERE  `id` = '6406' LIMIT 1 [ RunTime:0.001000s ]
[ sql ] [ SQL ] SELECT `name` FROM `car_brand` WHERE  `id` = '604' LIMIT 1 [ RunTime:0.000000s ]
[ sql ] [ SQL ] SELECT `id`,`price` FROM `param` WHERE  (  id=9504 ) LIMIT 1 [ RunTime:0.001000s ]
[ sql ] [ SQL ] SELECT `name`,`upid` FROM `car_brand` WHERE  `id` = '2726' LIMIT 1 [ RunTime:0.000000s ]
[ sql ] [ SQL ] SELECT `name` FROM `car_brand` WHERE  `id` = '453' LIMIT 1 [ RunTime:0.000000s ]
[ sql ] [ SQL ] SELECT `id`,`price` FROM `param` WHERE  (  id=9503 ) LIMIT 1 [ RunTime:0.000000s ]
[ sql ] [ SQL ] SELECT `name`,`upid` FROM `car_brand` WHERE  `id` = '2720' LIMIT 1 [ RunTime:0.000000s ]
[ sql ] [ SQL ] SELECT `name` FROM `car_brand` WHERE  `id` = '453' LIMIT 1 [ RunTime:0.001000s ]
[ sql ] [ SQL ] SELECT `id`,`price` FROM `param` WHERE  (  id=9502 ) LIMIT 1 [ RunTime:0.000000s ]
[ sql ] [ SQL ] SELECT `name`,`upid` FROM `car_brand` WHERE  `id` = '6402' LIMIT 1 [ RunTime:0.001000s ]
[ sql ] [ SQL ] SELECT `name` FROM `car_brand` WHERE  `id` = '604' LIMIT 1 [ RunTime:0.000000s ]
[ sql ] [ SQL ] SELECT `id`,`price` FROM `param` WHERE  (  id=9501 ) LIMIT 1 [ RunTime:0.001000s ]
[ sql ] [ SQL ] SELECT `name`,`upid` FROM `car_brand` WHERE  `id` = '6597' LIMIT 1 [ RunTime:0.000000s ]
[ sql ] [ SQL ] SELECT `name` FROM `car_brand` WHERE  `id` = '623' LIMIT 1 [ RunTime:0.001000s ]
[ sql ] [ SQL ] SELECT `id`,`price` FROM `param` WHERE  (  id=9500 ) LIMIT 1 [ RunTime:0.000000s ]
[ sql ] [ SQL ] SELECT `name`,`upid` FROM `car_brand` WHERE  `id` = '6519' LIMIT 1 [ RunTime:0.000000s ]
[ sql ] [ SQL ] SELECT `name` FROM `car_brand` WHERE  `id` = '605' LIMIT 1 [ RunTime:0.000000s ]
[ sql ] [ SQL ] SELECT `id`,`price` FROM `param` WHERE  (  id=9499 ) LIMIT 1 [ RunTime:0.001000s ]
[ sql ] [ SQL ] SELECT `name`,`upid` FROM `car_brand` WHERE  `id` = '23863' LIMIT 1 [ RunTime:0.000000s ]
[ sql ] [ SQL ] SELECT `name` FROM `car_brand` WHERE  `id` = '1633' LIMIT 1 [ RunTime:0.000000s ]
[ sql ] [ SQL ] SELECT `id`,`price` FROM `param` WHERE  (  id=9498 ) LIMIT 1 [ RunTime:0.000000s ]
[ sql ] [ SQL ] SHOW COLUMNS FROM `l_car` [ RunTime:0.004000s ]
[ sql ] [ SQL ] SELECT `id`,`cartype_id`,`price`,`img_300`,`pay0_s2`,`pay0_y2`,`pay0_n2` FROM `l_car` WHERE  (  is_tj=1 and status=1 and city_id=1 ) ORDER BY `create_time` DESC LIMIT 5 [ RunTime:0.001000s ]
[ sql ] [ SQL ] SELECT `name`,`upid` FROM `car_brand` WHERE  `id` = '26748' LIMIT 1 [ RunTime:0.000000s ]
[ sql ] [ SQL ] SELECT `name` FROM `car_brand` WHERE  `id` = '1853' LIMIT 1 [ RunTime:0.001000s ]
[ sql ] [ SQL ] SELECT `name`,`upid` FROM `car_brand` WHERE  `id` = '26758' LIMIT 1 [ RunTime:0.000000s ]
[ sql ] [ SQL ] SELECT `name` FROM `car_brand` WHERE  `id` = '1851' LIMIT 1 [ RunTime:0.001000s ]
[ sql ] [ SQL ] SELECT `name`,`upid` FROM `car_brand` WHERE  `id` = '16298' LIMIT 1 [ RunTime:0.000000s ]
[ sql ] [ SQL ] SELECT `name` FROM `car_brand` WHERE  `id` = '1211' LIMIT 1 [ RunTime:0.001000s ]
[ sql ] [ SQL ] SELECT `name`,`upid` FROM `car_brand` WHERE  `id` = '2658' LIMIT 1 [ RunTime:0.000000s ]
[ sql ] [ SQL ] SELECT `name` FROM `car_brand` WHERE  `id` = '427' LIMIT 1 [ RunTime:0.000000s ]
[ sql ] [ SQL ] SELECT `name`,`upid` FROM `car_brand` WHERE  `id` = '2720' LIMIT 1 [ RunTime:0.000000s ]
[ sql ] [ SQL ] SELECT `name` FROM `car_brand` WHERE  `id` = '453' LIMIT 1 [ RunTime:0.000000s ]
[ sql ] [ SQL ] SHOW COLUMNS FROM `news` [ RunTime:0.004000s ]
[ sql ] [ SQL ] SELECT `id`,`title`,`time`,`miaoshu`,`news_column` FROM `news` WHERE  `news_column` = '1'  AND `status` = 1 [ RunTime:0.000000s ]
[ sql ] [ SQL ] SELECT `id`,`title`,`time`,`miaoshu`,`news_column` FROM `news` WHERE  `news_column` = '2'  AND `status` = 1 [ RunTime:0.000000s ]
[ sql ] [ SQL ] SELECT `id`,`title`,`time`,`miaoshu`,`news_column` FROM `news` WHERE  `news_column` = '3'  AND `status` = 1 [ RunTime:0.001000s ]
[ sql ] [ SQL ] SELECT `id`,`title`,`time`,`miaoshu`,`news_column` FROM `news` WHERE  `news_column` = '4'  AND `status` = 1 [ RunTime:0.000000s ]
[ sql ] [ SQL ] SELECT `id`,`title`,`time`,`miaoshu`,`news_column` FROM `news` WHERE  `news_column` = '5'  AND `status` = 1 [ RunTime:0.000000s ]
---------------------------------------------------------------
[ 2018-10-27T17:16:53+08:00 ] 127.0.0.1 GET /index/index/img/shouye.png
[ info ] www.hr.com:8083/index/index/img/shouye.png [运行时间：0.025000s][吞吐率：40.00req/s] [内存消耗：1,723.23kb] [文件加载：46]
[ info ] [ LANG ] G:\xampp\htdocs\car\thinkphp\lang\zh-cn.php
[ info ] [ ROUTE ] array (
  'type' => 'module',
  'module' => 
  array (
    0 => 'index',
    1 => 'index',
    2 => 'img',
  ),
)
[ info ] [ HEADER ] array (
  'host' => 'www.hr.com:8083',
  'connection' => 'keep-alive',
  'user-agent' => 'Mozilla/5.0 (Windows NT 6.1; Win64; x64) AppleWebKit/537.36 (KHTML, like Gecko) Chrome/67.0.3396.62 Safari/537.36',
  'accept' => 'image/webp,image/apng,image/*,*/*;q=0.8',
  'referer' => 'http://www.hr.com:8083/index/index/index.html',
  'accept-encoding' => 'gzip, deflate',
  'accept-language' => 'zh-CN,zh;q=0.9',
  'cookie' => 'UM_distinctid=1665c3bd0250-02ed131810e0ca-5b163f13-1fa400-1665c3bd0272b9; CNZZDATA1273108608=1157751406-1539143650-%7C1539422485; Hm_lvt_922a7d20740f0600062b403710662cb1=1539145716,1539422460; Hm_lvt_080836300300be57b7f34f4b3e97d911=1539154281,1540172232; PHPSESSID=ci5cgnbcett6q90tufjabcvr8g',
)
[ info ] [ PARAM ] array (
)
[ info ] [ LOG ] INIT File
[ error ] [8]未定义数组索引: img[G:\xampp\htdocs\car\app\index\controller\Common.php:470]
---------------------------------------------------------------
[ 2018-10-27T17:16:53+08:00 ] 127.0.0.1 GET /index/index/img/maic.png
[ info ] www.hr.com:8083/index/index/img/maic.png [运行时间：0.024000s][吞吐率：41.67req/s] [内存消耗：1,723.20kb] [文件加载：46]
[ info ] [ LANG ] G:\xampp\htdocs\car\thinkphp\lang\zh-cn.php
[ info ] [ ROUTE ] array (
  'type' => 'module',
  'module' => 
  array (
    0 => 'index',
    1 => 'index',
    2 => 'img',
  ),
)
[ info ] [ HEADER ] array (
  'host' => 'www.hr.com:8083',
  'connection' => 'keep-alive',
  'user-agent' => 'Mozilla/5.0 (Windows NT 6.1; Win64; x64) AppleWebKit/537.36 (KHTML, like Gecko) Chrome/67.0.3396.62 Safari/537.36',
  'accept' => 'image/webp,image/apng,image/*,*/*;q=0.8',
  'referer' => 'http://www.hr.com:8083/index/index/index.html',
  'accept-encoding' => 'gzip, deflate',
  'accept-language' => 'zh-CN,zh;q=0.9',
  'cookie' => 'UM_distinctid=1665c3bd0250-02ed131810e0ca-5b163f13-1fa400-1665c3bd0272b9; CNZZDATA1273108608=1157751406-1539143650-%7C1539422485; Hm_lvt_922a7d20740f0600062b403710662cb1=1539145716,1539422460; Hm_lvt_080836300300be57b7f34f4b3e97d911=1539154281,1540172232; PHPSESSID=ci5cgnbcett6q90tufjabcvr8g',
)
[ info ] [ PARAM ] array (
)
[ info ] [ LOG ] INIT File
[ error ] [8]未定义数组索引: img[G:\xampp\htdocs\car\app\index\controller\Common.php:470]
---------------------------------------------------------------
[ 2018-10-27T17:16:53+08:00 ] 127.0.0.1 GET /index/index/img/wangahn.png
[ info ] www.hr.com:8083/index/index/img/wangahn.png [运行时间：0.029000s][吞吐率：34.48req/s] [内存消耗：1,723.23kb] [文件加载：46]
[ info ] [ LANG ] G:\xampp\htdocs\car\thinkphp\lang\zh-cn.php
[ info ] [ ROUTE ] array (
  'type' => 'module',
  'module' => 
  array (
    0 => 'index',
    1 => 'index',
    2 => 'img',
  ),
)
[ info ] [ HEADER ] array (
  'host' => 'www.hr.com:8083',
  'connection' => 'keep-alive',
  'user-agent' => 'Mozilla/5.0 (Windows NT 6.1; Win64; x64) AppleWebKit/537.36 (KHTML, like Gecko) Chrome/67.0.3396.62 Safari/537.36',
  'accept' => 'image/webp,image/apng,image/*,*/*;q=0.8',
  'referer' => 'http://www.hr.com:8083/index/index/index.html',
  'accept-encoding' => 'gzip, deflate',
  'accept-language' => 'zh-CN,zh;q=0.9',
  'cookie' => 'UM_distinctid=1665c3bd0250-02ed131810e0ca-5b163f13-1fa400-1665c3bd0272b9; CNZZDATA1273108608=1157751406-1539143650-%7C1539422485; Hm_lvt_922a7d20740f0600062b403710662cb1=1539145716,1539422460; Hm_lvt_080836300300be57b7f34f4b3e97d911=1539154281,1540172232; PHPSESSID=ci5cgnbcett6q90tufjabcvr8g',
)
[ info ] [ PARAM ] array (
)
[ info ] [ LOG ] INIT File
[ error ] [8]未定义数组索引: img[G:\xampp\htdocs\car\app\index\controller\Common.php:470]
---------------------------------------------------------------
[ 2018-10-27T17:16:53+08:00 ] 127.0.0.1 GET /index/index/img/phone1.png
[ info ] www.hr.com:8083/index/index/img/phone1.png [运行时间：0.026000s][吞吐率：38.46req/s] [内存消耗：1,723.23kb] [文件加载：46]
[ info ] [ LANG ] G:\xampp\htdocs\car\thinkphp\lang\zh-cn.php
[ info ] [ ROUTE ] array (
  'type' => 'module',
  'module' => 
  array (
    0 => 'index',
    1 => 'index',
    2 => 'img',
  ),
)
[ info ] [ HEADER ] array (
  'host' => 'www.hr.com:8083',
  'connection' => 'keep-alive',
  'user-agent' => 'Mozilla/5.0 (Windows NT 6.1; Win64; x64) AppleWebKit/537.36 (KHTML, like Gecko) Chrome/67.0.3396.62 Safari/537.36',
  'accept' => 'image/webp,image/apng,image/*,*/*;q=0.8',
  'referer' => 'http://www.hr.com:8083/index/index/index.html',
  'accept-encoding' => 'gzip, deflate',
  'accept-language' => 'zh-CN,zh;q=0.9',
  'cookie' => 'UM_distinctid=1665c3bd0250-02ed131810e0ca-5b163f13-1fa400-1665c3bd0272b9; CNZZDATA1273108608=1157751406-1539143650-%7C1539422485; Hm_lvt_922a7d20740f0600062b403710662cb1=1539145716,1539422460; Hm_lvt_080836300300be57b7f34f4b3e97d911=1539154281,1540172232; PHPSESSID=ci5cgnbcett6q90tufjabcvr8g',
)
[ info ] [ PARAM ] array (
)
[ info ] [ LOG ] INIT File
[ error ] [8]未定义数组索引: img[G:\xampp\htdocs\car\app\index\controller\Common.php:470]
---------------------------------------------------------------
[ 2018-10-27T17:16:53+08:00 ] 127.0.0.1 GET /index/index/img/ewmdown.png
[ info ] www.hr.com:8083/index/index/img/ewmdown.png [运行时间：0.023000s][吞吐率：43.48req/s] [内存消耗：1,723.23kb] [文件加载：46]
[ info ] [ LANG ] G:\xampp\htdocs\car\thinkphp\lang\zh-cn.php
[ info ] [ ROUTE ] array (
  'type' => 'module',
  'module' => 
  array (
    0 => 'index',
    1 => 'index',
    2 => 'img',
  ),
)
[ info ] [ HEADER ] array (
  'host' => 'www.hr.com:8083',
  'connection' => 'keep-alive',
  'user-agent' => 'Mozilla/5.0 (Windows NT 6.1; Win64; x64) AppleWebKit/537.36 (KHTML, like Gecko) Chrome/67.0.3396.62 Safari/537.36',
  'accept' => 'image/webp,image/apng,image/*,*/*;q=0.8',
  'referer' => 'http://www.hr.com:8083/index/index/index.html',
  'accept-encoding' => 'gzip, deflate',
  'accept-language' => 'zh-CN,zh;q=0.9',
  'cookie' => 'UM_distinctid=1665c3bd0250-02ed131810e0ca-5b163f13-1fa400-1665c3bd0272b9; CNZZDATA1273108608=1157751406-1539143650-%7C1539422485; Hm_lvt_922a7d20740f0600062b403710662cb1=1539145716,1539422460; Hm_lvt_080836300300be57b7f34f4b3e97d911=1539154281,1540172232; PHPSESSID=ci5cgnbcett6q90tufjabcvr8g',
)
[ info ] [ PARAM ] array (
)
[ info ] [ LOG ] INIT File
[ error ] [8]未定义数组索引: img[G:\xampp\htdocs\car\app\index\controller\Common.php:470]
---------------------------------------------------------------
[ 2018-10-27T17:16:53+08:00 ] 127.0.0.1 GET /index/index/img/ewm_guanzhu.png
[ info ] www.hr.com:8083/index/index/img/ewm_guanzhu.png [运行时间：0.023000s][吞吐率：43.48req/s] [内存消耗：1,723.29kb] [文件加载：46]
[ info ] [ LANG ] G:\xampp\htdocs\car\thinkphp\lang\zh-cn.php
[ info ] [ ROUTE ] array (
  'type' => 'module',
  'module' => 
  array (
    0 => 'index',
    1 => 'index',
    2 => 'img',
  ),
)
[ info ] [ HEADER ] array (
  'host' => 'www.hr.com:8083',
  'connection' => 'keep-alive',
  'user-agent' => 'Mozilla/5.0 (Windows NT 6.1; Win64; x64) AppleWebKit/537.36 (KHTML, like Gecko) Chrome/67.0.3396.62 Safari/537.36',
  'accept' => 'image/webp,image/apng,image/*,*/*;q=0.8',
  'referer' => 'http://www.hr.com:8083/index/index/index.html',
  'accept-encoding' => 'gzip, deflate',
  'accept-language' => 'zh-CN,zh;q=0.9',
  'cookie' => 'UM_distinctid=1665c3bd0250-02ed131810e0ca-5b163f13-1fa400-1665c3bd0272b9; CNZZDATA1273108608=1157751406-1539143650-%7C1539422485; Hm_lvt_922a7d20740f0600062b403710662cb1=1539145716,1539422460; Hm_lvt_080836300300be57b7f34f4b3e97d911=1539154281,1540172232; PHPSESSID=ci5cgnbcett6q90tufjabcvr8g',
)
[ info ] [ PARAM ] array (
)
[ info ] [ LOG ] INIT File
[ error ] [8]未定义数组索引: img[G:\xampp\htdocs\car\app\index\controller\Common.php:470]
---------------------------------------------------------------
[ 2018-10-27T17:16:53+08:00 ] 127.0.0.1 GET /index/index/img/1024.png
[ info ] www.hr.com:8083/index/index/img/1024.png [运行时间：0.044000s][吞吐率：22.73req/s] [内存消耗：1,723.20kb] [文件加载：46]
[ info ] [ LANG ] G:\xampp\htdocs\car\thinkphp\lang\zh-cn.php
[ info ] [ ROUTE ] array (
  'type' => 'module',
  'module' => 
  array (
    0 => 'index',
    1 => 'index',
    2 => 'img',
  ),
)
[ info ] [ HEADER ] array (
  'host' => 'www.hr.com:8083',
  'connection' => 'keep-alive',
  'user-agent' => 'Mozilla/5.0 (Windows NT 6.1; Win64; x64) AppleWebKit/537.36 (KHTML, like Gecko) Chrome/67.0.3396.62 Safari/537.36',
  'accept' => 'image/webp,image/apng,image/*,*/*;q=0.8',
  'referer' => 'http://www.hr.com:8083/index/index/index.html',
  'accept-encoding' => 'gzip, deflate',
  'accept-language' => 'zh-CN,zh;q=0.9',
  'cookie' => 'UM_distinctid=1665c3bd0250-02ed131810e0ca-5b163f13-1fa400-1665c3bd0272b9; CNZZDATA1273108608=1157751406-1539143650-%7C1539422485; Hm_lvt_922a7d20740f0600062b403710662cb1=1539145716,1539422460; Hm_lvt_080836300300be57b7f34f4b3e97d911=1539154281,1540172232; PHPSESSID=ci5cgnbcett6q90tufjabcvr8g',
)
[ info ] [ PARAM ] array (
)
[ info ] [ LOG ] INIT File
[ error ] [8]未定义数组索引: img[G:\xampp\htdocs\car\app\index\controller\Common.php:470]
---------------------------------------------------------------
[ 2018-10-27T17:16:53+08:00 ] 127.0.0.1 GET /index/index/img/xiazai.png
[ info ] www.hr.com:8083/index/index/img/xiazai.png [运行时间：0.057000s][吞吐率：17.54req/s] [内存消耗：1,723.23kb] [文件加载：46]
[ info ] [ LANG ] G:\xampp\htdocs\car\thinkphp\lang\zh-cn.php
[ info ] [ ROUTE ] array (
  'type' => 'module',
  'module' => 
  array (
    0 => 'index',
    1 => 'index',
    2 => 'img',
  ),
)
[ info ] [ HEADER ] array (
  'host' => 'www.hr.com:8083',
  'connection' => 'keep-alive',
  'user-agent' => 'Mozilla/5.0 (Windows NT 6.1; Win64; x64) AppleWebKit/537.36 (KHTML, like Gecko) Chrome/67.0.3396.62 Safari/537.36',
  'accept' => 'image/webp,image/apng,image/*,*/*;q=0.8',
  'referer' => 'http://www.hr.com:8083/index/index/index.html',
  'accept-encoding' => 'gzip, deflate',
  'accept-language' => 'zh-CN,zh;q=0.9',
  'cookie' => 'UM_distinctid=1665c3bd0250-02ed131810e0ca-5b163f13-1fa400-1665c3bd0272b9; CNZZDATA1273108608=1157751406-1539143650-%7C1539422485; Hm_lvt_922a7d20740f0600062b403710662cb1=1539145716,1539422460; Hm_lvt_080836300300be57b7f34f4b3e97d911=1539154281,1540172232; PHPSESSID=ci5cgnbcett6q90tufjabcvr8g',
)
[ info ] [ PARAM ] array (
)
[ info ] [ LOG ] INIT File
[ error ] [8]未定义数组索引: img[G:\xampp\htdocs\car\app\index\controller\Common.php:470]
---------------------------------------------------------------
[ 2018-10-27T17:16:53+08:00 ] 127.0.0.1 GET /index/index/favicon.png
[ info ] www.hr.com:8083/index/index/favicon.png [运行时间：0.027000s][吞吐率：37.04req/s] [内存消耗：1,723.92kb] [文件加载：46]
[ info ] [ LANG ] G:\xampp\htdocs\car\thinkphp\lang\zh-cn.php
[ info ] [ ROUTE ] array (
  'type' => 'module',
  'module' => 
  array (
    0 => 'index',
    1 => 'index',
    2 => 'favicon.png',
  ),
)
[ info ] [ HEADER ] array (
  'host' => 'www.hr.com:8083',
  'connection' => 'keep-alive',
  'pragma' => 'no-cache',
  'cache-control' => 'no-cache',
  'user-agent' => 'Mozilla/5.0 (Windows NT 6.1; Win64; x64) AppleWebKit/537.36 (KHTML, like Gecko) Chrome/67.0.3396.62 Safari/537.36',
  'accept' => 'image/webp,image/apng,image/*,*/*;q=0.8',
  'referer' => 'http://www.hr.com:8083/index/index/index.html',
  'accept-encoding' => 'gzip, deflate',
  'accept-language' => 'zh-CN,zh;q=0.9',
  'cookie' => 'UM_distinctid=1665c3bd0250-02ed131810e0ca-5b163f13-1fa400-1665c3bd0272b9; CNZZDATA1273108608=1157751406-1539143650-%7C1539422485; Hm_lvt_922a7d20740f0600062b403710662cb1=1539145716,1539422460; Hm_lvt_080836300300be57b7f34f4b3e97d911=1539154281,1540172232; PHPSESSID=ci5cgnbcett6q90tufjabcvr8g',
)
[ info ] [ PARAM ] array (
)
[ info ] [ LOG ] INIT File
[ error ] [8]未定义数组索引: favicon.png[G:\xampp\htdocs\car\app\index\controller\Common.php:470]
