---------------------------------------------------------------
[ 2018-11-01T19:29:48+08:00 ] 127.0.0.1 GET /index/user/favicon.png
[ info ] www.hr.com:8083/index/user/favicon.png [运行时间：0.026000s][吞吐率：38.46req/s] [内存消耗：1,909.55kb] [文件加载：46]
[ info ] [ LANG ] G:\xampp\htdocs\car\thinkphp\lang\zh-cn.php
[ info ] [ ROUTE ] array (
  'type' => 'module',
  'module' => 
  array (
    0 => 'index',
    1 => 'user',
    2 => 'favicon.png',
  ),
)
[ info ] [ HEADER ] array (
  'host' => 'www.hr.com:8083',
  'connection' => 'keep-alive',
  'user-agent' => 'Mozilla/5.0 (Windows NT 6.1; Win64; x64) AppleWebKit/537.36 (KHTML, like Gecko) Chrome/67.0.3396.62 Safari/537.36',
  'accept' => 'image/webp,image/apng,image/*,*/*;q=0.8',
  'referer' => 'http://www.hr.com:8083/index/user/person_info.html',
  'accept-encoding' => 'gzip, deflate',
  'accept-language' => 'zh-CN,zh;q=0.9',
  'cookie' => 'UM_distinctid=1665c3bd0250-02ed131810e0ca-5b163f13-1fa400-1665c3bd0272b9; CNZZDATA1273108608=1157751406-1539143650-%7C1539422485; Hm_lvt_922a7d20740f0600062b403710662cb1=1539145716,1539422460; Hm_lvt_080836300300be57b7f34f4b3e97d911=1539154281,1540172232; PHPSESSID=jkacf73495qnp0jovr799d2a5v',
)
[ info ] [ PARAM ] array (
)
[ info ] [ LOG ] INIT File
[ error ] [8]未定义数组索引: favicon.png[G:\xampp\htdocs\car\app\index\controller\Common.php:483]
---------------------------------------------------------------
[ 2018-11-01T19:29:50+08:00 ] 127.0.0.1 GET /index/user/person_info.html
[ info ] www.hr.com:8083/index/user/person_info.html [运行时间：0.083000s][吞吐率：12.05req/s] [内存消耗：2,666.23kb] [文件加载：52]
[ info ] [ LANG ] G:\xampp\htdocs\car\thinkphp\lang\zh-cn.php
[ info ] [ ROUTE ] array (
  'type' => 'module',
  'module' => 
  array (
    0 => 'index',
    1 => 'user',
    2 => 'person_info',
  ),
)
[ info ] [ HEADER ] array (
  'host' => 'www.hr.com:8083',
  'connection' => 'keep-alive',
  'cache-control' => 'max-age=0',
  'upgrade-insecure-requests' => '1',
  'user-agent' => 'Mozilla/5.0 (Windows NT 6.1; Win64; x64) AppleWebKit/537.36 (KHTML, like Gecko) Chrome/67.0.3396.62 Safari/537.36',
  'accept' => 'text/html,application/xhtml+xml,application/xml;q=0.9,image/webp,image/apng,*/*;q=0.8',
  'referer' => 'http://www.hr.com:8083/index/user/bind_phone.html',
  'accept-encoding' => 'gzip, deflate',
  'accept-language' => 'zh-CN,zh;q=0.9',
  'cookie' => 'UM_distinctid=1665c3bd0250-02ed131810e0ca-5b163f13-1fa400-1665c3bd0272b9; CNZZDATA1273108608=1157751406-1539143650-%7C1539422485; Hm_lvt_922a7d20740f0600062b403710662cb1=1539145716,1539422460; Hm_lvt_080836300300be57b7f34f4b3e97d911=1539154281,1540172232; PHPSESSID=jkacf73495qnp0jovr799d2a5v',
)
[ info ] [ PARAM ] array (
)
[ info ] [ RUN ] app\index\controller\User->person_info[ G:\xampp\htdocs\car\app\index\controller\User.php ]
[ info ] [ SESSION ] INIT array (
  'id' => '',
  'var_session_id' => '',
  'prefix' => 'think',
  'type' => '',
  'auto_start' => true,
)
[ info ] [ DB ] INIT mysql
[ info ] [ VIEW ] G:\xampp\htdocs\car\public/../app/index\view\user\person_info.html [ array (
  0 => 'brand',
  1 => 'res',
) ]
[ info ] [ LOG ] INIT File
[ sql ] [ DB ] CONNECT:[ UseTime:0.011000s ] mysql:host=127.0.0.1;port=3306;dbname=g_car4;charset=utf8
[ sql ] [ SQL ] SHOW COLUMNS FROM `car_brand` [ RunTime:0.005000s ]
[ sql ] [ SQL ] SELECT `id`,`img_id`,`name` FROM `car_brand` WHERE  (  id in (1,9,10,19,20,22) ) [ RunTime:0.010000s ]
[ sql ] [ SQL ] SHOW COLUMNS FROM `user` [ RunTime:0.006000s ]
[ sql ] [ SQL ] SELECT * FROM `user` WHERE  `phone` = '15010295998' LIMIT 1 [ RunTime:0.000000s ]
---------------------------------------------------------------
[ 2018-11-01T19:29:50+08:00 ] 127.0.0.1 GET /index/user/favicon.png
[ info ] www.hr.com:8083/index/user/favicon.png [运行时间：0.028000s][吞吐率：35.71req/s] [内存消耗：1,909.38kb] [文件加载：46]
[ info ] [ LANG ] G:\xampp\htdocs\car\thinkphp\lang\zh-cn.php
[ info ] [ ROUTE ] array (
  'type' => 'module',
  'module' => 
  array (
    0 => 'index',
    1 => 'user',
    2 => 'favicon.png',
  ),
)
[ info ] [ HEADER ] array (
  'host' => 'www.hr.com:8083',
  'connection' => 'keep-alive',
  'user-agent' => 'Mozilla/5.0 (Windows NT 6.1; Win64; x64) AppleWebKit/537.36 (KHTML, like Gecko) Chrome/67.0.3396.62 Safari/537.36',
  'accept' => 'image/webp,image/apng,image/*,*/*;q=0.8',
  'referer' => 'http://www.hr.com:8083/index/user/person_info.html',
  'accept-encoding' => 'gzip, deflate',
  'accept-language' => 'zh-CN,zh;q=0.9',
  'cookie' => 'UM_distinctid=1665c3bd0250-02ed131810e0ca-5b163f13-1fa400-1665c3bd0272b9; CNZZDATA1273108608=1157751406-1539143650-%7C1539422485; Hm_lvt_922a7d20740f0600062b403710662cb1=1539145716,1539422460; Hm_lvt_080836300300be57b7f34f4b3e97d911=1539154281,1540172232; PHPSESSID=jkacf73495qnp0jovr799d2a5v',
)
[ info ] [ PARAM ] array (
)
[ info ] [ LOG ] INIT File
[ error ] [8]未定义数组索引: favicon.png[G:\xampp\htdocs\car\app\index\controller\Common.php:483]
---------------------------------------------------------------
[ 2018-11-01T19:29:53+08:00 ] 127.0.0.1 GET /index/code/get_code.html?user_phone=15010295998&is_exist=0
[ info ] www.hr.com:8083/index/code/get_code.html?user_phone=15010295998&is_exist=0 [运行时间：0.179000s][吞吐率：5.59req/s] [内存消耗：2,327.26kb] [文件加载：49]
[ info ] [ LANG ] G:\xampp\htdocs\car\thinkphp\lang\zh-cn.php
[ info ] [ ROUTE ] array (
  'type' => 'module',
  'module' => 
  array (
    0 => 'index',
    1 => 'code',
    2 => 'get_code',
  ),
)
[ info ] [ HEADER ] array (
  'host' => 'www.hr.com:8083',
  'connection' => 'keep-alive',
  'accept' => '*/*',
  'x-requested-with' => 'XMLHttpRequest',
  'user-agent' => 'Mozilla/5.0 (Windows NT 6.1; Win64; x64) AppleWebKit/537.36 (KHTML, like Gecko) Chrome/67.0.3396.62 Safari/537.36',
  'referer' => 'http://www.hr.com:8083/index/user/person_info.html',
  'accept-encoding' => 'gzip, deflate',
  'accept-language' => 'zh-CN,zh;q=0.9',
  'cookie' => 'UM_distinctid=1665c3bd0250-02ed131810e0ca-5b163f13-1fa400-1665c3bd0272b9; CNZZDATA1273108608=1157751406-1539143650-%7C1539422485; Hm_lvt_922a7d20740f0600062b403710662cb1=1539145716,1539422460; Hm_lvt_080836300300be57b7f34f4b3e97d911=1539154281,1540172232; PHPSESSID=jkacf73495qnp0jovr799d2a5v',
)
[ info ] [ PARAM ] array (
  'user_phone' => '15010295998',
  'is_exist' => '0',
)
[ info ] [ RUN ] app\index\controller\Code->get_code[ G:\xampp\htdocs\car\app\index\controller\Code.php ]
[ info ] [ SESSION ] INIT array (
  'id' => '',
  'var_session_id' => '',
  'prefix' => 'think',
  'type' => '',
  'auto_start' => true,
)
[ info ] [ DB ] INIT mysql
[ info ] [ LOG ] INIT File
[ sql ] [ DB ] CONNECT:[ UseTime:0.010000s ] mysql:host=127.0.0.1;port=3306;dbname=g_car4;charset=utf8
[ sql ] [ SQL ] SHOW COLUMNS FROM `register_emporary` [ RunTime:0.006000s ]
[ sql ] [ SQL ] INSERT INTO `register_emporary` (`is_phone` , `code` , `type` , `create_time`) VALUES ('15010295998' , '590579' , 1 , '2018-11-01 19:29:53') [ RunTime:0.001000s ]
---------------------------------------------------------------
[ 2018-11-01T19:31:20+08:00 ] 127.0.0.1 GET /index/user/person_info.html
[ info ] www.hr.com:8083/index/user/person_info.html [运行时间：0.071000s][吞吐率：14.08req/s] [内存消耗：2,812.36kb] [文件加载：54]
[ info ] [ LANG ] G:\xampp\htdocs\car\thinkphp\lang\zh-cn.php
[ info ] [ ROUTE ] array (
  'type' => 'module',
  'module' => 
  array (
    0 => 'index',
    1 => 'user',
    2 => 'person_info',
  ),
)
[ info ] [ HEADER ] array (
  'host' => 'www.hr.com:8083',
  'connection' => 'keep-alive',
  'cache-control' => 'max-age=0',
  'upgrade-insecure-requests' => '1',
  'user-agent' => 'Mozilla/5.0 (Windows NT 6.1; Win64; x64) AppleWebKit/537.36 (KHTML, like Gecko) Chrome/67.0.3396.62 Safari/537.36',
  'accept' => 'text/html,application/xhtml+xml,application/xml;q=0.9,image/webp,image/apng,*/*;q=0.8',
  'referer' => 'http://www.hr.com:8083/index/user/bind_phone.html',
  'accept-encoding' => 'gzip, deflate',
  'accept-language' => 'zh-CN,zh;q=0.9',
  'cookie' => 'UM_distinctid=1665c3bd0250-02ed131810e0ca-5b163f13-1fa400-1665c3bd0272b9; CNZZDATA1273108608=1157751406-1539143650-%7C1539422485; Hm_lvt_922a7d20740f0600062b403710662cb1=1539145716,1539422460; Hm_lvt_080836300300be57b7f34f4b3e97d911=1539154281,1540172232; PHPSESSID=jkacf73495qnp0jovr799d2a5v',
)
[ info ] [ PARAM ] array (
)
[ info ] [ RUN ] app\index\controller\User->person_info[ G:\xampp\htdocs\car\app\index\controller\User.php ]
[ info ] [ SESSION ] INIT array (
  'id' => '',
  'var_session_id' => '',
  'prefix' => 'think',
  'type' => '',
  'auto_start' => true,
)
[ info ] [ DB ] INIT mysql
[ info ] [ VIEW ] G:\xampp\htdocs\car\public/../app/index\view\user\person_info.html [ array (
  0 => 'brand',
  1 => 'res',
) ]
[ info ] [ LOG ] INIT File
[ sql ] [ DB ] CONNECT:[ UseTime:0.001000s ] mysql:host=127.0.0.1;port=3306;dbname=g_car4;charset=utf8
[ sql ] [ SQL ] SHOW COLUMNS FROM `car_brand` [ RunTime:0.005000s ]
[ sql ] [ SQL ] SELECT `id`,`img_id`,`name` FROM `car_brand` WHERE  (  id in (1,9,10,19,20,22) ) [ RunTime:0.009000s ]
[ sql ] [ SQL ] SHOW COLUMNS FROM `user` [ RunTime:0.004000s ]
[ sql ] [ SQL ] SELECT * FROM `user` WHERE  `phone` = '15010295998' LIMIT 1 [ RunTime:0.000000s ]
---------------------------------------------------------------
[ 2018-11-01T19:31:20+08:00 ] 127.0.0.1 GET /index/user/favicon.png
[ info ] www.hr.com:8083/index/user/favicon.png [运行时间：0.028000s][吞吐率：35.71req/s] [内存消耗：1,909.38kb] [文件加载：46]
[ info ] [ LANG ] G:\xampp\htdocs\car\thinkphp\lang\zh-cn.php
[ info ] [ ROUTE ] array (
  'type' => 'module',
  'module' => 
  array (
    0 => 'index',
    1 => 'user',
    2 => 'favicon.png',
  ),
)
[ info ] [ HEADER ] array (
  'host' => 'www.hr.com:8083',
  'connection' => 'keep-alive',
  'user-agent' => 'Mozilla/5.0 (Windows NT 6.1; Win64; x64) AppleWebKit/537.36 (KHTML, like Gecko) Chrome/67.0.3396.62 Safari/537.36',
  'accept' => 'image/webp,image/apng,image/*,*/*;q=0.8',
  'referer' => 'http://www.hr.com:8083/index/user/person_info.html',
  'accept-encoding' => 'gzip, deflate',
  'accept-language' => 'zh-CN,zh;q=0.9',
  'cookie' => 'UM_distinctid=1665c3bd0250-02ed131810e0ca-5b163f13-1fa400-1665c3bd0272b9; CNZZDATA1273108608=1157751406-1539143650-%7C1539422485; Hm_lvt_922a7d20740f0600062b403710662cb1=1539145716,1539422460; Hm_lvt_080836300300be57b7f34f4b3e97d911=1539154281,1540172232; PHPSESSID=jkacf73495qnp0jovr799d2a5v',
)
[ info ] [ PARAM ] array (
)
[ info ] [ LOG ] INIT File
[ error ] [8]未定义数组索引: favicon.png[G:\xampp\htdocs\car\app\index\controller\Common.php:483]
---------------------------------------------------------------
[ 2018-11-01T19:31:43+08:00 ] 127.0.0.1 POST /index/user/change_pwd.html
[ info ] www.hr.com:8083/index/user/change_pwd.html [运行时间：0.117000s][吞吐率：8.55req/s] [内存消耗：2,514.95kb] [文件加载：48]
[ info ] [ LANG ] G:\xampp\htdocs\car\thinkphp\lang\zh-cn.php
[ info ] [ ROUTE ] array (
  'type' => 'module',
  'module' => 
  array (
    0 => 'index',
    1 => 'user',
    2 => 'change_pwd',
  ),
)
[ info ] [ HEADER ] array (
  'host' => 'www.hr.com:8083',
  'connection' => 'keep-alive',
  'content-length' => '347',
  'cache-control' => 'max-age=0',
  'origin' => 'http://www.hr.com:8083',
  'upgrade-insecure-requests' => '1',
  'content-type' => 'multipart/form-data; boundary=----WebKitFormBoundaryQ4iEERs8AqAgjAR2',
  'user-agent' => 'Mozilla/5.0 (Windows NT 6.1; Win64; x64) AppleWebKit/537.36 (KHTML, like Gecko) Chrome/67.0.3396.62 Safari/537.36',
  'accept' => 'text/html,application/xhtml+xml,application/xml;q=0.9,image/webp,image/apng,*/*;q=0.8',
  'referer' => 'http://www.hr.com:8083/index/user/person_info.html',
  'accept-encoding' => 'gzip, deflate',
  'accept-language' => 'zh-CN,zh;q=0.9',
  'cookie' => 'UM_distinctid=1665c3bd0250-02ed131810e0ca-5b163f13-1fa400-1665c3bd0272b9; CNZZDATA1273108608=1157751406-1539143650-%7C1539422485; Hm_lvt_922a7d20740f0600062b403710662cb1=1539145716,1539422460; Hm_lvt_080836300300be57b7f34f4b3e97d911=1539154281,1540172232; PHPSESSID=jkacf73495qnp0jovr799d2a5v',
)
[ info ] [ PARAM ] array (
  'user_ini_pwd' => '123456',
  'user_pwd' => '123456',
  'code' => '590579',
)
[ info ] [ RUN ] app\index\controller\User->change_pwd[ G:\xampp\htdocs\car\app\index\controller\User.php ]
[ info ] [ SESSION ] INIT array (
  'id' => '',
  'var_session_id' => '',
  'prefix' => 'think',
  'type' => '',
  'auto_start' => true,
)
[ info ] [ DB ] INIT mysql
[ info ] [ LOG ] INIT File
[ sql ] [ DB ] CONNECT:[ UseTime:0.010000s ] mysql:host=127.0.0.1;port=3306;dbname=g_car4;charset=utf8
[ sql ] [ SQL ] SHOW COLUMNS FROM `user` [ RunTime:0.005000s ]
[ sql ] [ SQL ] SELECT * FROM `user` WHERE  `phone` = '15010295998' LIMIT 1 [ RunTime:0.001000s ]
[ sql ] [ SQL ] SELECT * FROM `user` WHERE  `phone` = '15010295998' LIMIT 1 [ RunTime:0.000000s ]
[ sql ] [ SQL ] UPDATE `user`  SET `password`='123456'  WHERE  `phone` = '15010295998' [ RunTime:0.045000s ]
