---------------------------------------------------------------
[ 2018-11-06T19:56:32+08:00 ] 127.0.0.1 GET /zhengzhou/per_ord.html
[ info ] www.hr.com:8083/zhengzhou/per_ord.html [运行时间：0.137000s][吞吐率：7.30req/s] [内存消耗：2,804.40kb] [文件加载：52]
[ info ] [ LANG ] G:\xampp\htdocs\car\thinkphp\lang\zh-cn.php
[ info ] [ ROUTE ] array (
  'type' => 'module',
  'module' => 
  array (
    0 => 'index',
    1 => 'user',
    2 => 'person_order',
  ),
  'convert' => false,
)
[ info ] [ HEADER ] array (
  'host' => 'www.hr.com:8083',
  'connection' => 'keep-alive',
  'cache-control' => 'max-age=0',
  'upgrade-insecure-requests' => '1',
  'user-agent' => 'Mozilla/5.0 (Windows NT 6.1; Win64; x64) AppleWebKit/537.36 (KHTML, like Gecko) Chrome/67.0.3396.62 Safari/537.36',
  'accept' => 'text/html,application/xhtml+xml,application/xml;q=0.9,image/webp,image/apng,*/*;q=0.8',
  'referer' => 'http://www.hr.com:8083/zhengzhou/per_feed.html',
  'accept-encoding' => 'gzip, deflate',
  'accept-language' => 'zh-CN,zh;q=0.9',
  'cookie' => 'UM_distinctid=1665c3bd0250-02ed131810e0ca-5b163f13-1fa400-1665c3bd0272b9; CNZZDATA1273108608=1157751406-1539143650-%7C1539422485; Hm_lvt_922a7d20740f0600062b403710662cb1=1539145716,1539422460; Hm_lvt_080836300300be57b7f34f4b3e97d911=1539154281,1540172232; PHPSESSID=a9r701v1tfmlaud5udjphmk2n7',
)
[ info ] [ PARAM ] array (
  'city' => 'zhengzhou',
)
[ info ] [ RUN ] app\index\controller\User->person_order[ G:\xampp\htdocs\car\app\index\controller\User.php ]
[ info ] [ DB ] INIT mysql
[ info ] [ SESSION ] INIT array (
  'id' => '',
  'var_session_id' => '',
  'prefix' => 'think',
  'type' => '',
  'auto_start' => true,
)
[ info ] [ VIEW ] G:\xampp\htdocs\car\public/../app/index\view\user\person_order.html [ array (
  0 => 'city',
  1 => 'domain',
  2 => 'list',
  3 => 'brand',
) ]
[ info ] [ LOG ] INIT File
[ sql ] [ DB ] CONNECT:[ UseTime:0.011000s ] mysql:host=127.0.0.1;port=3306;dbname=g_car4;charset=utf8
[ sql ] [ SQL ] SHOW COLUMNS FROM `city` [ RunTime:0.006000s ]
[ sql ] [ SQL ] SELECT `id`,`initial`,`initial_num`,`name`,`pin` FROM `city` WHERE  `pin` = 'zhengzhou' LIMIT 1 [ RunTime:0.000000s ]
[ sql ] [ SQL ] SELECT * FROM `city` WHERE  `status` = 1 [ RunTime:0.001000s ]
[ sql ] [ SQL ] SHOW COLUMNS FROM `my_appointment` [ RunTime:0.006000s ]
[ sql ] [ SQL ] SELECT `id`,`cheid`,`create_time` FROM `my_appointment` WHERE  (  userid=5 and type=2 ) [ RunTime:0.001000s ]
[ sql ] [ SQL ] SHOW COLUMNS FROM `bespeak_car` [ RunTime:0.006000s ]
[ sql ] [ SQL ] SELECT bespeak_id as id,pu_id as cheid,`create_time` FROM `bespeak_car` WHERE  (  user_id=5 and pu_id != '' ) [ RunTime:0.000000s ]
[ sql ] [ SQL ] SHOW COLUMNS FROM `rele_car` [ RunTime:0.006000s ]
[ sql ] [ SQL ] SELECT `a`.`pu_id`,`a`.`name_li`,`a`.`cartype_id`,`a`.`price`,`a`.`car_cardtime`,`a`.`car_mileage`,`a`.`img_300`,`b`.`shop_name` FROM `rele_car` `a` INNER JOIN `user_shop` `b` ON `b`.`user_id`=`a`.`user_id` WHERE  `pu_id` = 78 [ RunTime:0.001000s ]
[ sql ] [ SQL ] SHOW COLUMNS FROM `car_brand` [ RunTime:0.006000s ]
[ sql ] [ SQL ] SELECT `name`,`upid` FROM `car_brand` WHERE  `id` = '26655' LIMIT 1 [ RunTime:0.001000s ]
[ sql ] [ SQL ] SELECT `name` FROM `car_brand` WHERE  `id` = '1843' LIMIT 1 [ RunTime:0.001000s ]
[ sql ] [ SQL ] SELECT `a`.`pu_id`,`a`.`name_li`,`a`.`cartype_id`,`a`.`price`,`a`.`car_cardtime`,`a`.`car_mileage`,`a`.`img_300`,`b`.`shop_name` FROM `rele_car` `a` INNER JOIN `user_shop` `b` ON `b`.`user_id`=`a`.`user_id` WHERE  `pu_id` = 79 [ RunTime:0.001000s ]
[ sql ] [ SQL ] SELECT `name`,`upid` FROM `car_brand` WHERE  `id` = '2962' LIMIT 1 [ RunTime:0.001000s ]
[ sql ] [ SQL ] SELECT `name` FROM `car_brand` WHERE  `id` = '422' LIMIT 1 [ RunTime:0.000000s ]
[ sql ] [ SQL ] SELECT `a`.`pu_id`,`a`.`name_li`,`a`.`cartype_id`,`a`.`price`,`a`.`car_cardtime`,`a`.`car_mileage`,`a`.`img_300`,`b`.`shop_name` FROM `rele_car` `a` INNER JOIN `user_shop` `b` ON `b`.`user_id`=`a`.`user_id` WHERE  `pu_id` = 80 [ RunTime:0.000000s ]
[ sql ] [ SQL ] SELECT `name`,`upid` FROM `car_brand` WHERE  `id` = '4104' LIMIT 1 [ RunTime:0.000000s ]
[ sql ] [ SQL ] SELECT `name` FROM `car_brand` WHERE  `id` = '484' LIMIT 1 [ RunTime:0.001000s ]
[ sql ] [ SQL ] SELECT `a`.`pu_id`,`a`.`name_li`,`a`.`cartype_id`,`a`.`price`,`a`.`car_cardtime`,`a`.`car_mileage`,`a`.`img_300`,`b`.`shop_name` FROM `rele_car` `a` INNER JOIN `user_shop` `b` ON `b`.`user_id`=`a`.`user_id` WHERE  `pu_id` = 81 [ RunTime:0.001000s ]
[ sql ] [ SQL ] SELECT `name`,`upid` FROM `car_brand` WHERE  `id` = '5191' LIMIT 1 [ RunTime:0.000000s ]
[ sql ] [ SQL ] SELECT `name` FROM `car_brand` WHERE  `id` = '517' LIMIT 1 [ RunTime:0.000000s ]
[ sql ] [ SQL ] SELECT `a`.`pu_id`,`a`.`name_li`,`a`.`cartype_id`,`a`.`price`,`a`.`car_cardtime`,`a`.`car_mileage`,`a`.`img_300`,`b`.`shop_name` FROM `rele_car` `a` INNER JOIN `user_shop` `b` ON `b`.`user_id`=`a`.`user_id` WHERE  `pu_id` = 82 [ RunTime:0.001000s ]
[ sql ] [ SQL ] SELECT `name`,`upid` FROM `car_brand` WHERE  `id` = '6054' LIMIT 1 [ RunTime:0.000000s ]
[ sql ] [ SQL ] SELECT `name` FROM `car_brand` WHERE  `id` = '591' LIMIT 1 [ RunTime:0.000000s ]
[ sql ] [ SQL ] SELECT `id`,`img_id`,`name` FROM `car_brand` WHERE  (  id in (1,9,10,19,20,22) ) [ RunTime:0.013000s ]
---------------------------------------------------------------
[ 2018-11-06T19:56:34+08:00 ] 127.0.0.1 GET /zhengzhou/per_ord.html
[ info ] www.hr.com:8083/zhengzhou/per_ord.html [运行时间：0.110000s][吞吐率：9.09req/s] [内存消耗：2,804.02kb] [文件加载：52]
[ info ] [ LANG ] G:\xampp\htdocs\car\thinkphp\lang\zh-cn.php
[ info ] [ ROUTE ] array (
  'type' => 'module',
  'module' => 
  array (
    0 => 'index',
    1 => 'user',
    2 => 'person_order',
  ),
  'convert' => false,
)
[ info ] [ HEADER ] array (
  'host' => 'www.hr.com:8083',
  'connection' => 'keep-alive',
  'upgrade-insecure-requests' => '1',
  'user-agent' => 'Mozilla/5.0 (Windows NT 6.1; Win64; x64) AppleWebKit/537.36 (KHTML, like Gecko) Chrome/67.0.3396.62 Safari/537.36',
  'accept' => 'text/html,application/xhtml+xml,application/xml;q=0.9,image/webp,image/apng,*/*;q=0.8',
  'referer' => 'http://www.hr.com:8083/zhengzhou/per_ord.html',
  'accept-encoding' => 'gzip, deflate',
  'accept-language' => 'zh-CN,zh;q=0.9',
  'cookie' => 'UM_distinctid=1665c3bd0250-02ed131810e0ca-5b163f13-1fa400-1665c3bd0272b9; CNZZDATA1273108608=1157751406-1539143650-%7C1539422485; Hm_lvt_922a7d20740f0600062b403710662cb1=1539145716,1539422460; Hm_lvt_080836300300be57b7f34f4b3e97d911=1539154281,1540172232; PHPSESSID=a9r701v1tfmlaud5udjphmk2n7',
)
[ info ] [ PARAM ] array (
  'city' => 'zhengzhou',
)
[ info ] [ RUN ] app\index\controller\User->person_order[ G:\xampp\htdocs\car\app\index\controller\User.php ]
[ info ] [ DB ] INIT mysql
[ info ] [ SESSION ] INIT array (
  'id' => '',
  'var_session_id' => '',
  'prefix' => 'think',
  'type' => '',
  'auto_start' => true,
)
[ info ] [ VIEW ] G:\xampp\htdocs\car\public/../app/index\view\user\person_order.html [ array (
  0 => 'city',
  1 => 'domain',
  2 => 'list',
  3 => 'brand',
) ]
[ info ] [ LOG ] INIT File
[ sql ] [ DB ] CONNECT:[ UseTime:0.000000s ] mysql:host=127.0.0.1;port=3306;dbname=g_car4;charset=utf8
[ sql ] [ SQL ] SHOW COLUMNS FROM `city` [ RunTime:0.004000s ]
[ sql ] [ SQL ] SELECT `id`,`initial`,`initial_num`,`name`,`pin` FROM `city` WHERE  `pin` = 'zhengzhou' LIMIT 1 [ RunTime:0.000000s ]
[ sql ] [ SQL ] SELECT * FROM `city` WHERE  `status` = 1 [ RunTime:0.001000s ]
[ sql ] [ SQL ] SHOW COLUMNS FROM `my_appointment` [ RunTime:0.003000s ]
[ sql ] [ SQL ] SELECT `id`,`cheid`,`create_time` FROM `my_appointment` WHERE  (  userid=5 and type=2 ) [ RunTime:0.000000s ]
[ sql ] [ SQL ] SHOW COLUMNS FROM `bespeak_car` [ RunTime:0.004000s ]
[ sql ] [ SQL ] SELECT bespeak_id as id,pu_id as cheid,`create_time` FROM `bespeak_car` WHERE  (  user_id=5 and pu_id != '' ) [ RunTime:0.000000s ]
[ sql ] [ SQL ] SHOW COLUMNS FROM `rele_car` [ RunTime:0.004000s ]
[ sql ] [ SQL ] SELECT `a`.`pu_id`,`a`.`name_li`,`a`.`cartype_id`,`a`.`price`,`a`.`car_cardtime`,`a`.`car_mileage`,`a`.`img_300`,`b`.`shop_name` FROM `rele_car` `a` INNER JOIN `user_shop` `b` ON `b`.`user_id`=`a`.`user_id` WHERE  `pu_id` = 78 [ RunTime:0.001000s ]
[ sql ] [ SQL ] SHOW COLUMNS FROM `car_brand` [ RunTime:0.003000s ]
[ sql ] [ SQL ] SELECT `name`,`upid` FROM `car_brand` WHERE  `id` = '26655' LIMIT 1 [ RunTime:0.000000s ]
[ sql ] [ SQL ] SELECT `name` FROM `car_brand` WHERE  `id` = '1843' LIMIT 1 [ RunTime:0.000000s ]
[ sql ] [ SQL ] SELECT `a`.`pu_id`,`a`.`name_li`,`a`.`cartype_id`,`a`.`price`,`a`.`car_cardtime`,`a`.`car_mileage`,`a`.`img_300`,`b`.`shop_name` FROM `rele_car` `a` INNER JOIN `user_shop` `b` ON `b`.`user_id`=`a`.`user_id` WHERE  `pu_id` = 79 [ RunTime:0.000000s ]
[ sql ] [ SQL ] SELECT `name`,`upid` FROM `car_brand` WHERE  `id` = '2962' LIMIT 1 [ RunTime:0.000000s ]
[ sql ] [ SQL ] SELECT `name` FROM `car_brand` WHERE  `id` = '422' LIMIT 1 [ RunTime:0.001000s ]
[ sql ] [ SQL ] SELECT `a`.`pu_id`,`a`.`name_li`,`a`.`cartype_id`,`a`.`price`,`a`.`car_cardtime`,`a`.`car_mileage`,`a`.`img_300`,`b`.`shop_name` FROM `rele_car` `a` INNER JOIN `user_shop` `b` ON `b`.`user_id`=`a`.`user_id` WHERE  `pu_id` = 80 [ RunTime:0.001000s ]
[ sql ] [ SQL ] SELECT `name`,`upid` FROM `car_brand` WHERE  `id` = '4104' LIMIT 1 [ RunTime:0.000000s ]
[ sql ] [ SQL ] SELECT `name` FROM `car_brand` WHERE  `id` = '484' LIMIT 1 [ RunTime:0.000000s ]
[ sql ] [ SQL ] SELECT `a`.`pu_id`,`a`.`name_li`,`a`.`cartype_id`,`a`.`price`,`a`.`car_cardtime`,`a`.`car_mileage`,`a`.`img_300`,`b`.`shop_name` FROM `rele_car` `a` INNER JOIN `user_shop` `b` ON `b`.`user_id`=`a`.`user_id` WHERE  `pu_id` = 81 [ RunTime:0.001000s ]
[ sql ] [ SQL ] SELECT `name`,`upid` FROM `car_brand` WHERE  `id` = '5191' LIMIT 1 [ RunTime:0.000000s ]
[ sql ] [ SQL ] SELECT `name` FROM `car_brand` WHERE  `id` = '517' LIMIT 1 [ RunTime:0.001000s ]
[ sql ] [ SQL ] SELECT `a`.`pu_id`,`a`.`name_li`,`a`.`cartype_id`,`a`.`price`,`a`.`car_cardtime`,`a`.`car_mileage`,`a`.`img_300`,`b`.`shop_name` FROM `rele_car` `a` INNER JOIN `user_shop` `b` ON `b`.`user_id`=`a`.`user_id` WHERE  `pu_id` = 82 [ RunTime:0.001000s ]
[ sql ] [ SQL ] SELECT `name`,`upid` FROM `car_brand` WHERE  `id` = '6054' LIMIT 1 [ RunTime:0.000000s ]
[ sql ] [ SQL ] SELECT `name` FROM `car_brand` WHERE  `id` = '591' LIMIT 1 [ RunTime:0.001000s ]
[ sql ] [ SQL ] SELECT `id`,`img_id`,`name` FROM `car_brand` WHERE  (  id in (1,9,10,19,20,22) ) [ RunTime:0.008000s ]
---------------------------------------------------------------
[ 2018-11-06T19:56:37+08:00 ] 127.0.0.1 GET /zhengzhou/per_man
[ info ] www.hr.com:8083/zhengzhou/per_man [运行时间：0.102000s][吞吐率：9.80req/s] [内存消耗：2,735.80kb] [文件加载：52]
[ info ] [ LANG ] G:\xampp\htdocs\car\thinkphp\lang\zh-cn.php
[ info ] [ ROUTE ] array (
  'type' => 'module',
  'module' => 
  array (
    0 => 'index',
    1 => 'user',
    2 => 'person_manage',
  ),
  'convert' => false,
)
[ info ] [ HEADER ] array (
  'host' => 'www.hr.com:8083',
  'connection' => 'keep-alive',
  'upgrade-insecure-requests' => '1',
  'user-agent' => 'Mozilla/5.0 (Windows NT 6.1; Win64; x64) AppleWebKit/537.36 (KHTML, like Gecko) Chrome/67.0.3396.62 Safari/537.36',
  'accept' => 'text/html,application/xhtml+xml,application/xml;q=0.9,image/webp,image/apng,*/*;q=0.8',
  'referer' => 'http://www.hr.com:8083/zhengzhou/per_ord.html',
  'accept-encoding' => 'gzip, deflate',
  'accept-language' => 'zh-CN,zh;q=0.9',
  'cookie' => 'UM_distinctid=1665c3bd0250-02ed131810e0ca-5b163f13-1fa400-1665c3bd0272b9; CNZZDATA1273108608=1157751406-1539143650-%7C1539422485; Hm_lvt_922a7d20740f0600062b403710662cb1=1539145716,1539422460; Hm_lvt_080836300300be57b7f34f4b3e97d911=1539154281,1540172232; PHPSESSID=a9r701v1tfmlaud5udjphmk2n7',
)
[ info ] [ PARAM ] array (
  'city' => 'zhengzhou',
)
[ info ] [ RUN ] app\index\controller\User->person_manage[ G:\xampp\htdocs\car\app\index\controller\User.php ]
[ info ] [ DB ] INIT mysql
[ info ] [ SESSION ] INIT array (
  'id' => '',
  'var_session_id' => '',
  'prefix' => 'think',
  'type' => '',
  'auto_start' => true,
)
[ info ] [ VIEW ] G:\xampp\htdocs\car\public/../app/index\view\user\person_manage.html [ array (
  0 => 'city',
  1 => 'domain',
  2 => 'brand',
  3 => 'shop_info',
) ]
[ info ] [ LOG ] INIT File
[ sql ] [ DB ] CONNECT:[ UseTime:0.001000s ] mysql:host=127.0.0.1;port=3306;dbname=g_car4;charset=utf8
[ sql ] [ SQL ] SHOW COLUMNS FROM `city` [ RunTime:0.005000s ]
[ sql ] [ SQL ] SELECT `id`,`initial`,`initial_num`,`name`,`pin` FROM `city` WHERE  `pin` = 'zhengzhou' LIMIT 1 [ RunTime:0.000000s ]
[ sql ] [ SQL ] SELECT * FROM `city` WHERE  `status` = 1 [ RunTime:0.000000s ]
[ sql ] [ SQL ] SHOW COLUMNS FROM `user_shop` [ RunTime:0.006000s ]
[ sql ] [ SQL ] SELECT * FROM `user_shop` WHERE  `user_id` = 54 LIMIT 1 [ RunTime:0.001000s ]
[ sql ] [ SQL ] SHOW COLUMNS FROM `car_brand` [ RunTime:0.006000s ]
[ sql ] [ SQL ] SELECT `id`,`img_id`,`name` FROM `car_brand` WHERE  (  id in (1,9,10,19,20,22) ) [ RunTime:0.013000s ]
---------------------------------------------------------------
[ 2018-11-06T19:56:37+08:00 ] 127.0.0.1 GET /zhengzhou/templates/header.html
[ info ] www.hr.com:8083/zhengzhou/templates/header.html [运行时间：0.020000s][吞吐率：50.00req/s] [内存消耗：1,169.08kb] [文件加载：37]
[ info ] [ LANG ] G:\xampp\htdocs\car\thinkphp\lang\zh-cn.php
[ info ] [ ROUTE ] array (
  'type' => 'module',
  'module' => 
  array (
    0 => 'zhengzhou',
    1 => 'templates',
    2 => 'header',
  ),
)
[ info ] [ HEADER ] array (
  'host' => 'www.hr.com:8083',
  'connection' => 'keep-alive',
  'accept' => 'text/html, */*; q=0.01',
  'x-requested-with' => 'XMLHttpRequest',
  'user-agent' => 'Mozilla/5.0 (Windows NT 6.1; Win64; x64) AppleWebKit/537.36 (KHTML, like Gecko) Chrome/67.0.3396.62 Safari/537.36',
  'referer' => 'http://www.hr.com:8083/zhengzhou/per_man',
  'accept-encoding' => 'gzip, deflate',
  'accept-language' => 'zh-CN,zh;q=0.9',
  'cookie' => 'UM_distinctid=1665c3bd0250-02ed131810e0ca-5b163f13-1fa400-1665c3bd0272b9; CNZZDATA1273108608=1157751406-1539143650-%7C1539422485; Hm_lvt_922a7d20740f0600062b403710662cb1=1539145716,1539422460; Hm_lvt_080836300300be57b7f34f4b3e97d911=1539154281,1540172232; PHPSESSID=a9r701v1tfmlaud5udjphmk2n7',
)
[ info ] [ PARAM ] array (
)
[ info ] [ LOG ] INIT File
---------------------------------------------------------------
[ 2018-11-06T19:56:37+08:00 ] 127.0.0.1 GET /zhengzhou/per_rele
[ info ] www.hr.com:8083/zhengzhou/per_rele [运行时间：0.351000s][吞吐率：2.85req/s] [内存消耗：3,004.72kb] [文件加载：52]
[ info ] [ LANG ] G:\xampp\htdocs\car\thinkphp\lang\zh-cn.php
[ info ] [ ROUTE ] array (
  'type' => 'module',
  'module' => 
  array (
    0 => 'index',
    1 => 'user',
    2 => 'person_release',
  ),
  'convert' => false,
)
[ info ] [ HEADER ] array (
  'host' => 'www.hr.com:8083',
  'connection' => 'keep-alive',
  'upgrade-insecure-requests' => '1',
  'user-agent' => 'Mozilla/5.0 (Windows NT 6.1; Win64; x64) AppleWebKit/537.36 (KHTML, like Gecko) Chrome/67.0.3396.62 Safari/537.36',
  'accept' => 'text/html,application/xhtml+xml,application/xml;q=0.9,image/webp,image/apng,*/*;q=0.8',
  'referer' => 'http://www.hr.com:8083/zhengzhou/per_man',
  'accept-encoding' => 'gzip, deflate',
  'accept-language' => 'zh-CN,zh;q=0.9',
  'cookie' => 'UM_distinctid=1665c3bd0250-02ed131810e0ca-5b163f13-1fa400-1665c3bd0272b9; CNZZDATA1273108608=1157751406-1539143650-%7C1539422485; Hm_lvt_922a7d20740f0600062b403710662cb1=1539145716,1539422460; Hm_lvt_080836300300be57b7f34f4b3e97d911=1539154281,1540172232; PHPSESSID=a9r701v1tfmlaud5udjphmk2n7',
)
[ info ] [ PARAM ] array (
  'city' => 'zhengzhou',
)
[ info ] [ RUN ] app\index\controller\User->person_release[ G:\xampp\htdocs\car\app\index\controller\User.php ]
[ info ] [ DB ] INIT mysql
[ info ] [ SESSION ] INIT array (
  'id' => '',
  'var_session_id' => '',
  'prefix' => 'think',
  'type' => '',
  'auto_start' => true,
)
[ info ] [ VIEW ] G:\xampp\htdocs\car\public/../app/index\view\user\person_release.html [ array (
  0 => 'city',
  1 => 'domain',
  2 => 'brand',
  3 => 'price',
  4 => 'subface',
  5 => 'ABC',
  6 => 'age',
  7 => 'licheng',
  8 => 'output',
  9 => 'gearbox',
  10 => 'fuel',
  11 => 'blowdown',
  12 => 'car_drive',
  13 => 'car_body',
  14 => 'color',
) ]
[ info ] [ LOG ] INIT File
[ sql ] [ DB ] CONNECT:[ UseTime:0.011000s ] mysql:host=127.0.0.1;port=3306;dbname=g_car4;charset=utf8
[ sql ] [ SQL ] SHOW COLUMNS FROM `city` [ RunTime:0.005000s ]
[ sql ] [ SQL ] SELECT `id`,`initial`,`initial_num`,`name`,`pin` FROM `city` WHERE  `pin` = 'zhengzhou' LIMIT 1 [ RunTime:0.001000s ]
[ sql ] [ SQL ] SELECT * FROM `city` WHERE  `status` = 1 [ RunTime:0.001000s ]
[ sql ] [ SQL ] SHOW COLUMNS FROM `price_range` [ RunTime:0.005000s ]
[ sql ] [ SQL ] SELECT price_id as id,`name` FROM `price_range` ORDER BY `level` ASC LIMIT 4 [ RunTime:0.000000s ]
[ sql ] [ SQL ] SHOW COLUMNS FROM `subface` [ RunTime:0.005000s ]
[ sql ] [ SQL ] SELECT face_id as id,`name`,`img` FROM `subface` ORDER BY `level` ASC LIMIT 5 [ RunTime:0.000000s ]
[ sql ] [ SQL ] SHOW COLUMNS FROM `cheling` [ RunTime:0.004000s ]
[ sql ] [ SQL ] SELECT * FROM `cheling` [ RunTime:0.001000s ]
[ sql ] [ SQL ] SHOW COLUMNS FROM `car_color1` [ RunTime:0.004000s ]
[ sql ] [ SQL ] SELECT * FROM `car_color1` [ RunTime:0.001000s ]
[ sql ] [ SQL ] SHOW COLUMNS FROM `car_brand` [ RunTime:0.005000s ]
[ sql ] [ SQL ] SELECT `id`,`img_id`,`name` FROM `car_brand` WHERE  (  id in (1,9,10,19,20,22) ) [ RunTime:0.011000s ]
[ sql ] [ SQL ] SELECT `id`,`img_id`,`initial`,`name` FROM `car_brand` WHERE  `initial_num` = '65'  AND `status` = '1'  AND `level` = '1' ORDER BY `sort` DESC [ RunTime:0.010000s ]
[ sql ] [ SQL ] SELECT `id`,`img_id`,`initial`,`name` FROM `car_brand` WHERE  `initial_num` = '65'  AND `status` = '1'  AND `level` = '1' ORDER BY `sort` DESC [ RunTime:0.010000s ]
[ sql ] [ SQL ] SELECT `id`,`img_id`,`initial`,`name` FROM `car_brand` WHERE  `initial_num` = '66'  AND `status` = '1'  AND `level` = '1' ORDER BY `sort` DESC [ RunTime:0.008000s ]
[ sql ] [ SQL ] SELECT `id`,`img_id`,`initial`,`name` FROM `car_brand` WHERE  `initial_num` = '67'  AND `status` = '1'  AND `level` = '1' ORDER BY `sort` DESC [ RunTime:0.007000s ]
[ sql ] [ SQL ] SELECT `id`,`img_id`,`initial`,`name` FROM `car_brand` WHERE  `initial_num` = '68'  AND `status` = '1'  AND `level` = '1' ORDER BY `sort` DESC [ RunTime:0.008000s ]
[ sql ] [ SQL ] SELECT `id`,`img_id`,`initial`,`name` FROM `car_brand` WHERE  `initial_num` = '69'  AND `status` = '1'  AND `level` = '1' ORDER BY `sort` DESC [ RunTime:0.008000s ]
[ sql ] [ SQL ] SELECT `id`,`img_id`,`initial`,`name` FROM `car_brand` WHERE  `initial_num` = '70'  AND `status` = '1'  AND `level` = '1' ORDER BY `sort` DESC [ RunTime:0.007000s ]
[ sql ] [ SQL ] SELECT `id`,`img_id`,`initial`,`name` FROM `car_brand` WHERE  `initial_num` = '71'  AND `status` = '1'  AND `level` = '1' ORDER BY `sort` DESC [ RunTime:0.007000s ]
[ sql ] [ SQL ] SELECT `id`,`img_id`,`initial`,`name` FROM `car_brand` WHERE  `initial_num` = '72'  AND `status` = '1'  AND `level` = '1' ORDER BY `sort` DESC [ RunTime:0.008000s ]
[ sql ] [ SQL ] SELECT `id`,`img_id`,`initial`,`name` FROM `car_brand` WHERE  `initial_num` = '73'  AND `status` = '1'  AND `level` = '1' ORDER BY `sort` DESC [ RunTime:0.007000s ]
[ sql ] [ SQL ] SELECT `id`,`img_id`,`initial`,`name` FROM `car_brand` WHERE  `initial_num` = '74'  AND `status` = '1'  AND `level` = '1' ORDER BY `sort` DESC [ RunTime:0.008000s ]
[ sql ] [ SQL ] SELECT `id`,`img_id`,`initial`,`name` FROM `car_brand` WHERE  `initial_num` = '75'  AND `status` = '1'  AND `level` = '1' ORDER BY `sort` DESC [ RunTime:0.008000s ]
[ sql ] [ SQL ] SELECT `id`,`img_id`,`initial`,`name` FROM `car_brand` WHERE  `initial_num` = '76'  AND `status` = '1'  AND `level` = '1' ORDER BY `sort` DESC [ RunTime:0.008000s ]
[ sql ] [ SQL ] SELECT `id`,`img_id`,`initial`,`name` FROM `car_brand` WHERE  `initial_num` = '77'  AND `status` = '1'  AND `level` = '1' ORDER BY `sort` DESC [ RunTime:0.008000s ]
[ sql ] [ SQL ] SELECT `id`,`img_id`,`initial`,`name` FROM `car_brand` WHERE  `initial_num` = '78'  AND `status` = '1'  AND `level` = '1' ORDER BY `sort` DESC [ RunTime:0.008000s ]
[ sql ] [ SQL ] SELECT `id`,`img_id`,`initial`,`name` FROM `car_brand` WHERE  `initial_num` = '79'  AND `status` = '1'  AND `level` = '1' ORDER BY `sort` DESC [ RunTime:0.008000s ]
[ sql ] [ SQL ] SELECT `id`,`img_id`,`initial`,`name` FROM `car_brand` WHERE  `initial_num` = '80'  AND `status` = '1'  AND `level` = '1' ORDER BY `sort` DESC [ RunTime:0.007000s ]
[ sql ] [ SQL ] SELECT `id`,`img_id`,`initial`,`name` FROM `car_brand` WHERE  `initial_num` = '81'  AND `status` = '1'  AND `level` = '1' ORDER BY `sort` DESC [ RunTime:0.008000s ]
[ sql ] [ SQL ] SELECT `id`,`img_id`,`initial`,`name` FROM `car_brand` WHERE  `initial_num` = '82'  AND `status` = '1'  AND `level` = '1' ORDER BY `sort` DESC [ RunTime:0.007000s ]
[ sql ] [ SQL ] SELECT `id`,`img_id`,`initial`,`name` FROM `car_brand` WHERE  `initial_num` = '83'  AND `status` = '1'  AND `level` = '1' ORDER BY `sort` DESC [ RunTime:0.009000s ]
[ sql ] [ SQL ] SELECT `id`,`img_id`,`initial`,`name` FROM `car_brand` WHERE  `initial_num` = '84'  AND `status` = '1'  AND `level` = '1' ORDER BY `sort` DESC [ RunTime:0.008000s ]
[ sql ] [ SQL ] SELECT `id`,`img_id`,`initial`,`name` FROM `car_brand` WHERE  `initial_num` = '85'  AND `status` = '1'  AND `level` = '1' ORDER BY `sort` DESC [ RunTime:0.008000s ]
[ sql ] [ SQL ] SELECT `id`,`img_id`,`initial`,`name` FROM `car_brand` WHERE  `initial_num` = '86'  AND `status` = '1'  AND `level` = '1' ORDER BY `sort` DESC [ RunTime:0.007000s ]
[ sql ] [ SQL ] SELECT `id`,`img_id`,`initial`,`name` FROM `car_brand` WHERE  `initial_num` = '87'  AND `status` = '1'  AND `level` = '1' ORDER BY `sort` DESC [ RunTime:0.008000s ]
[ sql ] [ SQL ] SELECT `id`,`img_id`,`initial`,`name` FROM `car_brand` WHERE  `initial_num` = '88'  AND `status` = '1'  AND `level` = '1' ORDER BY `sort` DESC [ RunTime:0.008000s ]
[ sql ] [ SQL ] SELECT `id`,`img_id`,`initial`,`name` FROM `car_brand` WHERE  `initial_num` = '89'  AND `status` = '1'  AND `level` = '1' ORDER BY `sort` DESC [ RunTime:0.008000s ]
[ sql ] [ SQL ] SELECT `id`,`img_id`,`initial`,`name` FROM `car_brand` WHERE  `initial_num` = '90'  AND `status` = '1'  AND `level` = '1' ORDER BY `sort` DESC [ RunTime:0.007000s ]
---------------------------------------------------------------
[ 2018-11-06T19:56:37+08:00 ] 127.0.0.1 GET /zhengzhou/img/yhtx.png
[ info ] www.hr.com:8083/zhengzhou/img/yhtx.png [运行时间：0.018000s][吞吐率：55.56req/s] [内存消耗：1,167.96kb] [文件加载：37]
[ info ] [ LANG ] G:\xampp\htdocs\car\thinkphp\lang\zh-cn.php
[ info ] [ ROUTE ] array (
  'type' => 'module',
  'module' => 
  array (
    0 => 'zhengzhou',
    1 => 'img',
    2 => 'yhtx.png',
  ),
)
[ info ] [ HEADER ] array (
  'host' => 'www.hr.com:8083',
  'connection' => 'keep-alive',
  'user-agent' => 'Mozilla/5.0 (Windows NT 6.1; Win64; x64) AppleWebKit/537.36 (KHTML, like Gecko) Chrome/67.0.3396.62 Safari/537.36',
  'accept' => 'image/webp,image/apng,image/*,*/*;q=0.8',
  'referer' => 'http://www.hr.com:8083/zhengzhou/per_rele',
  'accept-encoding' => 'gzip, deflate',
  'accept-language' => 'zh-CN,zh;q=0.9',
  'cookie' => 'UM_distinctid=1665c3bd0250-02ed131810e0ca-5b163f13-1fa400-1665c3bd0272b9; CNZZDATA1273108608=1157751406-1539143650-%7C1539422485; Hm_lvt_922a7d20740f0600062b403710662cb1=1539145716,1539422460; Hm_lvt_080836300300be57b7f34f4b3e97d911=1539154281,1540172232; PHPSESSID=a9r701v1tfmlaud5udjphmk2n7',
)
[ info ] [ PARAM ] array (
)
[ info ] [ LOG ] INIT File
---------------------------------------------------------------
[ 2018-11-06T19:56:37+08:00 ] 127.0.0.1 GET /zhengzhou/img/upimg.png
[ info ] www.hr.com:8083/zhengzhou/img/upimg.png [运行时间：0.020000s][吞吐率：50.00req/s] [内存消耗：1,168.01kb] [文件加载：37]
[ info ] [ LANG ] G:\xampp\htdocs\car\thinkphp\lang\zh-cn.php
[ info ] [ ROUTE ] array (
  'type' => 'module',
  'module' => 
  array (
    0 => 'zhengzhou',
    1 => 'img',
    2 => 'upimg.png',
  ),
)
[ info ] [ HEADER ] array (
  'host' => 'www.hr.com:8083',
  'connection' => 'keep-alive',
  'user-agent' => 'Mozilla/5.0 (Windows NT 6.1; Win64; x64) AppleWebKit/537.36 (KHTML, like Gecko) Chrome/67.0.3396.62 Safari/537.36',
  'accept' => 'image/webp,image/apng,image/*,*/*;q=0.8',
  'referer' => 'http://www.hr.com:8083/zhengzhou/per_rele',
  'accept-encoding' => 'gzip, deflate',
  'accept-language' => 'zh-CN,zh;q=0.9',
  'cookie' => 'UM_distinctid=1665c3bd0250-02ed131810e0ca-5b163f13-1fa400-1665c3bd0272b9; CNZZDATA1273108608=1157751406-1539143650-%7C1539422485; Hm_lvt_922a7d20740f0600062b403710662cb1=1539145716,1539422460; Hm_lvt_080836300300be57b7f34f4b3e97d911=1539154281,1540172232; PHPSESSID=a9r701v1tfmlaud5udjphmk2n7',
)
[ info ] [ PARAM ] array (
)
[ info ] [ LOG ] INIT File
---------------------------------------------------------------
[ 2018-11-06T19:56:37+08:00 ] 127.0.0.1 GET /zhengzhou/img/del1.png
[ info ] www.hr.com:8083/zhengzhou/img/del1.png [运行时间：0.021000s][吞吐率：47.62req/s] [内存消耗：1,167.96kb] [文件加载：37]
[ info ] [ LANG ] G:\xampp\htdocs\car\thinkphp\lang\zh-cn.php
[ info ] [ ROUTE ] array (
  'type' => 'module',
  'module' => 
  array (
    0 => 'zhengzhou',
    1 => 'img',
    2 => 'del1.png',
  ),
)
[ info ] [ HEADER ] array (
  'host' => 'www.hr.com:8083',
  'connection' => 'keep-alive',
  'user-agent' => 'Mozilla/5.0 (Windows NT 6.1; Win64; x64) AppleWebKit/537.36 (KHTML, like Gecko) Chrome/67.0.3396.62 Safari/537.36',
  'accept' => 'image/webp,image/apng,image/*,*/*;q=0.8',
  'referer' => 'http://www.hr.com:8083/zhengzhou/per_rele',
  'accept-encoding' => 'gzip, deflate',
  'accept-language' => 'zh-CN,zh;q=0.9',
  'cookie' => 'UM_distinctid=1665c3bd0250-02ed131810e0ca-5b163f13-1fa400-1665c3bd0272b9; CNZZDATA1273108608=1157751406-1539143650-%7C1539422485; Hm_lvt_922a7d20740f0600062b403710662cb1=1539145716,1539422460; Hm_lvt_080836300300be57b7f34f4b3e97d911=1539154281,1540172232; PHPSESSID=a9r701v1tfmlaud5udjphmk2n7',
)
[ info ] [ PARAM ] array (
)
[ info ] [ LOG ] INIT File
---------------------------------------------------------------
[ 2018-11-06T19:56:37+08:00 ] 127.0.0.1 GET /zhengzhou/templates/header.html
[ info ] www.hr.com:8083/zhengzhou/templates/header.html [运行时间：0.020000s][吞吐率：50.00req/s] [内存消耗：1,169.08kb] [文件加载：37]
[ info ] [ LANG ] G:\xampp\htdocs\car\thinkphp\lang\zh-cn.php
[ info ] [ ROUTE ] array (
  'type' => 'module',
  'module' => 
  array (
    0 => 'zhengzhou',
    1 => 'templates',
    2 => 'header',
  ),
)
[ info ] [ HEADER ] array (
  'host' => 'www.hr.com:8083',
  'connection' => 'keep-alive',
  'accept' => 'text/html, */*; q=0.01',
  'x-requested-with' => 'XMLHttpRequest',
  'user-agent' => 'Mozilla/5.0 (Windows NT 6.1; Win64; x64) AppleWebKit/537.36 (KHTML, like Gecko) Chrome/67.0.3396.62 Safari/537.36',
  'referer' => 'http://www.hr.com:8083/zhengzhou/per_rele',
  'accept-encoding' => 'gzip, deflate',
  'accept-language' => 'zh-CN,zh;q=0.9',
  'cookie' => 'UM_distinctid=1665c3bd0250-02ed131810e0ca-5b163f13-1fa400-1665c3bd0272b9; CNZZDATA1273108608=1157751406-1539143650-%7C1539422485; Hm_lvt_922a7d20740f0600062b403710662cb1=1539145716,1539422460; Hm_lvt_080836300300be57b7f34f4b3e97d911=1539154281,1540172232; PHPSESSID=a9r701v1tfmlaud5udjphmk2n7',
)
[ info ] [ PARAM ] array (
)
[ info ] [ LOG ] INIT File
