---------------------------------------------------------------
[ 2018-11-07T17:16:20+08:00 ] 127.0.0.1 GET /zhengzhou/per_rele
[ info ] www.hr.com:8083/zhengzhou/per_rele [运行时间：0.345000s][吞吐率：2.90req/s] [内存消耗：3,237.65kb] [文件加载：55]
[ info ] [ LANG ] G:\xampp\htdocs\car\thinkphp\lang\zh-cn.php
[ info ] [ ROUTE ] array (
  'type' => 'module',
  'module' => 
  array (
    0 => 'index',
    1 => 'user',
    2 => 'person_release',
  ),
  'convert' => false,
)
[ info ] [ HEADER ] array (
  'host' => 'www.hr.com:8083',
  'connection' => 'keep-alive',
  'upgrade-insecure-requests' => '1',
  'user-agent' => 'Mozilla/5.0 (Windows NT 6.1; Win64; x64) AppleWebKit/537.36 (KHTML, like Gecko) Chrome/67.0.3396.62 Safari/537.36',
  'accept' => 'text/html,application/xhtml+xml,application/xml;q=0.9,image/webp,image/apng,*/*;q=0.8',
  'referer' => 'http://www.hr.com:8083/zhengzhou/per_coll.html',
  'accept-encoding' => 'gzip, deflate',
  'accept-language' => 'zh-CN,zh;q=0.9',
  'cookie' => 'UM_distinctid=1665c3bd0250-02ed131810e0ca-5b163f13-1fa400-1665c3bd0272b9; CNZZDATA1273108608=1157751406-1539143650-%7C1539422485; Hm_lvt_922a7d20740f0600062b403710662cb1=1539145716,1539422460; Hm_lvt_080836300300be57b7f34f4b3e97d911=1539154281,1540172232; PHPSESSID=k3c3qvbg0c7ljmqnu6uc57hl6e; user_id=54; phone=15010295998',
)
[ info ] [ PARAM ] array (
  'city' => 'zhengzhou',
)
[ info ] [ RUN ] app\index\controller\User->person_release[ G:\xampp\htdocs\car\app\index\controller\User.php ]
[ info ] [ DB ] INIT mysql
[ info ] [ SESSION ] INIT array (
  'id' => '',
  'var_session_id' => '',
  'prefix' => 'think',
  'type' => '',
  'auto_start' => true,
)
[ info ] [ VIEW ] G:\xampp\htdocs\car\public/../app/index\view\user\person_release.html [ array (
  0 => 'city',
  1 => 'domain',
  2 => 'brand',
  3 => 'price',
  4 => 'subface',
  5 => 'ABC',
  6 => 'age',
  7 => 'licheng',
  8 => 'output',
  9 => 'gearbox',
  10 => 'fuel',
  11 => 'blowdown',
  12 => 'car_drive',
  13 => 'car_body',
  14 => 'color',
) ]
[ info ] [ LOG ] INIT File
[ sql ] [ DB ] CONNECT:[ UseTime:0.011000s ] mysql:host=127.0.0.1;port=3306;dbname=g_car4;charset=utf8
[ sql ] [ SQL ] SHOW COLUMNS FROM `city` [ RunTime:0.005000s ]
[ sql ] [ SQL ] SELECT `id`,`initial`,`initial_num`,`name`,`pin` FROM `city` WHERE  `pin` = 'zhengzhou' LIMIT 1 [ RunTime:0.000000s ]
[ sql ] [ SQL ] SELECT * FROM `city` WHERE  `status` = 1 [ RunTime:0.000000s ]
[ sql ] [ SQL ] SHOW COLUMNS FROM `price_range` [ RunTime:0.006000s ]
[ sql ] [ SQL ] SELECT price_id as id,`name` FROM `price_range` ORDER BY `level` ASC LIMIT 4 [ RunTime:0.000000s ]
[ sql ] [ SQL ] SHOW COLUMNS FROM `subface` [ RunTime:0.004000s ]
[ sql ] [ SQL ] SELECT face_id as id,`name`,`img` FROM `subface` ORDER BY `level` ASC LIMIT 5 [ RunTime:0.001000s ]
[ sql ] [ SQL ] SHOW COLUMNS FROM `cheling` [ RunTime:0.004000s ]
[ sql ] [ SQL ] SELECT * FROM `cheling` [ RunTime:0.001000s ]
[ sql ] [ SQL ] SHOW COLUMNS FROM `car_color1` [ RunTime:0.005000s ]
[ sql ] [ SQL ] SELECT * FROM `car_color1` [ RunTime:0.000000s ]
[ sql ] [ SQL ] SHOW COLUMNS FROM `car_brand` [ RunTime:0.004000s ]
[ sql ] [ SQL ] SELECT `id`,`img_id`,`name` FROM `car_brand` WHERE  (  id in (1,9,10,19,20,22) ) [ RunTime:0.008000s ]
[ sql ] [ SQL ] SELECT `id`,`img_id`,`initial`,`name` FROM `car_brand` WHERE  `initial_num` = '65'  AND `status` = '1'  AND `level` = '1' ORDER BY `sort` DESC [ RunTime:0.009000s ]
[ sql ] [ SQL ] SELECT `id`,`img_id`,`initial`,`name` FROM `car_brand` WHERE  `initial_num` = '65'  AND `status` = '1'  AND `level` = '1' ORDER BY `sort` DESC [ RunTime:0.007000s ]
[ sql ] [ SQL ] SELECT `id`,`img_id`,`initial`,`name` FROM `car_brand` WHERE  `initial_num` = '66'  AND `status` = '1'  AND `level` = '1' ORDER BY `sort` DESC [ RunTime:0.008000s ]
[ sql ] [ SQL ] SELECT `id`,`img_id`,`initial`,`name` FROM `car_brand` WHERE  `initial_num` = '67'  AND `status` = '1'  AND `level` = '1' ORDER BY `sort` DESC [ RunTime:0.007000s ]
[ sql ] [ SQL ] SELECT `id`,`img_id`,`initial`,`name` FROM `car_brand` WHERE  `initial_num` = '68'  AND `status` = '1'  AND `level` = '1' ORDER BY `sort` DESC [ RunTime:0.008000s ]
[ sql ] [ SQL ] SELECT `id`,`img_id`,`initial`,`name` FROM `car_brand` WHERE  `initial_num` = '69'  AND `status` = '1'  AND `level` = '1' ORDER BY `sort` DESC [ RunTime:0.007000s ]
[ sql ] [ SQL ] SELECT `id`,`img_id`,`initial`,`name` FROM `car_brand` WHERE  `initial_num` = '70'  AND `status` = '1'  AND `level` = '1' ORDER BY `sort` DESC [ RunTime:0.008000s ]
[ sql ] [ SQL ] SELECT `id`,`img_id`,`initial`,`name` FROM `car_brand` WHERE  `initial_num` = '71'  AND `status` = '1'  AND `level` = '1' ORDER BY `sort` DESC [ RunTime:0.007000s ]
[ sql ] [ SQL ] SELECT `id`,`img_id`,`initial`,`name` FROM `car_brand` WHERE  `initial_num` = '72'  AND `status` = '1'  AND `level` = '1' ORDER BY `sort` DESC [ RunTime:0.007000s ]
[ sql ] [ SQL ] SELECT `id`,`img_id`,`initial`,`name` FROM `car_brand` WHERE  `initial_num` = '73'  AND `status` = '1'  AND `level` = '1' ORDER BY `sort` DESC [ RunTime:0.007000s ]
[ sql ] [ SQL ] SELECT `id`,`img_id`,`initial`,`name` FROM `car_brand` WHERE  `initial_num` = '74'  AND `status` = '1'  AND `level` = '1' ORDER BY `sort` DESC [ RunTime:0.008000s ]
[ sql ] [ SQL ] SELECT `id`,`img_id`,`initial`,`name` FROM `car_brand` WHERE  `initial_num` = '75'  AND `status` = '1'  AND `level` = '1' ORDER BY `sort` DESC [ RunTime:0.007000s ]
[ sql ] [ SQL ] SELECT `id`,`img_id`,`initial`,`name` FROM `car_brand` WHERE  `initial_num` = '76'  AND `status` = '1'  AND `level` = '1' ORDER BY `sort` DESC [ RunTime:0.007000s ]
[ sql ] [ SQL ] SELECT `id`,`img_id`,`initial`,`name` FROM `car_brand` WHERE  `initial_num` = '77'  AND `status` = '1'  AND `level` = '1' ORDER BY `sort` DESC [ RunTime:0.008000s ]
[ sql ] [ SQL ] SELECT `id`,`img_id`,`initial`,`name` FROM `car_brand` WHERE  `initial_num` = '78'  AND `status` = '1'  AND `level` = '1' ORDER BY `sort` DESC [ RunTime:0.007000s ]
[ sql ] [ SQL ] SELECT `id`,`img_id`,`initial`,`name` FROM `car_brand` WHERE  `initial_num` = '79'  AND `status` = '1'  AND `level` = '1' ORDER BY `sort` DESC [ RunTime:0.008000s ]
[ sql ] [ SQL ] SELECT `id`,`img_id`,`initial`,`name` FROM `car_brand` WHERE  `initial_num` = '80'  AND `status` = '1'  AND `level` = '1' ORDER BY `sort` DESC [ RunTime:0.007000s ]
[ sql ] [ SQL ] SELECT `id`,`img_id`,`initial`,`name` FROM `car_brand` WHERE  `initial_num` = '81'  AND `status` = '1'  AND `level` = '1' ORDER BY `sort` DESC [ RunTime:0.007000s ]
[ sql ] [ SQL ] SELECT `id`,`img_id`,`initial`,`name` FROM `car_brand` WHERE  `initial_num` = '82'  AND `status` = '1'  AND `level` = '1' ORDER BY `sort` DESC [ RunTime:0.007000s ]
[ sql ] [ SQL ] SELECT `id`,`img_id`,`initial`,`name` FROM `car_brand` WHERE  `initial_num` = '83'  AND `status` = '1'  AND `level` = '1' ORDER BY `sort` DESC [ RunTime:0.008000s ]
[ sql ] [ SQL ] SELECT `id`,`img_id`,`initial`,`name` FROM `car_brand` WHERE  `initial_num` = '84'  AND `status` = '1'  AND `level` = '1' ORDER BY `sort` DESC [ RunTime:0.008000s ]
[ sql ] [ SQL ] SELECT `id`,`img_id`,`initial`,`name` FROM `car_brand` WHERE  `initial_num` = '85'  AND `status` = '1'  AND `level` = '1' ORDER BY `sort` DESC [ RunTime:0.007000s ]
[ sql ] [ SQL ] SELECT `id`,`img_id`,`initial`,`name` FROM `car_brand` WHERE  `initial_num` = '86'  AND `status` = '1'  AND `level` = '1' ORDER BY `sort` DESC [ RunTime:0.007000s ]
[ sql ] [ SQL ] SELECT `id`,`img_id`,`initial`,`name` FROM `car_brand` WHERE  `initial_num` = '87'  AND `status` = '1'  AND `level` = '1' ORDER BY `sort` DESC [ RunTime:0.007000s ]
[ sql ] [ SQL ] SELECT `id`,`img_id`,`initial`,`name` FROM `car_brand` WHERE  `initial_num` = '88'  AND `status` = '1'  AND `level` = '1' ORDER BY `sort` DESC [ RunTime:0.008000s ]
[ sql ] [ SQL ] SELECT `id`,`img_id`,`initial`,`name` FROM `car_brand` WHERE  `initial_num` = '89'  AND `status` = '1'  AND `level` = '1' ORDER BY `sort` DESC [ RunTime:0.007000s ]
[ sql ] [ SQL ] SELECT `id`,`img_id`,`initial`,`name` FROM `car_brand` WHERE  `initial_num` = '90'  AND `status` = '1'  AND `level` = '1' ORDER BY `sort` DESC [ RunTime:0.008000s ]
---------------------------------------------------------------
[ 2018-11-07T17:16:20+08:00 ] 127.0.0.1 GET /zhengzhou/img/yhtx.png
[ info ] www.hr.com:8083/zhengzhou/img/yhtx.png [运行时间：0.020000s][吞吐率：50.00req/s] [内存消耗：1,175.43kb] [文件加载：37]
[ info ] [ LANG ] G:\xampp\htdocs\car\thinkphp\lang\zh-cn.php
[ info ] [ ROUTE ] array (
  'type' => 'module',
  'module' => 
  array (
    0 => 'zhengzhou',
    1 => 'img',
    2 => 'yhtx.png',
  ),
)
[ info ] [ HEADER ] array (
  'host' => 'www.hr.com:8083',
  'connection' => 'keep-alive',
  'user-agent' => 'Mozilla/5.0 (Windows NT 6.1; Win64; x64) AppleWebKit/537.36 (KHTML, like Gecko) Chrome/67.0.3396.62 Safari/537.36',
  'accept' => 'image/webp,image/apng,image/*,*/*;q=0.8',
  'referer' => 'http://www.hr.com:8083/zhengzhou/per_rele',
  'accept-encoding' => 'gzip, deflate',
  'accept-language' => 'zh-CN,zh;q=0.9',
  'cookie' => 'UM_distinctid=1665c3bd0250-02ed131810e0ca-5b163f13-1fa400-1665c3bd0272b9; CNZZDATA1273108608=1157751406-1539143650-%7C1539422485; Hm_lvt_922a7d20740f0600062b403710662cb1=1539145716,1539422460; Hm_lvt_080836300300be57b7f34f4b3e97d911=1539154281,1540172232; PHPSESSID=k3c3qvbg0c7ljmqnu6uc57hl6e; user_id=54; phone=15010295998',
)
[ info ] [ PARAM ] array (
)
[ info ] [ LOG ] INIT File
---------------------------------------------------------------
[ 2018-11-07T17:16:20+08:00 ] 127.0.0.1 GET /zhengzhou/img/upimg.png
[ info ] www.hr.com:8083/zhengzhou/img/upimg.png [运行时间：0.019000s][吞吐率：52.63req/s] [内存消耗：1,175.48kb] [文件加载：37]
[ info ] [ LANG ] G:\xampp\htdocs\car\thinkphp\lang\zh-cn.php
[ info ] [ ROUTE ] array (
  'type' => 'module',
  'module' => 
  array (
    0 => 'zhengzhou',
    1 => 'img',
    2 => 'upimg.png',
  ),
)
[ info ] [ HEADER ] array (
  'host' => 'www.hr.com:8083',
  'connection' => 'keep-alive',
  'user-agent' => 'Mozilla/5.0 (Windows NT 6.1; Win64; x64) AppleWebKit/537.36 (KHTML, like Gecko) Chrome/67.0.3396.62 Safari/537.36',
  'accept' => 'image/webp,image/apng,image/*,*/*;q=0.8',
  'referer' => 'http://www.hr.com:8083/zhengzhou/per_rele',
  'accept-encoding' => 'gzip, deflate',
  'accept-language' => 'zh-CN,zh;q=0.9',
  'cookie' => 'UM_distinctid=1665c3bd0250-02ed131810e0ca-5b163f13-1fa400-1665c3bd0272b9; CNZZDATA1273108608=1157751406-1539143650-%7C1539422485; Hm_lvt_922a7d20740f0600062b403710662cb1=1539145716,1539422460; Hm_lvt_080836300300be57b7f34f4b3e97d911=1539154281,1540172232; PHPSESSID=k3c3qvbg0c7ljmqnu6uc57hl6e; user_id=54; phone=15010295998',
)
[ info ] [ PARAM ] array (
)
[ info ] [ LOG ] INIT File
---------------------------------------------------------------
[ 2018-11-07T17:16:20+08:00 ] 127.0.0.1 GET /zhengzhou/img/del1.png
[ info ] www.hr.com:8083/zhengzhou/img/del1.png [运行时间：0.020000s][吞吐率：50.00req/s] [内存消耗：1,175.43kb] [文件加载：37]
[ info ] [ LANG ] G:\xampp\htdocs\car\thinkphp\lang\zh-cn.php
[ info ] [ ROUTE ] array (
  'type' => 'module',
  'module' => 
  array (
    0 => 'zhengzhou',
    1 => 'img',
    2 => 'del1.png',
  ),
)
[ info ] [ HEADER ] array (
  'host' => 'www.hr.com:8083',
  'connection' => 'keep-alive',
  'user-agent' => 'Mozilla/5.0 (Windows NT 6.1; Win64; x64) AppleWebKit/537.36 (KHTML, like Gecko) Chrome/67.0.3396.62 Safari/537.36',
  'accept' => 'image/webp,image/apng,image/*,*/*;q=0.8',
  'referer' => 'http://www.hr.com:8083/zhengzhou/per_rele',
  'accept-encoding' => 'gzip, deflate',
  'accept-language' => 'zh-CN,zh;q=0.9',
  'cookie' => 'UM_distinctid=1665c3bd0250-02ed131810e0ca-5b163f13-1fa400-1665c3bd0272b9; CNZZDATA1273108608=1157751406-1539143650-%7C1539422485; Hm_lvt_922a7d20740f0600062b403710662cb1=1539145716,1539422460; Hm_lvt_080836300300be57b7f34f4b3e97d911=1539154281,1540172232; PHPSESSID=k3c3qvbg0c7ljmqnu6uc57hl6e; user_id=54; phone=15010295998',
)
[ info ] [ PARAM ] array (
)
[ info ] [ LOG ] INIT File
---------------------------------------------------------------
[ 2018-11-07T17:16:20+08:00 ] 127.0.0.1 GET /zhengzhou/templates/header.html
[ info ] www.hr.com:8083/zhengzhou/templates/header.html [运行时间：0.020000s][吞吐率：50.00req/s] [内存消耗：1,176.05kb] [文件加载：37]
[ info ] [ LANG ] G:\xampp\htdocs\car\thinkphp\lang\zh-cn.php
[ info ] [ ROUTE ] array (
  'type' => 'module',
  'module' => 
  array (
    0 => 'zhengzhou',
    1 => 'templates',
    2 => 'header',
  ),
)
[ info ] [ HEADER ] array (
  'host' => 'www.hr.com:8083',
  'connection' => 'keep-alive',
  'accept' => 'text/html, */*; q=0.01',
  'x-requested-with' => 'XMLHttpRequest',
  'user-agent' => 'Mozilla/5.0 (Windows NT 6.1; Win64; x64) AppleWebKit/537.36 (KHTML, like Gecko) Chrome/67.0.3396.62 Safari/537.36',
  'referer' => 'http://www.hr.com:8083/zhengzhou/per_rele',
  'accept-encoding' => 'gzip, deflate',
  'accept-language' => 'zh-CN,zh;q=0.9',
  'cookie' => 'UM_distinctid=1665c3bd0250-02ed131810e0ca-5b163f13-1fa400-1665c3bd0272b9; CNZZDATA1273108608=1157751406-1539143650-%7C1539422485; Hm_lvt_922a7d20740f0600062b403710662cb1=1539145716,1539422460; Hm_lvt_080836300300be57b7f34f4b3e97d911=1539154281,1540172232; PHPSESSID=k3c3qvbg0c7ljmqnu6uc57hl6e; user_id=54; phone=15010295998',
)
[ info ] [ PARAM ] array (
)
[ info ] [ LOG ] INIT File
---------------------------------------------------------------
[ 2018-11-07T17:30:32+08:00 ] 127.0.0.1 GET /zhengzhou/per_rele
[ info ] www.hr.com:8083/zhengzhou/per_rele [运行时间：0.346000s][吞吐率：2.89req/s] [内存消耗：3,246.02kb] [文件加载：55]
[ info ] [ LANG ] G:\xampp\htdocs\car\thinkphp\lang\zh-cn.php
[ info ] [ ROUTE ] array (
  'type' => 'module',
  'module' => 
  array (
    0 => 'index',
    1 => 'user',
    2 => 'person_release',
  ),
  'convert' => false,
)
[ info ] [ HEADER ] array (
  'host' => 'www.hr.com:8083',
  'connection' => 'keep-alive',
  'cache-control' => 'max-age=0',
  'upgrade-insecure-requests' => '1',
  'user-agent' => 'Mozilla/5.0 (Windows NT 6.1; Win64; x64) AppleWebKit/537.36 (KHTML, like Gecko) Chrome/67.0.3396.62 Safari/537.36',
  'accept' => 'text/html,application/xhtml+xml,application/xml;q=0.9,image/webp,image/apng,*/*;q=0.8',
  'referer' => 'http://www.hr.com:8083/zhengzhou/per_coll.html',
  'accept-encoding' => 'gzip, deflate',
  'accept-language' => 'zh-CN,zh;q=0.9',
  'cookie' => 'UM_distinctid=1665c3bd0250-02ed131810e0ca-5b163f13-1fa400-1665c3bd0272b9; CNZZDATA1273108608=1157751406-1539143650-%7C1539422485; Hm_lvt_922a7d20740f0600062b403710662cb1=1539145716,1539422460; Hm_lvt_080836300300be57b7f34f4b3e97d911=1539154281,1540172232; PHPSESSID=k3c3qvbg0c7ljmqnu6uc57hl6e; user_id=54; phone=15010295998',
)
[ info ] [ PARAM ] array (
  'city' => 'zhengzhou',
)
[ info ] [ RUN ] app\index\controller\User->person_release[ G:\xampp\htdocs\car\app\index\controller\User.php ]
[ info ] [ DB ] INIT mysql
[ info ] [ SESSION ] INIT array (
  'id' => '',
  'var_session_id' => '',
  'prefix' => 'think',
  'type' => '',
  'auto_start' => true,
)
[ info ] [ VIEW ] G:\xampp\htdocs\car\public/../app/index\view\user\person_release.html [ array (
  0 => 'city',
  1 => 'domain',
  2 => 'brand',
  3 => 'price',
  4 => 'subface',
  5 => 'ABC',
  6 => 'age',
  7 => 'licheng',
  8 => 'output',
  9 => 'gearbox',
  10 => 'fuel',
  11 => 'blowdown',
  12 => 'car_drive',
  13 => 'car_body',
  14 => 'color',
) ]
[ info ] [ LOG ] INIT File
[ sql ] [ DB ] CONNECT:[ UseTime:0.011000s ] mysql:host=127.0.0.1;port=3306;dbname=g_car4;charset=utf8
[ sql ] [ SQL ] SHOW COLUMNS FROM `city` [ RunTime:0.005000s ]
[ sql ] [ SQL ] SELECT `id`,`initial`,`initial_num`,`name`,`pin` FROM `city` WHERE  `pin` = 'zhengzhou' LIMIT 1 [ RunTime:0.001000s ]
[ sql ] [ SQL ] SELECT * FROM `city` WHERE  `status` = 1 [ RunTime:0.001000s ]
[ sql ] [ SQL ] SHOW COLUMNS FROM `price_range` [ RunTime:0.004000s ]
[ sql ] [ SQL ] SELECT price_id as id,`name` FROM `price_range` ORDER BY `level` ASC LIMIT 4 [ RunTime:0.001000s ]
[ sql ] [ SQL ] SHOW COLUMNS FROM `subface` [ RunTime:0.004000s ]
[ sql ] [ SQL ] SELECT face_id as id,`name`,`img` FROM `subface` ORDER BY `level` ASC LIMIT 5 [ RunTime:0.000000s ]
[ sql ] [ SQL ] SHOW COLUMNS FROM `cheling` [ RunTime:0.004000s ]
[ sql ] [ SQL ] SELECT * FROM `cheling` [ RunTime:0.000000s ]
[ sql ] [ SQL ] SHOW COLUMNS FROM `car_color1` [ RunTime:0.003000s ]
[ sql ] [ SQL ] SELECT * FROM `car_color1` [ RunTime:0.001000s ]
[ sql ] [ SQL ] SHOW COLUMNS FROM `car_brand` [ RunTime:0.004000s ]
[ sql ] [ SQL ] SELECT `id`,`img_id`,`name` FROM `car_brand` WHERE  (  id in (1,9,10,19,20,22) ) [ RunTime:0.009000s ]
[ sql ] [ SQL ] SELECT `id`,`img_id`,`initial`,`name` FROM `car_brand` WHERE  `initial_num` = '65'  AND `status` = '1'  AND `level` = '1' ORDER BY `sort` DESC [ RunTime:0.008000s ]
[ sql ] [ SQL ] SELECT `id`,`img_id`,`initial`,`name` FROM `car_brand` WHERE  `initial_num` = '65'  AND `status` = '1'  AND `level` = '1' ORDER BY `sort` DESC [ RunTime:0.007000s ]
[ sql ] [ SQL ] SELECT `id`,`img_id`,`initial`,`name` FROM `car_brand` WHERE  `initial_num` = '66'  AND `status` = '1'  AND `level` = '1' ORDER BY `sort` DESC [ RunTime:0.008000s ]
[ sql ] [ SQL ] SELECT `id`,`img_id`,`initial`,`name` FROM `car_brand` WHERE  `initial_num` = '67'  AND `status` = '1'  AND `level` = '1' ORDER BY `sort` DESC [ RunTime:0.007000s ]
[ sql ] [ SQL ] SELECT `id`,`img_id`,`initial`,`name` FROM `car_brand` WHERE  `initial_num` = '68'  AND `status` = '1'  AND `level` = '1' ORDER BY `sort` DESC [ RunTime:0.008000s ]
[ sql ] [ SQL ] SELECT `id`,`img_id`,`initial`,`name` FROM `car_brand` WHERE  `initial_num` = '69'  AND `status` = '1'  AND `level` = '1' ORDER BY `sort` DESC [ RunTime:0.008000s ]
[ sql ] [ SQL ] SELECT `id`,`img_id`,`initial`,`name` FROM `car_brand` WHERE  `initial_num` = '70'  AND `status` = '1'  AND `level` = '1' ORDER BY `sort` DESC [ RunTime:0.008000s ]
[ sql ] [ SQL ] SELECT `id`,`img_id`,`initial`,`name` FROM `car_brand` WHERE  `initial_num` = '71'  AND `status` = '1'  AND `level` = '1' ORDER BY `sort` DESC [ RunTime:0.007000s ]
[ sql ] [ SQL ] SELECT `id`,`img_id`,`initial`,`name` FROM `car_brand` WHERE  `initial_num` = '72'  AND `status` = '1'  AND `level` = '1' ORDER BY `sort` DESC [ RunTime:0.007000s ]
[ sql ] [ SQL ] SELECT `id`,`img_id`,`initial`,`name` FROM `car_brand` WHERE  `initial_num` = '73'  AND `status` = '1'  AND `level` = '1' ORDER BY `sort` DESC [ RunTime:0.007000s ]
[ sql ] [ SQL ] SELECT `id`,`img_id`,`initial`,`name` FROM `car_brand` WHERE  `initial_num` = '74'  AND `status` = '1'  AND `level` = '1' ORDER BY `sort` DESC [ RunTime:0.009000s ]
[ sql ] [ SQL ] SELECT `id`,`img_id`,`initial`,`name` FROM `car_brand` WHERE  `initial_num` = '75'  AND `status` = '1'  AND `level` = '1' ORDER BY `sort` DESC [ RunTime:0.007000s ]
[ sql ] [ SQL ] SELECT `id`,`img_id`,`initial`,`name` FROM `car_brand` WHERE  `initial_num` = '76'  AND `status` = '1'  AND `level` = '1' ORDER BY `sort` DESC [ RunTime:0.007000s ]
[ sql ] [ SQL ] SELECT `id`,`img_id`,`initial`,`name` FROM `car_brand` WHERE  `initial_num` = '77'  AND `status` = '1'  AND `level` = '1' ORDER BY `sort` DESC [ RunTime:0.007000s ]
[ sql ] [ SQL ] SELECT `id`,`img_id`,`initial`,`name` FROM `car_brand` WHERE  `initial_num` = '78'  AND `status` = '1'  AND `level` = '1' ORDER BY `sort` DESC [ RunTime:0.008000s ]
[ sql ] [ SQL ] SELECT `id`,`img_id`,`initial`,`name` FROM `car_brand` WHERE  `initial_num` = '79'  AND `status` = '1'  AND `level` = '1' ORDER BY `sort` DESC [ RunTime:0.008000s ]
[ sql ] [ SQL ] SELECT `id`,`img_id`,`initial`,`name` FROM `car_brand` WHERE  `initial_num` = '80'  AND `status` = '1'  AND `level` = '1' ORDER BY `sort` DESC [ RunTime:0.007000s ]
[ sql ] [ SQL ] SELECT `id`,`img_id`,`initial`,`name` FROM `car_brand` WHERE  `initial_num` = '81'  AND `status` = '1'  AND `level` = '1' ORDER BY `sort` DESC [ RunTime:0.008000s ]
[ sql ] [ SQL ] SELECT `id`,`img_id`,`initial`,`name` FROM `car_brand` WHERE  `initial_num` = '82'  AND `status` = '1'  AND `level` = '1' ORDER BY `sort` DESC [ RunTime:0.008000s ]
[ sql ] [ SQL ] SELECT `id`,`img_id`,`initial`,`name` FROM `car_brand` WHERE  `initial_num` = '83'  AND `status` = '1'  AND `level` = '1' ORDER BY `sort` DESC [ RunTime:0.008000s ]
[ sql ] [ SQL ] SELECT `id`,`img_id`,`initial`,`name` FROM `car_brand` WHERE  `initial_num` = '84'  AND `status` = '1'  AND `level` = '1' ORDER BY `sort` DESC [ RunTime:0.007000s ]
[ sql ] [ SQL ] SELECT `id`,`img_id`,`initial`,`name` FROM `car_brand` WHERE  `initial_num` = '85'  AND `status` = '1'  AND `level` = '1' ORDER BY `sort` DESC [ RunTime:0.008000s ]
[ sql ] [ SQL ] SELECT `id`,`img_id`,`initial`,`name` FROM `car_brand` WHERE  `initial_num` = '86'  AND `status` = '1'  AND `level` = '1' ORDER BY `sort` DESC [ RunTime:0.008000s ]
[ sql ] [ SQL ] SELECT `id`,`img_id`,`initial`,`name` FROM `car_brand` WHERE  `initial_num` = '87'  AND `status` = '1'  AND `level` = '1' ORDER BY `sort` DESC [ RunTime:0.008000s ]
[ sql ] [ SQL ] SELECT `id`,`img_id`,`initial`,`name` FROM `car_brand` WHERE  `initial_num` = '88'  AND `status` = '1'  AND `level` = '1' ORDER BY `sort` DESC [ RunTime:0.007000s ]
[ sql ] [ SQL ] SELECT `id`,`img_id`,`initial`,`name` FROM `car_brand` WHERE  `initial_num` = '89'  AND `status` = '1'  AND `level` = '1' ORDER BY `sort` DESC [ RunTime:0.007000s ]
[ sql ] [ SQL ] SELECT `id`,`img_id`,`initial`,`name` FROM `car_brand` WHERE  `initial_num` = '90'  AND `status` = '1'  AND `level` = '1' ORDER BY `sort` DESC [ RunTime:0.008000s ]
---------------------------------------------------------------
[ 2018-11-07T17:30:32+08:00 ] 127.0.0.1 GET /zhengzhou/img/yhtx.png
[ info ] www.hr.com:8083/zhengzhou/img/yhtx.png [运行时间：0.018000s][吞吐率：55.56req/s] [内存消耗：1,175.43kb] [文件加载：37]
[ info ] [ LANG ] G:\xampp\htdocs\car\thinkphp\lang\zh-cn.php
[ info ] [ ROUTE ] array (
  'type' => 'module',
  'module' => 
  array (
    0 => 'zhengzhou',
    1 => 'img',
    2 => 'yhtx.png',
  ),
)
[ info ] [ HEADER ] array (
  'host' => 'www.hr.com:8083',
  'connection' => 'keep-alive',
  'user-agent' => 'Mozilla/5.0 (Windows NT 6.1; Win64; x64) AppleWebKit/537.36 (KHTML, like Gecko) Chrome/67.0.3396.62 Safari/537.36',
  'accept' => 'image/webp,image/apng,image/*,*/*;q=0.8',
  'referer' => 'http://www.hr.com:8083/zhengzhou/per_rele',
  'accept-encoding' => 'gzip, deflate',
  'accept-language' => 'zh-CN,zh;q=0.9',
  'cookie' => 'UM_distinctid=1665c3bd0250-02ed131810e0ca-5b163f13-1fa400-1665c3bd0272b9; CNZZDATA1273108608=1157751406-1539143650-%7C1539422485; Hm_lvt_922a7d20740f0600062b403710662cb1=1539145716,1539422460; Hm_lvt_080836300300be57b7f34f4b3e97d911=1539154281,1540172232; PHPSESSID=k3c3qvbg0c7ljmqnu6uc57hl6e; user_id=54; phone=15010295998',
)
[ info ] [ PARAM ] array (
)
[ info ] [ LOG ] INIT File
---------------------------------------------------------------
[ 2018-11-07T17:30:32+08:00 ] 127.0.0.1 GET /zhengzhou/img/del1.png
[ info ] www.hr.com:8083/zhengzhou/img/del1.png [运行时间：0.019000s][吞吐率：52.63req/s] [内存消耗：1,175.43kb] [文件加载：37]
[ info ] [ LANG ] G:\xampp\htdocs\car\thinkphp\lang\zh-cn.php
[ info ] [ ROUTE ] array (
  'type' => 'module',
  'module' => 
  array (
    0 => 'zhengzhou',
    1 => 'img',
    2 => 'del1.png',
  ),
)
[ info ] [ HEADER ] array (
  'host' => 'www.hr.com:8083',
  'connection' => 'keep-alive',
  'user-agent' => 'Mozilla/5.0 (Windows NT 6.1; Win64; x64) AppleWebKit/537.36 (KHTML, like Gecko) Chrome/67.0.3396.62 Safari/537.36',
  'accept' => 'image/webp,image/apng,image/*,*/*;q=0.8',
  'referer' => 'http://www.hr.com:8083/zhengzhou/per_rele',
  'accept-encoding' => 'gzip, deflate',
  'accept-language' => 'zh-CN,zh;q=0.9',
  'cookie' => 'UM_distinctid=1665c3bd0250-02ed131810e0ca-5b163f13-1fa400-1665c3bd0272b9; CNZZDATA1273108608=1157751406-1539143650-%7C1539422485; Hm_lvt_922a7d20740f0600062b403710662cb1=1539145716,1539422460; Hm_lvt_080836300300be57b7f34f4b3e97d911=1539154281,1540172232; PHPSESSID=k3c3qvbg0c7ljmqnu6uc57hl6e; user_id=54; phone=15010295998',
)
[ info ] [ PARAM ] array (
)
[ info ] [ LOG ] INIT File
---------------------------------------------------------------
[ 2018-11-07T17:30:32+08:00 ] 127.0.0.1 GET /zhengzhou/img/upimg.png
[ info ] www.hr.com:8083/zhengzhou/img/upimg.png [运行时间：0.023000s][吞吐率：43.48req/s] [内存消耗：1,175.48kb] [文件加载：37]
[ info ] [ LANG ] G:\xampp\htdocs\car\thinkphp\lang\zh-cn.php
[ info ] [ ROUTE ] array (
  'type' => 'module',
  'module' => 
  array (
    0 => 'zhengzhou',
    1 => 'img',
    2 => 'upimg.png',
  ),
)
[ info ] [ HEADER ] array (
  'host' => 'www.hr.com:8083',
  'connection' => 'keep-alive',
  'user-agent' => 'Mozilla/5.0 (Windows NT 6.1; Win64; x64) AppleWebKit/537.36 (KHTML, like Gecko) Chrome/67.0.3396.62 Safari/537.36',
  'accept' => 'image/webp,image/apng,image/*,*/*;q=0.8',
  'referer' => 'http://www.hr.com:8083/zhengzhou/per_rele',
  'accept-encoding' => 'gzip, deflate',
  'accept-language' => 'zh-CN,zh;q=0.9',
  'cookie' => 'UM_distinctid=1665c3bd0250-02ed131810e0ca-5b163f13-1fa400-1665c3bd0272b9; CNZZDATA1273108608=1157751406-1539143650-%7C1539422485; Hm_lvt_922a7d20740f0600062b403710662cb1=1539145716,1539422460; Hm_lvt_080836300300be57b7f34f4b3e97d911=1539154281,1540172232; PHPSESSID=k3c3qvbg0c7ljmqnu6uc57hl6e; user_id=54; phone=15010295998',
)
[ info ] [ PARAM ] array (
)
[ info ] [ LOG ] INIT File
---------------------------------------------------------------
[ 2018-11-07T17:30:32+08:00 ] 127.0.0.1 GET /zhengzhou/templates/header.html
[ info ] www.hr.com:8083/zhengzhou/templates/header.html [运行时间：0.020000s][吞吐率：50.00req/s] [内存消耗：1,176.05kb] [文件加载：37]
[ info ] [ LANG ] G:\xampp\htdocs\car\thinkphp\lang\zh-cn.php
[ info ] [ ROUTE ] array (
  'type' => 'module',
  'module' => 
  array (
    0 => 'zhengzhou',
    1 => 'templates',
    2 => 'header',
  ),
)
[ info ] [ HEADER ] array (
  'host' => 'www.hr.com:8083',
  'connection' => 'keep-alive',
  'accept' => 'text/html, */*; q=0.01',
  'x-requested-with' => 'XMLHttpRequest',
  'user-agent' => 'Mozilla/5.0 (Windows NT 6.1; Win64; x64) AppleWebKit/537.36 (KHTML, like Gecko) Chrome/67.0.3396.62 Safari/537.36',
  'referer' => 'http://www.hr.com:8083/zhengzhou/per_rele',
  'accept-encoding' => 'gzip, deflate',
  'accept-language' => 'zh-CN,zh;q=0.9',
  'cookie' => 'UM_distinctid=1665c3bd0250-02ed131810e0ca-5b163f13-1fa400-1665c3bd0272b9; CNZZDATA1273108608=1157751406-1539143650-%7C1539422485; Hm_lvt_922a7d20740f0600062b403710662cb1=1539145716,1539422460; Hm_lvt_080836300300be57b7f34f4b3e97d911=1539154281,1540172232; PHPSESSID=k3c3qvbg0c7ljmqnu6uc57hl6e; user_id=54; phone=15010295998',
)
[ info ] [ PARAM ] array (
)
[ info ] [ LOG ] INIT File
---------------------------------------------------------------
[ 2018-11-07T17:31:50+08:00 ] 127.0.0.1 GET /zhengzhou/per_rele
[ info ] www.hr.com:8083/zhengzhou/per_rele [运行时间：0.320000s][吞吐率：3.13req/s] [内存消耗：3,246.02kb] [文件加载：55]
[ info ] [ LANG ] G:\xampp\htdocs\car\thinkphp\lang\zh-cn.php
[ info ] [ ROUTE ] array (
  'type' => 'module',
  'module' => 
  array (
    0 => 'index',
    1 => 'user',
    2 => 'person_release',
  ),
  'convert' => false,
)
[ info ] [ HEADER ] array (
  'host' => 'www.hr.com:8083',
  'connection' => 'keep-alive',
  'cache-control' => 'max-age=0',
  'upgrade-insecure-requests' => '1',
  'user-agent' => 'Mozilla/5.0 (Windows NT 6.1; Win64; x64) AppleWebKit/537.36 (KHTML, like Gecko) Chrome/67.0.3396.62 Safari/537.36',
  'accept' => 'text/html,application/xhtml+xml,application/xml;q=0.9,image/webp,image/apng,*/*;q=0.8',
  'referer' => 'http://www.hr.com:8083/zhengzhou/per_coll.html',
  'accept-encoding' => 'gzip, deflate',
  'accept-language' => 'zh-CN,zh;q=0.9',
  'cookie' => 'UM_distinctid=1665c3bd0250-02ed131810e0ca-5b163f13-1fa400-1665c3bd0272b9; CNZZDATA1273108608=1157751406-1539143650-%7C1539422485; Hm_lvt_922a7d20740f0600062b403710662cb1=1539145716,1539422460; Hm_lvt_080836300300be57b7f34f4b3e97d911=1539154281,1540172232; PHPSESSID=k3c3qvbg0c7ljmqnu6uc57hl6e; user_id=54; phone=15010295998',
)
[ info ] [ PARAM ] array (
  'city' => 'zhengzhou',
)
[ info ] [ RUN ] app\index\controller\User->person_release[ G:\xampp\htdocs\car\app\index\controller\User.php ]
[ info ] [ DB ] INIT mysql
[ info ] [ SESSION ] INIT array (
  'id' => '',
  'var_session_id' => '',
  'prefix' => 'think',
  'type' => '',
  'auto_start' => true,
)
[ info ] [ VIEW ] G:\xampp\htdocs\car\public/../app/index\view\user\person_release.html [ array (
  0 => 'city',
  1 => 'domain',
  2 => 'brand',
  3 => 'price',
  4 => 'subface',
  5 => 'ABC',
  6 => 'age',
  7 => 'licheng',
  8 => 'output',
  9 => 'gearbox',
  10 => 'fuel',
  11 => 'blowdown',
  12 => 'car_drive',
  13 => 'car_body',
  14 => 'color',
) ]
[ info ] [ LOG ] INIT File
[ sql ] [ DB ] CONNECT:[ UseTime:0.010000s ] mysql:host=127.0.0.1;port=3306;dbname=g_car4;charset=utf8
[ sql ] [ SQL ] SHOW COLUMNS FROM `city` [ RunTime:0.004000s ]
[ sql ] [ SQL ] SELECT `id`,`initial`,`initial_num`,`name`,`pin` FROM `city` WHERE  `pin` = 'zhengzhou' LIMIT 1 [ RunTime:0.001000s ]
[ sql ] [ SQL ] SELECT * FROM `city` WHERE  `status` = 1 [ RunTime:0.001000s ]
[ sql ] [ SQL ] SHOW COLUMNS FROM `price_range` [ RunTime:0.004000s ]
[ sql ] [ SQL ] SELECT price_id as id,`name` FROM `price_range` ORDER BY `level` ASC LIMIT 4 [ RunTime:0.001000s ]
[ sql ] [ SQL ] SHOW COLUMNS FROM `subface` [ RunTime:0.003000s ]
[ sql ] [ SQL ] SELECT face_id as id,`name`,`img` FROM `subface` ORDER BY `level` ASC LIMIT 5 [ RunTime:0.000000s ]
[ sql ] [ SQL ] SHOW COLUMNS FROM `cheling` [ RunTime:0.004000s ]
[ sql ] [ SQL ] SELECT * FROM `cheling` [ RunTime:0.000000s ]
[ sql ] [ SQL ] SHOW COLUMNS FROM `car_color1` [ RunTime:0.004000s ]
[ sql ] [ SQL ] SELECT * FROM `car_color1` [ RunTime:0.001000s ]
[ sql ] [ SQL ] SHOW COLUMNS FROM `car_brand` [ RunTime:0.004000s ]
[ sql ] [ SQL ] SELECT `id`,`img_id`,`name` FROM `car_brand` WHERE  (  id in (1,9,10,19,20,22) ) [ RunTime:0.009000s ]
[ sql ] [ SQL ] SELECT `id`,`img_id`,`initial`,`name` FROM `car_brand` WHERE  `initial_num` = '65'  AND `status` = '1'  AND `level` = '1' ORDER BY `sort` DESC [ RunTime:0.007000s ]
[ sql ] [ SQL ] SELECT `id`,`img_id`,`initial`,`name` FROM `car_brand` WHERE  `initial_num` = '65'  AND `status` = '1'  AND `level` = '1' ORDER BY `sort` DESC [ RunTime:0.008000s ]
[ sql ] [ SQL ] SELECT `id`,`img_id`,`initial`,`name` FROM `car_brand` WHERE  `initial_num` = '66'  AND `status` = '1'  AND `level` = '1' ORDER BY `sort` DESC [ RunTime:0.008000s ]
[ sql ] [ SQL ] SELECT `id`,`img_id`,`initial`,`name` FROM `car_brand` WHERE  `initial_num` = '67'  AND `status` = '1'  AND `level` = '1' ORDER BY `sort` DESC [ RunTime:0.008000s ]
[ sql ] [ SQL ] SELECT `id`,`img_id`,`initial`,`name` FROM `car_brand` WHERE  `initial_num` = '68'  AND `status` = '1'  AND `level` = '1' ORDER BY `sort` DESC [ RunTime:0.008000s ]
[ sql ] [ SQL ] SELECT `id`,`img_id`,`initial`,`name` FROM `car_brand` WHERE  `initial_num` = '69'  AND `status` = '1'  AND `level` = '1' ORDER BY `sort` DESC [ RunTime:0.007000s ]
[ sql ] [ SQL ] SELECT `id`,`img_id`,`initial`,`name` FROM `car_brand` WHERE  `initial_num` = '70'  AND `status` = '1'  AND `level` = '1' ORDER BY `sort` DESC [ RunTime:0.008000s ]
[ sql ] [ SQL ] SELECT `id`,`img_id`,`initial`,`name` FROM `car_brand` WHERE  `initial_num` = '71'  AND `status` = '1'  AND `level` = '1' ORDER BY `sort` DESC [ RunTime:0.007000s ]
[ sql ] [ SQL ] SELECT `id`,`img_id`,`initial`,`name` FROM `car_brand` WHERE  `initial_num` = '72'  AND `status` = '1'  AND `level` = '1' ORDER BY `sort` DESC [ RunTime:0.007000s ]
[ sql ] [ SQL ] SELECT `id`,`img_id`,`initial`,`name` FROM `car_brand` WHERE  `initial_num` = '73'  AND `status` = '1'  AND `level` = '1' ORDER BY `sort` DESC [ RunTime:0.008000s ]
[ sql ] [ SQL ] SELECT `id`,`img_id`,`initial`,`name` FROM `car_brand` WHERE  `initial_num` = '74'  AND `status` = '1'  AND `level` = '1' ORDER BY `sort` DESC [ RunTime:0.008000s ]
[ sql ] [ SQL ] SELECT `id`,`img_id`,`initial`,`name` FROM `car_brand` WHERE  `initial_num` = '75'  AND `status` = '1'  AND `level` = '1' ORDER BY `sort` DESC [ RunTime:0.008000s ]
[ sql ] [ SQL ] SELECT `id`,`img_id`,`initial`,`name` FROM `car_brand` WHERE  `initial_num` = '76'  AND `status` = '1'  AND `level` = '1' ORDER BY `sort` DESC [ RunTime:0.007000s ]
[ sql ] [ SQL ] SELECT `id`,`img_id`,`initial`,`name` FROM `car_brand` WHERE  `initial_num` = '77'  AND `status` = '1'  AND `level` = '1' ORDER BY `sort` DESC [ RunTime:0.008000s ]
[ sql ] [ SQL ] SELECT `id`,`img_id`,`initial`,`name` FROM `car_brand` WHERE  `initial_num` = '78'  AND `status` = '1'  AND `level` = '1' ORDER BY `sort` DESC [ RunTime:0.007000s ]
[ sql ] [ SQL ] SELECT `id`,`img_id`,`initial`,`name` FROM `car_brand` WHERE  `initial_num` = '79'  AND `status` = '1'  AND `level` = '1' ORDER BY `sort` DESC [ RunTime:0.008000s ]
[ sql ] [ SQL ] SELECT `id`,`img_id`,`initial`,`name` FROM `car_brand` WHERE  `initial_num` = '80'  AND `status` = '1'  AND `level` = '1' ORDER BY `sort` DESC [ RunTime:0.008000s ]
[ sql ] [ SQL ] SELECT `id`,`img_id`,`initial`,`name` FROM `car_brand` WHERE  `initial_num` = '81'  AND `status` = '1'  AND `level` = '1' ORDER BY `sort` DESC [ RunTime:0.007000s ]
[ sql ] [ SQL ] SELECT `id`,`img_id`,`initial`,`name` FROM `car_brand` WHERE  `initial_num` = '82'  AND `status` = '1'  AND `level` = '1' ORDER BY `sort` DESC [ RunTime:0.008000s ]
[ sql ] [ SQL ] SELECT `id`,`img_id`,`initial`,`name` FROM `car_brand` WHERE  `initial_num` = '83'  AND `status` = '1'  AND `level` = '1' ORDER BY `sort` DESC [ RunTime:0.008000s ]
[ sql ] [ SQL ] SELECT `id`,`img_id`,`initial`,`name` FROM `car_brand` WHERE  `initial_num` = '84'  AND `status` = '1'  AND `level` = '1' ORDER BY `sort` DESC [ RunTime:0.007000s ]
[ sql ] [ SQL ] SELECT `id`,`img_id`,`initial`,`name` FROM `car_brand` WHERE  `initial_num` = '85'  AND `status` = '1'  AND `level` = '1' ORDER BY `sort` DESC [ RunTime:0.007000s ]
[ sql ] [ SQL ] SELECT `id`,`img_id`,`initial`,`name` FROM `car_brand` WHERE  `initial_num` = '86'  AND `status` = '1'  AND `level` = '1' ORDER BY `sort` DESC [ RunTime:0.007000s ]
[ sql ] [ SQL ] SELECT `id`,`img_id`,`initial`,`name` FROM `car_brand` WHERE  `initial_num` = '87'  AND `status` = '1'  AND `level` = '1' ORDER BY `sort` DESC [ RunTime:0.008000s ]
[ sql ] [ SQL ] SELECT `id`,`img_id`,`initial`,`name` FROM `car_brand` WHERE  `initial_num` = '88'  AND `status` = '1'  AND `level` = '1' ORDER BY `sort` DESC [ RunTime:0.007000s ]
[ sql ] [ SQL ] SELECT `id`,`img_id`,`initial`,`name` FROM `car_brand` WHERE  `initial_num` = '89'  AND `status` = '1'  AND `level` = '1' ORDER BY `sort` DESC [ RunTime:0.007000s ]
[ sql ] [ SQL ] SELECT `id`,`img_id`,`initial`,`name` FROM `car_brand` WHERE  `initial_num` = '90'  AND `status` = '1'  AND `level` = '1' ORDER BY `sort` DESC [ RunTime:0.007000s ]
---------------------------------------------------------------
[ 2018-11-07T17:31:50+08:00 ] 127.0.0.1 GET /zhengzhou/img/yhtx.png
[ info ] www.hr.com:8083/zhengzhou/img/yhtx.png [运行时间：0.016000s][吞吐率：62.50req/s] [内存消耗：1,175.43kb] [文件加载：37]
[ info ] [ LANG ] G:\xampp\htdocs\car\thinkphp\lang\zh-cn.php
[ info ] [ ROUTE ] array (
  'type' => 'module',
  'module' => 
  array (
    0 => 'zhengzhou',
    1 => 'img',
    2 => 'yhtx.png',
  ),
)
[ info ] [ HEADER ] array (
  'host' => 'www.hr.com:8083',
  'connection' => 'keep-alive',
  'user-agent' => 'Mozilla/5.0 (Windows NT 6.1; Win64; x64) AppleWebKit/537.36 (KHTML, like Gecko) Chrome/67.0.3396.62 Safari/537.36',
  'accept' => 'image/webp,image/apng,image/*,*/*;q=0.8',
  'referer' => 'http://www.hr.com:8083/zhengzhou/per_rele',
  'accept-encoding' => 'gzip, deflate',
  'accept-language' => 'zh-CN,zh;q=0.9',
  'cookie' => 'UM_distinctid=1665c3bd0250-02ed131810e0ca-5b163f13-1fa400-1665c3bd0272b9; CNZZDATA1273108608=1157751406-1539143650-%7C1539422485; Hm_lvt_922a7d20740f0600062b403710662cb1=1539145716,1539422460; Hm_lvt_080836300300be57b7f34f4b3e97d911=1539154281,1540172232; PHPSESSID=k3c3qvbg0c7ljmqnu6uc57hl6e; user_id=54; phone=15010295998',
)
[ info ] [ PARAM ] array (
)
[ info ] [ LOG ] INIT File
---------------------------------------------------------------
[ 2018-11-07T17:31:50+08:00 ] 127.0.0.1 GET /zhengzhou/img/upimg.png
[ info ] www.hr.com:8083/zhengzhou/img/upimg.png [运行时间：0.016000s][吞吐率：62.50req/s] [内存消耗：1,175.48kb] [文件加载：37]
[ info ] [ LANG ] G:\xampp\htdocs\car\thinkphp\lang\zh-cn.php
[ info ] [ ROUTE ] array (
  'type' => 'module',
  'module' => 
  array (
    0 => 'zhengzhou',
    1 => 'img',
    2 => 'upimg.png',
  ),
)
[ info ] [ HEADER ] array (
  'host' => 'www.hr.com:8083',
  'connection' => 'keep-alive',
  'user-agent' => 'Mozilla/5.0 (Windows NT 6.1; Win64; x64) AppleWebKit/537.36 (KHTML, like Gecko) Chrome/67.0.3396.62 Safari/537.36',
  'accept' => 'image/webp,image/apng,image/*,*/*;q=0.8',
  'referer' => 'http://www.hr.com:8083/zhengzhou/per_rele',
  'accept-encoding' => 'gzip, deflate',
  'accept-language' => 'zh-CN,zh;q=0.9',
  'cookie' => 'UM_distinctid=1665c3bd0250-02ed131810e0ca-5b163f13-1fa400-1665c3bd0272b9; CNZZDATA1273108608=1157751406-1539143650-%7C1539422485; Hm_lvt_922a7d20740f0600062b403710662cb1=1539145716,1539422460; Hm_lvt_080836300300be57b7f34f4b3e97d911=1539154281,1540172232; PHPSESSID=k3c3qvbg0c7ljmqnu6uc57hl6e; user_id=54; phone=15010295998',
)
[ info ] [ PARAM ] array (
)
[ info ] [ LOG ] INIT File
---------------------------------------------------------------
[ 2018-11-07T17:31:50+08:00 ] 127.0.0.1 GET /zhengzhou/img/del1.png
[ info ] www.hr.com:8083/zhengzhou/img/del1.png [运行时间：0.019000s][吞吐率：52.63req/s] [内存消耗：1,175.43kb] [文件加载：37]
[ info ] [ LANG ] G:\xampp\htdocs\car\thinkphp\lang\zh-cn.php
[ info ] [ ROUTE ] array (
  'type' => 'module',
  'module' => 
  array (
    0 => 'zhengzhou',
    1 => 'img',
    2 => 'del1.png',
  ),
)
[ info ] [ HEADER ] array (
  'host' => 'www.hr.com:8083',
  'connection' => 'keep-alive',
  'user-agent' => 'Mozilla/5.0 (Windows NT 6.1; Win64; x64) AppleWebKit/537.36 (KHTML, like Gecko) Chrome/67.0.3396.62 Safari/537.36',
  'accept' => 'image/webp,image/apng,image/*,*/*;q=0.8',
  'referer' => 'http://www.hr.com:8083/zhengzhou/per_rele',
  'accept-encoding' => 'gzip, deflate',
  'accept-language' => 'zh-CN,zh;q=0.9',
  'cookie' => 'UM_distinctid=1665c3bd0250-02ed131810e0ca-5b163f13-1fa400-1665c3bd0272b9; CNZZDATA1273108608=1157751406-1539143650-%7C1539422485; Hm_lvt_922a7d20740f0600062b403710662cb1=1539145716,1539422460; Hm_lvt_080836300300be57b7f34f4b3e97d911=1539154281,1540172232; PHPSESSID=k3c3qvbg0c7ljmqnu6uc57hl6e; user_id=54; phone=15010295998',
)
[ info ] [ PARAM ] array (
)
[ info ] [ LOG ] INIT File
---------------------------------------------------------------
[ 2018-11-07T17:31:50+08:00 ] 127.0.0.1 GET /zhengzhou/templates/header.html
[ info ] www.hr.com:8083/zhengzhou/templates/header.html [运行时间：0.020000s][吞吐率：50.00req/s] [内存消耗：1,176.05kb] [文件加载：37]
[ info ] [ LANG ] G:\xampp\htdocs\car\thinkphp\lang\zh-cn.php
[ info ] [ ROUTE ] array (
  'type' => 'module',
  'module' => 
  array (
    0 => 'zhengzhou',
    1 => 'templates',
    2 => 'header',
  ),
)
[ info ] [ HEADER ] array (
  'host' => 'www.hr.com:8083',
  'connection' => 'keep-alive',
  'accept' => 'text/html, */*; q=0.01',
  'x-requested-with' => 'XMLHttpRequest',
  'user-agent' => 'Mozilla/5.0 (Windows NT 6.1; Win64; x64) AppleWebKit/537.36 (KHTML, like Gecko) Chrome/67.0.3396.62 Safari/537.36',
  'referer' => 'http://www.hr.com:8083/zhengzhou/per_rele',
  'accept-encoding' => 'gzip, deflate',
  'accept-language' => 'zh-CN,zh;q=0.9',
  'cookie' => 'UM_distinctid=1665c3bd0250-02ed131810e0ca-5b163f13-1fa400-1665c3bd0272b9; CNZZDATA1273108608=1157751406-1539143650-%7C1539422485; Hm_lvt_922a7d20740f0600062b403710662cb1=1539145716,1539422460; Hm_lvt_080836300300be57b7f34f4b3e97d911=1539154281,1540172232; PHPSESSID=k3c3qvbg0c7ljmqnu6uc57hl6e; user_id=54; phone=15010295998',
)
[ info ] [ PARAM ] array (
)
[ info ] [ LOG ] INIT File
---------------------------------------------------------------
[ 2018-11-07T17:32:10+08:00 ] 127.0.0.1 GET /zhengzhou/per_rele
[ info ] www.hr.com:8083/zhengzhou/per_rele [运行时间：0.322000s][吞吐率：3.11req/s] [内存消耗：3,246.02kb] [文件加载：55]
[ info ] [ LANG ] G:\xampp\htdocs\car\thinkphp\lang\zh-cn.php
[ info ] [ ROUTE ] array (
  'type' => 'module',
  'module' => 
  array (
    0 => 'index',
    1 => 'user',
    2 => 'person_release',
  ),
  'convert' => false,
)
[ info ] [ HEADER ] array (
  'host' => 'www.hr.com:8083',
  'connection' => 'keep-alive',
  'cache-control' => 'max-age=0',
  'upgrade-insecure-requests' => '1',
  'user-agent' => 'Mozilla/5.0 (Windows NT 6.1; Win64; x64) AppleWebKit/537.36 (KHTML, like Gecko) Chrome/67.0.3396.62 Safari/537.36',
  'accept' => 'text/html,application/xhtml+xml,application/xml;q=0.9,image/webp,image/apng,*/*;q=0.8',
  'referer' => 'http://www.hr.com:8083/zhengzhou/per_coll.html',
  'accept-encoding' => 'gzip, deflate',
  'accept-language' => 'zh-CN,zh;q=0.9',
  'cookie' => 'UM_distinctid=1665c3bd0250-02ed131810e0ca-5b163f13-1fa400-1665c3bd0272b9; CNZZDATA1273108608=1157751406-1539143650-%7C1539422485; Hm_lvt_922a7d20740f0600062b403710662cb1=1539145716,1539422460; Hm_lvt_080836300300be57b7f34f4b3e97d911=1539154281,1540172232; PHPSESSID=k3c3qvbg0c7ljmqnu6uc57hl6e; user_id=54; phone=15010295998',
)
[ info ] [ PARAM ] array (
  'city' => 'zhengzhou',
)
[ info ] [ RUN ] app\index\controller\User->person_release[ G:\xampp\htdocs\car\app\index\controller\User.php ]
[ info ] [ DB ] INIT mysql
[ info ] [ SESSION ] INIT array (
  'id' => '',
  'var_session_id' => '',
  'prefix' => 'think',
  'type' => '',
  'auto_start' => true,
)
[ info ] [ VIEW ] G:\xampp\htdocs\car\public/../app/index\view\user\person_release.html [ array (
  0 => 'city',
  1 => 'domain',
  2 => 'brand',
  3 => 'price',
  4 => 'subface',
  5 => 'ABC',
  6 => 'age',
  7 => 'licheng',
  8 => 'output',
  9 => 'gearbox',
  10 => 'fuel',
  11 => 'blowdown',
  12 => 'car_drive',
  13 => 'car_body',
  14 => 'color',
) ]
[ info ] [ LOG ] INIT File
[ sql ] [ DB ] CONNECT:[ UseTime:0.002000s ] mysql:host=127.0.0.1;port=3306;dbname=g_car4;charset=utf8
[ sql ] [ SQL ] SHOW COLUMNS FROM `city` [ RunTime:0.007000s ]
[ sql ] [ SQL ] SELECT `id`,`initial`,`initial_num`,`name`,`pin` FROM `city` WHERE  `pin` = 'zhengzhou' LIMIT 1 [ RunTime:0.000000s ]
[ sql ] [ SQL ] SELECT * FROM `city` WHERE  `status` = 1 [ RunTime:0.001000s ]
[ sql ] [ SQL ] SHOW COLUMNS FROM `price_range` [ RunTime:0.004000s ]
[ sql ] [ SQL ] SELECT price_id as id,`name` FROM `price_range` ORDER BY `level` ASC LIMIT 4 [ RunTime:0.001000s ]
[ sql ] [ SQL ] SHOW COLUMNS FROM `subface` [ RunTime:0.003000s ]
[ sql ] [ SQL ] SELECT face_id as id,`name`,`img` FROM `subface` ORDER BY `level` ASC LIMIT 5 [ RunTime:0.001000s ]
[ sql ] [ SQL ] SHOW COLUMNS FROM `cheling` [ RunTime:0.003000s ]
[ sql ] [ SQL ] SELECT * FROM `cheling` [ RunTime:0.000000s ]
[ sql ] [ SQL ] SHOW COLUMNS FROM `car_color1` [ RunTime:0.004000s ]
[ sql ] [ SQL ] SELECT * FROM `car_color1` [ RunTime:0.000000s ]
[ sql ] [ SQL ] SHOW COLUMNS FROM `car_brand` [ RunTime:0.004000s ]
[ sql ] [ SQL ] SELECT `id`,`img_id`,`name` FROM `car_brand` WHERE  (  id in (1,9,10,19,20,22) ) [ RunTime:0.009000s ]
[ sql ] [ SQL ] SELECT `id`,`img_id`,`initial`,`name` FROM `car_brand` WHERE  `initial_num` = '65'  AND `status` = '1'  AND `level` = '1' ORDER BY `sort` DESC [ RunTime:0.008000s ]
[ sql ] [ SQL ] SELECT `id`,`img_id`,`initial`,`name` FROM `car_brand` WHERE  `initial_num` = '65'  AND `status` = '1'  AND `level` = '1' ORDER BY `sort` DESC [ RunTime:0.008000s ]
[ sql ] [ SQL ] SELECT `id`,`img_id`,`initial`,`name` FROM `car_brand` WHERE  `initial_num` = '66'  AND `status` = '1'  AND `level` = '1' ORDER BY `sort` DESC [ RunTime:0.008000s ]
[ sql ] [ SQL ] SELECT `id`,`img_id`,`initial`,`name` FROM `car_brand` WHERE  `initial_num` = '67'  AND `status` = '1'  AND `level` = '1' ORDER BY `sort` DESC [ RunTime:0.008000s ]
[ sql ] [ SQL ] SELECT `id`,`img_id`,`initial`,`name` FROM `car_brand` WHERE  `initial_num` = '68'  AND `status` = '1'  AND `level` = '1' ORDER BY `sort` DESC [ RunTime:0.008000s ]
[ sql ] [ SQL ] SELECT `id`,`img_id`,`initial`,`name` FROM `car_brand` WHERE  `initial_num` = '69'  AND `status` = '1'  AND `level` = '1' ORDER BY `sort` DESC [ RunTime:0.007000s ]
[ sql ] [ SQL ] SELECT `id`,`img_id`,`initial`,`name` FROM `car_brand` WHERE  `initial_num` = '70'  AND `status` = '1'  AND `level` = '1' ORDER BY `sort` DESC [ RunTime:0.008000s ]
[ sql ] [ SQL ] SELECT `id`,`img_id`,`initial`,`name` FROM `car_brand` WHERE  `initial_num` = '71'  AND `status` = '1'  AND `level` = '1' ORDER BY `sort` DESC [ RunTime:0.008000s ]
[ sql ] [ SQL ] SELECT `id`,`img_id`,`initial`,`name` FROM `car_brand` WHERE  `initial_num` = '72'  AND `status` = '1'  AND `level` = '1' ORDER BY `sort` DESC [ RunTime:0.007000s ]
[ sql ] [ SQL ] SELECT `id`,`img_id`,`initial`,`name` FROM `car_brand` WHERE  `initial_num` = '73'  AND `status` = '1'  AND `level` = '1' ORDER BY `sort` DESC [ RunTime:0.007000s ]
[ sql ] [ SQL ] SELECT `id`,`img_id`,`initial`,`name` FROM `car_brand` WHERE  `initial_num` = '74'  AND `status` = '1'  AND `level` = '1' ORDER BY `sort` DESC [ RunTime:0.008000s ]
[ sql ] [ SQL ] SELECT `id`,`img_id`,`initial`,`name` FROM `car_brand` WHERE  `initial_num` = '75'  AND `status` = '1'  AND `level` = '1' ORDER BY `sort` DESC [ RunTime:0.007000s ]
[ sql ] [ SQL ] SELECT `id`,`img_id`,`initial`,`name` FROM `car_brand` WHERE  `initial_num` = '76'  AND `status` = '1'  AND `level` = '1' ORDER BY `sort` DESC [ RunTime:0.008000s ]
[ sql ] [ SQL ] SELECT `id`,`img_id`,`initial`,`name` FROM `car_brand` WHERE  `initial_num` = '77'  AND `status` = '1'  AND `level` = '1' ORDER BY `sort` DESC [ RunTime:0.007000s ]
[ sql ] [ SQL ] SELECT `id`,`img_id`,`initial`,`name` FROM `car_brand` WHERE  `initial_num` = '78'  AND `status` = '1'  AND `level` = '1' ORDER BY `sort` DESC [ RunTime:0.008000s ]
[ sql ] [ SQL ] SELECT `id`,`img_id`,`initial`,`name` FROM `car_brand` WHERE  `initial_num` = '79'  AND `status` = '1'  AND `level` = '1' ORDER BY `sort` DESC [ RunTime:0.007000s ]
[ sql ] [ SQL ] SELECT `id`,`img_id`,`initial`,`name` FROM `car_brand` WHERE  `initial_num` = '80'  AND `status` = '1'  AND `level` = '1' ORDER BY `sort` DESC [ RunTime:0.007000s ]
[ sql ] [ SQL ] SELECT `id`,`img_id`,`initial`,`name` FROM `car_brand` WHERE  `initial_num` = '81'  AND `status` = '1'  AND `level` = '1' ORDER BY `sort` DESC [ RunTime:0.007000s ]
[ sql ] [ SQL ] SELECT `id`,`img_id`,`initial`,`name` FROM `car_brand` WHERE  `initial_num` = '82'  AND `status` = '1'  AND `level` = '1' ORDER BY `sort` DESC [ RunTime:0.007000s ]
[ sql ] [ SQL ] SELECT `id`,`img_id`,`initial`,`name` FROM `car_brand` WHERE  `initial_num` = '83'  AND `status` = '1'  AND `level` = '1' ORDER BY `sort` DESC [ RunTime:0.007000s ]
[ sql ] [ SQL ] SELECT `id`,`img_id`,`initial`,`name` FROM `car_brand` WHERE  `initial_num` = '84'  AND `status` = '1'  AND `level` = '1' ORDER BY `sort` DESC [ RunTime:0.007000s ]
[ sql ] [ SQL ] SELECT `id`,`img_id`,`initial`,`name` FROM `car_brand` WHERE  `initial_num` = '85'  AND `status` = '1'  AND `level` = '1' ORDER BY `sort` DESC [ RunTime:0.007000s ]
[ sql ] [ SQL ] SELECT `id`,`img_id`,`initial`,`name` FROM `car_brand` WHERE  `initial_num` = '86'  AND `status` = '1'  AND `level` = '1' ORDER BY `sort` DESC [ RunTime:0.007000s ]
[ sql ] [ SQL ] SELECT `id`,`img_id`,`initial`,`name` FROM `car_brand` WHERE  `initial_num` = '87'  AND `status` = '1'  AND `level` = '1' ORDER BY `sort` DESC [ RunTime:0.008000s ]
[ sql ] [ SQL ] SELECT `id`,`img_id`,`initial`,`name` FROM `car_brand` WHERE  `initial_num` = '88'  AND `status` = '1'  AND `level` = '1' ORDER BY `sort` DESC [ RunTime:0.007000s ]
[ sql ] [ SQL ] SELECT `id`,`img_id`,`initial`,`name` FROM `car_brand` WHERE  `initial_num` = '89'  AND `status` = '1'  AND `level` = '1' ORDER BY `sort` DESC [ RunTime:0.008000s ]
[ sql ] [ SQL ] SELECT `id`,`img_id`,`initial`,`name` FROM `car_brand` WHERE  `initial_num` = '90'  AND `status` = '1'  AND `level` = '1' ORDER BY `sort` DESC [ RunTime:0.007000s ]
---------------------------------------------------------------
[ 2018-11-07T17:32:10+08:00 ] 127.0.0.1 GET /zhengzhou/img/yhtx.png
[ info ] www.hr.com:8083/zhengzhou/img/yhtx.png [运行时间：0.018000s][吞吐率：55.56req/s] [内存消耗：1,175.43kb] [文件加载：37]
[ info ] [ LANG ] G:\xampp\htdocs\car\thinkphp\lang\zh-cn.php
[ info ] [ ROUTE ] array (
  'type' => 'module',
  'module' => 
  array (
    0 => 'zhengzhou',
    1 => 'img',
    2 => 'yhtx.png',
  ),
)
[ info ] [ HEADER ] array (
  'host' => 'www.hr.com:8083',
  'connection' => 'keep-alive',
  'user-agent' => 'Mozilla/5.0 (Windows NT 6.1; Win64; x64) AppleWebKit/537.36 (KHTML, like Gecko) Chrome/67.0.3396.62 Safari/537.36',
  'accept' => 'image/webp,image/apng,image/*,*/*;q=0.8',
  'referer' => 'http://www.hr.com:8083/zhengzhou/per_rele',
  'accept-encoding' => 'gzip, deflate',
  'accept-language' => 'zh-CN,zh;q=0.9',
  'cookie' => 'UM_distinctid=1665c3bd0250-02ed131810e0ca-5b163f13-1fa400-1665c3bd0272b9; CNZZDATA1273108608=1157751406-1539143650-%7C1539422485; Hm_lvt_922a7d20740f0600062b403710662cb1=1539145716,1539422460; Hm_lvt_080836300300be57b7f34f4b3e97d911=1539154281,1540172232; PHPSESSID=k3c3qvbg0c7ljmqnu6uc57hl6e; user_id=54; phone=15010295998',
)
[ info ] [ PARAM ] array (
)
[ info ] [ LOG ] INIT File
---------------------------------------------------------------
[ 2018-11-07T17:32:10+08:00 ] 127.0.0.1 GET /zhengzhou/img/del1.png
[ info ] www.hr.com:8083/zhengzhou/img/del1.png [运行时间：0.023000s][吞吐率：43.48req/s] [内存消耗：1,175.43kb] [文件加载：37]
[ info ] [ LANG ] G:\xampp\htdocs\car\thinkphp\lang\zh-cn.php
[ info ] [ ROUTE ] array (
  'type' => 'module',
  'module' => 
  array (
    0 => 'zhengzhou',
    1 => 'img',
    2 => 'del1.png',
  ),
)
[ info ] [ HEADER ] array (
  'host' => 'www.hr.com:8083',
  'connection' => 'keep-alive',
  'user-agent' => 'Mozilla/5.0 (Windows NT 6.1; Win64; x64) AppleWebKit/537.36 (KHTML, like Gecko) Chrome/67.0.3396.62 Safari/537.36',
  'accept' => 'image/webp,image/apng,image/*,*/*;q=0.8',
  'referer' => 'http://www.hr.com:8083/zhengzhou/per_rele',
  'accept-encoding' => 'gzip, deflate',
  'accept-language' => 'zh-CN,zh;q=0.9',
  'cookie' => 'UM_distinctid=1665c3bd0250-02ed131810e0ca-5b163f13-1fa400-1665c3bd0272b9; CNZZDATA1273108608=1157751406-1539143650-%7C1539422485; Hm_lvt_922a7d20740f0600062b403710662cb1=1539145716,1539422460; Hm_lvt_080836300300be57b7f34f4b3e97d911=1539154281,1540172232; PHPSESSID=k3c3qvbg0c7ljmqnu6uc57hl6e; user_id=54; phone=15010295998',
)
[ info ] [ PARAM ] array (
)
[ info ] [ LOG ] INIT File
---------------------------------------------------------------
[ 2018-11-07T17:32:10+08:00 ] 127.0.0.1 GET /zhengzhou/templates/header.html
[ info ] www.hr.com:8083/zhengzhou/templates/header.html [运行时间：0.020000s][吞吐率：50.00req/s] [内存消耗：1,176.05kb] [文件加载：37]
[ info ] [ LANG ] G:\xampp\htdocs\car\thinkphp\lang\zh-cn.php
[ info ] [ ROUTE ] array (
  'type' => 'module',
  'module' => 
  array (
    0 => 'zhengzhou',
    1 => 'templates',
    2 => 'header',
  ),
)
[ info ] [ HEADER ] array (
  'host' => 'www.hr.com:8083',
  'connection' => 'keep-alive',
  'accept' => 'text/html, */*; q=0.01',
  'x-requested-with' => 'XMLHttpRequest',
  'user-agent' => 'Mozilla/5.0 (Windows NT 6.1; Win64; x64) AppleWebKit/537.36 (KHTML, like Gecko) Chrome/67.0.3396.62 Safari/537.36',
  'referer' => 'http://www.hr.com:8083/zhengzhou/per_rele',
  'accept-encoding' => 'gzip, deflate',
  'accept-language' => 'zh-CN,zh;q=0.9',
  'cookie' => 'UM_distinctid=1665c3bd0250-02ed131810e0ca-5b163f13-1fa400-1665c3bd0272b9; CNZZDATA1273108608=1157751406-1539143650-%7C1539422485; Hm_lvt_922a7d20740f0600062b403710662cb1=1539145716,1539422460; Hm_lvt_080836300300be57b7f34f4b3e97d911=1539154281,1540172232; PHPSESSID=k3c3qvbg0c7ljmqnu6uc57hl6e; user_id=54; phone=15010295998',
)
[ info ] [ PARAM ] array (
)
[ info ] [ LOG ] INIT File
---------------------------------------------------------------
[ 2018-11-07T17:32:48+08:00 ] 127.0.0.1 GET /zhengzhou/per_rele
[ info ] www.hr.com:8083/zhengzhou/per_rele [运行时间：0.334000s][吞吐率：2.99req/s] [内存消耗：3,242.02kb] [文件加载：55]
[ info ] [ LANG ] G:\xampp\htdocs\car\thinkphp\lang\zh-cn.php
[ info ] [ ROUTE ] array (
  'type' => 'module',
  'module' => 
  array (
    0 => 'index',
    1 => 'user',
    2 => 'person_release',
  ),
  'convert' => false,
)
[ info ] [ HEADER ] array (
  'host' => 'www.hr.com:8083',
  'connection' => 'keep-alive',
  'cache-control' => 'max-age=0',
  'upgrade-insecure-requests' => '1',
  'user-agent' => 'Mozilla/5.0 (Windows NT 6.1; Win64; x64) AppleWebKit/537.36 (KHTML, like Gecko) Chrome/67.0.3396.62 Safari/537.36',
  'accept' => 'text/html,application/xhtml+xml,application/xml;q=0.9,image/webp,image/apng,*/*;q=0.8',
  'referer' => 'http://www.hr.com:8083/zhengzhou/per_coll.html',
  'accept-encoding' => 'gzip, deflate',
  'accept-language' => 'zh-CN,zh;q=0.9',
  'cookie' => 'UM_distinctid=1665c3bd0250-02ed131810e0ca-5b163f13-1fa400-1665c3bd0272b9; CNZZDATA1273108608=1157751406-1539143650-%7C1539422485; Hm_lvt_922a7d20740f0600062b403710662cb1=1539145716,1539422460; Hm_lvt_080836300300be57b7f34f4b3e97d911=1539154281,1540172232; PHPSESSID=k3c3qvbg0c7ljmqnu6uc57hl6e; user_id=54; phone=15010295998',
)
[ info ] [ PARAM ] array (
  'city' => 'zhengzhou',
)
[ info ] [ RUN ] app\index\controller\User->person_release[ G:\xampp\htdocs\car\app\index\controller\User.php ]
[ info ] [ DB ] INIT mysql
[ info ] [ SESSION ] INIT array (
  'id' => '',
  'var_session_id' => '',
  'prefix' => 'think',
  'type' => '',
  'auto_start' => true,
)
[ info ] [ VIEW ] G:\xampp\htdocs\car\public/../app/index\view\user\person_release.html [ array (
  0 => 'city',
  1 => 'domain',
  2 => 'brand',
  3 => 'price',
  4 => 'subface',
  5 => 'ABC',
  6 => 'age',
  7 => 'licheng',
  8 => 'output',
  9 => 'gearbox',
  10 => 'fuel',
  11 => 'blowdown',
  12 => 'car_drive',
  13 => 'car_body',
  14 => 'color',
) ]
[ info ] [ LOG ] INIT File
[ sql ] [ DB ] CONNECT:[ UseTime:0.010000s ] mysql:host=127.0.0.1;port=3306;dbname=g_car4;charset=utf8
[ sql ] [ SQL ] SHOW COLUMNS FROM `city` [ RunTime:0.004000s ]
[ sql ] [ SQL ] SELECT `id`,`initial`,`initial_num`,`name`,`pin` FROM `city` WHERE  `pin` = 'zhengzhou' LIMIT 1 [ RunTime:0.001000s ]
[ sql ] [ SQL ] SELECT * FROM `city` WHERE  `status` = 1 [ RunTime:0.001000s ]
[ sql ] [ SQL ] SHOW COLUMNS FROM `price_range` [ RunTime:0.004000s ]
[ sql ] [ SQL ] SELECT price_id as id,`name` FROM `price_range` ORDER BY `level` ASC LIMIT 4 [ RunTime:0.000000s ]
[ sql ] [ SQL ] SHOW COLUMNS FROM `subface` [ RunTime:0.004000s ]
[ sql ] [ SQL ] SELECT face_id as id,`name`,`img` FROM `subface` ORDER BY `level` ASC LIMIT 5 [ RunTime:0.000000s ]
[ sql ] [ SQL ] SHOW COLUMNS FROM `cheling` [ RunTime:0.004000s ]
[ sql ] [ SQL ] SELECT * FROM `cheling` [ RunTime:0.001000s ]
[ sql ] [ SQL ] SHOW COLUMNS FROM `car_color1` [ RunTime:0.004000s ]
[ sql ] [ SQL ] SELECT * FROM `car_color1` [ RunTime:0.001000s ]
[ sql ] [ SQL ] SHOW COLUMNS FROM `car_brand` [ RunTime:0.005000s ]
[ sql ] [ SQL ] SELECT `id`,`img_id`,`name` FROM `car_brand` WHERE  (  id in (1,9,10,19,20,22) ) [ RunTime:0.010000s ]
[ sql ] [ SQL ] SELECT `id`,`img_id`,`initial`,`name` FROM `car_brand` WHERE  `initial_num` = '65'  AND `status` = '1'  AND `level` = '1' ORDER BY `sort` DESC [ RunTime:0.009000s ]
[ sql ] [ SQL ] SELECT `id`,`img_id`,`initial`,`name` FROM `car_brand` WHERE  `initial_num` = '65'  AND `status` = '1'  AND `level` = '1' ORDER BY `sort` DESC [ RunTime:0.009000s ]
[ sql ] [ SQL ] SELECT `id`,`img_id`,`initial`,`name` FROM `car_brand` WHERE  `initial_num` = '66'  AND `status` = '1'  AND `level` = '1' ORDER BY `sort` DESC [ RunTime:0.009000s ]
[ sql ] [ SQL ] SELECT `id`,`img_id`,`initial`,`name` FROM `car_brand` WHERE  `initial_num` = '67'  AND `status` = '1'  AND `level` = '1' ORDER BY `sort` DESC [ RunTime:0.008000s ]
[ sql ] [ SQL ] SELECT `id`,`img_id`,`initial`,`name` FROM `car_brand` WHERE  `initial_num` = '68'  AND `status` = '1'  AND `level` = '1' ORDER BY `sort` DESC [ RunTime:0.008000s ]
[ sql ] [ SQL ] SELECT `id`,`img_id`,`initial`,`name` FROM `car_brand` WHERE  `initial_num` = '69'  AND `status` = '1'  AND `level` = '1' ORDER BY `sort` DESC [ RunTime:0.007000s ]
[ sql ] [ SQL ] SELECT `id`,`img_id`,`initial`,`name` FROM `car_brand` WHERE  `initial_num` = '70'  AND `status` = '1'  AND `level` = '1' ORDER BY `sort` DESC [ RunTime:0.008000s ]
[ sql ] [ SQL ] SELECT `id`,`img_id`,`initial`,`name` FROM `car_brand` WHERE  `initial_num` = '71'  AND `status` = '1'  AND `level` = '1' ORDER BY `sort` DESC [ RunTime:0.008000s ]
[ sql ] [ SQL ] SELECT `id`,`img_id`,`initial`,`name` FROM `car_brand` WHERE  `initial_num` = '72'  AND `status` = '1'  AND `level` = '1' ORDER BY `sort` DESC [ RunTime:0.007000s ]
[ sql ] [ SQL ] SELECT `id`,`img_id`,`initial`,`name` FROM `car_brand` WHERE  `initial_num` = '73'  AND `status` = '1'  AND `level` = '1' ORDER BY `sort` DESC [ RunTime:0.007000s ]
[ sql ] [ SQL ] SELECT `id`,`img_id`,`initial`,`name` FROM `car_brand` WHERE  `initial_num` = '74'  AND `status` = '1'  AND `level` = '1' ORDER BY `sort` DESC [ RunTime:0.008000s ]
[ sql ] [ SQL ] SELECT `id`,`img_id`,`initial`,`name` FROM `car_brand` WHERE  `initial_num` = '75'  AND `status` = '1'  AND `level` = '1' ORDER BY `sort` DESC [ RunTime:0.007000s ]
[ sql ] [ SQL ] SELECT `id`,`img_id`,`initial`,`name` FROM `car_brand` WHERE  `initial_num` = '76'  AND `status` = '1'  AND `level` = '1' ORDER BY `sort` DESC [ RunTime:0.008000s ]
[ sql ] [ SQL ] SELECT `id`,`img_id`,`initial`,`name` FROM `car_brand` WHERE  `initial_num` = '77'  AND `status` = '1'  AND `level` = '1' ORDER BY `sort` DESC [ RunTime:0.007000s ]
[ sql ] [ SQL ] SELECT `id`,`img_id`,`initial`,`name` FROM `car_brand` WHERE  `initial_num` = '78'  AND `status` = '1'  AND `level` = '1' ORDER BY `sort` DESC [ RunTime:0.007000s ]
[ sql ] [ SQL ] SELECT `id`,`img_id`,`initial`,`name` FROM `car_brand` WHERE  `initial_num` = '79'  AND `status` = '1'  AND `level` = '1' ORDER BY `sort` DESC [ RunTime:0.007000s ]
[ sql ] [ SQL ] SELECT `id`,`img_id`,`initial`,`name` FROM `car_brand` WHERE  `initial_num` = '80'  AND `status` = '1'  AND `level` = '1' ORDER BY `sort` DESC [ RunTime:0.008000s ]
[ sql ] [ SQL ] SELECT `id`,`img_id`,`initial`,`name` FROM `car_brand` WHERE  `initial_num` = '81'  AND `status` = '1'  AND `level` = '1' ORDER BY `sort` DESC [ RunTime:0.007000s ]
[ sql ] [ SQL ] SELECT `id`,`img_id`,`initial`,`name` FROM `car_brand` WHERE  `initial_num` = '82'  AND `status` = '1'  AND `level` = '1' ORDER BY `sort` DESC [ RunTime:0.007000s ]
[ sql ] [ SQL ] SELECT `id`,`img_id`,`initial`,`name` FROM `car_brand` WHERE  `initial_num` = '83'  AND `status` = '1'  AND `level` = '1' ORDER BY `sort` DESC [ RunTime:0.007000s ]
[ sql ] [ SQL ] SELECT `id`,`img_id`,`initial`,`name` FROM `car_brand` WHERE  `initial_num` = '84'  AND `status` = '1'  AND `level` = '1' ORDER BY `sort` DESC [ RunTime:0.007000s ]
[ sql ] [ SQL ] SELECT `id`,`img_id`,`initial`,`name` FROM `car_brand` WHERE  `initial_num` = '85'  AND `status` = '1'  AND `level` = '1' ORDER BY `sort` DESC [ RunTime:0.007000s ]
[ sql ] [ SQL ] SELECT `id`,`img_id`,`initial`,`name` FROM `car_brand` WHERE  `initial_num` = '86'  AND `status` = '1'  AND `level` = '1' ORDER BY `sort` DESC [ RunTime:0.007000s ]
[ sql ] [ SQL ] SELECT `id`,`img_id`,`initial`,`name` FROM `car_brand` WHERE  `initial_num` = '87'  AND `status` = '1'  AND `level` = '1' ORDER BY `sort` DESC [ RunTime:0.007000s ]
[ sql ] [ SQL ] SELECT `id`,`img_id`,`initial`,`name` FROM `car_brand` WHERE  `initial_num` = '88'  AND `status` = '1'  AND `level` = '1' ORDER BY `sort` DESC [ RunTime:0.007000s ]
[ sql ] [ SQL ] SELECT `id`,`img_id`,`initial`,`name` FROM `car_brand` WHERE  `initial_num` = '89'  AND `status` = '1'  AND `level` = '1' ORDER BY `sort` DESC [ RunTime:0.007000s ]
[ sql ] [ SQL ] SELECT `id`,`img_id`,`initial`,`name` FROM `car_brand` WHERE  `initial_num` = '90'  AND `status` = '1'  AND `level` = '1' ORDER BY `sort` DESC [ RunTime:0.007000s ]
---------------------------------------------------------------
[ 2018-11-07T17:32:48+08:00 ] 127.0.0.1 GET /zhengzhou/img/yhtx.png
[ info ] www.hr.com:8083/zhengzhou/img/yhtx.png [运行时间：0.019000s][吞吐率：52.63req/s] [内存消耗：1,175.43kb] [文件加载：37]
[ info ] [ LANG ] G:\xampp\htdocs\car\thinkphp\lang\zh-cn.php
[ info ] [ ROUTE ] array (
  'type' => 'module',
  'module' => 
  array (
    0 => 'zhengzhou',
    1 => 'img',
    2 => 'yhtx.png',
  ),
)
[ info ] [ HEADER ] array (
  'host' => 'www.hr.com:8083',
  'connection' => 'keep-alive',
  'user-agent' => 'Mozilla/5.0 (Windows NT 6.1; Win64; x64) AppleWebKit/537.36 (KHTML, like Gecko) Chrome/67.0.3396.62 Safari/537.36',
  'accept' => 'image/webp,image/apng,image/*,*/*;q=0.8',
  'referer' => 'http://www.hr.com:8083/zhengzhou/per_rele',
  'accept-encoding' => 'gzip, deflate',
  'accept-language' => 'zh-CN,zh;q=0.9',
  'cookie' => 'UM_distinctid=1665c3bd0250-02ed131810e0ca-5b163f13-1fa400-1665c3bd0272b9; CNZZDATA1273108608=1157751406-1539143650-%7C1539422485; Hm_lvt_922a7d20740f0600062b403710662cb1=1539145716,1539422460; Hm_lvt_080836300300be57b7f34f4b3e97d911=1539154281,1540172232; PHPSESSID=k3c3qvbg0c7ljmqnu6uc57hl6e; user_id=54; phone=15010295998',
)
[ info ] [ PARAM ] array (
)
[ info ] [ LOG ] INIT File
---------------------------------------------------------------
[ 2018-11-07T17:32:48+08:00 ] 127.0.0.1 GET /zhengzhou/img/del1.png
[ info ] www.hr.com:8083/zhengzhou/img/del1.png [运行时间：0.020000s][吞吐率：50.00req/s] [内存消耗：1,175.43kb] [文件加载：37]
[ info ] [ LANG ] G:\xampp\htdocs\car\thinkphp\lang\zh-cn.php
[ info ] [ ROUTE ] array (
  'type' => 'module',
  'module' => 
  array (
    0 => 'zhengzhou',
    1 => 'img',
    2 => 'del1.png',
  ),
)
[ info ] [ HEADER ] array (
  'host' => 'www.hr.com:8083',
  'connection' => 'keep-alive',
  'user-agent' => 'Mozilla/5.0 (Windows NT 6.1; Win64; x64) AppleWebKit/537.36 (KHTML, like Gecko) Chrome/67.0.3396.62 Safari/537.36',
  'accept' => 'image/webp,image/apng,image/*,*/*;q=0.8',
  'referer' => 'http://www.hr.com:8083/zhengzhou/per_rele',
  'accept-encoding' => 'gzip, deflate',
  'accept-language' => 'zh-CN,zh;q=0.9',
  'cookie' => 'UM_distinctid=1665c3bd0250-02ed131810e0ca-5b163f13-1fa400-1665c3bd0272b9; CNZZDATA1273108608=1157751406-1539143650-%7C1539422485; Hm_lvt_922a7d20740f0600062b403710662cb1=1539145716,1539422460; Hm_lvt_080836300300be57b7f34f4b3e97d911=1539154281,1540172232; PHPSESSID=k3c3qvbg0c7ljmqnu6uc57hl6e; user_id=54; phone=15010295998',
)
[ info ] [ PARAM ] array (
)
[ info ] [ LOG ] INIT File
---------------------------------------------------------------
[ 2018-11-07T17:32:48+08:00 ] 127.0.0.1 GET /zhengzhou/templates/header.html
[ info ] www.hr.com:8083/zhengzhou/templates/header.html [运行时间：0.022000s][吞吐率：45.45req/s] [内存消耗：1,176.05kb] [文件加载：37]
[ info ] [ LANG ] G:\xampp\htdocs\car\thinkphp\lang\zh-cn.php
[ info ] [ ROUTE ] array (
  'type' => 'module',
  'module' => 
  array (
    0 => 'zhengzhou',
    1 => 'templates',
    2 => 'header',
  ),
)
[ info ] [ HEADER ] array (
  'host' => 'www.hr.com:8083',
  'connection' => 'keep-alive',
  'accept' => 'text/html, */*; q=0.01',
  'x-requested-with' => 'XMLHttpRequest',
  'user-agent' => 'Mozilla/5.0 (Windows NT 6.1; Win64; x64) AppleWebKit/537.36 (KHTML, like Gecko) Chrome/67.0.3396.62 Safari/537.36',
  'referer' => 'http://www.hr.com:8083/zhengzhou/per_rele',
  'accept-encoding' => 'gzip, deflate',
  'accept-language' => 'zh-CN,zh;q=0.9',
  'cookie' => 'UM_distinctid=1665c3bd0250-02ed131810e0ca-5b163f13-1fa400-1665c3bd0272b9; CNZZDATA1273108608=1157751406-1539143650-%7C1539422485; Hm_lvt_922a7d20740f0600062b403710662cb1=1539145716,1539422460; Hm_lvt_080836300300be57b7f34f4b3e97d911=1539154281,1540172232; PHPSESSID=k3c3qvbg0c7ljmqnu6uc57hl6e; user_id=54; phone=15010295998',
)
[ info ] [ PARAM ] array (
)
[ info ] [ LOG ] INIT File
---------------------------------------------------------------
[ 2018-11-07T17:33:00+08:00 ] 127.0.0.1 POST /index/user/pulish_adds.html
[ info ] www.hr.com:8083/index/user/pulish_adds.html [运行时间：0.257000s][吞吐率：3.89req/s] [内存消耗：2,862.50kb] [文件加载：55]
[ info ] [ LANG ] G:\xampp\htdocs\car\thinkphp\lang\zh-cn.php
[ info ] [ ROUTE ] array (
  'type' => 'module',
  'module' => 
  array (
    0 => 'index',
    1 => 'user',
    2 => 'pulish_adds',
  ),
)
[ info ] [ HEADER ] array (
  'host' => 'www.hr.com:8083',
  'connection' => 'keep-alive',
  'content-length' => '236804',
  'cache-control' => 'max-age=0',
  'origin' => 'http://www.hr.com:8083',
  'upgrade-insecure-requests' => '1',
  'content-type' => 'multipart/form-data; boundary=----WebKitFormBoundaryqdJBBgBUqGAvTBkT',
  'user-agent' => 'Mozilla/5.0 (Windows NT 6.1; Win64; x64) AppleWebKit/537.36 (KHTML, like Gecko) Chrome/67.0.3396.62 Safari/537.36',
  'accept' => 'text/html,application/xhtml+xml,application/xml;q=0.9,image/webp,image/apng,*/*;q=0.8',
  'referer' => 'http://www.hr.com:8083/zhengzhou/per_rele',
  'accept-encoding' => 'gzip, deflate',
  'accept-language' => 'zh-CN,zh;q=0.9',
  'cookie' => 'UM_distinctid=1665c3bd0250-02ed131810e0ca-5b163f13-1fa400-1665c3bd0272b9; CNZZDATA1273108608=1157751406-1539143650-%7C1539422485; Hm_lvt_922a7d20740f0600062b403710662cb1=1539145716,1539422460; Hm_lvt_080836300300be57b7f34f4b3e97d911=1539154281,1540172232; PHPSESSID=k3c3qvbg0c7ljmqnu6uc57hl6e; user_id=54; phone=15010295998',
)
[ info ] [ PARAM ] array (
  'price' => '',
  'car_mileage' => '',
  'car_cardtime' => '',
  'car_body' => '1',
  'fuel' => '1',
  'car_drive' => '1',
  'output' => '1',
  'gearbox' => '1',
  'subface' => '1',
  'blowdown' => '1',
  'phone' => '',
  'contact' => '',
  'color' => '1',
)
[ info ] [ RUN ] app\index\controller\User->pulish_adds[ G:\xampp\htdocs\car\app\index\controller\User.php ]
[ info ] [ SESSION ] INIT array (
  'id' => '',
  'var_session_id' => '',
  'prefix' => 'think',
  'type' => '',
  'auto_start' => true,
)
[ info ] [ DB ] INIT mysql
[ info ] [ LOG ] INIT File
[ sql ] [ DB ] CONNECT:[ UseTime:0.010000s ] mysql:host=127.0.0.1;port=3306;dbname=g_car4;charset=utf8
[ sql ] [ SQL ] SHOW COLUMNS FROM `car_brand` [ RunTime:0.005000s ]
[ sql ] [ SQL ] SELECT `name` FROM `car_brand` WHERE  `id` = '19' LIMIT 1 [ RunTime:0.000000s ]
[ sql ] [ SQL ] SELECT `name` FROM `car_brand` WHERE  `id` = '850' LIMIT 1 [ RunTime:0.001000s ]
[ sql ] [ SQL ] SELECT `name` FROM `car_brand` WHERE  `id` = '50' LIMIT 1 [ RunTime:0.001000s ]
[ sql ] [ SQL ] SHOW COLUMNS FROM `param` [ RunTime:0.006000s ]
[ sql ] [ SQL ] SELECT * FROM `param` WHERE  (  brand='奥迪' and sys='奥迪A6(进口)' and cartype='斯柯达' ) LIMIT 1 [ RunTime:0.187000s ]
[ error ] [8]未定义数组下标: 1[G:\xampp\htdocs\car\app\index\controller\Common.php:1067]
---------------------------------------------------------------
[ 2018-11-07T17:33:04+08:00 ] 127.0.0.1 GET /zhengzhou/per_rele
[ info ] www.hr.com:8083/zhengzhou/per_rele [运行时间：0.340000s][吞吐率：2.94req/s] [内存消耗：3,035.46kb] [文件加载：53]
[ info ] [ LANG ] G:\xampp\htdocs\car\thinkphp\lang\zh-cn.php
[ info ] [ ROUTE ] array (
  'type' => 'module',
  'module' => 
  array (
    0 => 'index',
    1 => 'user',
    2 => 'person_release',
  ),
  'convert' => false,
)
[ info ] [ HEADER ] array (
  'host' => 'www.hr.com:8083',
  'connection' => 'keep-alive',
  'upgrade-insecure-requests' => '1',
  'user-agent' => 'Mozilla/5.0 (Windows NT 6.1; Win64; x64) AppleWebKit/537.36 (KHTML, like Gecko) Chrome/67.0.3396.62 Safari/537.36',
  'accept' => 'text/html,application/xhtml+xml,application/xml;q=0.9,image/webp,image/apng,*/*;q=0.8',
  'referer' => 'http://www.hr.com:8083/zhengzhou/per_coll.html',
  'accept-encoding' => 'gzip, deflate',
  'accept-language' => 'zh-CN,zh;q=0.9',
  'cookie' => 'UM_distinctid=1665c3bd0250-02ed131810e0ca-5b163f13-1fa400-1665c3bd0272b9; CNZZDATA1273108608=1157751406-1539143650-%7C1539422485; Hm_lvt_922a7d20740f0600062b403710662cb1=1539145716,1539422460; Hm_lvt_080836300300be57b7f34f4b3e97d911=1539154281,1540172232; PHPSESSID=k3c3qvbg0c7ljmqnu6uc57hl6e; user_id=54; phone=15010295998',
)
[ info ] [ PARAM ] array (
  'city' => 'zhengzhou',
)
[ info ] [ RUN ] app\index\controller\User->person_release[ G:\xampp\htdocs\car\app\index\controller\User.php ]
[ info ] [ DB ] INIT mysql
[ info ] [ SESSION ] INIT array (
  'id' => '',
  'var_session_id' => '',
  'prefix' => 'think',
  'type' => '',
  'auto_start' => true,
)
[ info ] [ VIEW ] G:\xampp\htdocs\car\public/../app/index\view\user\person_release.html [ array (
  0 => 'city',
  1 => 'domain',
  2 => 'brand',
  3 => 'price',
  4 => 'subface',
  5 => 'ABC',
  6 => 'age',
  7 => 'licheng',
  8 => 'output',
  9 => 'gearbox',
  10 => 'fuel',
  11 => 'blowdown',
  12 => 'car_drive',
  13 => 'car_body',
  14 => 'color',
) ]
[ info ] [ LOG ] INIT File
[ sql ] [ DB ] CONNECT:[ UseTime:0.010000s ] mysql:host=127.0.0.1;port=3306;dbname=g_car4;charset=utf8
[ sql ] [ SQL ] SHOW COLUMNS FROM `city` [ RunTime:0.007000s ]
[ sql ] [ SQL ] SELECT `id`,`initial`,`initial_num`,`name`,`pin` FROM `city` WHERE  `pin` = 'zhengzhou' LIMIT 1 [ RunTime:0.001000s ]
[ sql ] [ SQL ] SELECT * FROM `city` WHERE  `status` = 1 [ RunTime:0.001000s ]
[ sql ] [ SQL ] SHOW COLUMNS FROM `price_range` [ RunTime:0.004000s ]
[ sql ] [ SQL ] SELECT price_id as id,`name` FROM `price_range` ORDER BY `level` ASC LIMIT 4 [ RunTime:0.001000s ]
[ sql ] [ SQL ] SHOW COLUMNS FROM `subface` [ RunTime:0.004000s ]
[ sql ] [ SQL ] SELECT face_id as id,`name`,`img` FROM `subface` ORDER BY `level` ASC LIMIT 5 [ RunTime:0.001000s ]
[ sql ] [ SQL ] SHOW COLUMNS FROM `cheling` [ RunTime:0.004000s ]
[ sql ] [ SQL ] SELECT * FROM `cheling` [ RunTime:0.000000s ]
[ sql ] [ SQL ] SHOW COLUMNS FROM `car_color1` [ RunTime:0.004000s ]
[ sql ] [ SQL ] SELECT * FROM `car_color1` [ RunTime:0.001000s ]
[ sql ] [ SQL ] SHOW COLUMNS FROM `car_brand` [ RunTime:0.005000s ]
[ sql ] [ SQL ] SELECT `id`,`img_id`,`name` FROM `car_brand` WHERE  (  id in (1,9,10,19,20,22) ) [ RunTime:0.009000s ]
[ sql ] [ SQL ] SELECT `id`,`img_id`,`initial`,`name` FROM `car_brand` WHERE  `initial_num` = '65'  AND `status` = '1'  AND `level` = '1' ORDER BY `sort` DESC [ RunTime:0.008000s ]
[ sql ] [ SQL ] SELECT `id`,`img_id`,`initial`,`name` FROM `car_brand` WHERE  `initial_num` = '65'  AND `status` = '1'  AND `level` = '1' ORDER BY `sort` DESC [ RunTime:0.008000s ]
[ sql ] [ SQL ] SELECT `id`,`img_id`,`initial`,`name` FROM `car_brand` WHERE  `initial_num` = '66'  AND `status` = '1'  AND `level` = '1' ORDER BY `sort` DESC [ RunTime:0.008000s ]
[ sql ] [ SQL ] SELECT `id`,`img_id`,`initial`,`name` FROM `car_brand` WHERE  `initial_num` = '67'  AND `status` = '1'  AND `level` = '1' ORDER BY `sort` DESC [ RunTime:0.008000s ]
[ sql ] [ SQL ] SELECT `id`,`img_id`,`initial`,`name` FROM `car_brand` WHERE  `initial_num` = '68'  AND `status` = '1'  AND `level` = '1' ORDER BY `sort` DESC [ RunTime:0.008000s ]
[ sql ] [ SQL ] SELECT `id`,`img_id`,`initial`,`name` FROM `car_brand` WHERE  `initial_num` = '69'  AND `status` = '1'  AND `level` = '1' ORDER BY `sort` DESC [ RunTime:0.007000s ]
[ sql ] [ SQL ] SELECT `id`,`img_id`,`initial`,`name` FROM `car_brand` WHERE  `initial_num` = '70'  AND `status` = '1'  AND `level` = '1' ORDER BY `sort` DESC [ RunTime:0.007000s ]
[ sql ] [ SQL ] SELECT `id`,`img_id`,`initial`,`name` FROM `car_brand` WHERE  `initial_num` = '71'  AND `status` = '1'  AND `level` = '1' ORDER BY `sort` DESC [ RunTime:0.008000s ]
[ sql ] [ SQL ] SELECT `id`,`img_id`,`initial`,`name` FROM `car_brand` WHERE  `initial_num` = '72'  AND `status` = '1'  AND `level` = '1' ORDER BY `sort` DESC [ RunTime:0.008000s ]
[ sql ] [ SQL ] SELECT `id`,`img_id`,`initial`,`name` FROM `car_brand` WHERE  `initial_num` = '73'  AND `status` = '1'  AND `level` = '1' ORDER BY `sort` DESC [ RunTime:0.008000s ]
[ sql ] [ SQL ] SELECT `id`,`img_id`,`initial`,`name` FROM `car_brand` WHERE  `initial_num` = '74'  AND `status` = '1'  AND `level` = '1' ORDER BY `sort` DESC [ RunTime:0.007000s ]
[ sql ] [ SQL ] SELECT `id`,`img_id`,`initial`,`name` FROM `car_brand` WHERE  `initial_num` = '75'  AND `status` = '1'  AND `level` = '1' ORDER BY `sort` DESC [ RunTime:0.008000s ]
[ sql ] [ SQL ] SELECT `id`,`img_id`,`initial`,`name` FROM `car_brand` WHERE  `initial_num` = '76'  AND `status` = '1'  AND `level` = '1' ORDER BY `sort` DESC [ RunTime:0.007000s ]
[ sql ] [ SQL ] SELECT `id`,`img_id`,`initial`,`name` FROM `car_brand` WHERE  `initial_num` = '77'  AND `status` = '1'  AND `level` = '1' ORDER BY `sort` DESC [ RunTime:0.007000s ]
[ sql ] [ SQL ] SELECT `id`,`img_id`,`initial`,`name` FROM `car_brand` WHERE  `initial_num` = '78'  AND `status` = '1'  AND `level` = '1' ORDER BY `sort` DESC [ RunTime:0.008000s ]
[ sql ] [ SQL ] SELECT `id`,`img_id`,`initial`,`name` FROM `car_brand` WHERE  `initial_num` = '79'  AND `status` = '1'  AND `level` = '1' ORDER BY `sort` DESC [ RunTime:0.007000s ]
[ sql ] [ SQL ] SELECT `id`,`img_id`,`initial`,`name` FROM `car_brand` WHERE  `initial_num` = '80'  AND `status` = '1'  AND `level` = '1' ORDER BY `sort` DESC [ RunTime:0.008000s ]
[ sql ] [ SQL ] SELECT `id`,`img_id`,`initial`,`name` FROM `car_brand` WHERE  `initial_num` = '81'  AND `status` = '1'  AND `level` = '1' ORDER BY `sort` DESC [ RunTime:0.007000s ]
[ sql ] [ SQL ] SELECT `id`,`img_id`,`initial`,`name` FROM `car_brand` WHERE  `initial_num` = '82'  AND `status` = '1'  AND `level` = '1' ORDER BY `sort` DESC [ RunTime:0.007000s ]
[ sql ] [ SQL ] SELECT `id`,`img_id`,`initial`,`name` FROM `car_brand` WHERE  `initial_num` = '83'  AND `status` = '1'  AND `level` = '1' ORDER BY `sort` DESC [ RunTime:0.007000s ]
[ sql ] [ SQL ] SELECT `id`,`img_id`,`initial`,`name` FROM `car_brand` WHERE  `initial_num` = '84'  AND `status` = '1'  AND `level` = '1' ORDER BY `sort` DESC [ RunTime:0.007000s ]
[ sql ] [ SQL ] SELECT `id`,`img_id`,`initial`,`name` FROM `car_brand` WHERE  `initial_num` = '85'  AND `status` = '1'  AND `level` = '1' ORDER BY `sort` DESC [ RunTime:0.008000s ]
[ sql ] [ SQL ] SELECT `id`,`img_id`,`initial`,`name` FROM `car_brand` WHERE  `initial_num` = '86'  AND `status` = '1'  AND `level` = '1' ORDER BY `sort` DESC [ RunTime:0.007000s ]
[ sql ] [ SQL ] SELECT `id`,`img_id`,`initial`,`name` FROM `car_brand` WHERE  `initial_num` = '87'  AND `status` = '1'  AND `level` = '1' ORDER BY `sort` DESC [ RunTime:0.008000s ]
[ sql ] [ SQL ] SELECT `id`,`img_id`,`initial`,`name` FROM `car_brand` WHERE  `initial_num` = '88'  AND `status` = '1'  AND `level` = '1' ORDER BY `sort` DESC [ RunTime:0.007000s ]
[ sql ] [ SQL ] SELECT `id`,`img_id`,`initial`,`name` FROM `car_brand` WHERE  `initial_num` = '89'  AND `status` = '1'  AND `level` = '1' ORDER BY `sort` DESC [ RunTime:0.007000s ]
[ sql ] [ SQL ] SELECT `id`,`img_id`,`initial`,`name` FROM `car_brand` WHERE  `initial_num` = '90'  AND `status` = '1'  AND `level` = '1' ORDER BY `sort` DESC [ RunTime:0.008000s ]
---------------------------------------------------------------
[ 2018-11-07T17:33:10+08:00 ] 127.0.0.1 POST /index/user/pulish_adds.html
[ info ] www.hr.com:8083/index/user/pulish_adds.html [运行时间：0.139000s][吞吐率：7.19req/s] [内存消耗：2,817.92kb] [文件加载：50]
[ info ] [ LANG ] G:\xampp\htdocs\car\thinkphp\lang\zh-cn.php
[ info ] [ ROUTE ] array (
  'type' => 'module',
  'module' => 
  array (
    0 => 'index',
    1 => 'user',
    2 => 'pulish_adds',
  ),
)
[ info ] [ HEADER ] array (
  'host' => 'www.hr.com:8083',
  'connection' => 'keep-alive',
  'content-length' => '236821',
  'cache-control' => 'max-age=0',
  'origin' => 'http://www.hr.com:8083',
  'upgrade-insecure-requests' => '1',
  'content-type' => 'multipart/form-data; boundary=----WebKitFormBoundaryV7NR8EsiRqtTj23K',
  'user-agent' => 'Mozilla/5.0 (Windows NT 6.1; Win64; x64) AppleWebKit/537.36 (KHTML, like Gecko) Chrome/67.0.3396.62 Safari/537.36',
  'accept' => 'text/html,application/xhtml+xml,application/xml;q=0.9,image/webp,image/apng,*/*;q=0.8',
  'referer' => 'http://www.hr.com:8083/zhengzhou/per_rele',
  'accept-encoding' => 'gzip, deflate',
  'accept-language' => 'zh-CN,zh;q=0.9',
  'cookie' => 'UM_distinctid=1665c3bd0250-02ed131810e0ca-5b163f13-1fa400-1665c3bd0272b9; CNZZDATA1273108608=1157751406-1539143650-%7C1539422485; Hm_lvt_922a7d20740f0600062b403710662cb1=1539145716,1539422460; Hm_lvt_080836300300be57b7f34f4b3e97d911=1539154281,1540172232; PHPSESSID=k3c3qvbg0c7ljmqnu6uc57hl6e; user_id=54; phone=15010295998',
)
[ info ] [ PARAM ] array (
  'price' => '',
  'car_mileage' => '',
  'car_cardtime' => '2018年11月12日',
  'car_body' => '1',
  'fuel' => '1',
  'car_drive' => '1',
  'output' => '1',
  'gearbox' => '1',
  'subface' => '1',
  'blowdown' => '1',
  'phone' => '',
  'contact' => '',
  'color' => '1',
)
[ info ] [ RUN ] app\index\controller\User->pulish_adds[ G:\xampp\htdocs\car\app\index\controller\User.php ]
[ info ] [ SESSION ] INIT array (
  'id' => '',
  'var_session_id' => '',
  'prefix' => 'think',
  'type' => '',
  'auto_start' => true,
)
[ info ] [ DB ] INIT mysql
[ info ] [ LOG ] INIT File
[ sql ] [ DB ] CONNECT:[ UseTime:0.001000s ] mysql:host=127.0.0.1;port=3306;dbname=g_car4;charset=utf8
[ sql ] [ SQL ] SHOW COLUMNS FROM `car_brand` [ RunTime:0.004000s ]
[ sql ] [ SQL ] SELECT `name` FROM `car_brand` WHERE  `id` = '19' LIMIT 1 [ RunTime:0.000000s ]
[ sql ] [ SQL ] SELECT `name` FROM `car_brand` WHERE  `id` = '850' LIMIT 1 [ RunTime:0.001000s ]
[ sql ] [ SQL ] SELECT `name` FROM `car_brand` WHERE  `id` = '50' LIMIT 1 [ RunTime:0.000000s ]
[ sql ] [ SQL ] SHOW COLUMNS FROM `param` [ RunTime:0.006000s ]
[ sql ] [ SQL ] SELECT * FROM `param` WHERE  (  brand='奥迪' and sys='奥迪A6(进口)' and cartype='斯柯达' ) LIMIT 1 [ RunTime:0.067000s ]
