---------------------------------------------------------------
[ 2018-11-08T19:10:48+08:00 ] 127.0.0.1 GET /zhengzhou/details/9516
[ info ] www.hr.com:8083/zhengzhou/details/9516 [运行时间：0.146000s][吞吐率：6.85req/s] [内存消耗：2,981.43kb] [文件加载：53]
[ info ] [ LANG ] G:\xampp\htdocs\car\thinkphp\lang\zh-cn.php
[ info ] [ ROUTE ] array (
  'type' => 'module',
  'module' => 
  array (
    0 => 'index',
    1 => 'index',
    2 => 'details',
  ),
  'convert' => false,
)
[ info ] [ HEADER ] array (
  'host' => 'www.hr.com:8083',
  'connection' => 'keep-alive',
  'upgrade-insecure-requests' => '1',
  'user-agent' => 'Mozilla/5.0 (Windows NT 6.1; Win64; x64) AppleWebKit/537.36 (KHTML, like Gecko) Chrome/67.0.3396.62 Safari/537.36',
  'accept' => 'text/html,application/xhtml+xml,application/xml;q=0.9,image/webp,image/apng,*/*;q=0.8',
  'referer' => 'http://www.hr.com:8083/zhengzhou/news',
  'accept-encoding' => 'gzip, deflate',
  'accept-language' => 'zh-CN,zh;q=0.9',
  'cookie' => 'UM_distinctid=1665c3bd0250-02ed131810e0ca-5b163f13-1fa400-1665c3bd0272b9; CNZZDATA1273108608=1157751406-1539143650-%7C1539422485; Hm_lvt_922a7d20740f0600062b403710662cb1=1539145716,1539422460; Hm_lvt_080836300300be57b7f34f4b3e97d911=1539154281,1540172232; PHPSESSID=2ne9c5u42bprngeerf0k0od18q',
)
[ info ] [ PARAM ] array (
  'city' => 'zhengzhou',
  'cheid' => '9516',
)
[ info ] [ RUN ] app\index\controller\Index->details[ G:\xampp\htdocs\car\app\index\controller\Index.php ]
[ info ] [ DB ] INIT mysql
[ info ] [ SESSION ] INIT array (
  'id' => '',
  'var_session_id' => '',
  'prefix' => 'think',
  'type' => '',
  'auto_start' => true,
)
[ info ] [ VIEW ] G:\xampp\htdocs\car\public/../app/index\view\index\details.html [ array (
  0 => 'city',
  1 => 'domain',
  2 => 'brand',
  3 => 'carinfo',
  4 => 'shopinfo',
  5 => 'remark',
  6 => 'sys_cars',
  7 => 'carparam',
  8 => 'platform_phone',
) ]
[ info ] [ LOG ] INIT File
[ sql ] [ DB ] CONNECT:[ UseTime:0.010000s ] mysql:host=127.0.0.1;port=3306;dbname=g_car4;charset=utf8
[ sql ] [ SQL ] SHOW COLUMNS FROM `city` [ RunTime:0.004000s ]
[ sql ] [ SQL ] SELECT `id`,`initial`,`initial_num`,`name`,`pin` FROM `city` WHERE  `pin` = 'zhengzhou' LIMIT 1 [ RunTime:0.000000s ]
[ sql ] [ SQL ] SELECT * FROM `city` WHERE  `status` = 1 [ RunTime:0.001000s ]
[ sql ] [ SQL ] SHOW COLUMNS FROM `rele_car` [ RunTime:0.004000s ]
[ sql ] [ SQL ] SELECT `pu_id`,`user_id`,`brand_id`,`sys_id`,`cartype_id`,`price`,`car_mileage`,`car_age`,`output`,`gearbox`,`car_cardtime`,`blowdown`,`subface_img`,`img_512`,`car_desc`,`pay20_s2`,`pay20_y2`,`pay20_n2`,`city_id` FROM `rele_car` WHERE  (  pu_id=9516 ) LIMIT 1 [ RunTime:0.001000s ]
[ sql ] [ SQL ] SHOW COLUMNS FROM `car_brand` [ RunTime:0.004000s ]
[ sql ] [ SQL ] SELECT `name` FROM `car_brand` WHERE  (  id=8 and level=1 ) LIMIT 1 [ RunTime:0.001000s ]
[ sql ] [ SQL ] SELECT `name` FROM `car_brand` WHERE  (  id=604 and level=3 ) LIMIT 1 [ RunTime:0.000000s ]
[ sql ] [ SQL ] SHOW COLUMNS FROM `bsq` [ RunTime:0.004000s ]
[ sql ] [ SQL ] SELECT * FROM `bsq` WHERE  (  id=3 ) LIMIT 1 [ RunTime:0.001000s ]
[ sql ] [ SQL ] SHOW COLUMNS FROM `pailiang` [ RunTime:0.003000s ]
[ sql ] [ SQL ] SELECT * FROM `pailiang` WHERE  (  id=3 ) LIMIT 1 [ RunTime:0.000000s ]
[ sql ] [ SQL ] SHOW COLUMNS FROM `cheling` [ RunTime:0.004000s ]
[ sql ] [ SQL ] SELECT * FROM `cheling` WHERE  `id` = 2 LIMIT 1 [ RunTime:0.000000s ]
[ sql ] [ SQL ] SHOW COLUMNS FROM `p_bzhun` [ RunTime:0.004000s ]
[ sql ] [ SQL ] SELECT * FROM `p_bzhun` WHERE  (  id=7 ) LIMIT 1 [ RunTime:0.000000s ]
[ sql ] [ SQL ] SHOW COLUMNS FROM `param6` [ RunTime:0.005000s ]
[ sql ] [ SQL ] SELECT `id`,`info_1` FROM `param6` WHERE  `id` = 9516 LIMIT 1 [ RunTime:0.001000s ]
[ sql ] [ SQL ] SELECT `name`,`upid` FROM `car_brand` WHERE  `id` = '6403' LIMIT 1 [ RunTime:0.000000s ]
[ sql ] [ SQL ] SELECT `name` FROM `car_brand` WHERE  `id` = '604' LIMIT 1 [ RunTime:0.001000s ]
[ sql ] [ SQL ] SHOW COLUMNS FROM `user_shop` [ RunTime:0.004000s ]
[ sql ] [ SQL ] SELECT `shop_id`,`shop_name`,`mimg`,`shop_address`,`shop_phone`,`qid`,latitude as lat,longitude as lng FROM `user_shop` WHERE  (  user_id=20 ) LIMIT 1 [ RunTime:0.001000s ]
[ sql ] [ SQL ] SHOW COLUMNS FROM `remark` [ RunTime:0.004000s ]
[ sql ] [ SQL ] SELECT `id`,`all_score` FROM `remark` WHERE  `shop_id` = 20 [ RunTime:0.000000s ]
[ sql ] [ SQL ] SELECT `id`,`user_id`,`content`,`create_time`,`all_score` FROM `remark` WHERE  `shop_id` = 20 ORDER BY `create_time` DESC LIMIT 1 [ RunTime:0.000000s ]
[ sql ] [ SQL ] SELECT `rele_car`.`pu_id`,`rele_car`.`user_id`,`rele_car`.`cartype_id`,`rele_car`.`price`,`rele_car`.`news_price`,`rele_car`.`car_mileage`,`rele_car`.`car_cardtime`,`rele_car`.`img_300` FROM `rele_car` `rele_car` INNER JOIN `user` `u` ON `u`.`user_id`=`rele_car`.`user_id` WHERE  `sys_id` = 604  AND `status` = 1  AND `pu_id` NOT IN (9516)  AND `city_id` = 1 ORDER BY `rele_car`.`update_time` DESC [ RunTime:0.005000s ]
[ sql ] [ SQL ] SELECT `name`,`upid` FROM `car_brand` WHERE  `id` = '6412' LIMIT 1 [ RunTime:0.001000s ]
[ sql ] [ SQL ] SELECT `name` FROM `car_brand` WHERE  `id` = '604' LIMIT 1 [ RunTime:0.001000s ]
[ sql ] [ SQL ] SELECT `pu_id`,`car_cardtime`,`price` FROM `rele_car` WHERE  (  pu_id=9491 ) LIMIT 1 [ RunTime:0.000000s ]
[ sql ] [ SQL ] SELECT `name`,`upid` FROM `car_brand` WHERE  `id` = '6406' LIMIT 1 [ RunTime:0.000000s ]
[ sql ] [ SQL ] SELECT `name` FROM `car_brand` WHERE  `id` = '604' LIMIT 1 [ RunTime:0.000000s ]
[ sql ] [ SQL ] SELECT `pu_id`,`car_cardtime`,`price` FROM `rele_car` WHERE  (  pu_id=9504 ) LIMIT 1 [ RunTime:0.000000s ]
[ sql ] [ SQL ] SELECT `name`,`upid` FROM `car_brand` WHERE  `id` = '6402' LIMIT 1 [ RunTime:0.000000s ]
[ sql ] [ SQL ] SELECT `name` FROM `car_brand` WHERE  `id` = '604' LIMIT 1 [ RunTime:0.000000s ]
[ sql ] [ SQL ] SELECT `pu_id`,`car_cardtime`,`price` FROM `rele_car` WHERE  (  pu_id=9501 ) LIMIT 1 [ RunTime:0.000000s ]
[ sql ] [ SQL ] SELECT * FROM `rele_car` WHERE  (  pu_id=9516 ) LIMIT 1 [ RunTime:0.001000s ]
[ sql ] [ SQL ] SHOW COLUMNS FROM `param` [ RunTime:0.006000s ]
[ sql ] [ SQL ] SELECT `a`.* FROM `param` `a` INNER JOIN `rele_param` `b` ON `b`.`param_id`=`a`.`id` WHERE  (  b.pu_id=9516 and b.type=2 ) LIMIT 1 [ RunTime:0.001000s ]
[ sql ] [ SQL ] SELECT `id`,`img_id`,`name` FROM `car_brand` WHERE  (  id in (1,9,10,19,20,22) ) [ RunTime:0.009000s ]
---------------------------------------------------------------
[ 2018-11-08T19:10:49+08:00 ] 127.0.0.1 GET /static/img/prevBtnTop.png
[ info ] www.hr.com:8083/static/img/prevBtnTop.png [运行时间：0.019000s][吞吐率：52.63req/s] [内存消耗：1,181.94kb] [文件加载：37]
[ info ] [ LANG ] G:\xampp\htdocs\car\thinkphp\lang\zh-cn.php
[ info ] [ ROUTE ] array (
  'type' => 'module',
  'module' => 
  array (
    0 => 'static',
    1 => 'img',
    2 => 'prevBtnTop.png',
  ),
)
[ info ] [ HEADER ] array (
  'host' => 'www.hr.com:8083',
  'connection' => 'keep-alive',
  'user-agent' => 'Mozilla/5.0 (Windows NT 6.1; Win64; x64) AppleWebKit/537.36 (KHTML, like Gecko) Chrome/67.0.3396.62 Safari/537.36',
  'accept' => 'image/webp,image/apng,image/*,*/*;q=0.8',
  'referer' => 'http://www.hr.com:8083/static/css/other.css',
  'accept-encoding' => 'gzip, deflate',
  'accept-language' => 'zh-CN,zh;q=0.9',
  'cookie' => 'UM_distinctid=1665c3bd0250-02ed131810e0ca-5b163f13-1fa400-1665c3bd0272b9; CNZZDATA1273108608=1157751406-1539143650-%7C1539422485; Hm_lvt_922a7d20740f0600062b403710662cb1=1539145716,1539422460; Hm_lvt_080836300300be57b7f34f4b3e97d911=1539154281,1540172232; PHPSESSID=2ne9c5u42bprngeerf0k0od18q',
)
[ info ] [ PARAM ] array (
)
[ info ] [ LOG ] INIT File
---------------------------------------------------------------
[ 2018-11-08T19:10:49+08:00 ] 127.0.0.1 GET /static/img/nextBtnTop.png
[ info ] www.hr.com:8083/static/img/nextBtnTop.png [运行时间：0.021000s][吞吐率：47.62req/s] [内存消耗：1,181.94kb] [文件加载：37]
[ info ] [ LANG ] G:\xampp\htdocs\car\thinkphp\lang\zh-cn.php
[ info ] [ ROUTE ] array (
  'type' => 'module',
  'module' => 
  array (
    0 => 'static',
    1 => 'img',
    2 => 'nextBtnTop.png',
  ),
)
[ info ] [ HEADER ] array (
  'host' => 'www.hr.com:8083',
  'connection' => 'keep-alive',
  'user-agent' => 'Mozilla/5.0 (Windows NT 6.1; Win64; x64) AppleWebKit/537.36 (KHTML, like Gecko) Chrome/67.0.3396.62 Safari/537.36',
  'accept' => 'image/webp,image/apng,image/*,*/*;q=0.8',
  'referer' => 'http://www.hr.com:8083/static/css/other.css',
  'accept-encoding' => 'gzip, deflate',
  'accept-language' => 'zh-CN,zh;q=0.9',
  'cookie' => 'UM_distinctid=1665c3bd0250-02ed131810e0ca-5b163f13-1fa400-1665c3bd0272b9; CNZZDATA1273108608=1157751406-1539143650-%7C1539422485; Hm_lvt_922a7d20740f0600062b403710662cb1=1539145716,1539422460; Hm_lvt_080836300300be57b7f34f4b3e97d911=1539154281,1540172232; PHPSESSID=2ne9c5u42bprngeerf0k0od18q',
)
[ info ] [ PARAM ] array (
)
[ info ] [ LOG ] INIT File
---------------------------------------------------------------
[ 2018-11-08T19:10:49+08:00 ] 127.0.0.1 GET /zhengzhou/details/templates/header.html
[ info ] www.hr.com:8083/zhengzhou/details/templates/header.html [运行时间：0.058000s][吞吐率：17.24req/s] [内存消耗：2,603.74kb] [文件加载：55]
[ info ] [ LANG ] G:\xampp\htdocs\car\thinkphp\lang\zh-cn.php
[ info ] [ ROUTE ] array (
  'type' => 'module',
  'module' => 
  array (
    0 => 'index',
    1 => 'index',
    2 => 'details',
  ),
  'convert' => false,
)
[ info ] [ HEADER ] array (
  'host' => 'www.hr.com:8083',
  'connection' => 'keep-alive',
  'accept' => 'text/html, */*; q=0.01',
  'x-requested-with' => 'XMLHttpRequest',
  'user-agent' => 'Mozilla/5.0 (Windows NT 6.1; Win64; x64) AppleWebKit/537.36 (KHTML, like Gecko) Chrome/67.0.3396.62 Safari/537.36',
  'referer' => 'http://www.hr.com:8083/zhengzhou/details/9516',
  'accept-encoding' => 'gzip, deflate',
  'accept-language' => 'zh-CN,zh;q=0.9',
  'cookie' => 'UM_distinctid=1665c3bd0250-02ed131810e0ca-5b163f13-1fa400-1665c3bd0272b9; CNZZDATA1273108608=1157751406-1539143650-%7C1539422485; Hm_lvt_922a7d20740f0600062b403710662cb1=1539145716,1539422460; Hm_lvt_080836300300be57b7f34f4b3e97d911=1539154281,1540172232; PHPSESSID=2ne9c5u42bprngeerf0k0od18q',
)
[ info ] [ PARAM ] array (
  'city' => 'zhengzhou',
  'cheid' => 'templates',
)
[ info ] [ RUN ] app\index\controller\Index->details[ G:\xampp\htdocs\car\app\index\controller\Index.php ]
[ info ] [ DB ] INIT mysql
[ info ] [ SESSION ] INIT array (
  'id' => '',
  'var_session_id' => '',
  'prefix' => 'think',
  'type' => '',
  'auto_start' => true,
)
[ info ] [ LOG ] INIT File
[ sql ] [ DB ] CONNECT:[ UseTime:0.001000s ] mysql:host=127.0.0.1;port=3306;dbname=g_car4;charset=utf8
[ sql ] [ SQL ] SHOW COLUMNS FROM `city` [ RunTime:0.005000s ]
[ sql ] [ SQL ] SELECT `id`,`initial`,`initial_num`,`name`,`pin` FROM `city` WHERE  `pin` = 'zhengzhou' LIMIT 1 [ RunTime:0.001000s ]
[ sql ] [ SQL ] SELECT * FROM `city` WHERE  `status` = 1 [ RunTime:0.001000s ]
[ sql ] [ SQL ] SHOW COLUMNS FROM `rele_car` [ RunTime:0.005000s ]
[ error ] [10501]SQLSTATE[42S22]: Column not found: 1054 Unknown column 'templates' in 'where clause'[G:\xampp\htdocs\car\thinkphp\library\think\db\Connection.php:390]
---------------------------------------------------------------
[ 2018-11-08T19:10:51+08:00 ] 127.0.0.1 GET /zhengzhou/news
[ info ] www.hr.com:8083/zhengzhou/news [运行时间：0.151000s][吞吐率：6.62req/s] [内存消耗：2,722.53kb] [文件加载：53]
[ info ] [ LANG ] G:\xampp\htdocs\car\thinkphp\lang\zh-cn.php
[ info ] [ ROUTE ] array (
  'type' => 'module',
  'module' => 
  array (
    0 => 'index',
    1 => 'news',
    2 => 'index',
  ),
  'convert' => false,
)
[ info ] [ HEADER ] array (
  'host' => 'www.hr.com:8083',
  'connection' => 'keep-alive',
  'upgrade-insecure-requests' => '1',
  'user-agent' => 'Mozilla/5.0 (Windows NT 6.1; Win64; x64) AppleWebKit/537.36 (KHTML, like Gecko) Chrome/67.0.3396.62 Safari/537.36',
  'accept' => 'text/html,application/xhtml+xml,application/xml;q=0.9,image/webp,image/apng,*/*;q=0.8',
  'referer' => 'http://www.hr.com:8083/',
  'accept-encoding' => 'gzip, deflate',
  'accept-language' => 'zh-CN,zh;q=0.9',
  'cookie' => 'UM_distinctid=1665c3bd0250-02ed131810e0ca-5b163f13-1fa400-1665c3bd0272b9; CNZZDATA1273108608=1157751406-1539143650-%7C1539422485; Hm_lvt_922a7d20740f0600062b403710662cb1=1539145716,1539422460; Hm_lvt_080836300300be57b7f34f4b3e97d911=1539154281,1540172232; PHPSESSID=2ne9c5u42bprngeerf0k0od18q',
)
[ info ] [ PARAM ] array (
  'city' => 'zhengzhou',
)
[ info ] [ RUN ] app\index\controller\News->index[ G:\xampp\htdocs\car\app\index\controller\News.php ]
[ info ] [ DB ] INIT mysql
[ info ] [ SESSION ] INIT array (
  'id' => '',
  'var_session_id' => '',
  'prefix' => 'think',
  'type' => '',
  'auto_start' => true,
)
[ info ] [ VIEW ] G:\xampp\htdocs\car\public/../app/index\view\news\index.html [ array (
  0 => 'city',
  1 => 'domain',
  2 => 'er_car',
  3 => 'new_car',
  4 => 'brand',
  5 => 'new1',
  6 => 'new2',
  7 => 'new3',
  8 => 'new4',
  9 => 'new5',
) ]
[ info ] [ LOG ] INIT File
[ sql ] [ DB ] CONNECT:[ UseTime:0.011000s ] mysql:host=127.0.0.1;port=3306;dbname=g_car4;charset=utf8
[ sql ] [ SQL ] SHOW COLUMNS FROM `city` [ RunTime:0.005000s ]
[ sql ] [ SQL ] SELECT `id`,`initial`,`initial_num`,`name`,`pin` FROM `city` WHERE  `pin` = 'zhengzhou' LIMIT 1 [ RunTime:0.000000s ]
[ sql ] [ SQL ] SELECT * FROM `city` WHERE  `status` = 1 [ RunTime:0.000000s ]
[ sql ] [ SQL ] SHOW COLUMNS FROM `rele_car` [ RunTime:0.004000s ]
[ sql ] [ SQL ] SELECT `pu_id`,`cartype_id`,`price`,`car_cardtime`,`car_mileage`,`img_300` FROM `rele_car` WHERE  (  status=1 and up_under=1 and city_id=1 ) ORDER BY `create_time` DESC LIMIT 8 [ RunTime:0.006000s ]
[ sql ] [ SQL ] SHOW COLUMNS FROM `car_brand` [ RunTime:0.005000s ]
[ sql ] [ SQL ] SELECT `name`,`upid` FROM `car_brand` WHERE  `id` = '2652' LIMIT 1 [ RunTime:0.000000s ]
[ sql ] [ SQL ] SELECT `name` FROM `car_brand` WHERE  `id` = '436' LIMIT 1 [ RunTime:0.001000s ]
[ sql ] [ SQL ] SHOW COLUMNS FROM `param` [ RunTime:0.006000s ]
[ sql ] [ SQL ] SELECT `id`,`price` FROM `param` WHERE  (  id=9541 ) LIMIT 1 [ RunTime:0.000000s ]
[ sql ] [ SQL ] SELECT `name`,`upid` FROM `car_brand` WHERE  `id` = '6151' LIMIT 1 [ RunTime:0.000000s ]
[ sql ] [ SQL ] SELECT `name` FROM `car_brand` WHERE  `id` = '596' LIMIT 1 [ RunTime:0.001000s ]
[ sql ] [ SQL ] SELECT `id`,`price` FROM `param` WHERE  (  id=9538 ) LIMIT 1 [ RunTime:0.000000s ]
[ sql ] [ SQL ] SELECT `name`,`upid` FROM `car_brand` WHERE  `id` = '2970' LIMIT 1 [ RunTime:0.001000s ]
[ sql ] [ SQL ] SELECT `name` FROM `car_brand` WHERE  `id` = '445' LIMIT 1 [ RunTime:0.001000s ]
[ sql ] [ SQL ] SELECT `id`,`price` FROM `param` WHERE  (  id=9535 ) LIMIT 1 [ RunTime:0.000000s ]
[ sql ] [ SQL ] SELECT `name`,`upid` FROM `car_brand` WHERE  `id` = '6403' LIMIT 1 [ RunTime:0.001000s ]
[ sql ] [ SQL ] SELECT `name` FROM `car_brand` WHERE  `id` = '604' LIMIT 1 [ RunTime:0.000000s ]
[ sql ] [ SQL ] SELECT `id`,`price` FROM `param` WHERE  (  id=9516 ) LIMIT 1 [ RunTime:0.001000s ]
[ sql ] [ SQL ] SELECT `name`,`upid` FROM `car_brand` WHERE  `id` = '6339' LIMIT 1 [ RunTime:0.000000s ]
[ sql ] [ SQL ] SELECT `name` FROM `car_brand` WHERE  `id` = '606' LIMIT 1 [ RunTime:0.001000s ]
[ sql ] [ SQL ] SELECT `id`,`price` FROM `param` WHERE  (  id=9515 ) LIMIT 1 [ RunTime:0.000000s ]
[ sql ] [ SQL ] SELECT `name`,`upid` FROM `car_brand` WHERE  `id` = '27332' LIMIT 1 [ RunTime:0.001000s ]
[ sql ] [ SQL ] SELECT `name` FROM `car_brand` WHERE  `id` = '1921' LIMIT 1 [ RunTime:0.000000s ]
[ sql ] [ SQL ] SELECT `id`,`price` FROM `param` WHERE  (  id=9514 ) LIMIT 1 [ RunTime:0.000000s ]
[ sql ] [ SQL ] SELECT `name`,`upid` FROM `car_brand` WHERE  `id` = '6092' LIMIT 1 [ RunTime:0.000000s ]
[ sql ] [ SQL ] SELECT `name` FROM `car_brand` WHERE  `id` = '584' LIMIT 1 [ RunTime:0.000000s ]
[ sql ] [ SQL ] SELECT `id`,`price` FROM `param` WHERE  (  id=9513 ) LIMIT 1 [ RunTime:0.000000s ]
[ sql ] [ SQL ] SELECT `name`,`upid` FROM `car_brand` WHERE  `id` = '6492' LIMIT 1 [ RunTime:0.000000s ]
[ sql ] [ SQL ] SELECT `name` FROM `car_brand` WHERE  `id` = '613' LIMIT 1 [ RunTime:0.000000s ]
[ sql ] [ SQL ] SELECT `id`,`price` FROM `param` WHERE  (  id=9511 ) LIMIT 1 [ RunTime:0.000000s ]
[ sql ] [ SQL ] SHOW COLUMNS FROM `new_car` [ RunTime:0.005000s ]
[ sql ] [ SQL ] SELECT `id`,`brand_id`,`sys_id`,`cartype_id`,`price`,`img_300`,`pay10_s2`,`pay10_y2`,`pay10_n2` FROM `new_car` WHERE  (  is_tj=1 and status=1 and city_id=1 ) ORDER BY `create_time` DESC LIMIT 4 [ RunTime:0.001000s ]
[ sql ] [ SQL ] SELECT `name`,`upid` FROM `car_brand` WHERE  `id` = '26748' LIMIT 1 [ RunTime:0.000000s ]
[ sql ] [ SQL ] SELECT `name` FROM `car_brand` WHERE  `id` = '1853' LIMIT 1 [ RunTime:0.000000s ]
[ sql ] [ SQL ] SELECT `name`,`upid` FROM `car_brand` WHERE  `id` = '26758' LIMIT 1 [ RunTime:0.000000s ]
[ sql ] [ SQL ] SELECT `name` FROM `car_brand` WHERE  `id` = '1851' LIMIT 1 [ RunTime:0.001000s ]
[ sql ] [ SQL ] SELECT `name`,`upid` FROM `car_brand` WHERE  `id` = '16298' LIMIT 1 [ RunTime:0.000000s ]
[ sql ] [ SQL ] SELECT `name` FROM `car_brand` WHERE  `id` = '1211' LIMIT 1 [ RunTime:0.001000s ]
[ sql ] [ SQL ] SELECT `name`,`upid` FROM `car_brand` WHERE  `id` = '2658' LIMIT 1 [ RunTime:0.000000s ]
[ sql ] [ SQL ] SELECT `name` FROM `car_brand` WHERE  `id` = '427' LIMIT 1 [ RunTime:0.000000s ]
[ sql ] [ SQL ] SELECT `id`,`img_id`,`name` FROM `car_brand` WHERE  (  id in (1,9,10,19,20,22) ) [ RunTime:0.008000s ]
[ sql ] [ SQL ] SHOW COLUMNS FROM `news` [ RunTime:0.005000s ]
[ sql ] [ SQL ] SELECT `id`,`title`,`time`,`miaoshu`,`news_column` FROM `news` WHERE  `news_column` = '1'  AND `status` = 1 [ RunTime:0.001000s ]
[ sql ] [ SQL ] SELECT `id`,`title`,`time`,`miaoshu`,`news_column` FROM `news` WHERE  `news_column` = '2'  AND `status` = 1 [ RunTime:0.000000s ]
[ sql ] [ SQL ] SELECT `id`,`title`,`time`,`miaoshu`,`news_column` FROM `news` WHERE  `news_column` = '3'  AND `status` = 1 [ RunTime:0.000000s ]
[ sql ] [ SQL ] SELECT `id`,`title`,`time`,`miaoshu`,`news_column` FROM `news` WHERE  `news_column` = '4'  AND `status` = 1 [ RunTime:0.001000s ]
[ sql ] [ SQL ] SELECT `id`,`title`,`time`,`miaoshu`,`news_column` FROM `news` WHERE  `news_column` = '5'  AND `status` = 1 [ RunTime:0.000000s ]
---------------------------------------------------------------
[ 2018-11-08T19:12:10+08:00 ] 127.0.0.1 GET /zhengzhou/news
[ info ] www.hr.com:8083/zhengzhou/news [运行时间：0.135000s][吞吐率：7.41req/s] [内存消耗：2,722.73kb] [文件加载：53]
[ info ] [ LANG ] G:\xampp\htdocs\car\thinkphp\lang\zh-cn.php
[ info ] [ ROUTE ] array (
  'type' => 'module',
  'module' => 
  array (
    0 => 'index',
    1 => 'news',
    2 => 'index',
  ),
  'convert' => false,
)
[ info ] [ HEADER ] array (
  'host' => 'www.hr.com:8083',
  'connection' => 'keep-alive',
  'cache-control' => 'max-age=0',
  'upgrade-insecure-requests' => '1',
  'user-agent' => 'Mozilla/5.0 (Windows NT 6.1; Win64; x64) AppleWebKit/537.36 (KHTML, like Gecko) Chrome/67.0.3396.62 Safari/537.36',
  'accept' => 'text/html,application/xhtml+xml,application/xml;q=0.9,image/webp,image/apng,*/*;q=0.8',
  'referer' => 'http://www.hr.com:8083/',
  'accept-encoding' => 'gzip, deflate',
  'accept-language' => 'zh-CN,zh;q=0.9',
  'cookie' => 'UM_distinctid=1665c3bd0250-02ed131810e0ca-5b163f13-1fa400-1665c3bd0272b9; CNZZDATA1273108608=1157751406-1539143650-%7C1539422485; Hm_lvt_922a7d20740f0600062b403710662cb1=1539145716,1539422460; Hm_lvt_080836300300be57b7f34f4b3e97d911=1539154281,1540172232; PHPSESSID=2ne9c5u42bprngeerf0k0od18q',
)
[ info ] [ PARAM ] array (
  'city' => 'zhengzhou',
)
[ info ] [ RUN ] app\index\controller\News->index[ G:\xampp\htdocs\car\app\index\controller\News.php ]
[ info ] [ DB ] INIT mysql
[ info ] [ SESSION ] INIT array (
  'id' => '',
  'var_session_id' => '',
  'prefix' => 'think',
  'type' => '',
  'auto_start' => true,
)
[ info ] [ VIEW ] G:\xampp\htdocs\car\public/../app/index\view\news\index.html [ array (
  0 => 'city',
  1 => 'domain',
  2 => 'er_car',
  3 => 'new_car',
  4 => 'brand',
  5 => 'new1',
  6 => 'new2',
  7 => 'new3',
  8 => 'new4',
  9 => 'new5',
) ]
[ info ] [ LOG ] INIT File
[ sql ] [ DB ] CONNECT:[ UseTime:0.010000s ] mysql:host=127.0.0.1;port=3306;dbname=g_car4;charset=utf8
[ sql ] [ SQL ] SHOW COLUMNS FROM `city` [ RunTime:0.004000s ]
[ sql ] [ SQL ] SELECT `id`,`initial`,`initial_num`,`name`,`pin` FROM `city` WHERE  `pin` = 'zhengzhou' LIMIT 1 [ RunTime:0.000000s ]
[ sql ] [ SQL ] SELECT * FROM `city` WHERE  `status` = 1 [ RunTime:0.000000s ]
[ sql ] [ SQL ] SHOW COLUMNS FROM `rele_car` [ RunTime:0.004000s ]
[ sql ] [ SQL ] SELECT `pu_id`,`cartype_id`,`price`,`car_cardtime`,`car_mileage`,`img_300` FROM `rele_car` WHERE  (  status=1 and up_under=1 and city_id=1 ) ORDER BY `create_time` DESC LIMIT 8 [ RunTime:0.006000s ]
[ sql ] [ SQL ] SHOW COLUMNS FROM `car_brand` [ RunTime:0.003000s ]
[ sql ] [ SQL ] SELECT `name`,`upid` FROM `car_brand` WHERE  `id` = '2652' LIMIT 1 [ RunTime:0.000000s ]
[ sql ] [ SQL ] SELECT `name` FROM `car_brand` WHERE  `id` = '436' LIMIT 1 [ RunTime:0.000000s ]
[ sql ] [ SQL ] SHOW COLUMNS FROM `param` [ RunTime:0.006000s ]
[ sql ] [ SQL ] SELECT `id`,`price` FROM `param` WHERE  (  id=9541 ) LIMIT 1 [ RunTime:0.000000s ]
[ sql ] [ SQL ] SELECT `name`,`upid` FROM `car_brand` WHERE  `id` = '6151' LIMIT 1 [ RunTime:0.001000s ]
[ sql ] [ SQL ] SELECT `name` FROM `car_brand` WHERE  `id` = '596' LIMIT 1 [ RunTime:0.000000s ]
[ sql ] [ SQL ] SELECT `id`,`price` FROM `param` WHERE  (  id=9538 ) LIMIT 1 [ RunTime:0.001000s ]
[ sql ] [ SQL ] SELECT `name`,`upid` FROM `car_brand` WHERE  `id` = '2970' LIMIT 1 [ RunTime:0.000000s ]
[ sql ] [ SQL ] SELECT `name` FROM `car_brand` WHERE  `id` = '445' LIMIT 1 [ RunTime:0.001000s ]
[ sql ] [ SQL ] SELECT `id`,`price` FROM `param` WHERE  (  id=9535 ) LIMIT 1 [ RunTime:0.000000s ]
[ sql ] [ SQL ] SELECT `name`,`upid` FROM `car_brand` WHERE  `id` = '6403' LIMIT 1 [ RunTime:0.001000s ]
[ sql ] [ SQL ] SELECT `name` FROM `car_brand` WHERE  `id` = '604' LIMIT 1 [ RunTime:0.000000s ]
[ sql ] [ SQL ] SELECT `id`,`price` FROM `param` WHERE  (  id=9516 ) LIMIT 1 [ RunTime:0.001000s ]
[ sql ] [ SQL ] SELECT `name`,`upid` FROM `car_brand` WHERE  `id` = '6339' LIMIT 1 [ RunTime:0.001000s ]
[ sql ] [ SQL ] SELECT `name` FROM `car_brand` WHERE  `id` = '606' LIMIT 1 [ RunTime:0.000000s ]
[ sql ] [ SQL ] SELECT `id`,`price` FROM `param` WHERE  (  id=9515 ) LIMIT 1 [ RunTime:0.001000s ]
[ sql ] [ SQL ] SELECT `name`,`upid` FROM `car_brand` WHERE  `id` = '27332' LIMIT 1 [ RunTime:0.000000s ]
[ sql ] [ SQL ] SELECT `name` FROM `car_brand` WHERE  `id` = '1921' LIMIT 1 [ RunTime:0.000000s ]
[ sql ] [ SQL ] SELECT `id`,`price` FROM `param` WHERE  (  id=9514 ) LIMIT 1 [ RunTime:0.000000s ]
[ sql ] [ SQL ] SELECT `name`,`upid` FROM `car_brand` WHERE  `id` = '6092' LIMIT 1 [ RunTime:0.000000s ]
[ sql ] [ SQL ] SELECT `name` FROM `car_brand` WHERE  `id` = '584' LIMIT 1 [ RunTime:0.001000s ]
[ sql ] [ SQL ] SELECT `id`,`price` FROM `param` WHERE  (  id=9513 ) LIMIT 1 [ RunTime:0.000000s ]
[ sql ] [ SQL ] SELECT `name`,`upid` FROM `car_brand` WHERE  `id` = '6492' LIMIT 1 [ RunTime:0.001000s ]
[ sql ] [ SQL ] SELECT `name` FROM `car_brand` WHERE  `id` = '613' LIMIT 1 [ RunTime:0.000000s ]
[ sql ] [ SQL ] SELECT `id`,`price` FROM `param` WHERE  (  id=9511 ) LIMIT 1 [ RunTime:0.000000s ]
[ sql ] [ SQL ] SHOW COLUMNS FROM `new_car` [ RunTime:0.005000s ]
[ sql ] [ SQL ] SELECT `id`,`brand_id`,`sys_id`,`cartype_id`,`price`,`img_300`,`pay10_s2`,`pay10_y2`,`pay10_n2` FROM `new_car` WHERE  (  is_tj=1 and status=1 and city_id=1 ) ORDER BY `create_time` DESC LIMIT 4 [ RunTime:0.001000s ]
[ sql ] [ SQL ] SELECT `name`,`upid` FROM `car_brand` WHERE  `id` = '26748' LIMIT 1 [ RunTime:0.001000s ]
[ sql ] [ SQL ] SELECT `name` FROM `car_brand` WHERE  `id` = '1853' LIMIT 1 [ RunTime:0.000000s ]
[ sql ] [ SQL ] SELECT `name`,`upid` FROM `car_brand` WHERE  `id` = '26758' LIMIT 1 [ RunTime:0.001000s ]
[ sql ] [ SQL ] SELECT `name` FROM `car_brand` WHERE  `id` = '1851' LIMIT 1 [ RunTime:0.000000s ]
[ sql ] [ SQL ] SELECT `name`,`upid` FROM `car_brand` WHERE  `id` = '16298' LIMIT 1 [ RunTime:0.001000s ]
[ sql ] [ SQL ] SELECT `name` FROM `car_brand` WHERE  `id` = '1211' LIMIT 1 [ RunTime:0.000000s ]
[ sql ] [ SQL ] SELECT `name`,`upid` FROM `car_brand` WHERE  `id` = '2658' LIMIT 1 [ RunTime:0.001000s ]
[ sql ] [ SQL ] SELECT `name` FROM `car_brand` WHERE  `id` = '427' LIMIT 1 [ RunTime:0.000000s ]
[ sql ] [ SQL ] SELECT `id`,`img_id`,`name` FROM `car_brand` WHERE  (  id in (1,9,10,19,20,22) ) [ RunTime:0.009000s ]
[ sql ] [ SQL ] SHOW COLUMNS FROM `news` [ RunTime:0.005000s ]
[ sql ] [ SQL ] SELECT `id`,`title`,`time`,`miaoshu`,`news_column` FROM `news` WHERE  `news_column` = '1'  AND `status` = 1 [ RunTime:0.000000s ]
[ sql ] [ SQL ] SELECT `id`,`title`,`time`,`miaoshu`,`news_column` FROM `news` WHERE  `news_column` = '2'  AND `status` = 1 [ RunTime:0.001000s ]
[ sql ] [ SQL ] SELECT `id`,`title`,`time`,`miaoshu`,`news_column` FROM `news` WHERE  `news_column` = '3'  AND `status` = 1 [ RunTime:0.000000s ]
[ sql ] [ SQL ] SELECT `id`,`title`,`time`,`miaoshu`,`news_column` FROM `news` WHERE  `news_column` = '4'  AND `status` = 1 [ RunTime:0.001000s ]
[ sql ] [ SQL ] SELECT `id`,`title`,`time`,`miaoshu`,`news_column` FROM `news` WHERE  `news_column` = '5'  AND `status` = 1 [ RunTime:0.000000s ]
---------------------------------------------------------------
[ 2018-11-08T19:12:26+08:00 ] 127.0.0.1 GET /zhengzhou/news
[ info ] www.hr.com:8083/zhengzhou/news [运行时间：0.137000s][吞吐率：7.30req/s] [内存消耗：2,722.73kb] [文件加载：53]
[ info ] [ LANG ] G:\xampp\htdocs\car\thinkphp\lang\zh-cn.php
[ info ] [ ROUTE ] array (
  'type' => 'module',
  'module' => 
  array (
    0 => 'index',
    1 => 'news',
    2 => 'index',
  ),
  'convert' => false,
)
[ info ] [ HEADER ] array (
  'host' => 'www.hr.com:8083',
  'connection' => 'keep-alive',
  'cache-control' => 'max-age=0',
  'upgrade-insecure-requests' => '1',
  'user-agent' => 'Mozilla/5.0 (Windows NT 6.1; Win64; x64) AppleWebKit/537.36 (KHTML, like Gecko) Chrome/67.0.3396.62 Safari/537.36',
  'accept' => 'text/html,application/xhtml+xml,application/xml;q=0.9,image/webp,image/apng,*/*;q=0.8',
  'referer' => 'http://www.hr.com:8083/',
  'accept-encoding' => 'gzip, deflate',
  'accept-language' => 'zh-CN,zh;q=0.9',
  'cookie' => 'UM_distinctid=1665c3bd0250-02ed131810e0ca-5b163f13-1fa400-1665c3bd0272b9; CNZZDATA1273108608=1157751406-1539143650-%7C1539422485; Hm_lvt_922a7d20740f0600062b403710662cb1=1539145716,1539422460; Hm_lvt_080836300300be57b7f34f4b3e97d911=1539154281,1540172232; PHPSESSID=2ne9c5u42bprngeerf0k0od18q',
)
[ info ] [ PARAM ] array (
  'city' => 'zhengzhou',
)
[ info ] [ RUN ] app\index\controller\News->index[ G:\xampp\htdocs\car\app\index\controller\News.php ]
[ info ] [ DB ] INIT mysql
[ info ] [ SESSION ] INIT array (
  'id' => '',
  'var_session_id' => '',
  'prefix' => 'think',
  'type' => '',
  'auto_start' => true,
)
[ info ] [ VIEW ] G:\xampp\htdocs\car\public/../app/index\view\news\index.html [ array (
  0 => 'city',
  1 => 'domain',
  2 => 'er_car',
  3 => 'new_car',
  4 => 'brand',
  5 => 'new1',
  6 => 'new2',
  7 => 'new3',
  8 => 'new4',
  9 => 'new5',
) ]
[ info ] [ LOG ] INIT File
[ sql ] [ DB ] CONNECT:[ UseTime:0.010000s ] mysql:host=127.0.0.1;port=3306;dbname=g_car4;charset=utf8
[ sql ] [ SQL ] SHOW COLUMNS FROM `city` [ RunTime:0.004000s ]
[ sql ] [ SQL ] SELECT `id`,`initial`,`initial_num`,`name`,`pin` FROM `city` WHERE  `pin` = 'zhengzhou' LIMIT 1 [ RunTime:0.001000s ]
[ sql ] [ SQL ] SELECT * FROM `city` WHERE  `status` = 1 [ RunTime:0.000000s ]
[ sql ] [ SQL ] SHOW COLUMNS FROM `rele_car` [ RunTime:0.004000s ]
[ sql ] [ SQL ] SELECT `pu_id`,`cartype_id`,`price`,`car_cardtime`,`car_mileage`,`img_300` FROM `rele_car` WHERE  (  status=1 and up_under=1 and city_id=1 ) ORDER BY `create_time` DESC LIMIT 8 [ RunTime:0.006000s ]
[ sql ] [ SQL ] SHOW COLUMNS FROM `car_brand` [ RunTime:0.004000s ]
[ sql ] [ SQL ] SELECT `name`,`upid` FROM `car_brand` WHERE  `id` = '2652' LIMIT 1 [ RunTime:0.001000s ]
[ sql ] [ SQL ] SELECT `name` FROM `car_brand` WHERE  `id` = '436' LIMIT 1 [ RunTime:0.000000s ]
[ sql ] [ SQL ] SHOW COLUMNS FROM `param` [ RunTime:0.006000s ]
[ sql ] [ SQL ] SELECT `id`,`price` FROM `param` WHERE  (  id=9541 ) LIMIT 1 [ RunTime:0.001000s ]
[ sql ] [ SQL ] SELECT `name`,`upid` FROM `car_brand` WHERE  `id` = '6151' LIMIT 1 [ RunTime:0.000000s ]
[ sql ] [ SQL ] SELECT `name` FROM `car_brand` WHERE  `id` = '596' LIMIT 1 [ RunTime:0.000000s ]
[ sql ] [ SQL ] SELECT `id`,`price` FROM `param` WHERE  (  id=9538 ) LIMIT 1 [ RunTime:0.000000s ]
[ sql ] [ SQL ] SELECT `name`,`upid` FROM `car_brand` WHERE  `id` = '2970' LIMIT 1 [ RunTime:0.001000s ]
[ sql ] [ SQL ] SELECT `name` FROM `car_brand` WHERE  `id` = '445' LIMIT 1 [ RunTime:0.000000s ]
[ sql ] [ SQL ] SELECT `id`,`price` FROM `param` WHERE  (  id=9535 ) LIMIT 1 [ RunTime:0.001000s ]
[ sql ] [ SQL ] SELECT `name`,`upid` FROM `car_brand` WHERE  `id` = '6403' LIMIT 1 [ RunTime:0.000000s ]
[ sql ] [ SQL ] SELECT `name` FROM `car_brand` WHERE  `id` = '604' LIMIT 1 [ RunTime:0.000000s ]
[ sql ] [ SQL ] SELECT `id`,`price` FROM `param` WHERE  (  id=9516 ) LIMIT 1 [ RunTime:0.000000s ]
[ sql ] [ SQL ] SELECT `name`,`upid` FROM `car_brand` WHERE  `id` = '6339' LIMIT 1 [ RunTime:0.000000s ]
[ sql ] [ SQL ] SELECT `name` FROM `car_brand` WHERE  `id` = '606' LIMIT 1 [ RunTime:0.000000s ]
[ sql ] [ SQL ] SELECT `id`,`price` FROM `param` WHERE  (  id=9515 ) LIMIT 1 [ RunTime:0.000000s ]
[ sql ] [ SQL ] SELECT `name`,`upid` FROM `car_brand` WHERE  `id` = '27332' LIMIT 1 [ RunTime:0.000000s ]
[ sql ] [ SQL ] SELECT `name` FROM `car_brand` WHERE  `id` = '1921' LIMIT 1 [ RunTime:0.001000s ]
[ sql ] [ SQL ] SELECT `id`,`price` FROM `param` WHERE  (  id=9514 ) LIMIT 1 [ RunTime:0.000000s ]
[ sql ] [ SQL ] SELECT `name`,`upid` FROM `car_brand` WHERE  `id` = '6092' LIMIT 1 [ RunTime:0.001000s ]
[ sql ] [ SQL ] SELECT `name` FROM `car_brand` WHERE  `id` = '584' LIMIT 1 [ RunTime:0.000000s ]
[ sql ] [ SQL ] SELECT `id`,`price` FROM `param` WHERE  (  id=9513 ) LIMIT 1 [ RunTime:0.000000s ]
[ sql ] [ SQL ] SELECT `name`,`upid` FROM `car_brand` WHERE  `id` = '6492' LIMIT 1 [ RunTime:0.000000s ]
[ sql ] [ SQL ] SELECT `name` FROM `car_brand` WHERE  `id` = '613' LIMIT 1 [ RunTime:0.000000s ]
[ sql ] [ SQL ] SELECT `id`,`price` FROM `param` WHERE  (  id=9511 ) LIMIT 1 [ RunTime:0.001000s ]
[ sql ] [ SQL ] SHOW COLUMNS FROM `new_car` [ RunTime:0.004000s ]
[ sql ] [ SQL ] SELECT `id`,`brand_id`,`sys_id`,`cartype_id`,`price`,`img_300`,`pay10_s2`,`pay10_y2`,`pay10_n2` FROM `new_car` WHERE  (  is_tj=1 and status=1 and city_id=1 ) ORDER BY `create_time` DESC LIMIT 4 [ RunTime:0.002000s ]
[ sql ] [ SQL ] SELECT `name`,`upid` FROM `car_brand` WHERE  `id` = '26748' LIMIT 1 [ RunTime:0.000000s ]
[ sql ] [ SQL ] SELECT `name` FROM `car_brand` WHERE  `id` = '1853' LIMIT 1 [ RunTime:0.000000s ]
[ sql ] [ SQL ] SELECT `name`,`upid` FROM `car_brand` WHERE  `id` = '26758' LIMIT 1 [ RunTime:0.000000s ]
[ sql ] [ SQL ] SELECT `name` FROM `car_brand` WHERE  `id` = '1851' LIMIT 1 [ RunTime:0.000000s ]
[ sql ] [ SQL ] SELECT `name`,`upid` FROM `car_brand` WHERE  `id` = '16298' LIMIT 1 [ RunTime:0.001000s ]
[ sql ] [ SQL ] SELECT `name` FROM `car_brand` WHERE  `id` = '1211' LIMIT 1 [ RunTime:0.000000s ]
[ sql ] [ SQL ] SELECT `name`,`upid` FROM `car_brand` WHERE  `id` = '2658' LIMIT 1 [ RunTime:0.000000s ]
[ sql ] [ SQL ] SELECT `name` FROM `car_brand` WHERE  `id` = '427' LIMIT 1 [ RunTime:0.001000s ]
[ sql ] [ SQL ] SELECT `id`,`img_id`,`name` FROM `car_brand` WHERE  (  id in (1,9,10,19,20,22) ) [ RunTime:0.009000s ]
[ sql ] [ SQL ] SHOW COLUMNS FROM `news` [ RunTime:0.004000s ]
[ sql ] [ SQL ] SELECT `id`,`title`,`time`,`miaoshu`,`news_column` FROM `news` WHERE  `news_column` = '1'  AND `status` = 1 [ RunTime:0.001000s ]
[ sql ] [ SQL ] SELECT `id`,`title`,`time`,`miaoshu`,`news_column` FROM `news` WHERE  `news_column` = '2'  AND `status` = 1 [ RunTime:0.000000s ]
[ sql ] [ SQL ] SELECT `id`,`title`,`time`,`miaoshu`,`news_column` FROM `news` WHERE  `news_column` = '3'  AND `status` = 1 [ RunTime:0.001000s ]
[ sql ] [ SQL ] SELECT `id`,`title`,`time`,`miaoshu`,`news_column` FROM `news` WHERE  `news_column` = '4'  AND `status` = 1 [ RunTime:0.000000s ]
[ sql ] [ SQL ] SELECT `id`,`title`,`time`,`miaoshu`,`news_column` FROM `news` WHERE  `news_column` = '5'  AND `status` = 1 [ RunTime:0.001000s ]
---------------------------------------------------------------
[ 2018-11-08T19:12:49+08:00 ] 127.0.0.1 GET /zhengzhou/news
[ info ] www.hr.com:8083/zhengzhou/news [运行时间：0.138000s][吞吐率：7.25req/s] [内存消耗：2,874.34kb] [文件加载：55]
[ info ] [ LANG ] G:\xampp\htdocs\car\thinkphp\lang\zh-cn.php
[ info ] [ ROUTE ] array (
  'type' => 'module',
  'module' => 
  array (
    0 => 'index',
    1 => 'news',
    2 => 'index',
  ),
  'convert' => false,
)
[ info ] [ HEADER ] array (
  'host' => 'www.hr.com:8083',
  'connection' => 'keep-alive',
  'cache-control' => 'max-age=0',
  'upgrade-insecure-requests' => '1',
  'user-agent' => 'Mozilla/5.0 (Windows NT 6.1; Win64; x64) AppleWebKit/537.36 (KHTML, like Gecko) Chrome/67.0.3396.62 Safari/537.36',
  'accept' => 'text/html,application/xhtml+xml,application/xml;q=0.9,image/webp,image/apng,*/*;q=0.8',
  'referer' => 'http://www.hr.com:8083/',
  'accept-encoding' => 'gzip, deflate',
  'accept-language' => 'zh-CN,zh;q=0.9',
  'cookie' => 'UM_distinctid=1665c3bd0250-02ed131810e0ca-5b163f13-1fa400-1665c3bd0272b9; CNZZDATA1273108608=1157751406-1539143650-%7C1539422485; Hm_lvt_922a7d20740f0600062b403710662cb1=1539145716,1539422460; Hm_lvt_080836300300be57b7f34f4b3e97d911=1539154281,1540172232; PHPSESSID=2ne9c5u42bprngeerf0k0od18q',
)
[ info ] [ PARAM ] array (
  'city' => 'zhengzhou',
)
[ info ] [ RUN ] app\index\controller\News->index[ G:\xampp\htdocs\car\app\index\controller\News.php ]
[ info ] [ DB ] INIT mysql
[ info ] [ SESSION ] INIT array (
  'id' => '',
  'var_session_id' => '',
  'prefix' => 'think',
  'type' => '',
  'auto_start' => true,
)
[ info ] [ VIEW ] G:\xampp\htdocs\car\public/../app/index\view\news\index.html [ array (
  0 => 'city',
  1 => 'domain',
  2 => 'er_car',
  3 => 'new_car',
  4 => 'brand',
  5 => 'new1',
  6 => 'new2',
  7 => 'new3',
  8 => 'new4',
  9 => 'new5',
) ]
[ info ] [ LOG ] INIT File
[ sql ] [ DB ] CONNECT:[ UseTime:0.001000s ] mysql:host=127.0.0.1;port=3306;dbname=g_car4;charset=utf8
[ sql ] [ SQL ] SHOW COLUMNS FROM `city` [ RunTime:0.006000s ]
[ sql ] [ SQL ] SELECT `id`,`initial`,`initial_num`,`name`,`pin` FROM `city` WHERE  `pin` = 'zhengzhou' LIMIT 1 [ RunTime:0.001000s ]
[ sql ] [ SQL ] SELECT * FROM `city` WHERE  `status` = 1 [ RunTime:0.001000s ]
[ sql ] [ SQL ] SHOW COLUMNS FROM `rele_car` [ RunTime:0.005000s ]
[ sql ] [ SQL ] SELECT `pu_id`,`cartype_id`,`price`,`car_cardtime`,`car_mileage`,`img_300` FROM `rele_car` WHERE  (  status=1 and up_under=1 and city_id=1 ) ORDER BY `create_time` DESC LIMIT 8 [ RunTime:0.006000s ]
[ sql ] [ SQL ] SHOW COLUMNS FROM `car_brand` [ RunTime:0.005000s ]
[ sql ] [ SQL ] SELECT `name`,`upid` FROM `car_brand` WHERE  `id` = '2652' LIMIT 1 [ RunTime:0.000000s ]
[ sql ] [ SQL ] SELECT `name` FROM `car_brand` WHERE  `id` = '436' LIMIT 1 [ RunTime:0.000000s ]
[ sql ] [ SQL ] SHOW COLUMNS FROM `param` [ RunTime:0.006000s ]
[ sql ] [ SQL ] SELECT `id`,`price` FROM `param` WHERE  (  id=9541 ) LIMIT 1 [ RunTime:0.000000s ]
[ sql ] [ SQL ] SELECT `name`,`upid` FROM `car_brand` WHERE  `id` = '6151' LIMIT 1 [ RunTime:0.001000s ]
[ sql ] [ SQL ] SELECT `name` FROM `car_brand` WHERE  `id` = '596' LIMIT 1 [ RunTime:0.000000s ]
[ sql ] [ SQL ] SELECT `id`,`price` FROM `param` WHERE  (  id=9538 ) LIMIT 1 [ RunTime:0.000000s ]
[ sql ] [ SQL ] SELECT `name`,`upid` FROM `car_brand` WHERE  `id` = '2970' LIMIT 1 [ RunTime:0.000000s ]
[ sql ] [ SQL ] SELECT `name` FROM `car_brand` WHERE  `id` = '445' LIMIT 1 [ RunTime:0.001000s ]
[ sql ] [ SQL ] SELECT `id`,`price` FROM `param` WHERE  (  id=9535 ) LIMIT 1 [ RunTime:0.001000s ]
[ sql ] [ SQL ] SELECT `name`,`upid` FROM `car_brand` WHERE  `id` = '6403' LIMIT 1 [ RunTime:0.000000s ]
[ sql ] [ SQL ] SELECT `name` FROM `car_brand` WHERE  `id` = '604' LIMIT 1 [ RunTime:0.000000s ]
[ sql ] [ SQL ] SELECT `id`,`price` FROM `param` WHERE  (  id=9516 ) LIMIT 1 [ RunTime:0.000000s ]
[ sql ] [ SQL ] SELECT `name`,`upid` FROM `car_brand` WHERE  `id` = '6339' LIMIT 1 [ RunTime:0.001000s ]
[ sql ] [ SQL ] SELECT `name` FROM `car_brand` WHERE  `id` = '606' LIMIT 1 [ RunTime:0.000000s ]
[ sql ] [ SQL ] SELECT `id`,`price` FROM `param` WHERE  (  id=9515 ) LIMIT 1 [ RunTime:0.001000s ]
[ sql ] [ SQL ] SELECT `name`,`upid` FROM `car_brand` WHERE  `id` = '27332' LIMIT 1 [ RunTime:0.000000s ]
[ sql ] [ SQL ] SELECT `name` FROM `car_brand` WHERE  `id` = '1921' LIMIT 1 [ RunTime:0.000000s ]
[ sql ] [ SQL ] SELECT `id`,`price` FROM `param` WHERE  (  id=9514 ) LIMIT 1 [ RunTime:0.001000s ]
[ sql ] [ SQL ] SELECT `name`,`upid` FROM `car_brand` WHERE  `id` = '6092' LIMIT 1 [ RunTime:0.000000s ]
[ sql ] [ SQL ] SELECT `name` FROM `car_brand` WHERE  `id` = '584' LIMIT 1 [ RunTime:0.000000s ]
[ sql ] [ SQL ] SELECT `id`,`price` FROM `param` WHERE  (  id=9513 ) LIMIT 1 [ RunTime:0.000000s ]
[ sql ] [ SQL ] SELECT `name`,`upid` FROM `car_brand` WHERE  `id` = '6492' LIMIT 1 [ RunTime:0.000000s ]
[ sql ] [ SQL ] SELECT `name` FROM `car_brand` WHERE  `id` = '613' LIMIT 1 [ RunTime:0.001000s ]
[ sql ] [ SQL ] SELECT `id`,`price` FROM `param` WHERE  (  id=9511 ) LIMIT 1 [ RunTime:0.000000s ]
[ sql ] [ SQL ] SHOW COLUMNS FROM `new_car` [ RunTime:0.005000s ]
[ sql ] [ SQL ] SELECT `id`,`brand_id`,`sys_id`,`cartype_id`,`price`,`img_300`,`pay10_s2`,`pay10_y2`,`pay10_n2` FROM `new_car` WHERE  (  is_tj=1 and status=1 and city_id=1 ) ORDER BY `create_time` DESC LIMIT 4 [ RunTime:0.001000s ]
[ sql ] [ SQL ] SELECT `name`,`upid` FROM `car_brand` WHERE  `id` = '26748' LIMIT 1 [ RunTime:0.000000s ]
[ sql ] [ SQL ] SELECT `name` FROM `car_brand` WHERE  `id` = '1853' LIMIT 1 [ RunTime:0.001000s ]
[ sql ] [ SQL ] SELECT `name`,`upid` FROM `car_brand` WHERE  `id` = '26758' LIMIT 1 [ RunTime:0.000000s ]
[ sql ] [ SQL ] SELECT `name` FROM `car_brand` WHERE  `id` = '1851' LIMIT 1 [ RunTime:0.001000s ]
[ sql ] [ SQL ] SELECT `name`,`upid` FROM `car_brand` WHERE  `id` = '16298' LIMIT 1 [ RunTime:0.000000s ]
[ sql ] [ SQL ] SELECT `name` FROM `car_brand` WHERE  `id` = '1211' LIMIT 1 [ RunTime:0.001000s ]
[ sql ] [ SQL ] SELECT `name`,`upid` FROM `car_brand` WHERE  `id` = '2658' LIMIT 1 [ RunTime:0.000000s ]
[ sql ] [ SQL ] SELECT `name` FROM `car_brand` WHERE  `id` = '427' LIMIT 1 [ RunTime:0.000000s ]
[ sql ] [ SQL ] SELECT `id`,`img_id`,`name` FROM `car_brand` WHERE  (  id in (1,9,10,19,20,22) ) [ RunTime:0.009000s ]
[ sql ] [ SQL ] SHOW COLUMNS FROM `news` [ RunTime:0.004000s ]
[ sql ] [ SQL ] SELECT `id`,`title`,`time`,`miaoshu`,`news_column` FROM `news` WHERE  `news_column` = '1'  AND `status` = 1 [ RunTime:0.001000s ]
[ sql ] [ SQL ] SELECT `id`,`title`,`time`,`miaoshu`,`news_column` FROM `news` WHERE  `news_column` = '2'  AND `status` = 1 [ RunTime:0.000000s ]
[ sql ] [ SQL ] SELECT `id`,`title`,`time`,`miaoshu`,`news_column` FROM `news` WHERE  `news_column` = '3'  AND `status` = 1 [ RunTime:0.000000s ]
[ sql ] [ SQL ] SELECT `id`,`title`,`time`,`miaoshu`,`news_column` FROM `news` WHERE  `news_column` = '4'  AND `status` = 1 [ RunTime:0.000000s ]
[ sql ] [ SQL ] SELECT `id`,`title`,`time`,`miaoshu`,`news_column` FROM `news` WHERE  `news_column` = '5'  AND `status` = 1 [ RunTime:0.000000s ]
---------------------------------------------------------------
[ 2018-11-08T19:12:57+08:00 ] 127.0.0.1 GET /zhengzhou/details/9535
[ info ] www.hr.com:8083/zhengzhou/details/9535 [运行时间：0.158000s][吞吐率：6.33req/s] [内存消耗：3,033.38kb] [文件加载：53]
[ info ] [ LANG ] G:\xampp\htdocs\car\thinkphp\lang\zh-cn.php
[ info ] [ ROUTE ] array (
  'type' => 'module',
  'module' => 
  array (
    0 => 'index',
    1 => 'index',
    2 => 'details',
  ),
  'convert' => false,
)
[ info ] [ HEADER ] array (
  'host' => 'www.hr.com:8083',
  'connection' => 'keep-alive',
  'upgrade-insecure-requests' => '1',
  'user-agent' => 'Mozilla/5.0 (Windows NT 6.1; Win64; x64) AppleWebKit/537.36 (KHTML, like Gecko) Chrome/67.0.3396.62 Safari/537.36',
  'accept' => 'text/html,application/xhtml+xml,application/xml;q=0.9,image/webp,image/apng,*/*;q=0.8',
  'referer' => 'http://www.hr.com:8083/zhengzhou/news',
  'accept-encoding' => 'gzip, deflate',
  'accept-language' => 'zh-CN,zh;q=0.9',
  'cookie' => 'UM_distinctid=1665c3bd0250-02ed131810e0ca-5b163f13-1fa400-1665c3bd0272b9; CNZZDATA1273108608=1157751406-1539143650-%7C1539422485; Hm_lvt_922a7d20740f0600062b403710662cb1=1539145716,1539422460; Hm_lvt_080836300300be57b7f34f4b3e97d911=1539154281,1540172232; PHPSESSID=2ne9c5u42bprngeerf0k0od18q',
)
[ info ] [ PARAM ] array (
  'city' => 'zhengzhou',
  'cheid' => '9535',
)
[ info ] [ RUN ] app\index\controller\Index->details[ G:\xampp\htdocs\car\app\index\controller\Index.php ]
[ info ] [ DB ] INIT mysql
[ info ] [ SESSION ] INIT array (
  'id' => '',
  'var_session_id' => '',
  'prefix' => 'think',
  'type' => '',
  'auto_start' => true,
)
[ info ] [ VIEW ] G:\xampp\htdocs\car\public/../app/index\view\index\details.html [ array (
  0 => 'city',
  1 => 'domain',
  2 => 'brand',
  3 => 'carinfo',
  4 => 'shopinfo',
  5 => 'remark',
  6 => 'sys_cars',
  7 => 'carparam',
  8 => 'platform_phone',
) ]
[ info ] [ LOG ] INIT File
[ sql ] [ DB ] CONNECT:[ UseTime:0.010000s ] mysql:host=127.0.0.1;port=3306;dbname=g_car4;charset=utf8
[ sql ] [ SQL ] SHOW COLUMNS FROM `city` [ RunTime:0.004000s ]
[ sql ] [ SQL ] SELECT `id`,`initial`,`initial_num`,`name`,`pin` FROM `city` WHERE  `pin` = 'zhengzhou' LIMIT 1 [ RunTime:0.000000s ]
[ sql ] [ SQL ] SELECT * FROM `city` WHERE  `status` = 1 [ RunTime:0.000000s ]
[ sql ] [ SQL ] SHOW COLUMNS FROM `rele_car` [ RunTime:0.005000s ]
[ sql ] [ SQL ] SELECT `pu_id`,`user_id`,`brand_id`,`sys_id`,`cartype_id`,`price`,`car_mileage`,`car_age`,`output`,`gearbox`,`car_cardtime`,`blowdown`,`subface_img`,`img_512`,`car_desc`,`pay20_s2`,`pay20_y2`,`pay20_n2`,`city_id` FROM `rele_car` WHERE  (  pu_id=9535 ) LIMIT 1 [ RunTime:0.001000s ]
[ sql ] [ SQL ] SHOW COLUMNS FROM `car_brand` [ RunTime:0.004000s ]
[ sql ] [ SQL ] SELECT `name` FROM `car_brand` WHERE  (  id=1 and level=1 ) LIMIT 1 [ RunTime:0.001000s ]
[ sql ] [ SQL ] SELECT `name` FROM `car_brand` WHERE  (  id=445 and level=3 ) LIMIT 1 [ RunTime:0.000000s ]
[ sql ] [ SQL ] SHOW COLUMNS FROM `bsq` [ RunTime:0.004000s ]
[ sql ] [ SQL ] SELECT * FROM `bsq` WHERE  (  id=3 ) LIMIT 1 [ RunTime:0.000000s ]
[ sql ] [ SQL ] SHOW COLUMNS FROM `pailiang` [ RunTime:0.004000s ]
[ sql ] [ SQL ] SELECT * FROM `pailiang` WHERE  (  id=3 ) LIMIT 1 [ RunTime:0.000000s ]
[ sql ] [ SQL ] SHOW COLUMNS FROM `cheling` [ RunTime:0.004000s ]
[ sql ] [ SQL ] SELECT * FROM `cheling` WHERE  `id` = 4 LIMIT 1 [ RunTime:0.000000s ]
[ sql ] [ SQL ] SHOW COLUMNS FROM `p_bzhun` [ RunTime:0.004000s ]
[ sql ] [ SQL ] SELECT * FROM `p_bzhun` WHERE  (  id=7 ) LIMIT 1 [ RunTime:0.000000s ]
[ sql ] [ SQL ] SHOW COLUMNS FROM `param6` [ RunTime:0.005000s ]
[ sql ] [ SQL ] SELECT `id`,`info_1` FROM `param6` WHERE  `id` = 9535 LIMIT 1 [ RunTime:0.001000s ]
[ sql ] [ SQL ] SELECT `name`,`upid` FROM `car_brand` WHERE  `id` = '2970' LIMIT 1 [ RunTime:0.001000s ]
[ sql ] [ SQL ] SELECT `name` FROM `car_brand` WHERE  `id` = '445' LIMIT 1 [ RunTime:0.000000s ]
[ sql ] [ SQL ] SHOW COLUMNS FROM `user_shop` [ RunTime:0.004000s ]
[ sql ] [ SQL ] SELECT `shop_id`,`shop_name`,`mimg`,`shop_address`,`shop_phone`,`qid`,latitude as lat,longitude as lng FROM `user_shop` WHERE  (  user_id=19 ) LIMIT 1 [ RunTime:0.000000s ]
[ sql ] [ SQL ] SHOW COLUMNS FROM `remark` [ RunTime:0.004000s ]
[ sql ] [ SQL ] SELECT `id`,`all_score` FROM `remark` WHERE  `shop_id` = 19 [ RunTime:0.000000s ]
[ sql ] [ SQL ] SELECT `id`,`user_id`,`content`,`create_time`,`all_score` FROM `remark` WHERE  `shop_id` = 19 ORDER BY `create_time` DESC LIMIT 1 [ RunTime:0.000000s ]
[ sql ] [ SQL ] SELECT `rele_car`.`pu_id`,`rele_car`.`user_id`,`rele_car`.`cartype_id`,`rele_car`.`price`,`rele_car`.`news_price`,`rele_car`.`car_mileage`,`rele_car`.`car_cardtime`,`rele_car`.`img_300` FROM `rele_car` `rele_car` INNER JOIN `user` `u` ON `u`.`user_id`=`rele_car`.`user_id` WHERE  `sys_id` = 445  AND `status` = 1  AND `pu_id` NOT IN (9535)  AND `city_id` = 1 ORDER BY `rele_car`.`update_time` DESC [ RunTime:0.006000s ]
[ sql ] [ SQL ] SELECT `name`,`upid` FROM `car_brand` WHERE  `id` = '2846' LIMIT 1 [ RunTime:0.000000s ]
[ sql ] [ SQL ] SELECT `name` FROM `car_brand` WHERE  `id` = '445' LIMIT 1 [ RunTime:0.000000s ]
[ sql ] [ SQL ] SELECT `pu_id`,`car_cardtime`,`price` FROM `rele_car` WHERE  (  pu_id=5562 ) LIMIT 1 [ RunTime:0.001000s ]
[ sql ] [ SQL ] SELECT `name`,`upid` FROM `car_brand` WHERE  `id` = '3386' LIMIT 1 [ RunTime:0.000000s ]
[ sql ] [ SQL ] SELECT `name` FROM `car_brand` WHERE  `id` = '445' LIMIT 1 [ RunTime:0.001000s ]
[ sql ] [ SQL ] SELECT `pu_id`,`car_cardtime`,`price` FROM `rele_car` WHERE  (  pu_id=7800 ) LIMIT 1 [ RunTime:0.000000s ]
[ sql ] [ SQL ] SELECT `name`,`upid` FROM `car_brand` WHERE  `id` = '3208' LIMIT 1 [ RunTime:0.001000s ]
[ sql ] [ SQL ] SELECT `name` FROM `car_brand` WHERE  `id` = '445' LIMIT 1 [ RunTime:0.000000s ]
[ sql ] [ SQL ] SELECT `pu_id`,`car_cardtime`,`price` FROM `rele_car` WHERE  (  pu_id=1563 ) LIMIT 1 [ RunTime:0.000000s ]
[ sql ] [ SQL ] SELECT `name`,`upid` FROM `car_brand` WHERE  `id` = '3097' LIMIT 1 [ RunTime:0.000000s ]
[ sql ] [ SQL ] SELECT `name` FROM `car_brand` WHERE  `id` = '439' LIMIT 1 [ RunTime:0.000000s ]
[ sql ] [ SQL ] SELECT `pu_id`,`car_cardtime`,`price` FROM `rele_car` WHERE  (  pu_id=1564 ) LIMIT 1 [ RunTime:0.001000s ]
[ sql ] [ SQL ] SELECT `name`,`upid` FROM `car_brand` WHERE  `id` = '3209' LIMIT 1 [ RunTime:0.000000s ]
[ sql ] [ SQL ] SELECT `name` FROM `car_brand` WHERE  `id` = '445' LIMIT 1 [ RunTime:0.001000s ]
[ sql ] [ SQL ] SELECT `pu_id`,`car_cardtime`,`price` FROM `rele_car` WHERE  (  pu_id=1566 ) LIMIT 1 [ RunTime:0.000000s ]
[ sql ] [ SQL ] SELECT `name`,`upid` FROM `car_brand` WHERE  `id` = '2781' LIMIT 1 [ RunTime:0.000000s ]
[ sql ] [ SQL ] SELECT `name` FROM `car_brand` WHERE  `id` = '445' LIMIT 1 [ RunTime:0.001000s ]
[ sql ] [ SQL ] SELECT `pu_id`,`car_cardtime`,`price` FROM `rele_car` WHERE  (  pu_id=1569 ) LIMIT 1 [ RunTime:0.000000s ]
[ sql ] [ SQL ] SELECT `name`,`upid` FROM `car_brand` WHERE  `id` = '3213' LIMIT 1 [ RunTime:0.000000s ]
[ sql ] [ SQL ] SELECT `name` FROM `car_brand` WHERE  `id` = '445' LIMIT 1 [ RunTime:0.001000s ]
[ sql ] [ SQL ] SELECT `pu_id`,`car_cardtime`,`price` FROM `rele_car` WHERE  (  pu_id=1570 ) LIMIT 1 [ RunTime:0.000000s ]
[ sql ] [ SQL ] SELECT `name`,`upid` FROM `car_brand` WHERE  `id` = '2969' LIMIT 1 [ RunTime:0.000000s ]
[ sql ] [ SQL ] SELECT `name` FROM `car_brand` WHERE  `id` = '445' LIMIT 1 [ RunTime:0.000000s ]
[ sql ] [ SQL ] SELECT `pu_id`,`car_cardtime`,`price` FROM `rele_car` WHERE  (  pu_id=462 ) LIMIT 1 [ RunTime:0.000000s ]
[ sql ] [ SQL ] SELECT `name`,`upid` FROM `car_brand` WHERE  `id` = '3101' LIMIT 1 [ RunTime:0.000000s ]
[ sql ] [ SQL ] SELECT `name` FROM `car_brand` WHERE  `id` = '439' LIMIT 1 [ RunTime:0.000000s ]
[ sql ] [ SQL ] SELECT `pu_id`,`car_cardtime`,`price` FROM `rele_car` WHERE  (  pu_id=380 ) LIMIT 1 [ RunTime:0.000000s ]
[ sql ] [ SQL ] SELECT `name`,`upid` FROM `car_brand` WHERE  `id` = '3209' LIMIT 1 [ RunTime:0.001000s ]
[ sql ] [ SQL ] SELECT `name` FROM `car_brand` WHERE  `id` = '445' LIMIT 1 [ RunTime:0.000000s ]
[ sql ] [ SQL ] SELECT `pu_id`,`car_cardtime`,`price` FROM `rele_car` WHERE  (  pu_id=263 ) LIMIT 1 [ RunTime:0.001000s ]
[ sql ] [ SQL ] SELECT `name`,`upid` FROM `car_brand` WHERE  `id` = '3208' LIMIT 1 [ RunTime:0.000000s ]
[ sql ] [ SQL ] SELECT `name` FROM `car_brand` WHERE  `id` = '445' LIMIT 1 [ RunTime:0.000000s ]
[ sql ] [ SQL ] SELECT `pu_id`,`car_cardtime`,`price` FROM `rele_car` WHERE  (  pu_id=272 ) LIMIT 1 [ RunTime:0.001000s ]
[ sql ] [ SQL ] SELECT `name`,`upid` FROM `car_brand` WHERE  `id` = '2970' LIMIT 1 [ RunTime:0.000000s ]
[ sql ] [ SQL ] SELECT `name` FROM `car_brand` WHERE  `id` = '445' LIMIT 1 [ RunTime:0.001000s ]
[ sql ] [ SQL ] SELECT `pu_id`,`car_cardtime`,`price` FROM `rele_car` WHERE  (  pu_id=158 ) LIMIT 1 [ RunTime:0.000000s ]
[ sql ] [ SQL ] SELECT * FROM `rele_car` WHERE  (  pu_id=9535 ) LIMIT 1 [ RunTime:0.000000s ]
[ sql ] [ SQL ] SHOW COLUMNS FROM `param` [ RunTime:0.007000s ]
[ sql ] [ SQL ] SELECT `a`.* FROM `param` `a` INNER JOIN `rele_param` `b` ON `b`.`param_id`=`a`.`id` WHERE  (  b.pu_id=9535 and b.type=2 ) LIMIT 1 [ RunTime:0.001000s ]
[ sql ] [ SQL ] SELECT `id`,`img_id`,`name` FROM `car_brand` WHERE  (  id in (1,9,10,19,20,22) ) [ RunTime:0.009000s ]
---------------------------------------------------------------
[ 2018-11-08T19:12:57+08:00 ] 127.0.0.1 GET /static/img/nextBtnTop.png
[ info ] www.hr.com:8083/static/img/nextBtnTop.png [运行时间：0.019000s][吞吐率：52.63req/s] [内存消耗：1,181.94kb] [文件加载：37]
[ info ] [ LANG ] G:\xampp\htdocs\car\thinkphp\lang\zh-cn.php
[ info ] [ ROUTE ] array (
  'type' => 'module',
  'module' => 
  array (
    0 => 'static',
    1 => 'img',
    2 => 'nextBtnTop.png',
  ),
)
[ info ] [ HEADER ] array (
  'host' => 'www.hr.com:8083',
  'connection' => 'keep-alive',
  'user-agent' => 'Mozilla/5.0 (Windows NT 6.1; Win64; x64) AppleWebKit/537.36 (KHTML, like Gecko) Chrome/67.0.3396.62 Safari/537.36',
  'accept' => 'image/webp,image/apng,image/*,*/*;q=0.8',
  'referer' => 'http://www.hr.com:8083/static/css/other.css',
  'accept-encoding' => 'gzip, deflate',
  'accept-language' => 'zh-CN,zh;q=0.9',
  'cookie' => 'UM_distinctid=1665c3bd0250-02ed131810e0ca-5b163f13-1fa400-1665c3bd0272b9; CNZZDATA1273108608=1157751406-1539143650-%7C1539422485; Hm_lvt_922a7d20740f0600062b403710662cb1=1539145716,1539422460; Hm_lvt_080836300300be57b7f34f4b3e97d911=1539154281,1540172232; PHPSESSID=2ne9c5u42bprngeerf0k0od18q',
)
[ info ] [ PARAM ] array (
)
[ info ] [ LOG ] INIT File
---------------------------------------------------------------
[ 2018-11-08T19:12:57+08:00 ] 127.0.0.1 GET /static/img/prevBtnTop.png
[ info ] www.hr.com:8083/static/img/prevBtnTop.png [运行时间：0.020000s][吞吐率：50.00req/s] [内存消耗：1,181.94kb] [文件加载：37]
[ info ] [ LANG ] G:\xampp\htdocs\car\thinkphp\lang\zh-cn.php
[ info ] [ ROUTE ] array (
  'type' => 'module',
  'module' => 
  array (
    0 => 'static',
    1 => 'img',
    2 => 'prevBtnTop.png',
  ),
)
[ info ] [ HEADER ] array (
  'host' => 'www.hr.com:8083',
  'connection' => 'keep-alive',
  'user-agent' => 'Mozilla/5.0 (Windows NT 6.1; Win64; x64) AppleWebKit/537.36 (KHTML, like Gecko) Chrome/67.0.3396.62 Safari/537.36',
  'accept' => 'image/webp,image/apng,image/*,*/*;q=0.8',
  'referer' => 'http://www.hr.com:8083/static/css/other.css',
  'accept-encoding' => 'gzip, deflate',
  'accept-language' => 'zh-CN,zh;q=0.9',
  'cookie' => 'UM_distinctid=1665c3bd0250-02ed131810e0ca-5b163f13-1fa400-1665c3bd0272b9; CNZZDATA1273108608=1157751406-1539143650-%7C1539422485; Hm_lvt_922a7d20740f0600062b403710662cb1=1539145716,1539422460; Hm_lvt_080836300300be57b7f34f4b3e97d911=1539154281,1540172232; PHPSESSID=2ne9c5u42bprngeerf0k0od18q',
)
[ info ] [ PARAM ] array (
)
[ info ] [ LOG ] INIT File
---------------------------------------------------------------
[ 2018-11-08T19:12:57+08:00 ] 127.0.0.1 GET /zhengzhou/details/templates/header.html
[ info ] www.hr.com:8083/zhengzhou/details/templates/header.html [运行时间：0.068000s][吞吐率：14.71req/s] [内存消耗：2,603.74kb] [文件加载：55]
[ info ] [ LANG ] G:\xampp\htdocs\car\thinkphp\lang\zh-cn.php
[ info ] [ ROUTE ] array (
  'type' => 'module',
  'module' => 
  array (
    0 => 'index',
    1 => 'index',
    2 => 'details',
  ),
  'convert' => false,
)
[ info ] [ HEADER ] array (
  'host' => 'www.hr.com:8083',
  'connection' => 'keep-alive',
  'accept' => 'text/html, */*; q=0.01',
  'x-requested-with' => 'XMLHttpRequest',
  'user-agent' => 'Mozilla/5.0 (Windows NT 6.1; Win64; x64) AppleWebKit/537.36 (KHTML, like Gecko) Chrome/67.0.3396.62 Safari/537.36',
  'referer' => 'http://www.hr.com:8083/zhengzhou/details/9535',
  'accept-encoding' => 'gzip, deflate',
  'accept-language' => 'zh-CN,zh;q=0.9',
  'cookie' => 'UM_distinctid=1665c3bd0250-02ed131810e0ca-5b163f13-1fa400-1665c3bd0272b9; CNZZDATA1273108608=1157751406-1539143650-%7C1539422485; Hm_lvt_922a7d20740f0600062b403710662cb1=1539145716,1539422460; Hm_lvt_080836300300be57b7f34f4b3e97d911=1539154281,1540172232; PHPSESSID=2ne9c5u42bprngeerf0k0od18q',
)
[ info ] [ PARAM ] array (
  'city' => 'zhengzhou',
  'cheid' => 'templates',
)
[ info ] [ RUN ] app\index\controller\Index->details[ G:\xampp\htdocs\car\app\index\controller\Index.php ]
[ info ] [ DB ] INIT mysql
[ info ] [ SESSION ] INIT array (
  'id' => '',
  'var_session_id' => '',
  'prefix' => 'think',
  'type' => '',
  'auto_start' => true,
)
[ info ] [ LOG ] INIT File
[ sql ] [ DB ] CONNECT:[ UseTime:0.010000s ] mysql:host=127.0.0.1;port=3306;dbname=g_car4;charset=utf8
[ sql ] [ SQL ] SHOW COLUMNS FROM `city` [ RunTime:0.004000s ]
[ sql ] [ SQL ] SELECT `id`,`initial`,`initial_num`,`name`,`pin` FROM `city` WHERE  `pin` = 'zhengzhou' LIMIT 1 [ RunTime:0.000000s ]
[ sql ] [ SQL ] SELECT * FROM `city` WHERE  `status` = 1 [ RunTime:0.001000s ]
[ sql ] [ SQL ] SHOW COLUMNS FROM `rele_car` [ RunTime:0.004000s ]
[ error ] [10501]SQLSTATE[42S22]: Column not found: 1054 Unknown column 'templates' in 'where clause'[G:\xampp\htdocs\car\thinkphp\library\think\db\Connection.php:390]
---------------------------------------------------------------
[ 2018-11-08T19:12:59+08:00 ] 127.0.0.1 GET /zhengzhou/news
[ info ] www.hr.com:8083/zhengzhou/news [运行时间：0.112000s][吞吐率：8.93req/s] [内存消耗：2,722.55kb] [文件加载：53]
[ info ] [ LANG ] G:\xampp\htdocs\car\thinkphp\lang\zh-cn.php
[ info ] [ ROUTE ] array (
  'type' => 'module',
  'module' => 
  array (
    0 => 'index',
    1 => 'news',
    2 => 'index',
  ),
  'convert' => false,
)
[ info ] [ HEADER ] array (
  'host' => 'www.hr.com:8083',
  'connection' => 'keep-alive',
  'upgrade-insecure-requests' => '1',
  'user-agent' => 'Mozilla/5.0 (Windows NT 6.1; Win64; x64) AppleWebKit/537.36 (KHTML, like Gecko) Chrome/67.0.3396.62 Safari/537.36',
  'accept' => 'text/html,application/xhtml+xml,application/xml;q=0.9,image/webp,image/apng,*/*;q=0.8',
  'referer' => 'http://www.hr.com:8083/',
  'accept-encoding' => 'gzip, deflate',
  'accept-language' => 'zh-CN,zh;q=0.9',
  'cookie' => 'UM_distinctid=1665c3bd0250-02ed131810e0ca-5b163f13-1fa400-1665c3bd0272b9; CNZZDATA1273108608=1157751406-1539143650-%7C1539422485; Hm_lvt_922a7d20740f0600062b403710662cb1=1539145716,1539422460; Hm_lvt_080836300300be57b7f34f4b3e97d911=1539154281,1540172232; PHPSESSID=2ne9c5u42bprngeerf0k0od18q',
)
[ info ] [ PARAM ] array (
  'city' => 'zhengzhou',
)
[ info ] [ RUN ] app\index\controller\News->index[ G:\xampp\htdocs\car\app\index\controller\News.php ]
[ info ] [ DB ] INIT mysql
[ info ] [ SESSION ] INIT array (
  'id' => '',
  'var_session_id' => '',
  'prefix' => 'think',
  'type' => '',
  'auto_start' => true,
)
[ info ] [ VIEW ] G:\xampp\htdocs\car\public/../app/index\view\news\index.html [ array (
  0 => 'city',
  1 => 'domain',
  2 => 'er_car',
  3 => 'new_car',
  4 => 'brand',
  5 => 'new1',
  6 => 'new2',
  7 => 'new3',
  8 => 'new4',
  9 => 'new5',
) ]
[ info ] [ LOG ] INIT File
[ sql ] [ DB ] CONNECT:[ UseTime:0.011000s ] mysql:host=127.0.0.1;port=3306;dbname=g_car4;charset=utf8
[ sql ] [ SQL ] SHOW COLUMNS FROM `city` [ RunTime:0.004000s ]
[ sql ] [ SQL ] SELECT `id`,`initial`,`initial_num`,`name`,`pin` FROM `city` WHERE  `pin` = 'zhengzhou' LIMIT 1 [ RunTime:0.001000s ]
[ sql ] [ SQL ] SELECT * FROM `city` WHERE  `status` = 1 [ RunTime:0.000000s ]
[ sql ] [ SQL ] SHOW COLUMNS FROM `rele_car` [ RunTime:0.004000s ]
[ sql ] [ SQL ] SELECT `pu_id`,`cartype_id`,`price`,`car_cardtime`,`car_mileage`,`img_300` FROM `rele_car` WHERE  (  status=1 and up_under=1 and city_id=1 ) ORDER BY `create_time` DESC LIMIT 8 [ RunTime:0.006000s ]
[ sql ] [ SQL ] SHOW COLUMNS FROM `car_brand` [ RunTime:0.005000s ]
[ sql ] [ SQL ] SELECT `name`,`upid` FROM `car_brand` WHERE  `id` = '2652' LIMIT 1 [ RunTime:0.000000s ]
[ sql ] [ SQL ] SELECT `name` FROM `car_brand` WHERE  `id` = '436' LIMIT 1 [ RunTime:0.001000s ]
[ sql ] [ SQL ] SHOW COLUMNS FROM `param` [ RunTime:0.005000s ]
[ sql ] [ SQL ] SELECT `id`,`price` FROM `param` WHERE  (  id=9541 ) LIMIT 1 [ RunTime:0.001000s ]
[ sql ] [ SQL ] SELECT `name`,`upid` FROM `car_brand` WHERE  `id` = '6151' LIMIT 1 [ RunTime:0.000000s ]
[ sql ] [ SQL ] SELECT `name` FROM `car_brand` WHERE  `id` = '596' LIMIT 1 [ RunTime:0.000000s ]
[ sql ] [ SQL ] SELECT `id`,`price` FROM `param` WHERE  (  id=9538 ) LIMIT 1 [ RunTime:0.001000s ]
[ sql ] [ SQL ] SELECT `name`,`upid` FROM `car_brand` WHERE  `id` = '2970' LIMIT 1 [ RunTime:0.000000s ]
[ sql ] [ SQL ] SELECT `name` FROM `car_brand` WHERE  `id` = '445' LIMIT 1 [ RunTime:0.001000s ]
[ sql ] [ SQL ] SELECT `id`,`price` FROM `param` WHERE  (  id=9535 ) LIMIT 1 [ RunTime:0.000000s ]
[ sql ] [ SQL ] SELECT `name`,`upid` FROM `car_brand` WHERE  `id` = '6403' LIMIT 1 [ RunTime:0.001000s ]
[ sql ] [ SQL ] SELECT `name` FROM `car_brand` WHERE  `id` = '604' LIMIT 1 [ RunTime:0.000000s ]
[ sql ] [ SQL ] SELECT `id`,`price` FROM `param` WHERE  (  id=9516 ) LIMIT 1 [ RunTime:0.001000s ]
[ sql ] [ SQL ] SELECT `name`,`upid` FROM `car_brand` WHERE  `id` = '6339' LIMIT 1 [ RunTime:0.000000s ]
[ sql ] [ SQL ] SELECT `name` FROM `car_brand` WHERE  `id` = '606' LIMIT 1 [ RunTime:0.001000s ]
[ sql ] [ SQL ] SELECT `id`,`price` FROM `param` WHERE  (  id=9515 ) LIMIT 1 [ RunTime:0.000000s ]
[ sql ] [ SQL ] SELECT `name`,`upid` FROM `car_brand` WHERE  `id` = '27332' LIMIT 1 [ RunTime:0.001000s ]
[ sql ] [ SQL ] SELECT `name` FROM `car_brand` WHERE  `id` = '1921' LIMIT 1 [ RunTime:0.000000s ]
[ sql ] [ SQL ] SELECT `id`,`price` FROM `param` WHERE  (  id=9514 ) LIMIT 1 [ RunTime:0.001000s ]
[ sql ] [ SQL ] SELECT `name`,`upid` FROM `car_brand` WHERE  `id` = '6092' LIMIT 1 [ RunTime:0.000000s ]
[ sql ] [ SQL ] SELECT `name` FROM `car_brand` WHERE  `id` = '584' LIMIT 1 [ RunTime:0.000000s ]
[ sql ] [ SQL ] SELECT `id`,`price` FROM `param` WHERE  (  id=9513 ) LIMIT 1 [ RunTime:0.000000s ]
[ sql ] [ SQL ] SELECT `name`,`upid` FROM `car_brand` WHERE  `id` = '6492' LIMIT 1 [ RunTime:0.000000s ]
[ sql ] [ SQL ] SELECT `name` FROM `car_brand` WHERE  `id` = '613' LIMIT 1 [ RunTime:0.001000s ]
[ sql ] [ SQL ] SELECT `id`,`price` FROM `param` WHERE  (  id=9511 ) LIMIT 1 [ RunTime:0.000000s ]
[ sql ] [ SQL ] SHOW COLUMNS FROM `new_car` [ RunTime:0.005000s ]
[ sql ] [ SQL ] SELECT `id`,`brand_id`,`sys_id`,`cartype_id`,`price`,`img_300`,`pay10_s2`,`pay10_y2`,`pay10_n2` FROM `new_car` WHERE  (  is_tj=1 and status=1 and city_id=1 ) ORDER BY `create_time` DESC LIMIT 4 [ RunTime:0.002000s ]
[ sql ] [ SQL ] SELECT `name`,`upid` FROM `car_brand` WHERE  `id` = '26748' LIMIT 1 [ RunTime:0.000000s ]
[ sql ] [ SQL ] SELECT `name` FROM `car_brand` WHERE  `id` = '1853' LIMIT 1 [ RunTime:0.000000s ]
[ sql ] [ SQL ] SELECT `name`,`upid` FROM `car_brand` WHERE  `id` = '26758' LIMIT 1 [ RunTime:0.000000s ]
[ sql ] [ SQL ] SELECT `name` FROM `car_brand` WHERE  `id` = '1851' LIMIT 1 [ RunTime:0.000000s ]
[ sql ] [ SQL ] SELECT `name`,`upid` FROM `car_brand` WHERE  `id` = '16298' LIMIT 1 [ RunTime:0.001000s ]
[ sql ] [ SQL ] SELECT `name` FROM `car_brand` WHERE  `id` = '1211' LIMIT 1 [ RunTime:0.000000s ]
[ sql ] [ SQL ] SELECT `name`,`upid` FROM `car_brand` WHERE  `id` = '2658' LIMIT 1 [ RunTime:0.001000s ]
[ sql ] [ SQL ] SELECT `name` FROM `car_brand` WHERE  `id` = '427' LIMIT 1 [ RunTime:0.000000s ]
[ sql ] [ SQL ] SELECT `id`,`img_id`,`name` FROM `car_brand` WHERE  (  id in (1,9,10,19,20,22) ) [ RunTime:0.009000s ]
[ sql ] [ SQL ] SHOW COLUMNS FROM `news` [ RunTime:0.005000s ]
[ sql ] [ SQL ] SELECT `id`,`title`,`time`,`miaoshu`,`news_column` FROM `news` WHERE  `news_column` = '1'  AND `status` = 1 [ RunTime:0.001000s ]
[ sql ] [ SQL ] SELECT `id`,`title`,`time`,`miaoshu`,`news_column` FROM `news` WHERE  `news_column` = '2'  AND `status` = 1 [ RunTime:0.000000s ]
[ sql ] [ SQL ] SELECT `id`,`title`,`time`,`miaoshu`,`news_column` FROM `news` WHERE  `news_column` = '3'  AND `status` = 1 [ RunTime:0.001000s ]
[ sql ] [ SQL ] SELECT `id`,`title`,`time`,`miaoshu`,`news_column` FROM `news` WHERE  `news_column` = '4'  AND `status` = 1 [ RunTime:0.000000s ]
[ sql ] [ SQL ] SELECT `id`,`title`,`time`,`miaoshu`,`news_column` FROM `news` WHERE  `news_column` = '5'  AND `status` = 1 [ RunTime:0.001000s ]
---------------------------------------------------------------
[ 2018-11-08T19:13:03+08:00 ] 127.0.0.1 GET /zhengzhou/newsdetails/858
[ info ] www.hr.com:8083/zhengzhou/newsdetails/858 [运行时间：0.141000s][吞吐率：7.09req/s] [内存消耗：2,854.68kb] [文件加载：55]
[ info ] [ LANG ] G:\xampp\htdocs\car\thinkphp\lang\zh-cn.php
[ info ] [ ROUTE ] array (
  'type' => 'module',
  'module' => 
  array (
    0 => 'index',
    1 => 'news',
    2 => 'newsdetails',
  ),
  'convert' => false,
)
[ info ] [ HEADER ] array (
  'host' => 'www.hr.com:8083',
  'connection' => 'keep-alive',
  'upgrade-insecure-requests' => '1',
  'user-agent' => 'Mozilla/5.0 (Windows NT 6.1; Win64; x64) AppleWebKit/537.36 (KHTML, like Gecko) Chrome/67.0.3396.62 Safari/537.36',
  'accept' => 'text/html,application/xhtml+xml,application/xml;q=0.9,image/webp,image/apng,*/*;q=0.8',
  'referer' => 'http://www.hr.com:8083/zhengzhou/news',
  'accept-encoding' => 'gzip, deflate',
  'accept-language' => 'zh-CN,zh;q=0.9',
  'cookie' => 'UM_distinctid=1665c3bd0250-02ed131810e0ca-5b163f13-1fa400-1665c3bd0272b9; CNZZDATA1273108608=1157751406-1539143650-%7C1539422485; Hm_lvt_922a7d20740f0600062b403710662cb1=1539145716,1539422460; Hm_lvt_080836300300be57b7f34f4b3e97d911=1539154281,1540172232; PHPSESSID=2ne9c5u42bprngeerf0k0od18q',
)
[ info ] [ PARAM ] array (
  'city' => 'zhengzhou',
  'id' => '858',
)
[ info ] [ RUN ] app\index\controller\News->newsdetails[ G:\xampp\htdocs\car\app\index\controller\News.php ]
[ info ] [ DB ] INIT mysql
[ info ] [ SESSION ] INIT array (
  'id' => '',
  'var_session_id' => '',
  'prefix' => 'think',
  'type' => '',
  'auto_start' => true,
)
[ info ] [ VIEW ] G:\xampp\htdocs\car\public/../app/index\view\news\newsdetails.html [ array (
  0 => 'city',
  1 => 'domain',
  2 => 'er_car',
  3 => 'new_car',
  4 => 'brand',
  5 => 'list',
  6 => 'up',
  7 => 'next',
) ]
[ info ] [ LOG ] INIT File
[ sql ] [ DB ] CONNECT:[ UseTime:0.001000s ] mysql:host=127.0.0.1;port=3306;dbname=g_car4;charset=utf8
[ sql ] [ SQL ] SHOW COLUMNS FROM `city` [ RunTime:0.006000s ]
[ sql ] [ SQL ] SELECT `id`,`initial`,`initial_num`,`name`,`pin` FROM `city` WHERE  `pin` = 'zhengzhou' LIMIT 1 [ RunTime:0.001000s ]
[ sql ] [ SQL ] SELECT * FROM `city` WHERE  `status` = 1 [ RunTime:0.001000s ]
[ sql ] [ SQL ] SHOW COLUMNS FROM `rele_car` [ RunTime:0.005000s ]
[ sql ] [ SQL ] SELECT `pu_id`,`cartype_id`,`price`,`car_cardtime`,`car_mileage`,`img_300` FROM `rele_car` WHERE  (  status=1 and up_under=1 and city_id=1 ) ORDER BY `create_time` DESC LIMIT 8 [ RunTime:0.006000s ]
[ sql ] [ SQL ] SHOW COLUMNS FROM `car_brand` [ RunTime:0.005000s ]
[ sql ] [ SQL ] SELECT `name`,`upid` FROM `car_brand` WHERE  `id` = '2652' LIMIT 1 [ RunTime:0.001000s ]
[ sql ] [ SQL ] SELECT `name` FROM `car_brand` WHERE  `id` = '436' LIMIT 1 [ RunTime:0.000000s ]
[ sql ] [ SQL ] SHOW COLUMNS FROM `param` [ RunTime:0.007000s ]
[ sql ] [ SQL ] SELECT `id`,`price` FROM `param` WHERE  (  id=9541 ) LIMIT 1 [ RunTime:0.001000s ]
[ sql ] [ SQL ] SELECT `name`,`upid` FROM `car_brand` WHERE  `id` = '6151' LIMIT 1 [ RunTime:0.000000s ]
[ sql ] [ SQL ] SELECT `name` FROM `car_brand` WHERE  `id` = '596' LIMIT 1 [ RunTime:0.000000s ]
[ sql ] [ SQL ] SELECT `id`,`price` FROM `param` WHERE  (  id=9538 ) LIMIT 1 [ RunTime:0.001000s ]
[ sql ] [ SQL ] SELECT `name`,`upid` FROM `car_brand` WHERE  `id` = '2970' LIMIT 1 [ RunTime:0.000000s ]
[ sql ] [ SQL ] SELECT `name` FROM `car_brand` WHERE  `id` = '445' LIMIT 1 [ RunTime:0.001000s ]
[ sql ] [ SQL ] SELECT `id`,`price` FROM `param` WHERE  (  id=9535 ) LIMIT 1 [ RunTime:0.001000s ]
[ sql ] [ SQL ] SELECT `name`,`upid` FROM `car_brand` WHERE  `id` = '6403' LIMIT 1 [ RunTime:0.000000s ]
[ sql ] [ SQL ] SELECT `name` FROM `car_brand` WHERE  `id` = '604' LIMIT 1 [ RunTime:0.001000s ]
[ sql ] [ SQL ] SELECT `id`,`price` FROM `param` WHERE  (  id=9516 ) LIMIT 1 [ RunTime:0.000000s ]
[ sql ] [ SQL ] SELECT `name`,`upid` FROM `car_brand` WHERE  `id` = '6339' LIMIT 1 [ RunTime:0.001000s ]
[ sql ] [ SQL ] SELECT `name` FROM `car_brand` WHERE  `id` = '606' LIMIT 1 [ RunTime:0.000000s ]
[ sql ] [ SQL ] SELECT `id`,`price` FROM `param` WHERE  (  id=9515 ) LIMIT 1 [ RunTime:0.001000s ]
[ sql ] [ SQL ] SELECT `name`,`upid` FROM `car_brand` WHERE  `id` = '27332' LIMIT 1 [ RunTime:0.000000s ]
[ sql ] [ SQL ] SELECT `name` FROM `car_brand` WHERE  `id` = '1921' LIMIT 1 [ RunTime:0.001000s ]
[ sql ] [ SQL ] SELECT `id`,`price` FROM `param` WHERE  (  id=9514 ) LIMIT 1 [ RunTime:0.000000s ]
[ sql ] [ SQL ] SELECT `name`,`upid` FROM `car_brand` WHERE  `id` = '6092' LIMIT 1 [ RunTime:0.001000s ]
[ sql ] [ SQL ] SELECT `name` FROM `car_brand` WHERE  `id` = '584' LIMIT 1 [ RunTime:0.000000s ]
[ sql ] [ SQL ] SELECT `id`,`price` FROM `param` WHERE  (  id=9513 ) LIMIT 1 [ RunTime:0.001000s ]
[ sql ] [ SQL ] SELECT `name`,`upid` FROM `car_brand` WHERE  `id` = '6492' LIMIT 1 [ RunTime:0.000000s ]
[ sql ] [ SQL ] SELECT `name` FROM `car_brand` WHERE  `id` = '613' LIMIT 1 [ RunTime:0.001000s ]
[ sql ] [ SQL ] SELECT `id`,`price` FROM `param` WHERE  (  id=9511 ) LIMIT 1 [ RunTime:0.000000s ]
[ sql ] [ SQL ] SHOW COLUMNS FROM `new_car` [ RunTime:0.005000s ]
[ sql ] [ SQL ] SELECT `id`,`brand_id`,`sys_id`,`cartype_id`,`price`,`img_300`,`pay10_s2`,`pay10_y2`,`pay10_n2` FROM `new_car` WHERE  (  is_tj=1 and status=1 and city_id=1 ) ORDER BY `create_time` DESC LIMIT 4 [ RunTime:0.001000s ]
[ sql ] [ SQL ] SELECT `name`,`upid` FROM `car_brand` WHERE  `id` = '26748' LIMIT 1 [ RunTime:0.001000s ]
[ sql ] [ SQL ] SELECT `name` FROM `car_brand` WHERE  `id` = '1853' LIMIT 1 [ RunTime:0.000000s ]
[ sql ] [ SQL ] SELECT `name`,`upid` FROM `car_brand` WHERE  `id` = '26758' LIMIT 1 [ RunTime:0.000000s ]
[ sql ] [ SQL ] SELECT `name` FROM `car_brand` WHERE  `id` = '1851' LIMIT 1 [ RunTime:0.001000s ]
[ sql ] [ SQL ] SELECT `name`,`upid` FROM `car_brand` WHERE  `id` = '16298' LIMIT 1 [ RunTime:0.000000s ]
[ sql ] [ SQL ] SELECT `name` FROM `car_brand` WHERE  `id` = '1211' LIMIT 1 [ RunTime:0.000000s ]
[ sql ] [ SQL ] SELECT `name`,`upid` FROM `car_brand` WHERE  `id` = '2658' LIMIT 1 [ RunTime:0.001000s ]
[ sql ] [ SQL ] SELECT `name` FROM `car_brand` WHERE  `id` = '427' LIMIT 1 [ RunTime:0.000000s ]
[ sql ] [ SQL ] SELECT `id`,`img_id`,`name` FROM `car_brand` WHERE  (  id in (1,9,10,19,20,22) ) [ RunTime:0.009000s ]
[ sql ] [ SQL ] SHOW COLUMNS FROM `news` [ RunTime:0.005000s ]
[ sql ] [ SQL ] SELECT `id`,`title` FROM `news` WHERE  `status` = 1  AND `id` > 858 ORDER BY `id` LIMIT 1 [ RunTime:0.001000s ]
[ sql ] [ SQL ] SELECT `id`,`title` FROM `news` WHERE  `status` = 1  AND `id` < 858 ORDER BY `id` DESC LIMIT 1 [ RunTime:0.000000s ]
[ sql ] [ SQL ] SELECT * FROM `news` WHERE  `status` = 1  AND `id` = 858 ORDER BY `id` DESC LIMIT 1 [ RunTime:0.001000s ]
